[2026-06-19T07:21:39.710+0200] {processor.py:161} INFO - Started process (PID=93120) to work on /Users/eldorado/Documents/swiss-job-intelligence/venv/lib/python3.11/site-packages/airflow/example_dags/plugins/event_listener.py
[2026-06-19T07:21:39.711+0200] {processor.py:830} INFO - Processing file /Users/eldorado/Documents/swiss-job-intelligence/venv/lib/python3.11/site-packages/airflow/example_dags/plugins/event_listener.py for tasks to queue
[2026-06-19T07:21:39.711+0200] {logging_mixin.py:188} INFO - [2026-06-19T07:21:39.711+0200] {dagbag.py:538} INFO - Filling up the DagBag from /Users/eldorado/Documents/swiss-job-intelligence/venv/lib/python3.11/site-packages/airflow/example_dags/plugins/event_listener.py
[2026-06-19T07:21:39.712+0200] {processor.py:842} WARNING - No viable dags retrieved from /Users/eldorado/Documents/swiss-job-intelligence/venv/lib/python3.11/site-packages/airflow/example_dags/plugins/event_listener.py
[2026-06-19T07:21:39.768+0200] {processor.py:183} INFO - Processing /Users/eldorado/Documents/swiss-job-intelligence/venv/lib/python3.11/site-packages/airflow/example_dags/plugins/event_listener.py took 0.059 seconds
[2026-06-19T07:23:09.689+0200] {processor.py:161} INFO - Started process (PID=93292) to work on /Users/eldorado/Documents/swiss-job-intelligence/venv/lib/python3.11/site-packages/airflow/example_dags/plugins/event_listener.py
[2026-06-19T07:23:09.690+0200] {processor.py:830} INFO - Processing file /Users/eldorado/Documents/swiss-job-intelligence/venv/lib/python3.11/site-packages/airflow/example_dags/plugins/event_listener.py for tasks to queue
[2026-06-19T07:23:09.690+0200] {logging_mixin.py:188} INFO - [2026-06-19T07:23:09.690+0200] {dagbag.py:538} INFO - Filling up the DagBag from /Users/eldorado/Documents/swiss-job-intelligence/venv/lib/python3.11/site-packages/airflow/example_dags/plugins/event_listener.py
[2026-06-19T07:23:09.691+0200] {processor.py:842} WARNING - No viable dags retrieved from /Users/eldorado/Documents/swiss-job-intelligence/venv/lib/python3.11/site-packages/airflow/example_dags/plugins/event_listener.py
[2026-06-19T07:23:09.751+0200] {processor.py:183} INFO - Processing /Users/eldorado/Documents/swiss-job-intelligence/venv/lib/python3.11/site-packages/airflow/example_dags/plugins/event_listener.py took 0.063 seconds
[2026-06-19T07:24:12.013+0200] {processor.py:161} INFO - Started process (PID=93363) to work on /Users/eldorado/Documents/swiss-job-intelligence/venv/lib/python3.11/site-packages/airflow/example_dags/plugins/event_listener.py
[2026-06-19T07:24:12.014+0200] {processor.py:830} INFO - Processing file /Users/eldorado/Documents/swiss-job-intelligence/venv/lib/python3.11/site-packages/airflow/example_dags/plugins/event_listener.py for tasks to queue
[2026-06-19T07:24:12.014+0200] {logging_mixin.py:188} INFO - [2026-06-19T07:24:12.014+0200] {dagbag.py:538} INFO - Filling up the DagBag from /Users/eldorado/Documents/swiss-job-intelligence/venv/lib/python3.11/site-packages/airflow/example_dags/plugins/event_listener.py
[2026-06-19T07:24:12.015+0200] {processor.py:842} WARNING - No viable dags retrieved from /Users/eldorado/Documents/swiss-job-intelligence/venv/lib/python3.11/site-packages/airflow/example_dags/plugins/event_listener.py
[2026-06-19T07:24:12.074+0200] {processor.py:183} INFO - Processing /Users/eldorado/Documents/swiss-job-intelligence/venv/lib/python3.11/site-packages/airflow/example_dags/plugins/event_listener.py took 0.061 seconds
[2026-06-19T07:25:15.102+0200] {processor.py:161} INFO - Started process (PID=93452) to work on /Users/eldorado/Documents/swiss-job-intelligence/venv/lib/python3.11/site-packages/airflow/example_dags/plugins/event_listener.py
[2026-06-19T07:25:15.103+0200] {processor.py:830} INFO - Processing file /Users/eldorado/Documents/swiss-job-intelligence/venv/lib/python3.11/site-packages/airflow/example_dags/plugins/event_listener.py for tasks to queue
[2026-06-19T07:25:15.104+0200] {logging_mixin.py:188} INFO - [2026-06-19T07:25:15.104+0200] {dagbag.py:538} INFO - Filling up the DagBag from /Users/eldorado/Documents/swiss-job-intelligence/venv/lib/python3.11/site-packages/airflow/example_dags/plugins/event_listener.py
[2026-06-19T07:25:15.104+0200] {processor.py:842} WARNING - No viable dags retrieved from /Users/eldorado/Documents/swiss-job-intelligence/venv/lib/python3.11/site-packages/airflow/example_dags/plugins/event_listener.py
[2026-06-19T07:25:15.161+0200] {processor.py:183} INFO - Processing /Users/eldorado/Documents/swiss-job-intelligence/venv/lib/python3.11/site-packages/airflow/example_dags/plugins/event_listener.py took 0.060 seconds
[2026-06-19T07:26:18.107+0200] {processor.py:161} INFO - Started process (PID=93649) to work on /Users/eldorado/Documents/swiss-job-intelligence/venv/lib/python3.11/site-packages/airflow/example_dags/plugins/event_listener.py
[2026-06-19T07:26:18.108+0200] {processor.py:830} INFO - Processing file /Users/eldorado/Documents/swiss-job-intelligence/venv/lib/python3.11/site-packages/airflow/example_dags/plugins/event_listener.py for tasks to queue
[2026-06-19T07:26:18.108+0200] {logging_mixin.py:188} INFO - [2026-06-19T07:26:18.108+0200] {dagbag.py:538} INFO - Filling up the DagBag from /Users/eldorado/Documents/swiss-job-intelligence/venv/lib/python3.11/site-packages/airflow/example_dags/plugins/event_listener.py
[2026-06-19T07:26:18.108+0200] {processor.py:842} WARNING - No viable dags retrieved from /Users/eldorado/Documents/swiss-job-intelligence/venv/lib/python3.11/site-packages/airflow/example_dags/plugins/event_listener.py
[2026-06-19T07:26:18.166+0200] {processor.py:183} INFO - Processing /Users/eldorado/Documents/swiss-job-intelligence/venv/lib/python3.11/site-packages/airflow/example_dags/plugins/event_listener.py took 0.059 seconds
[2026-06-19T07:27:36.229+0200] {processor.py:161} INFO - Started process (PID=93800) to work on /Users/eldorado/Documents/swiss-job-intelligence/venv/lib/python3.11/site-packages/airflow/example_dags/plugins/event_listener.py
[2026-06-19T07:27:36.230+0200] {processor.py:830} INFO - Processing file /Users/eldorado/Documents/swiss-job-intelligence/venv/lib/python3.11/site-packages/airflow/example_dags/plugins/event_listener.py for tasks to queue
[2026-06-19T07:27:36.230+0200] {logging_mixin.py:188} INFO - [2026-06-19T07:27:36.230+0200] {dagbag.py:538} INFO - Filling up the DagBag from /Users/eldorado/Documents/swiss-job-intelligence/venv/lib/python3.11/site-packages/airflow/example_dags/plugins/event_listener.py
[2026-06-19T07:27:36.231+0200] {processor.py:842} WARNING - No viable dags retrieved from /Users/eldorado/Documents/swiss-job-intelligence/venv/lib/python3.11/site-packages/airflow/example_dags/plugins/event_listener.py
[2026-06-19T07:27:36.292+0200] {processor.py:183} INFO - Processing /Users/eldorado/Documents/swiss-job-intelligence/venv/lib/python3.11/site-packages/airflow/example_dags/plugins/event_listener.py took 0.063 seconds
[2026-06-19T07:30:54.039+0200] {processor.py:161} INFO - Started process (PID=95058) to work on /Users/eldorado/Documents/swiss-job-intelligence/venv/lib/python3.11/site-packages/airflow/example_dags/plugins/event_listener.py
[2026-06-19T07:30:54.040+0200] {processor.py:830} INFO - Processing file /Users/eldorado/Documents/swiss-job-intelligence/venv/lib/python3.11/site-packages/airflow/example_dags/plugins/event_listener.py for tasks to queue
[2026-06-19T07:30:54.040+0200] {logging_mixin.py:188} INFO - [2026-06-19T07:30:54.040+0200] {dagbag.py:538} INFO - Filling up the DagBag from /Users/eldorado/Documents/swiss-job-intelligence/venv/lib/python3.11/site-packages/airflow/example_dags/plugins/event_listener.py
[2026-06-19T07:30:54.040+0200] {processor.py:842} WARNING - No viable dags retrieved from /Users/eldorado/Documents/swiss-job-intelligence/venv/lib/python3.11/site-packages/airflow/example_dags/plugins/event_listener.py
[2026-06-19T07:30:54.097+0200] {processor.py:183} INFO - Processing /Users/eldorado/Documents/swiss-job-intelligence/venv/lib/python3.11/site-packages/airflow/example_dags/plugins/event_listener.py took 0.059 seconds
[2026-06-19T07:32:17.052+0200] {processor.py:161} INFO - Started process (PID=95380) to work on /Users/eldorado/Documents/swiss-job-intelligence/venv/lib/python3.11/site-packages/airflow/example_dags/plugins/event_listener.py
[2026-06-19T07:32:17.053+0200] {processor.py:830} INFO - Processing file /Users/eldorado/Documents/swiss-job-intelligence/venv/lib/python3.11/site-packages/airflow/example_dags/plugins/event_listener.py for tasks to queue
[2026-06-19T07:32:17.053+0200] {logging_mixin.py:188} INFO - [2026-06-19T07:32:17.053+0200] {dagbag.py:538} INFO - Filling up the DagBag from /Users/eldorado/Documents/swiss-job-intelligence/venv/lib/python3.11/site-packages/airflow/example_dags/plugins/event_listener.py
[2026-06-19T07:32:17.054+0200] {processor.py:842} WARNING - No viable dags retrieved from /Users/eldorado/Documents/swiss-job-intelligence/venv/lib/python3.11/site-packages/airflow/example_dags/plugins/event_listener.py
[2026-06-19T07:32:17.111+0200] {processor.py:183} INFO - Processing /Users/eldorado/Documents/swiss-job-intelligence/venv/lib/python3.11/site-packages/airflow/example_dags/plugins/event_listener.py took 0.060 seconds
[2026-06-19T07:34:51.019+0200] {processor.py:161} INFO - Started process (PID=98147) to work on /Users/eldorado/Documents/swiss-job-intelligence/venv/lib/python3.11/site-packages/airflow/example_dags/plugins/event_listener.py
[2026-06-19T07:34:51.020+0200] {processor.py:830} INFO - Processing file /Users/eldorado/Documents/swiss-job-intelligence/venv/lib/python3.11/site-packages/airflow/example_dags/plugins/event_listener.py for tasks to queue
[2026-06-19T07:34:51.020+0200] {logging_mixin.py:188} INFO - [2026-06-19T07:34:51.020+0200] {dagbag.py:538} INFO - Filling up the DagBag from /Users/eldorado/Documents/swiss-job-intelligence/venv/lib/python3.11/site-packages/airflow/example_dags/plugins/event_listener.py
[2026-06-19T07:34:51.021+0200] {processor.py:842} WARNING - No viable dags retrieved from /Users/eldorado/Documents/swiss-job-intelligence/venv/lib/python3.11/site-packages/airflow/example_dags/plugins/event_listener.py
[2026-06-19T07:34:51.081+0200] {processor.py:183} INFO - Processing /Users/eldorado/Documents/swiss-job-intelligence/venv/lib/python3.11/site-packages/airflow/example_dags/plugins/event_listener.py took 0.062 seconds
