[2026-06-19T07:21:38.540+0200] {processor.py:161} INFO - Started process (PID=93111) to work on /Users/eldorado/Documents/swiss-job-intelligence/venv/lib/python3.11/site-packages/airflow/example_dags/plugins/listener_plugin.py
[2026-06-19T07:21:38.540+0200] {processor.py:830} INFO - Processing file /Users/eldorado/Documents/swiss-job-intelligence/venv/lib/python3.11/site-packages/airflow/example_dags/plugins/listener_plugin.py for tasks to queue
[2026-06-19T07:21:38.540+0200] {logging_mixin.py:188} INFO - [2026-06-19T07:21:38.540+0200] {dagbag.py:538} INFO - Filling up the DagBag from /Users/eldorado/Documents/swiss-job-intelligence/venv/lib/python3.11/site-packages/airflow/example_dags/plugins/listener_plugin.py
[2026-06-19T07:21:38.541+0200] {processor.py:842} WARNING - No viable dags retrieved from /Users/eldorado/Documents/swiss-job-intelligence/venv/lib/python3.11/site-packages/airflow/example_dags/plugins/listener_plugin.py
[2026-06-19T07:21:38.607+0200] {processor.py:183} INFO - Processing /Users/eldorado/Documents/swiss-job-intelligence/venv/lib/python3.11/site-packages/airflow/example_dags/plugins/listener_plugin.py took 0.068 seconds
[2026-06-19T07:23:07.701+0200] {processor.py:161} INFO - Started process (PID=93285) to work on /Users/eldorado/Documents/swiss-job-intelligence/venv/lib/python3.11/site-packages/airflow/example_dags/plugins/listener_plugin.py
[2026-06-19T07:23:07.702+0200] {processor.py:830} INFO - Processing file /Users/eldorado/Documents/swiss-job-intelligence/venv/lib/python3.11/site-packages/airflow/example_dags/plugins/listener_plugin.py for tasks to queue
[2026-06-19T07:23:07.703+0200] {logging_mixin.py:188} INFO - [2026-06-19T07:23:07.703+0200] {dagbag.py:538} INFO - Filling up the DagBag from /Users/eldorado/Documents/swiss-job-intelligence/venv/lib/python3.11/site-packages/airflow/example_dags/plugins/listener_plugin.py
[2026-06-19T07:23:07.704+0200] {processor.py:842} WARNING - No viable dags retrieved from /Users/eldorado/Documents/swiss-job-intelligence/venv/lib/python3.11/site-packages/airflow/example_dags/plugins/listener_plugin.py
[2026-06-19T07:23:07.764+0200] {processor.py:183} INFO - Processing /Users/eldorado/Documents/swiss-job-intelligence/venv/lib/python3.11/site-packages/airflow/example_dags/plugins/listener_plugin.py took 0.063 seconds
[2026-06-19T07:24:10.001+0200] {processor.py:161} INFO - Started process (PID=93361) to work on /Users/eldorado/Documents/swiss-job-intelligence/venv/lib/python3.11/site-packages/airflow/example_dags/plugins/listener_plugin.py
[2026-06-19T07:24:10.006+0200] {processor.py:830} INFO - Processing file /Users/eldorado/Documents/swiss-job-intelligence/venv/lib/python3.11/site-packages/airflow/example_dags/plugins/listener_plugin.py for tasks to queue
[2026-06-19T07:24:10.006+0200] {logging_mixin.py:188} INFO - [2026-06-19T07:24:10.006+0200] {dagbag.py:538} INFO - Filling up the DagBag from /Users/eldorado/Documents/swiss-job-intelligence/venv/lib/python3.11/site-packages/airflow/example_dags/plugins/listener_plugin.py
[2026-06-19T07:24:10.008+0200] {processor.py:842} WARNING - No viable dags retrieved from /Users/eldorado/Documents/swiss-job-intelligence/venv/lib/python3.11/site-packages/airflow/example_dags/plugins/listener_plugin.py
[2026-06-19T07:24:10.072+0200] {processor.py:183} INFO - Processing /Users/eldorado/Documents/swiss-job-intelligence/venv/lib/python3.11/site-packages/airflow/example_dags/plugins/listener_plugin.py took 0.071 seconds
[2026-06-19T07:25:13.048+0200] {processor.py:161} INFO - Started process (PID=93450) to work on /Users/eldorado/Documents/swiss-job-intelligence/venv/lib/python3.11/site-packages/airflow/example_dags/plugins/listener_plugin.py
[2026-06-19T07:25:13.049+0200] {processor.py:830} INFO - Processing file /Users/eldorado/Documents/swiss-job-intelligence/venv/lib/python3.11/site-packages/airflow/example_dags/plugins/listener_plugin.py for tasks to queue
[2026-06-19T07:25:13.049+0200] {logging_mixin.py:188} INFO - [2026-06-19T07:25:13.049+0200] {dagbag.py:538} INFO - Filling up the DagBag from /Users/eldorado/Documents/swiss-job-intelligence/venv/lib/python3.11/site-packages/airflow/example_dags/plugins/listener_plugin.py
[2026-06-19T07:25:13.051+0200] {processor.py:842} WARNING - No viable dags retrieved from /Users/eldorado/Documents/swiss-job-intelligence/venv/lib/python3.11/site-packages/airflow/example_dags/plugins/listener_plugin.py
[2026-06-19T07:25:13.107+0200] {processor.py:183} INFO - Processing /Users/eldorado/Documents/swiss-job-intelligence/venv/lib/python3.11/site-packages/airflow/example_dags/plugins/listener_plugin.py took 0.060 seconds
[2026-06-19T07:26:16.105+0200] {processor.py:161} INFO - Started process (PID=93648) to work on /Users/eldorado/Documents/swiss-job-intelligence/venv/lib/python3.11/site-packages/airflow/example_dags/plugins/listener_plugin.py
[2026-06-19T07:26:16.106+0200] {processor.py:830} INFO - Processing file /Users/eldorado/Documents/swiss-job-intelligence/venv/lib/python3.11/site-packages/airflow/example_dags/plugins/listener_plugin.py for tasks to queue
[2026-06-19T07:26:16.106+0200] {logging_mixin.py:188} INFO - [2026-06-19T07:26:16.106+0200] {dagbag.py:538} INFO - Filling up the DagBag from /Users/eldorado/Documents/swiss-job-intelligence/venv/lib/python3.11/site-packages/airflow/example_dags/plugins/listener_plugin.py
[2026-06-19T07:26:16.107+0200] {processor.py:842} WARNING - No viable dags retrieved from /Users/eldorado/Documents/swiss-job-intelligence/venv/lib/python3.11/site-packages/airflow/example_dags/plugins/listener_plugin.py
[2026-06-19T07:26:16.163+0200] {processor.py:183} INFO - Processing /Users/eldorado/Documents/swiss-job-intelligence/venv/lib/python3.11/site-packages/airflow/example_dags/plugins/listener_plugin.py took 0.058 seconds
[2026-06-19T07:27:34.218+0200] {processor.py:161} INFO - Started process (PID=93798) to work on /Users/eldorado/Documents/swiss-job-intelligence/venv/lib/python3.11/site-packages/airflow/example_dags/plugins/listener_plugin.py
[2026-06-19T07:27:34.219+0200] {processor.py:830} INFO - Processing file /Users/eldorado/Documents/swiss-job-intelligence/venv/lib/python3.11/site-packages/airflow/example_dags/plugins/listener_plugin.py for tasks to queue
[2026-06-19T07:27:34.220+0200] {logging_mixin.py:188} INFO - [2026-06-19T07:27:34.219+0200] {dagbag.py:538} INFO - Filling up the DagBag from /Users/eldorado/Documents/swiss-job-intelligence/venv/lib/python3.11/site-packages/airflow/example_dags/plugins/listener_plugin.py
[2026-06-19T07:27:34.221+0200] {processor.py:842} WARNING - No viable dags retrieved from /Users/eldorado/Documents/swiss-job-intelligence/venv/lib/python3.11/site-packages/airflow/example_dags/plugins/listener_plugin.py
[2026-06-19T07:27:34.284+0200] {processor.py:183} INFO - Processing /Users/eldorado/Documents/swiss-job-intelligence/venv/lib/python3.11/site-packages/airflow/example_dags/plugins/listener_plugin.py took 0.066 seconds
[2026-06-19T07:30:52.027+0200] {processor.py:161} INFO - Started process (PID=95056) to work on /Users/eldorado/Documents/swiss-job-intelligence/venv/lib/python3.11/site-packages/airflow/example_dags/plugins/listener_plugin.py
[2026-06-19T07:30:52.028+0200] {processor.py:830} INFO - Processing file /Users/eldorado/Documents/swiss-job-intelligence/venv/lib/python3.11/site-packages/airflow/example_dags/plugins/listener_plugin.py for tasks to queue
[2026-06-19T07:30:52.028+0200] {logging_mixin.py:188} INFO - [2026-06-19T07:30:52.028+0200] {dagbag.py:538} INFO - Filling up the DagBag from /Users/eldorado/Documents/swiss-job-intelligence/venv/lib/python3.11/site-packages/airflow/example_dags/plugins/listener_plugin.py
[2026-06-19T07:30:52.029+0200] {processor.py:842} WARNING - No viable dags retrieved from /Users/eldorado/Documents/swiss-job-intelligence/venv/lib/python3.11/site-packages/airflow/example_dags/plugins/listener_plugin.py
[2026-06-19T07:30:52.085+0200] {processor.py:183} INFO - Processing /Users/eldorado/Documents/swiss-job-intelligence/venv/lib/python3.11/site-packages/airflow/example_dags/plugins/listener_plugin.py took 0.058 seconds
[2026-06-19T07:32:15.177+0200] {processor.py:161} INFO - Started process (PID=95373) to work on /Users/eldorado/Documents/swiss-job-intelligence/venv/lib/python3.11/site-packages/airflow/example_dags/plugins/listener_plugin.py
[2026-06-19T07:32:15.179+0200] {processor.py:830} INFO - Processing file /Users/eldorado/Documents/swiss-job-intelligence/venv/lib/python3.11/site-packages/airflow/example_dags/plugins/listener_plugin.py for tasks to queue
[2026-06-19T07:32:15.179+0200] {logging_mixin.py:188} INFO - [2026-06-19T07:32:15.179+0200] {dagbag.py:538} INFO - Filling up the DagBag from /Users/eldorado/Documents/swiss-job-intelligence/venv/lib/python3.11/site-packages/airflow/example_dags/plugins/listener_plugin.py
[2026-06-19T07:32:15.180+0200] {processor.py:842} WARNING - No viable dags retrieved from /Users/eldorado/Documents/swiss-job-intelligence/venv/lib/python3.11/site-packages/airflow/example_dags/plugins/listener_plugin.py
[2026-06-19T07:32:15.235+0200] {processor.py:183} INFO - Processing /Users/eldorado/Documents/swiss-job-intelligence/venv/lib/python3.11/site-packages/airflow/example_dags/plugins/listener_plugin.py took 0.058 seconds
[2026-06-19T07:34:49.145+0200] {processor.py:161} INFO - Started process (PID=98138) to work on /Users/eldorado/Documents/swiss-job-intelligence/venv/lib/python3.11/site-packages/airflow/example_dags/plugins/listener_plugin.py
[2026-06-19T07:34:49.146+0200] {processor.py:830} INFO - Processing file /Users/eldorado/Documents/swiss-job-intelligence/venv/lib/python3.11/site-packages/airflow/example_dags/plugins/listener_plugin.py for tasks to queue
[2026-06-19T07:34:49.146+0200] {logging_mixin.py:188} INFO - [2026-06-19T07:34:49.146+0200] {dagbag.py:538} INFO - Filling up the DagBag from /Users/eldorado/Documents/swiss-job-intelligence/venv/lib/python3.11/site-packages/airflow/example_dags/plugins/listener_plugin.py
[2026-06-19T07:34:49.147+0200] {processor.py:842} WARNING - No viable dags retrieved from /Users/eldorado/Documents/swiss-job-intelligence/venv/lib/python3.11/site-packages/airflow/example_dags/plugins/listener_plugin.py
[2026-06-19T07:34:49.205+0200] {processor.py:183} INFO - Processing /Users/eldorado/Documents/swiss-job-intelligence/venv/lib/python3.11/site-packages/airflow/example_dags/plugins/listener_plugin.py took 0.060 seconds
