[2026-06-19T07:21:36.456+0200] {processor.py:161} INFO - Started process (PID=93100) to work on /Users/eldorado/Documents/swiss-job-intelligence/venv/lib/python3.11/site-packages/airflow/example_dags/plugins/workday.py
[2026-06-19T07:21:36.457+0200] {processor.py:830} INFO - Processing file /Users/eldorado/Documents/swiss-job-intelligence/venv/lib/python3.11/site-packages/airflow/example_dags/plugins/workday.py for tasks to queue
[2026-06-19T07:21:36.457+0200] {logging_mixin.py:188} INFO - [2026-06-19T07:21:36.457+0200] {dagbag.py:538} INFO - Filling up the DagBag from /Users/eldorado/Documents/swiss-job-intelligence/venv/lib/python3.11/site-packages/airflow/example_dags/plugins/workday.py
[2026-06-19T07:21:36.618+0200] {processor.py:842} WARNING - No viable dags retrieved from /Users/eldorado/Documents/swiss-job-intelligence/venv/lib/python3.11/site-packages/airflow/example_dags/plugins/workday.py
[2026-06-19T07:21:36.646+0200] {processor.py:183} INFO - Processing /Users/eldorado/Documents/swiss-job-intelligence/venv/lib/python3.11/site-packages/airflow/example_dags/plugins/workday.py took 0.190 seconds
[2026-06-19T07:23:06.129+0200] {processor.py:161} INFO - Started process (PID=93284) to work on /Users/eldorado/Documents/swiss-job-intelligence/venv/lib/python3.11/site-packages/airflow/example_dags/plugins/workday.py
[2026-06-19T07:23:06.130+0200] {processor.py:830} INFO - Processing file /Users/eldorado/Documents/swiss-job-intelligence/venv/lib/python3.11/site-packages/airflow/example_dags/plugins/workday.py for tasks to queue
[2026-06-19T07:23:06.130+0200] {logging_mixin.py:188} INFO - [2026-06-19T07:23:06.130+0200] {dagbag.py:538} INFO - Filling up the DagBag from /Users/eldorado/Documents/swiss-job-intelligence/venv/lib/python3.11/site-packages/airflow/example_dags/plugins/workday.py
[2026-06-19T07:23:06.432+0200] {processor.py:842} WARNING - No viable dags retrieved from /Users/eldorado/Documents/swiss-job-intelligence/venv/lib/python3.11/site-packages/airflow/example_dags/plugins/workday.py
[2026-06-19T07:23:06.461+0200] {processor.py:183} INFO - Processing /Users/eldorado/Documents/swiss-job-intelligence/venv/lib/python3.11/site-packages/airflow/example_dags/plugins/workday.py took 0.332 seconds
[2026-06-19T07:24:07.603+0200] {processor.py:161} INFO - Started process (PID=93357) to work on /Users/eldorado/Documents/swiss-job-intelligence/venv/lib/python3.11/site-packages/airflow/example_dags/plugins/workday.py
[2026-06-19T07:24:07.604+0200] {processor.py:830} INFO - Processing file /Users/eldorado/Documents/swiss-job-intelligence/venv/lib/python3.11/site-packages/airflow/example_dags/plugins/workday.py for tasks to queue
[2026-06-19T07:24:07.605+0200] {logging_mixin.py:188} INFO - [2026-06-19T07:24:07.604+0200] {dagbag.py:538} INFO - Filling up the DagBag from /Users/eldorado/Documents/swiss-job-intelligence/venv/lib/python3.11/site-packages/airflow/example_dags/plugins/workday.py
[2026-06-19T07:24:07.976+0200] {processor.py:842} WARNING - No viable dags retrieved from /Users/eldorado/Documents/swiss-job-intelligence/venv/lib/python3.11/site-packages/airflow/example_dags/plugins/workday.py
[2026-06-19T07:24:08.009+0200] {processor.py:183} INFO - Processing /Users/eldorado/Documents/swiss-job-intelligence/venv/lib/python3.11/site-packages/airflow/example_dags/plugins/workday.py took 0.406 seconds
[2026-06-19T07:25:10.884+0200] {processor.py:161} INFO - Started process (PID=93447) to work on /Users/eldorado/Documents/swiss-job-intelligence/venv/lib/python3.11/site-packages/airflow/example_dags/plugins/workday.py
[2026-06-19T07:25:10.885+0200] {processor.py:830} INFO - Processing file /Users/eldorado/Documents/swiss-job-intelligence/venv/lib/python3.11/site-packages/airflow/example_dags/plugins/workday.py for tasks to queue
[2026-06-19T07:25:10.885+0200] {logging_mixin.py:188} INFO - [2026-06-19T07:25:10.885+0200] {dagbag.py:538} INFO - Filling up the DagBag from /Users/eldorado/Documents/swiss-job-intelligence/venv/lib/python3.11/site-packages/airflow/example_dags/plugins/workday.py
[2026-06-19T07:25:11.173+0200] {processor.py:842} WARNING - No viable dags retrieved from /Users/eldorado/Documents/swiss-job-intelligence/venv/lib/python3.11/site-packages/airflow/example_dags/plugins/workday.py
[2026-06-19T07:25:11.201+0200] {processor.py:183} INFO - Processing /Users/eldorado/Documents/swiss-job-intelligence/venv/lib/python3.11/site-packages/airflow/example_dags/plugins/workday.py took 0.317 seconds
[2026-06-19T07:26:14.330+0200] {processor.py:161} INFO - Started process (PID=93647) to work on /Users/eldorado/Documents/swiss-job-intelligence/venv/lib/python3.11/site-packages/airflow/example_dags/plugins/workday.py
[2026-06-19T07:26:14.330+0200] {processor.py:830} INFO - Processing file /Users/eldorado/Documents/swiss-job-intelligence/venv/lib/python3.11/site-packages/airflow/example_dags/plugins/workday.py for tasks to queue
[2026-06-19T07:26:14.330+0200] {logging_mixin.py:188} INFO - [2026-06-19T07:26:14.330+0200] {dagbag.py:538} INFO - Filling up the DagBag from /Users/eldorado/Documents/swiss-job-intelligence/venv/lib/python3.11/site-packages/airflow/example_dags/plugins/workday.py
[2026-06-19T07:26:14.628+0200] {processor.py:842} WARNING - No viable dags retrieved from /Users/eldorado/Documents/swiss-job-intelligence/venv/lib/python3.11/site-packages/airflow/example_dags/plugins/workday.py
[2026-06-19T07:26:14.661+0200] {processor.py:183} INFO - Processing /Users/eldorado/Documents/swiss-job-intelligence/venv/lib/python3.11/site-packages/airflow/example_dags/plugins/workday.py took 0.332 seconds
[2026-06-19T07:27:32.179+0200] {processor.py:161} INFO - Started process (PID=93797) to work on /Users/eldorado/Documents/swiss-job-intelligence/venv/lib/python3.11/site-packages/airflow/example_dags/plugins/workday.py
[2026-06-19T07:27:32.180+0200] {processor.py:830} INFO - Processing file /Users/eldorado/Documents/swiss-job-intelligence/venv/lib/python3.11/site-packages/airflow/example_dags/plugins/workday.py for tasks to queue
[2026-06-19T07:27:32.180+0200] {logging_mixin.py:188} INFO - [2026-06-19T07:27:32.180+0200] {dagbag.py:538} INFO - Filling up the DagBag from /Users/eldorado/Documents/swiss-job-intelligence/venv/lib/python3.11/site-packages/airflow/example_dags/plugins/workday.py
[2026-06-19T07:27:32.488+0200] {processor.py:842} WARNING - No viable dags retrieved from /Users/eldorado/Documents/swiss-job-intelligence/venv/lib/python3.11/site-packages/airflow/example_dags/plugins/workday.py
[2026-06-19T07:27:32.516+0200] {processor.py:183} INFO - Processing /Users/eldorado/Documents/swiss-job-intelligence/venv/lib/python3.11/site-packages/airflow/example_dags/plugins/workday.py took 0.338 seconds
[2026-06-19T07:30:49.830+0200] {processor.py:161} INFO - Started process (PID=95050) to work on /Users/eldorado/Documents/swiss-job-intelligence/venv/lib/python3.11/site-packages/airflow/example_dags/plugins/workday.py
[2026-06-19T07:30:49.831+0200] {processor.py:830} INFO - Processing file /Users/eldorado/Documents/swiss-job-intelligence/venv/lib/python3.11/site-packages/airflow/example_dags/plugins/workday.py for tasks to queue
[2026-06-19T07:30:49.832+0200] {logging_mixin.py:188} INFO - [2026-06-19T07:30:49.832+0200] {dagbag.py:538} INFO - Filling up the DagBag from /Users/eldorado/Documents/swiss-job-intelligence/venv/lib/python3.11/site-packages/airflow/example_dags/plugins/workday.py
[2026-06-19T07:30:50.111+0200] {processor.py:842} WARNING - No viable dags retrieved from /Users/eldorado/Documents/swiss-job-intelligence/venv/lib/python3.11/site-packages/airflow/example_dags/plugins/workday.py
[2026-06-19T07:30:50.140+0200] {processor.py:183} INFO - Processing /Users/eldorado/Documents/swiss-job-intelligence/venv/lib/python3.11/site-packages/airflow/example_dags/plugins/workday.py took 0.310 seconds
[2026-06-19T07:32:13.076+0200] {processor.py:161} INFO - Started process (PID=95370) to work on /Users/eldorado/Documents/swiss-job-intelligence/venv/lib/python3.11/site-packages/airflow/example_dags/plugins/workday.py
[2026-06-19T07:32:13.077+0200] {processor.py:830} INFO - Processing file /Users/eldorado/Documents/swiss-job-intelligence/venv/lib/python3.11/site-packages/airflow/example_dags/plugins/workday.py for tasks to queue
[2026-06-19T07:32:13.077+0200] {logging_mixin.py:188} INFO - [2026-06-19T07:32:13.077+0200] {dagbag.py:538} INFO - Filling up the DagBag from /Users/eldorado/Documents/swiss-job-intelligence/venv/lib/python3.11/site-packages/airflow/example_dags/plugins/workday.py
[2026-06-19T07:32:13.284+0200] {processor.py:842} WARNING - No viable dags retrieved from /Users/eldorado/Documents/swiss-job-intelligence/venv/lib/python3.11/site-packages/airflow/example_dags/plugins/workday.py
[2026-06-19T07:32:13.312+0200] {processor.py:183} INFO - Processing /Users/eldorado/Documents/swiss-job-intelligence/venv/lib/python3.11/site-packages/airflow/example_dags/plugins/workday.py took 0.237 seconds
[2026-06-19T07:34:46.914+0200] {processor.py:161} INFO - Started process (PID=98123) to work on /Users/eldorado/Documents/swiss-job-intelligence/venv/lib/python3.11/site-packages/airflow/example_dags/plugins/workday.py
[2026-06-19T07:34:46.915+0200] {processor.py:830} INFO - Processing file /Users/eldorado/Documents/swiss-job-intelligence/venv/lib/python3.11/site-packages/airflow/example_dags/plugins/workday.py for tasks to queue
[2026-06-19T07:34:46.915+0200] {logging_mixin.py:188} INFO - [2026-06-19T07:34:46.915+0200] {dagbag.py:538} INFO - Filling up the DagBag from /Users/eldorado/Documents/swiss-job-intelligence/venv/lib/python3.11/site-packages/airflow/example_dags/plugins/workday.py
[2026-06-19T07:34:47.213+0200] {processor.py:842} WARNING - No viable dags retrieved from /Users/eldorado/Documents/swiss-job-intelligence/venv/lib/python3.11/site-packages/airflow/example_dags/plugins/workday.py
[2026-06-19T07:34:47.244+0200] {processor.py:183} INFO - Processing /Users/eldorado/Documents/swiss-job-intelligence/venv/lib/python3.11/site-packages/airflow/example_dags/plugins/workday.py took 0.330 seconds
