[2026-06-19T07:22:05.120+0200] {processor.py:161} INFO - Started process (PID=93192) to work on /Users/eldorado/Documents/swiss-job-intelligence/venv/lib/python3.11/site-packages/airflow/example_dags/example_sla_dag.py
[2026-06-19T07:22:05.120+0200] {processor.py:830} INFO - Processing file /Users/eldorado/Documents/swiss-job-intelligence/venv/lib/python3.11/site-packages/airflow/example_dags/example_sla_dag.py for tasks to queue
[2026-06-19T07:22:05.121+0200] {logging_mixin.py:188} INFO - [2026-06-19T07:22:05.120+0200] {dagbag.py:538} INFO - Filling up the DagBag from /Users/eldorado/Documents/swiss-job-intelligence/venv/lib/python3.11/site-packages/airflow/example_dags/example_sla_dag.py
[2026-06-19T07:22:05.135+0200] {processor.py:840} INFO - DAG(s) 'example_sla_dag' retrieved from /Users/eldorado/Documents/swiss-job-intelligence/venv/lib/python3.11/site-packages/airflow/example_dags/example_sla_dag.py
[2026-06-19T07:22:05.194+0200] {logging_mixin.py:188} INFO - [2026-06-19T07:22:05.193+0200] {dag.py:3036} INFO - Sync 1 DAGs
[2026-06-19T07:22:05.200+0200] {logging_mixin.py:188} INFO - [2026-06-19T07:22:05.200+0200] {dag.py:3823} INFO - Setting next_dagrun for example_sla_dag to 2026-06-19 05:20:00+00:00, run_after=2026-06-19 05:22:00+00:00
[2026-06-19T07:22:05.207+0200] {processor.py:183} INFO - Processing /Users/eldorado/Documents/swiss-job-intelligence/venv/lib/python3.11/site-packages/airflow/example_dags/example_sla_dag.py took 0.087 seconds
[2026-06-19T07:23:35.455+0200] {processor.py:161} INFO - Started process (PID=93325) to work on /Users/eldorado/Documents/swiss-job-intelligence/venv/lib/python3.11/site-packages/airflow/example_dags/example_sla_dag.py
[2026-06-19T07:23:35.457+0200] {processor.py:830} INFO - Processing file /Users/eldorado/Documents/swiss-job-intelligence/venv/lib/python3.11/site-packages/airflow/example_dags/example_sla_dag.py for tasks to queue
[2026-06-19T07:23:35.457+0200] {logging_mixin.py:188} INFO - [2026-06-19T07:23:35.457+0200] {dagbag.py:538} INFO - Filling up the DagBag from /Users/eldorado/Documents/swiss-job-intelligence/venv/lib/python3.11/site-packages/airflow/example_dags/example_sla_dag.py
[2026-06-19T07:23:35.472+0200] {processor.py:840} INFO - DAG(s) 'example_sla_dag' retrieved from /Users/eldorado/Documents/swiss-job-intelligence/venv/lib/python3.11/site-packages/airflow/example_dags/example_sla_dag.py
[2026-06-19T07:23:35.532+0200] {logging_mixin.py:188} INFO - [2026-06-19T07:23:35.531+0200] {dag.py:3036} INFO - Sync 1 DAGs
[2026-06-19T07:23:35.538+0200] {logging_mixin.py:188} INFO - [2026-06-19T07:23:35.538+0200] {dag.py:3823} INFO - Setting next_dagrun for example_sla_dag to 2026-06-19 05:20:00+00:00, run_after=2026-06-19 05:22:00+00:00
[2026-06-19T07:23:35.545+0200] {processor.py:183} INFO - Processing /Users/eldorado/Documents/swiss-job-intelligence/venv/lib/python3.11/site-packages/airflow/example_dags/example_sla_dag.py took 0.090 seconds
[2026-06-19T07:25:40.925+0200] {processor.py:161} INFO - Started process (PID=93496) to work on /Users/eldorado/Documents/swiss-job-intelligence/venv/lib/python3.11/site-packages/airflow/example_dags/example_sla_dag.py
[2026-06-19T07:25:40.926+0200] {processor.py:830} INFO - Processing file /Users/eldorado/Documents/swiss-job-intelligence/venv/lib/python3.11/site-packages/airflow/example_dags/example_sla_dag.py for tasks to queue
[2026-06-19T07:25:40.926+0200] {logging_mixin.py:188} INFO - [2026-06-19T07:25:40.926+0200] {dagbag.py:538} INFO - Filling up the DagBag from /Users/eldorado/Documents/swiss-job-intelligence/venv/lib/python3.11/site-packages/airflow/example_dags/example_sla_dag.py
[2026-06-19T07:25:40.944+0200] {processor.py:840} INFO - DAG(s) 'example_sla_dag' retrieved from /Users/eldorado/Documents/swiss-job-intelligence/venv/lib/python3.11/site-packages/airflow/example_dags/example_sla_dag.py
[2026-06-19T07:25:41.011+0200] {logging_mixin.py:188} INFO - [2026-06-19T07:25:41.011+0200] {dag.py:3036} INFO - Sync 1 DAGs
[2026-06-19T07:25:41.018+0200] {logging_mixin.py:188} INFO - [2026-06-19T07:25:41.018+0200] {dag.py:3823} INFO - Setting next_dagrun for example_sla_dag to 2026-06-19 05:22:00+00:00, run_after=2026-06-19 05:24:00+00:00
[2026-06-19T07:25:41.028+0200] {processor.py:183} INFO - Processing /Users/eldorado/Documents/swiss-job-intelligence/venv/lib/python3.11/site-packages/airflow/example_dags/example_sla_dag.py took 0.103 seconds
[2026-06-19T07:28:01.266+0200] {processor.py:161} INFO - Started process (PID=93827) to work on /Users/eldorado/Documents/swiss-job-intelligence/venv/lib/python3.11/site-packages/airflow/example_dags/example_sla_dag.py
[2026-06-19T07:28:01.267+0200] {processor.py:830} INFO - Processing file /Users/eldorado/Documents/swiss-job-intelligence/venv/lib/python3.11/site-packages/airflow/example_dags/example_sla_dag.py for tasks to queue
[2026-06-19T07:28:01.267+0200] {logging_mixin.py:188} INFO - [2026-06-19T07:28:01.267+0200] {dagbag.py:538} INFO - Filling up the DagBag from /Users/eldorado/Documents/swiss-job-intelligence/venv/lib/python3.11/site-packages/airflow/example_dags/example_sla_dag.py
[2026-06-19T07:28:01.285+0200] {processor.py:840} INFO - DAG(s) 'example_sla_dag' retrieved from /Users/eldorado/Documents/swiss-job-intelligence/venv/lib/python3.11/site-packages/airflow/example_dags/example_sla_dag.py
[2026-06-19T07:28:01.350+0200] {logging_mixin.py:188} INFO - [2026-06-19T07:28:01.350+0200] {dag.py:3036} INFO - Sync 1 DAGs
[2026-06-19T07:28:01.357+0200] {logging_mixin.py:188} INFO - [2026-06-19T07:28:01.357+0200] {dag.py:3823} INFO - Setting next_dagrun for example_sla_dag to 2026-06-19 05:26:00+00:00, run_after=2026-06-19 05:28:00+00:00
[2026-06-19T07:28:01.364+0200] {processor.py:183} INFO - Processing /Users/eldorado/Documents/swiss-job-intelligence/venv/lib/python3.11/site-packages/airflow/example_dags/example_sla_dag.py took 0.099 seconds
[2026-06-19T07:31:18.052+0200] {processor.py:161} INFO - Started process (PID=95091) to work on /Users/eldorado/Documents/swiss-job-intelligence/venv/lib/python3.11/site-packages/airflow/example_dags/example_sla_dag.py
[2026-06-19T07:31:18.053+0200] {processor.py:830} INFO - Processing file /Users/eldorado/Documents/swiss-job-intelligence/venv/lib/python3.11/site-packages/airflow/example_dags/example_sla_dag.py for tasks to queue
[2026-06-19T07:31:18.054+0200] {logging_mixin.py:188} INFO - [2026-06-19T07:31:18.054+0200] {dagbag.py:538} INFO - Filling up the DagBag from /Users/eldorado/Documents/swiss-job-intelligence/venv/lib/python3.11/site-packages/airflow/example_dags/example_sla_dag.py
[2026-06-19T07:31:18.069+0200] {processor.py:840} INFO - DAG(s) 'example_sla_dag' retrieved from /Users/eldorado/Documents/swiss-job-intelligence/venv/lib/python3.11/site-packages/airflow/example_dags/example_sla_dag.py
[2026-06-19T07:31:18.133+0200] {logging_mixin.py:188} INFO - [2026-06-19T07:31:18.133+0200] {dag.py:3036} INFO - Sync 1 DAGs
[2026-06-19T07:31:18.141+0200] {logging_mixin.py:188} INFO - [2026-06-19T07:31:18.141+0200] {dag.py:3823} INFO - Setting next_dagrun for example_sla_dag to 2026-06-19 05:28:00+00:00, run_after=2026-06-19 05:30:00+00:00
[2026-06-19T07:31:18.148+0200] {processor.py:183} INFO - Processing /Users/eldorado/Documents/swiss-job-intelligence/venv/lib/python3.11/site-packages/airflow/example_dags/example_sla_dag.py took 0.096 seconds
[2026-06-19T07:32:41.491+0200] {processor.py:161} INFO - Started process (PID=95419) to work on /Users/eldorado/Documents/swiss-job-intelligence/venv/lib/python3.11/site-packages/airflow/example_dags/example_sla_dag.py
[2026-06-19T07:32:41.493+0200] {processor.py:830} INFO - Processing file /Users/eldorado/Documents/swiss-job-intelligence/venv/lib/python3.11/site-packages/airflow/example_dags/example_sla_dag.py for tasks to queue
[2026-06-19T07:32:41.493+0200] {logging_mixin.py:188} INFO - [2026-06-19T07:32:41.493+0200] {dagbag.py:538} INFO - Filling up the DagBag from /Users/eldorado/Documents/swiss-job-intelligence/venv/lib/python3.11/site-packages/airflow/example_dags/example_sla_dag.py
[2026-06-19T07:32:41.507+0200] {processor.py:840} INFO - DAG(s) 'example_sla_dag' retrieved from /Users/eldorado/Documents/swiss-job-intelligence/venv/lib/python3.11/site-packages/airflow/example_dags/example_sla_dag.py
[2026-06-19T07:32:41.594+0200] {logging_mixin.py:188} INFO - [2026-06-19T07:32:41.594+0200] {dag.py:3036} INFO - Sync 1 DAGs
[2026-06-19T07:32:41.601+0200] {logging_mixin.py:188} INFO - [2026-06-19T07:32:41.601+0200] {dag.py:3823} INFO - Setting next_dagrun for example_sla_dag to 2026-06-19 05:30:00+00:00, run_after=2026-06-19 05:32:00+00:00
[2026-06-19T07:32:41.608+0200] {processor.py:183} INFO - Processing /Users/eldorado/Documents/swiss-job-intelligence/venv/lib/python3.11/site-packages/airflow/example_dags/example_sla_dag.py took 0.118 seconds
[2026-06-19T07:35:16.219+0200] {processor.py:161} INFO - Started process (PID=98290) to work on /Users/eldorado/Documents/swiss-job-intelligence/venv/lib/python3.11/site-packages/airflow/example_dags/example_sla_dag.py
[2026-06-19T07:35:16.220+0200] {processor.py:830} INFO - Processing file /Users/eldorado/Documents/swiss-job-intelligence/venv/lib/python3.11/site-packages/airflow/example_dags/example_sla_dag.py for tasks to queue
[2026-06-19T07:35:16.220+0200] {logging_mixin.py:188} INFO - [2026-06-19T07:35:16.220+0200] {dagbag.py:538} INFO - Filling up the DagBag from /Users/eldorado/Documents/swiss-job-intelligence/venv/lib/python3.11/site-packages/airflow/example_dags/example_sla_dag.py
[2026-06-19T07:35:16.235+0200] {processor.py:840} INFO - DAG(s) 'example_sla_dag' retrieved from /Users/eldorado/Documents/swiss-job-intelligence/venv/lib/python3.11/site-packages/airflow/example_dags/example_sla_dag.py
[2026-06-19T07:35:16.297+0200] {logging_mixin.py:188} INFO - [2026-06-19T07:35:16.297+0200] {dag.py:3036} INFO - Sync 1 DAGs
[2026-06-19T07:35:16.305+0200] {logging_mixin.py:188} INFO - [2026-06-19T07:35:16.305+0200] {dag.py:3823} INFO - Setting next_dagrun for example_sla_dag to 2026-06-19 05:32:00+00:00, run_after=2026-06-19 05:34:00+00:00
[2026-06-19T07:35:16.313+0200] {processor.py:183} INFO - Processing /Users/eldorado/Documents/swiss-job-intelligence/venv/lib/python3.11/site-packages/airflow/example_dags/example_sla_dag.py took 0.095 seconds
