[2026-06-19T07:22:49.081+0200] {processor.py:161} INFO - Started process (PID=93267) to work on /Users/eldorado/Documents/swiss-job-intelligence/venv/lib/python3.11/site-packages/airflow/example_dags/example_branch_python_dop_operator_3.py
[2026-06-19T07:22:49.081+0200] {processor.py:830} INFO - Processing file /Users/eldorado/Documents/swiss-job-intelligence/venv/lib/python3.11/site-packages/airflow/example_dags/example_branch_python_dop_operator_3.py for tasks to queue
[2026-06-19T07:22:49.081+0200] {logging_mixin.py:188} INFO - [2026-06-19T07:22:49.081+0200] {dagbag.py:538} INFO - Filling up the DagBag from /Users/eldorado/Documents/swiss-job-intelligence/venv/lib/python3.11/site-packages/airflow/example_dags/example_branch_python_dop_operator_3.py
[2026-06-19T07:22:49.098+0200] {processor.py:840} INFO - DAG(s) 'example_branch_dop_operator_v3' retrieved from /Users/eldorado/Documents/swiss-job-intelligence/venv/lib/python3.11/site-packages/airflow/example_dags/example_branch_python_dop_operator_3.py
[2026-06-19T07:22:49.158+0200] {logging_mixin.py:188} INFO - [2026-06-19T07:22:49.158+0200] {dag.py:3036} INFO - Sync 1 DAGs
[2026-06-19T07:22:49.166+0200] {logging_mixin.py:188} INFO - [2026-06-19T07:22:49.166+0200] {dag.py:3823} INFO - Setting next_dagrun for example_branch_dop_operator_v3 to 2026-06-19 05:21:00+00:00, run_after=2026-06-19 05:22:00+00:00
[2026-06-19T07:22:49.173+0200] {processor.py:183} INFO - Processing /Users/eldorado/Documents/swiss-job-intelligence/venv/lib/python3.11/site-packages/airflow/example_dags/example_branch_python_dop_operator_3.py took 0.093 seconds
[2026-06-19T07:24:53.955+0200] {processor.py:161} INFO - Started process (PID=93424) to work on /Users/eldorado/Documents/swiss-job-intelligence/venv/lib/python3.11/site-packages/airflow/example_dags/example_branch_python_dop_operator_3.py
[2026-06-19T07:24:53.956+0200] {processor.py:830} INFO - Processing file /Users/eldorado/Documents/swiss-job-intelligence/venv/lib/python3.11/site-packages/airflow/example_dags/example_branch_python_dop_operator_3.py for tasks to queue
[2026-06-19T07:24:53.956+0200] {logging_mixin.py:188} INFO - [2026-06-19T07:24:53.956+0200] {dagbag.py:538} INFO - Filling up the DagBag from /Users/eldorado/Documents/swiss-job-intelligence/venv/lib/python3.11/site-packages/airflow/example_dags/example_branch_python_dop_operator_3.py
[2026-06-19T07:24:53.971+0200] {processor.py:840} INFO - DAG(s) 'example_branch_dop_operator_v3' retrieved from /Users/eldorado/Documents/swiss-job-intelligence/venv/lib/python3.11/site-packages/airflow/example_dags/example_branch_python_dop_operator_3.py
[2026-06-19T07:24:54.031+0200] {logging_mixin.py:188} INFO - [2026-06-19T07:24:54.030+0200] {dag.py:3036} INFO - Sync 1 DAGs
[2026-06-19T07:24:54.038+0200] {logging_mixin.py:188} INFO - [2026-06-19T07:24:54.037+0200] {dag.py:3823} INFO - Setting next_dagrun for example_branch_dop_operator_v3 to 2026-06-19 05:23:00+00:00, run_after=2026-06-19 05:24:00+00:00
[2026-06-19T07:24:54.044+0200] {processor.py:183} INFO - Processing /Users/eldorado/Documents/swiss-job-intelligence/venv/lib/python3.11/site-packages/airflow/example_dags/example_branch_python_dop_operator_3.py took 0.090 seconds
[2026-06-19T07:27:14.505+0200] {processor.py:161} INFO - Started process (PID=93771) to work on /Users/eldorado/Documents/swiss-job-intelligence/venv/lib/python3.11/site-packages/airflow/example_dags/example_branch_python_dop_operator_3.py
[2026-06-19T07:27:14.506+0200] {processor.py:830} INFO - Processing file /Users/eldorado/Documents/swiss-job-intelligence/venv/lib/python3.11/site-packages/airflow/example_dags/example_branch_python_dop_operator_3.py for tasks to queue
[2026-06-19T07:27:14.507+0200] {logging_mixin.py:188} INFO - [2026-06-19T07:27:14.507+0200] {dagbag.py:538} INFO - Filling up the DagBag from /Users/eldorado/Documents/swiss-job-intelligence/venv/lib/python3.11/site-packages/airflow/example_dags/example_branch_python_dop_operator_3.py
[2026-06-19T07:27:14.526+0200] {processor.py:840} INFO - DAG(s) 'example_branch_dop_operator_v3' retrieved from /Users/eldorado/Documents/swiss-job-intelligence/venv/lib/python3.11/site-packages/airflow/example_dags/example_branch_python_dop_operator_3.py
[2026-06-19T07:27:14.608+0200] {logging_mixin.py:188} INFO - [2026-06-19T07:27:14.608+0200] {dag.py:3036} INFO - Sync 1 DAGs
[2026-06-19T07:27:14.618+0200] {logging_mixin.py:188} INFO - [2026-06-19T07:27:14.618+0200] {dag.py:3823} INFO - Setting next_dagrun for example_branch_dop_operator_v3 to 2026-06-19 05:26:00+00:00, run_after=2026-06-19 05:27:00+00:00
[2026-06-19T07:27:14.636+0200] {processor.py:183} INFO - Processing /Users/eldorado/Documents/swiss-job-intelligence/venv/lib/python3.11/site-packages/airflow/example_dags/example_branch_python_dop_operator_3.py took 0.132 seconds
