[2026-06-19T07:23:00.379+0200] {processor.py:161} INFO - Started process (PID=93281) to work on /Users/eldorado/Documents/swiss-job-intelligence/venv/lib/python3.11/site-packages/airflow/example_dags/example_bash_operator.py
[2026-06-19T07:23:00.379+0200] {processor.py:830} INFO - Processing file /Users/eldorado/Documents/swiss-job-intelligence/venv/lib/python3.11/site-packages/airflow/example_dags/example_bash_operator.py for tasks to queue
[2026-06-19T07:23:00.380+0200] {logging_mixin.py:188} INFO - [2026-06-19T07:23:00.380+0200] {dagbag.py:538} INFO - Filling up the DagBag from /Users/eldorado/Documents/swiss-job-intelligence/venv/lib/python3.11/site-packages/airflow/example_dags/example_bash_operator.py
[2026-06-19T07:23:00.386+0200] {processor.py:840} INFO - DAG(s) 'example_bash_operator' retrieved from /Users/eldorado/Documents/swiss-job-intelligence/venv/lib/python3.11/site-packages/airflow/example_dags/example_bash_operator.py
[2026-06-19T07:23:00.455+0200] {logging_mixin.py:188} INFO - [2026-06-19T07:23:00.455+0200] {dag.py:3036} INFO - Sync 1 DAGs
[2026-06-19T07:23:00.463+0200] {logging_mixin.py:188} INFO - [2026-06-19T07:23:00.462+0200] {dag.py:3823} INFO - Setting next_dagrun for example_bash_operator to 2026-06-18 00:00:00+00:00, run_after=2026-06-19 00:00:00+00:00
[2026-06-19T07:23:00.470+0200] {processor.py:183} INFO - Processing /Users/eldorado/Documents/swiss-job-intelligence/venv/lib/python3.11/site-packages/airflow/example_dags/example_bash_operator.py took 0.092 seconds
[2026-06-19T07:25:05.566+0200] {processor.py:161} INFO - Started process (PID=93440) to work on /Users/eldorado/Documents/swiss-job-intelligence/venv/lib/python3.11/site-packages/airflow/example_dags/example_bash_operator.py
[2026-06-19T07:25:05.568+0200] {processor.py:830} INFO - Processing file /Users/eldorado/Documents/swiss-job-intelligence/venv/lib/python3.11/site-packages/airflow/example_dags/example_bash_operator.py for tasks to queue
[2026-06-19T07:25:05.568+0200] {logging_mixin.py:188} INFO - [2026-06-19T07:25:05.568+0200] {dagbag.py:538} INFO - Filling up the DagBag from /Users/eldorado/Documents/swiss-job-intelligence/venv/lib/python3.11/site-packages/airflow/example_dags/example_bash_operator.py
[2026-06-19T07:25:05.574+0200] {processor.py:840} INFO - DAG(s) 'example_bash_operator' retrieved from /Users/eldorado/Documents/swiss-job-intelligence/venv/lib/python3.11/site-packages/airflow/example_dags/example_bash_operator.py
[2026-06-19T07:25:05.636+0200] {logging_mixin.py:188} INFO - [2026-06-19T07:25:05.636+0200] {dag.py:3036} INFO - Sync 1 DAGs
[2026-06-19T07:25:05.643+0200] {logging_mixin.py:188} INFO - [2026-06-19T07:25:05.642+0200] {dag.py:3823} INFO - Setting next_dagrun for example_bash_operator to 2026-06-18 00:00:00+00:00, run_after=2026-06-19 00:00:00+00:00
[2026-06-19T07:25:05.650+0200] {processor.py:183} INFO - Processing /Users/eldorado/Documents/swiss-job-intelligence/venv/lib/python3.11/site-packages/airflow/example_dags/example_bash_operator.py took 0.085 seconds
[2026-06-19T07:27:26.616+0200] {processor.py:161} INFO - Started process (PID=93788) to work on /Users/eldorado/Documents/swiss-job-intelligence/venv/lib/python3.11/site-packages/airflow/example_dags/example_bash_operator.py
[2026-06-19T07:27:26.616+0200] {processor.py:830} INFO - Processing file /Users/eldorado/Documents/swiss-job-intelligence/venv/lib/python3.11/site-packages/airflow/example_dags/example_bash_operator.py for tasks to queue
[2026-06-19T07:27:26.617+0200] {logging_mixin.py:188} INFO - [2026-06-19T07:27:26.617+0200] {dagbag.py:538} INFO - Filling up the DagBag from /Users/eldorado/Documents/swiss-job-intelligence/venv/lib/python3.11/site-packages/airflow/example_dags/example_bash_operator.py
[2026-06-19T07:27:26.622+0200] {processor.py:840} INFO - DAG(s) 'example_bash_operator' retrieved from /Users/eldorado/Documents/swiss-job-intelligence/venv/lib/python3.11/site-packages/airflow/example_dags/example_bash_operator.py
[2026-06-19T07:27:26.689+0200] {logging_mixin.py:188} INFO - [2026-06-19T07:27:26.689+0200] {dag.py:3036} INFO - Sync 1 DAGs
[2026-06-19T07:27:26.696+0200] {logging_mixin.py:188} INFO - [2026-06-19T07:27:26.696+0200] {dag.py:3823} INFO - Setting next_dagrun for example_bash_operator to 2026-06-18 00:00:00+00:00, run_after=2026-06-19 00:00:00+00:00
[2026-06-19T07:27:26.704+0200] {processor.py:183} INFO - Processing /Users/eldorado/Documents/swiss-job-intelligence/venv/lib/python3.11/site-packages/airflow/example_dags/example_bash_operator.py took 0.089 seconds
