[2026-06-19T07:22:15.509+0200] {processor.py:161} INFO - Started process (PID=93230) to work on /Users/eldorado/Documents/swiss-job-intelligence/venv/lib/python3.11/site-packages/airflow/example_dags/example_sensors.py
[2026-06-19T07:22:15.510+0200] {processor.py:830} INFO - Processing file /Users/eldorado/Documents/swiss-job-intelligence/venv/lib/python3.11/site-packages/airflow/example_dags/example_sensors.py for tasks to queue
[2026-06-19T07:22:15.510+0200] {logging_mixin.py:188} INFO - [2026-06-19T07:22:15.510+0200] {dagbag.py:538} INFO - Filling up the DagBag from /Users/eldorado/Documents/swiss-job-intelligence/venv/lib/python3.11/site-packages/airflow/example_dags/example_sensors.py
[2026-06-19T07:22:15.517+0200] {processor.py:840} INFO - DAG(s) 'example_sensors' retrieved from /Users/eldorado/Documents/swiss-job-intelligence/venv/lib/python3.11/site-packages/airflow/example_dags/example_sensors.py
[2026-06-19T07:22:15.588+0200] {logging_mixin.py:188} INFO - [2026-06-19T07:22:15.588+0200] {dag.py:3036} INFO - Sync 1 DAGs
[2026-06-19T07:22:15.591+0200] {logging_mixin.py:188} INFO - [2026-06-19T07:22:15.591+0200] {dag.py:3823} INFO - Setting next_dagrun for example_sensors to None, run_after=None
[2026-06-19T07:22:15.599+0200] {processor.py:183} INFO - Processing /Users/eldorado/Documents/swiss-job-intelligence/venv/lib/python3.11/site-packages/airflow/example_dags/example_sensors.py took 0.091 seconds
[2026-06-19T07:23:46.489+0200] {processor.py:161} INFO - Started process (PID=93335) to work on /Users/eldorado/Documents/swiss-job-intelligence/venv/lib/python3.11/site-packages/airflow/example_dags/example_sensors.py
[2026-06-19T07:23:46.489+0200] {processor.py:830} INFO - Processing file /Users/eldorado/Documents/swiss-job-intelligence/venv/lib/python3.11/site-packages/airflow/example_dags/example_sensors.py for tasks to queue
[2026-06-19T07:23:46.490+0200] {logging_mixin.py:188} INFO - [2026-06-19T07:23:46.490+0200] {dagbag.py:538} INFO - Filling up the DagBag from /Users/eldorado/Documents/swiss-job-intelligence/venv/lib/python3.11/site-packages/airflow/example_dags/example_sensors.py
[2026-06-19T07:23:46.497+0200] {processor.py:840} INFO - DAG(s) 'example_sensors' retrieved from /Users/eldorado/Documents/swiss-job-intelligence/venv/lib/python3.11/site-packages/airflow/example_dags/example_sensors.py
[2026-06-19T07:23:46.566+0200] {logging_mixin.py:188} INFO - [2026-06-19T07:23:46.566+0200] {dag.py:3036} INFO - Sync 1 DAGs
[2026-06-19T07:23:46.569+0200] {logging_mixin.py:188} INFO - [2026-06-19T07:23:46.569+0200] {dag.py:3823} INFO - Setting next_dagrun for example_sensors to None, run_after=None
[2026-06-19T07:23:46.576+0200] {processor.py:183} INFO - Processing /Users/eldorado/Documents/swiss-job-intelligence/venv/lib/python3.11/site-packages/airflow/example_dags/example_sensors.py took 0.088 seconds
[2026-06-19T07:25:52.758+0200] {processor.py:161} INFO - Started process (PID=93517) to work on /Users/eldorado/Documents/swiss-job-intelligence/venv/lib/python3.11/site-packages/airflow/example_dags/example_sensors.py
[2026-06-19T07:25:52.759+0200] {processor.py:830} INFO - Processing file /Users/eldorado/Documents/swiss-job-intelligence/venv/lib/python3.11/site-packages/airflow/example_dags/example_sensors.py for tasks to queue
[2026-06-19T07:25:52.760+0200] {logging_mixin.py:188} INFO - [2026-06-19T07:25:52.760+0200] {dagbag.py:538} INFO - Filling up the DagBag from /Users/eldorado/Documents/swiss-job-intelligence/venv/lib/python3.11/site-packages/airflow/example_dags/example_sensors.py
[2026-06-19T07:25:52.768+0200] {processor.py:840} INFO - DAG(s) 'example_sensors' retrieved from /Users/eldorado/Documents/swiss-job-intelligence/venv/lib/python3.11/site-packages/airflow/example_dags/example_sensors.py
[2026-06-19T07:25:52.840+0200] {logging_mixin.py:188} INFO - [2026-06-19T07:25:52.840+0200] {dag.py:3036} INFO - Sync 1 DAGs
[2026-06-19T07:25:52.843+0200] {logging_mixin.py:188} INFO - [2026-06-19T07:25:52.843+0200] {dag.py:3823} INFO - Setting next_dagrun for example_sensors to None, run_after=None
[2026-06-19T07:25:52.852+0200] {processor.py:183} INFO - Processing /Users/eldorado/Documents/swiss-job-intelligence/venv/lib/python3.11/site-packages/airflow/example_dags/example_sensors.py took 0.095 seconds
[2026-06-19T07:28:12.086+0200] {processor.py:161} INFO - Started process (PID=93845) to work on /Users/eldorado/Documents/swiss-job-intelligence/venv/lib/python3.11/site-packages/airflow/example_dags/example_sensors.py
[2026-06-19T07:28:12.087+0200] {processor.py:830} INFO - Processing file /Users/eldorado/Documents/swiss-job-intelligence/venv/lib/python3.11/site-packages/airflow/example_dags/example_sensors.py for tasks to queue
[2026-06-19T07:28:12.087+0200] {logging_mixin.py:188} INFO - [2026-06-19T07:28:12.087+0200] {dagbag.py:538} INFO - Filling up the DagBag from /Users/eldorado/Documents/swiss-job-intelligence/venv/lib/python3.11/site-packages/airflow/example_dags/example_sensors.py
[2026-06-19T07:28:12.095+0200] {processor.py:840} INFO - DAG(s) 'example_sensors' retrieved from /Users/eldorado/Documents/swiss-job-intelligence/venv/lib/python3.11/site-packages/airflow/example_dags/example_sensors.py
[2026-06-19T07:28:12.161+0200] {logging_mixin.py:188} INFO - [2026-06-19T07:28:12.161+0200] {dag.py:3036} INFO - Sync 1 DAGs
[2026-06-19T07:28:12.164+0200] {logging_mixin.py:188} INFO - [2026-06-19T07:28:12.164+0200] {dag.py:3823} INFO - Setting next_dagrun for example_sensors to None, run_after=None
[2026-06-19T07:28:12.171+0200] {processor.py:183} INFO - Processing /Users/eldorado/Documents/swiss-job-intelligence/venv/lib/python3.11/site-packages/airflow/example_dags/example_sensors.py took 0.085 seconds
[2026-06-19T07:31:29.754+0200] {processor.py:161} INFO - Started process (PID=95106) to work on /Users/eldorado/Documents/swiss-job-intelligence/venv/lib/python3.11/site-packages/airflow/example_dags/example_sensors.py
[2026-06-19T07:31:29.755+0200] {processor.py:830} INFO - Processing file /Users/eldorado/Documents/swiss-job-intelligence/venv/lib/python3.11/site-packages/airflow/example_dags/example_sensors.py for tasks to queue
[2026-06-19T07:31:29.755+0200] {logging_mixin.py:188} INFO - [2026-06-19T07:31:29.755+0200] {dagbag.py:538} INFO - Filling up the DagBag from /Users/eldorado/Documents/swiss-job-intelligence/venv/lib/python3.11/site-packages/airflow/example_dags/example_sensors.py
[2026-06-19T07:31:29.763+0200] {processor.py:840} INFO - DAG(s) 'example_sensors' retrieved from /Users/eldorado/Documents/swiss-job-intelligence/venv/lib/python3.11/site-packages/airflow/example_dags/example_sensors.py
[2026-06-19T07:31:29.832+0200] {logging_mixin.py:188} INFO - [2026-06-19T07:31:29.832+0200] {dag.py:3036} INFO - Sync 1 DAGs
[2026-06-19T07:31:29.835+0200] {logging_mixin.py:188} INFO - [2026-06-19T07:31:29.835+0200] {dag.py:3823} INFO - Setting next_dagrun for example_sensors to None, run_after=None
[2026-06-19T07:31:29.843+0200] {processor.py:183} INFO - Processing /Users/eldorado/Documents/swiss-job-intelligence/venv/lib/python3.11/site-packages/airflow/example_dags/example_sensors.py took 0.089 seconds
[2026-06-19T07:32:53.331+0200] {processor.py:161} INFO - Started process (PID=95439) to work on /Users/eldorado/Documents/swiss-job-intelligence/venv/lib/python3.11/site-packages/airflow/example_dags/example_sensors.py
[2026-06-19T07:32:53.332+0200] {processor.py:830} INFO - Processing file /Users/eldorado/Documents/swiss-job-intelligence/venv/lib/python3.11/site-packages/airflow/example_dags/example_sensors.py for tasks to queue
[2026-06-19T07:32:53.332+0200] {logging_mixin.py:188} INFO - [2026-06-19T07:32:53.332+0200] {dagbag.py:538} INFO - Filling up the DagBag from /Users/eldorado/Documents/swiss-job-intelligence/venv/lib/python3.11/site-packages/airflow/example_dags/example_sensors.py
[2026-06-19T07:32:53.339+0200] {processor.py:840} INFO - DAG(s) 'example_sensors' retrieved from /Users/eldorado/Documents/swiss-job-intelligence/venv/lib/python3.11/site-packages/airflow/example_dags/example_sensors.py
[2026-06-19T07:32:53.450+0200] {logging_mixin.py:188} INFO - [2026-06-19T07:32:53.450+0200] {dag.py:3036} INFO - Sync 1 DAGs
[2026-06-19T07:32:53.453+0200] {logging_mixin.py:188} INFO - [2026-06-19T07:32:53.453+0200] {dag.py:3823} INFO - Setting next_dagrun for example_sensors to None, run_after=None
[2026-06-19T07:32:53.462+0200] {processor.py:183} INFO - Processing /Users/eldorado/Documents/swiss-job-intelligence/venv/lib/python3.11/site-packages/airflow/example_dags/example_sensors.py took 0.132 seconds
[2026-06-19T07:35:27.215+0200] {processor.py:161} INFO - Started process (PID=98342) to work on /Users/eldorado/Documents/swiss-job-intelligence/venv/lib/python3.11/site-packages/airflow/example_dags/example_sensors.py
[2026-06-19T07:35:27.218+0200] {processor.py:830} INFO - Processing file /Users/eldorado/Documents/swiss-job-intelligence/venv/lib/python3.11/site-packages/airflow/example_dags/example_sensors.py for tasks to queue
[2026-06-19T07:35:27.218+0200] {logging_mixin.py:188} INFO - [2026-06-19T07:35:27.218+0200] {dagbag.py:538} INFO - Filling up the DagBag from /Users/eldorado/Documents/swiss-job-intelligence/venv/lib/python3.11/site-packages/airflow/example_dags/example_sensors.py
[2026-06-19T07:35:27.228+0200] {processor.py:840} INFO - DAG(s) 'example_sensors' retrieved from /Users/eldorado/Documents/swiss-job-intelligence/venv/lib/python3.11/site-packages/airflow/example_dags/example_sensors.py
[2026-06-19T07:35:27.296+0200] {logging_mixin.py:188} INFO - [2026-06-19T07:35:27.296+0200] {dag.py:3036} INFO - Sync 1 DAGs
[2026-06-19T07:35:27.299+0200] {logging_mixin.py:188} INFO - [2026-06-19T07:35:27.299+0200] {dag.py:3823} INFO - Setting next_dagrun for example_sensors to None, run_after=None
[2026-06-19T07:35:27.306+0200] {processor.py:183} INFO - Processing /Users/eldorado/Documents/swiss-job-intelligence/venv/lib/python3.11/site-packages/airflow/example_dags/example_sensors.py took 0.092 seconds
