[2026-06-19T07:22:58.319+0200] {processor.py:161} INFO - Started process (PID=93277) to work on /Users/eldorado/Documents/swiss-job-intelligence/venv/lib/python3.11/site-packages/airflow/example_dags/example_branch_datetime_operator.py
[2026-06-19T07:22:58.320+0200] {processor.py:830} INFO - Processing file /Users/eldorado/Documents/swiss-job-intelligence/venv/lib/python3.11/site-packages/airflow/example_dags/example_branch_datetime_operator.py for tasks to queue
[2026-06-19T07:22:58.320+0200] {logging_mixin.py:188} INFO - [2026-06-19T07:22:58.320+0200] {dagbag.py:538} INFO - Filling up the DagBag from /Users/eldorado/Documents/swiss-job-intelligence/venv/lib/python3.11/site-packages/airflow/example_dags/example_branch_datetime_operator.py
[2026-06-19T07:22:58.326+0200] {processor.py:840} INFO - DAG(s) 'example_branch_datetime_operator_2', 'example_branch_datetime_operator', 'example_branch_datetime_operator_3' retrieved from /Users/eldorado/Documents/swiss-job-intelligence/venv/lib/python3.11/site-packages/airflow/example_dags/example_branch_datetime_operator.py
[2026-06-19T07:22:58.393+0200] {logging_mixin.py:188} INFO - [2026-06-19T07:22:58.393+0200] {dag.py:3036} INFO - Sync 3 DAGs
[2026-06-19T07:22:58.400+0200] {logging_mixin.py:188} INFO - [2026-06-19T07:22:58.399+0200] {dag.py:3823} INFO - Setting next_dagrun for example_branch_datetime_operator to 2026-06-18 00:00:00+00:00, run_after=2026-06-19 00:00:00+00:00
[2026-06-19T07:22:58.402+0200] {logging_mixin.py:188} INFO - [2026-06-19T07:22:58.402+0200] {dag.py:3823} INFO - Setting next_dagrun for example_branch_datetime_operator_2 to 2026-06-18 00:00:00+00:00, run_after=2026-06-19 00:00:00+00:00
[2026-06-19T07:22:58.403+0200] {logging_mixin.py:188} INFO - [2026-06-19T07:22:58.403+0200] {dag.py:3823} INFO - Setting next_dagrun for example_branch_datetime_operator_3 to 2026-06-18 00:00:00+00:00, run_after=2026-06-19 00:00:00+00:00
[2026-06-19T07:22:58.410+0200] {processor.py:183} INFO - Processing /Users/eldorado/Documents/swiss-job-intelligence/venv/lib/python3.11/site-packages/airflow/example_dags/example_branch_datetime_operator.py took 0.091 seconds
[2026-06-19T07:25:03.225+0200] {processor.py:161} INFO - Started process (PID=93439) to work on /Users/eldorado/Documents/swiss-job-intelligence/venv/lib/python3.11/site-packages/airflow/example_dags/example_branch_datetime_operator.py
[2026-06-19T07:25:03.226+0200] {processor.py:830} INFO - Processing file /Users/eldorado/Documents/swiss-job-intelligence/venv/lib/python3.11/site-packages/airflow/example_dags/example_branch_datetime_operator.py for tasks to queue
[2026-06-19T07:25:03.226+0200] {logging_mixin.py:188} INFO - [2026-06-19T07:25:03.226+0200] {dagbag.py:538} INFO - Filling up the DagBag from /Users/eldorado/Documents/swiss-job-intelligence/venv/lib/python3.11/site-packages/airflow/example_dags/example_branch_datetime_operator.py
[2026-06-19T07:25:03.233+0200] {processor.py:840} INFO - DAG(s) 'example_branch_datetime_operator', 'example_branch_datetime_operator_2', 'example_branch_datetime_operator_3' retrieved from /Users/eldorado/Documents/swiss-job-intelligence/venv/lib/python3.11/site-packages/airflow/example_dags/example_branch_datetime_operator.py
[2026-06-19T07:25:03.297+0200] {logging_mixin.py:188} INFO - [2026-06-19T07:25:03.297+0200] {dag.py:3036} INFO - Sync 3 DAGs
[2026-06-19T07:25:03.303+0200] {logging_mixin.py:188} INFO - [2026-06-19T07:25:03.303+0200] {dag.py:3823} INFO - Setting next_dagrun for example_branch_datetime_operator to 2026-06-18 00:00:00+00:00, run_after=2026-06-19 00:00:00+00:00
[2026-06-19T07:25:03.305+0200] {logging_mixin.py:188} INFO - [2026-06-19T07:25:03.304+0200] {dag.py:3823} INFO - Setting next_dagrun for example_branch_datetime_operator_2 to 2026-06-18 00:00:00+00:00, run_after=2026-06-19 00:00:00+00:00
[2026-06-19T07:25:03.305+0200] {logging_mixin.py:188} INFO - [2026-06-19T07:25:03.305+0200] {dag.py:3823} INFO - Setting next_dagrun for example_branch_datetime_operator_3 to 2026-06-18 00:00:00+00:00, run_after=2026-06-19 00:00:00+00:00
[2026-06-19T07:25:03.313+0200] {processor.py:183} INFO - Processing /Users/eldorado/Documents/swiss-job-intelligence/venv/lib/python3.11/site-packages/airflow/example_dags/example_branch_datetime_operator.py took 0.089 seconds
[2026-06-19T07:27:24.303+0200] {processor.py:161} INFO - Started process (PID=93787) to work on /Users/eldorado/Documents/swiss-job-intelligence/venv/lib/python3.11/site-packages/airflow/example_dags/example_branch_datetime_operator.py
[2026-06-19T07:27:24.304+0200] {processor.py:830} INFO - Processing file /Users/eldorado/Documents/swiss-job-intelligence/venv/lib/python3.11/site-packages/airflow/example_dags/example_branch_datetime_operator.py for tasks to queue
[2026-06-19T07:27:24.304+0200] {logging_mixin.py:188} INFO - [2026-06-19T07:27:24.304+0200] {dagbag.py:538} INFO - Filling up the DagBag from /Users/eldorado/Documents/swiss-job-intelligence/venv/lib/python3.11/site-packages/airflow/example_dags/example_branch_datetime_operator.py
[2026-06-19T07:27:24.310+0200] {processor.py:840} INFO - DAG(s) 'example_branch_datetime_operator_2', 'example_branch_datetime_operator_3', 'example_branch_datetime_operator' retrieved from /Users/eldorado/Documents/swiss-job-intelligence/venv/lib/python3.11/site-packages/airflow/example_dags/example_branch_datetime_operator.py
[2026-06-19T07:27:24.372+0200] {logging_mixin.py:188} INFO - [2026-06-19T07:27:24.372+0200] {dag.py:3036} INFO - Sync 3 DAGs
[2026-06-19T07:27:24.379+0200] {logging_mixin.py:188} INFO - [2026-06-19T07:27:24.379+0200] {dag.py:3823} INFO - Setting next_dagrun for example_branch_datetime_operator to 2026-06-18 00:00:00+00:00, run_after=2026-06-19 00:00:00+00:00
[2026-06-19T07:27:24.380+0200] {logging_mixin.py:188} INFO - [2026-06-19T07:27:24.380+0200] {dag.py:3823} INFO - Setting next_dagrun for example_branch_datetime_operator_2 to 2026-06-18 00:00:00+00:00, run_after=2026-06-19 00:00:00+00:00
[2026-06-19T07:27:24.381+0200] {logging_mixin.py:188} INFO - [2026-06-19T07:27:24.381+0200] {dag.py:3823} INFO - Setting next_dagrun for example_branch_datetime_operator_3 to 2026-06-18 00:00:00+00:00, run_after=2026-06-19 00:00:00+00:00
[2026-06-19T07:27:24.388+0200] {processor.py:183} INFO - Processing /Users/eldorado/Documents/swiss-job-intelligence/venv/lib/python3.11/site-packages/airflow/example_dags/example_branch_datetime_operator.py took 0.085 seconds
