[2026-06-19T07:22:03.210+0200] {processor.py:161} INFO - Started process (PID=93184) to work on /Users/eldorado/Documents/swiss-job-intelligence/venv/lib/python3.11/site-packages/airflow/example_dags/example_subdag_operator.py
[2026-06-19T07:22:03.211+0200] {processor.py:830} INFO - Processing file /Users/eldorado/Documents/swiss-job-intelligence/venv/lib/python3.11/site-packages/airflow/example_dags/example_subdag_operator.py for tasks to queue
[2026-06-19T07:22:03.211+0200] {logging_mixin.py:188} INFO - [2026-06-19T07:22:03.211+0200] {dagbag.py:538} INFO - Filling up the DagBag from /Users/eldorado/Documents/swiss-job-intelligence/venv/lib/python3.11/site-packages/airflow/example_dags/example_subdag_operator.py
[2026-06-19T07:22:03.276+0200] {processor.py:840} INFO - DAG(s) 'example_subdag_operator.section-1', 'example_subdag_operator.section-2', 'example_subdag_operator' retrieved from /Users/eldorado/Documents/swiss-job-intelligence/venv/lib/python3.11/site-packages/airflow/example_dags/example_subdag_operator.py
[2026-06-19T07:22:03.290+0200] {logging_mixin.py:188} INFO - [2026-06-19T07:22:03.289+0200] {dag.py:3036} INFO - Sync 3 DAGs
[2026-06-19T07:22:03.297+0200] {logging_mixin.py:188} INFO - [2026-06-19T07:22:03.297+0200] {dag.py:3823} INFO - Setting next_dagrun for example_subdag_operator to 2022-01-01 00:00:00+00:00, run_after=2022-01-01 00:00:00+00:00
[2026-06-19T07:22:03.298+0200] {logging_mixin.py:188} INFO - [2026-06-19T07:22:03.298+0200] {dag.py:3823} INFO - Setting next_dagrun for example_subdag_operator.section-1 to None, run_after=None
[2026-06-19T07:22:03.298+0200] {logging_mixin.py:188} INFO - [2026-06-19T07:22:03.298+0200] {dag.py:3823} INFO - Setting next_dagrun for example_subdag_operator.section-2 to None, run_after=None
[2026-06-19T07:22:03.301+0200] {logging_mixin.py:188} INFO - [2026-06-19T07:22:03.301+0200] {dag.py:3036} INFO - Sync 2 DAGs
[2026-06-19T07:22:03.302+0200] {logging_mixin.py:188} INFO - [2026-06-19T07:22:03.302+0200] {dag.py:3823} INFO - Setting next_dagrun for example_subdag_operator.section-1 to None, run_after=None
[2026-06-19T07:22:03.302+0200] {logging_mixin.py:188} INFO - [2026-06-19T07:22:03.302+0200] {dag.py:3823} INFO - Setting next_dagrun for example_subdag_operator.section-2 to None, run_after=None
[2026-06-19T07:22:03.307+0200] {processor.py:183} INFO - Processing /Users/eldorado/Documents/swiss-job-intelligence/venv/lib/python3.11/site-packages/airflow/example_dags/example_subdag_operator.py took 0.098 seconds
[2026-06-19T07:23:34.559+0200] {processor.py:161} INFO - Started process (PID=93324) to work on /Users/eldorado/Documents/swiss-job-intelligence/venv/lib/python3.11/site-packages/airflow/example_dags/example_subdag_operator.py
[2026-06-19T07:23:34.560+0200] {processor.py:830} INFO - Processing file /Users/eldorado/Documents/swiss-job-intelligence/venv/lib/python3.11/site-packages/airflow/example_dags/example_subdag_operator.py for tasks to queue
[2026-06-19T07:23:34.560+0200] {logging_mixin.py:188} INFO - [2026-06-19T07:23:34.560+0200] {dagbag.py:538} INFO - Filling up the DagBag from /Users/eldorado/Documents/swiss-job-intelligence/venv/lib/python3.11/site-packages/airflow/example_dags/example_subdag_operator.py
[2026-06-19T07:23:34.629+0200] {processor.py:840} INFO - DAG(s) 'example_subdag_operator.section-1', 'example_subdag_operator.section-2', 'example_subdag_operator' retrieved from /Users/eldorado/Documents/swiss-job-intelligence/venv/lib/python3.11/site-packages/airflow/example_dags/example_subdag_operator.py
[2026-06-19T07:23:34.642+0200] {logging_mixin.py:188} INFO - [2026-06-19T07:23:34.642+0200] {dag.py:3036} INFO - Sync 3 DAGs
[2026-06-19T07:23:34.648+0200] {logging_mixin.py:188} INFO - [2026-06-19T07:23:34.648+0200] {dag.py:3823} INFO - Setting next_dagrun for example_subdag_operator to 2022-01-01 00:00:00+00:00, run_after=2022-01-01 00:00:00+00:00
[2026-06-19T07:23:34.650+0200] {logging_mixin.py:188} INFO - [2026-06-19T07:23:34.649+0200] {dag.py:3823} INFO - Setting next_dagrun for example_subdag_operator.section-1 to None, run_after=None
[2026-06-19T07:23:34.650+0200] {logging_mixin.py:188} INFO - [2026-06-19T07:23:34.650+0200] {dag.py:3823} INFO - Setting next_dagrun for example_subdag_operator.section-2 to None, run_after=None
[2026-06-19T07:23:34.652+0200] {logging_mixin.py:188} INFO - [2026-06-19T07:23:34.652+0200] {dag.py:3036} INFO - Sync 2 DAGs
[2026-06-19T07:23:34.653+0200] {logging_mixin.py:188} INFO - [2026-06-19T07:23:34.653+0200] {dag.py:3823} INFO - Setting next_dagrun for example_subdag_operator.section-1 to None, run_after=None
[2026-06-19T07:23:34.653+0200] {logging_mixin.py:188} INFO - [2026-06-19T07:23:34.653+0200] {dag.py:3823} INFO - Setting next_dagrun for example_subdag_operator.section-2 to None, run_after=None
[2026-06-19T07:23:34.658+0200] {processor.py:183} INFO - Processing /Users/eldorado/Documents/swiss-job-intelligence/venv/lib/python3.11/site-packages/airflow/example_dags/example_subdag_operator.py took 0.100 seconds
[2026-06-19T07:25:38.864+0200] {processor.py:161} INFO - Started process (PID=93491) to work on /Users/eldorado/Documents/swiss-job-intelligence/venv/lib/python3.11/site-packages/airflow/example_dags/example_subdag_operator.py
[2026-06-19T07:25:38.865+0200] {processor.py:830} INFO - Processing file /Users/eldorado/Documents/swiss-job-intelligence/venv/lib/python3.11/site-packages/airflow/example_dags/example_subdag_operator.py for tasks to queue
[2026-06-19T07:25:38.866+0200] {logging_mixin.py:188} INFO - [2026-06-19T07:25:38.866+0200] {dagbag.py:538} INFO - Filling up the DagBag from /Users/eldorado/Documents/swiss-job-intelligence/venv/lib/python3.11/site-packages/airflow/example_dags/example_subdag_operator.py
[2026-06-19T07:25:38.935+0200] {processor.py:840} INFO - DAG(s) 'example_subdag_operator.section-1', 'example_subdag_operator.section-2', 'example_subdag_operator' retrieved from /Users/eldorado/Documents/swiss-job-intelligence/venv/lib/python3.11/site-packages/airflow/example_dags/example_subdag_operator.py
[2026-06-19T07:25:38.950+0200] {logging_mixin.py:188} INFO - [2026-06-19T07:25:38.950+0200] {dag.py:3036} INFO - Sync 3 DAGs
[2026-06-19T07:25:38.957+0200] {logging_mixin.py:188} INFO - [2026-06-19T07:25:38.957+0200] {dag.py:3823} INFO - Setting next_dagrun for example_subdag_operator to 2022-01-01 00:00:00+00:00, run_after=2022-01-01 00:00:00+00:00
[2026-06-19T07:25:38.958+0200] {logging_mixin.py:188} INFO - [2026-06-19T07:25:38.958+0200] {dag.py:3823} INFO - Setting next_dagrun for example_subdag_operator.section-1 to None, run_after=None
[2026-06-19T07:25:38.959+0200] {logging_mixin.py:188} INFO - [2026-06-19T07:25:38.959+0200] {dag.py:3823} INFO - Setting next_dagrun for example_subdag_operator.section-2 to None, run_after=None
[2026-06-19T07:25:38.964+0200] {logging_mixin.py:188} INFO - [2026-06-19T07:25:38.964+0200] {dag.py:3036} INFO - Sync 2 DAGs
[2026-06-19T07:25:38.966+0200] {logging_mixin.py:188} INFO - [2026-06-19T07:25:38.966+0200] {dag.py:3823} INFO - Setting next_dagrun for example_subdag_operator.section-1 to None, run_after=None
[2026-06-19T07:25:38.967+0200] {logging_mixin.py:188} INFO - [2026-06-19T07:25:38.967+0200] {dag.py:3823} INFO - Setting next_dagrun for example_subdag_operator.section-2 to None, run_after=None
[2026-06-19T07:25:38.973+0200] {processor.py:183} INFO - Processing /Users/eldorado/Documents/swiss-job-intelligence/venv/lib/python3.11/site-packages/airflow/example_dags/example_subdag_operator.py took 0.109 seconds
[2026-06-19T07:27:59.321+0200] {processor.py:161} INFO - Started process (PID=93826) to work on /Users/eldorado/Documents/swiss-job-intelligence/venv/lib/python3.11/site-packages/airflow/example_dags/example_subdag_operator.py
[2026-06-19T07:27:59.322+0200] {processor.py:830} INFO - Processing file /Users/eldorado/Documents/swiss-job-intelligence/venv/lib/python3.11/site-packages/airflow/example_dags/example_subdag_operator.py for tasks to queue
[2026-06-19T07:27:59.322+0200] {logging_mixin.py:188} INFO - [2026-06-19T07:27:59.322+0200] {dagbag.py:538} INFO - Filling up the DagBag from /Users/eldorado/Documents/swiss-job-intelligence/venv/lib/python3.11/site-packages/airflow/example_dags/example_subdag_operator.py
[2026-06-19T07:27:59.386+0200] {processor.py:840} INFO - DAG(s) 'example_subdag_operator.section-1', 'example_subdag_operator.section-2', 'example_subdag_operator' retrieved from /Users/eldorado/Documents/swiss-job-intelligence/venv/lib/python3.11/site-packages/airflow/example_dags/example_subdag_operator.py
[2026-06-19T07:27:59.400+0200] {logging_mixin.py:188} INFO - [2026-06-19T07:27:59.400+0200] {dag.py:3036} INFO - Sync 3 DAGs
[2026-06-19T07:27:59.406+0200] {logging_mixin.py:188} INFO - [2026-06-19T07:27:59.406+0200] {dag.py:3823} INFO - Setting next_dagrun for example_subdag_operator to 2022-01-01 00:00:00+00:00, run_after=2022-01-01 00:00:00+00:00
[2026-06-19T07:27:59.408+0200] {logging_mixin.py:188} INFO - [2026-06-19T07:27:59.408+0200] {dag.py:3823} INFO - Setting next_dagrun for example_subdag_operator.section-1 to None, run_after=None
[2026-06-19T07:27:59.408+0200] {logging_mixin.py:188} INFO - [2026-06-19T07:27:59.408+0200] {dag.py:3823} INFO - Setting next_dagrun for example_subdag_operator.section-2 to None, run_after=None
[2026-06-19T07:27:59.410+0200] {logging_mixin.py:188} INFO - [2026-06-19T07:27:59.410+0200] {dag.py:3036} INFO - Sync 2 DAGs
[2026-06-19T07:27:59.412+0200] {logging_mixin.py:188} INFO - [2026-06-19T07:27:59.412+0200] {dag.py:3823} INFO - Setting next_dagrun for example_subdag_operator.section-1 to None, run_after=None
[2026-06-19T07:27:59.412+0200] {logging_mixin.py:188} INFO - [2026-06-19T07:27:59.412+0200] {dag.py:3823} INFO - Setting next_dagrun for example_subdag_operator.section-2 to None, run_after=None
[2026-06-19T07:27:59.417+0200] {processor.py:183} INFO - Processing /Users/eldorado/Documents/swiss-job-intelligence/venv/lib/python3.11/site-packages/airflow/example_dags/example_subdag_operator.py took 0.096 seconds
[2026-06-19T07:31:17.022+0200] {processor.py:161} INFO - Started process (PID=95090) to work on /Users/eldorado/Documents/swiss-job-intelligence/venv/lib/python3.11/site-packages/airflow/example_dags/example_subdag_operator.py
[2026-06-19T07:31:17.023+0200] {processor.py:830} INFO - Processing file /Users/eldorado/Documents/swiss-job-intelligence/venv/lib/python3.11/site-packages/airflow/example_dags/example_subdag_operator.py for tasks to queue
[2026-06-19T07:31:17.023+0200] {logging_mixin.py:188} INFO - [2026-06-19T07:31:17.023+0200] {dagbag.py:538} INFO - Filling up the DagBag from /Users/eldorado/Documents/swiss-job-intelligence/venv/lib/python3.11/site-packages/airflow/example_dags/example_subdag_operator.py
[2026-06-19T07:31:17.083+0200] {processor.py:840} INFO - DAG(s) 'example_subdag_operator.section-1', 'example_subdag_operator.section-2', 'example_subdag_operator' retrieved from /Users/eldorado/Documents/swiss-job-intelligence/venv/lib/python3.11/site-packages/airflow/example_dags/example_subdag_operator.py
[2026-06-19T07:31:17.095+0200] {logging_mixin.py:188} INFO - [2026-06-19T07:31:17.095+0200] {dag.py:3036} INFO - Sync 3 DAGs
[2026-06-19T07:31:17.102+0200] {logging_mixin.py:188} INFO - [2026-06-19T07:31:17.101+0200] {dag.py:3823} INFO - Setting next_dagrun for example_subdag_operator to 2022-01-01 00:00:00+00:00, run_after=2022-01-01 00:00:00+00:00
[2026-06-19T07:31:17.103+0200] {logging_mixin.py:188} INFO - [2026-06-19T07:31:17.103+0200] {dag.py:3823} INFO - Setting next_dagrun for example_subdag_operator.section-1 to None, run_after=None
[2026-06-19T07:31:17.103+0200] {logging_mixin.py:188} INFO - [2026-06-19T07:31:17.103+0200] {dag.py:3823} INFO - Setting next_dagrun for example_subdag_operator.section-2 to None, run_after=None
[2026-06-19T07:31:17.105+0200] {logging_mixin.py:188} INFO - [2026-06-19T07:31:17.105+0200] {dag.py:3036} INFO - Sync 2 DAGs
[2026-06-19T07:31:17.106+0200] {logging_mixin.py:188} INFO - [2026-06-19T07:31:17.106+0200] {dag.py:3823} INFO - Setting next_dagrun for example_subdag_operator.section-1 to None, run_after=None
[2026-06-19T07:31:17.106+0200] {logging_mixin.py:188} INFO - [2026-06-19T07:31:17.106+0200] {dag.py:3823} INFO - Setting next_dagrun for example_subdag_operator.section-2 to None, run_after=None
[2026-06-19T07:31:17.112+0200] {processor.py:183} INFO - Processing /Users/eldorado/Documents/swiss-job-intelligence/venv/lib/python3.11/site-packages/airflow/example_dags/example_subdag_operator.py took 0.090 seconds
[2026-06-19T07:32:39.525+0200] {processor.py:161} INFO - Started process (PID=95418) to work on /Users/eldorado/Documents/swiss-job-intelligence/venv/lib/python3.11/site-packages/airflow/example_dags/example_subdag_operator.py
[2026-06-19T07:32:39.527+0200] {processor.py:830} INFO - Processing file /Users/eldorado/Documents/swiss-job-intelligence/venv/lib/python3.11/site-packages/airflow/example_dags/example_subdag_operator.py for tasks to queue
[2026-06-19T07:32:39.527+0200] {logging_mixin.py:188} INFO - [2026-06-19T07:32:39.527+0200] {dagbag.py:538} INFO - Filling up the DagBag from /Users/eldorado/Documents/swiss-job-intelligence/venv/lib/python3.11/site-packages/airflow/example_dags/example_subdag_operator.py
[2026-06-19T07:32:39.590+0200] {processor.py:840} INFO - DAG(s) 'example_subdag_operator.section-1', 'example_subdag_operator.section-2', 'example_subdag_operator' retrieved from /Users/eldorado/Documents/swiss-job-intelligence/venv/lib/python3.11/site-packages/airflow/example_dags/example_subdag_operator.py
[2026-06-19T07:32:39.632+0200] {logging_mixin.py:188} INFO - [2026-06-19T07:32:39.632+0200] {dag.py:3036} INFO - Sync 3 DAGs
[2026-06-19T07:32:39.637+0200] {logging_mixin.py:188} INFO - [2026-06-19T07:32:39.637+0200] {dag.py:3823} INFO - Setting next_dagrun for example_subdag_operator to 2022-01-01 00:00:00+00:00, run_after=2022-01-01 00:00:00+00:00
[2026-06-19T07:32:39.638+0200] {logging_mixin.py:188} INFO - [2026-06-19T07:32:39.638+0200] {dag.py:3823} INFO - Setting next_dagrun for example_subdag_operator.section-1 to None, run_after=None
[2026-06-19T07:32:39.638+0200] {logging_mixin.py:188} INFO - [2026-06-19T07:32:39.638+0200] {dag.py:3823} INFO - Setting next_dagrun for example_subdag_operator.section-2 to None, run_after=None
[2026-06-19T07:32:39.641+0200] {logging_mixin.py:188} INFO - [2026-06-19T07:32:39.641+0200] {dag.py:3036} INFO - Sync 2 DAGs
[2026-06-19T07:32:39.642+0200] {logging_mixin.py:188} INFO - [2026-06-19T07:32:39.642+0200] {dag.py:3823} INFO - Setting next_dagrun for example_subdag_operator.section-1 to None, run_after=None
[2026-06-19T07:32:39.642+0200] {logging_mixin.py:188} INFO - [2026-06-19T07:32:39.642+0200] {dag.py:3823} INFO - Setting next_dagrun for example_subdag_operator.section-2 to None, run_after=None
[2026-06-19T07:32:39.648+0200] {processor.py:183} INFO - Processing /Users/eldorado/Documents/swiss-job-intelligence/venv/lib/python3.11/site-packages/airflow/example_dags/example_subdag_operator.py took 0.123 seconds
[2026-06-19T07:35:14.299+0200] {processor.py:161} INFO - Started process (PID=98275) to work on /Users/eldorado/Documents/swiss-job-intelligence/venv/lib/python3.11/site-packages/airflow/example_dags/example_subdag_operator.py
[2026-06-19T07:35:14.300+0200] {processor.py:830} INFO - Processing file /Users/eldorado/Documents/swiss-job-intelligence/venv/lib/python3.11/site-packages/airflow/example_dags/example_subdag_operator.py for tasks to queue
[2026-06-19T07:35:14.301+0200] {logging_mixin.py:188} INFO - [2026-06-19T07:35:14.301+0200] {dagbag.py:538} INFO - Filling up the DagBag from /Users/eldorado/Documents/swiss-job-intelligence/venv/lib/python3.11/site-packages/airflow/example_dags/example_subdag_operator.py
[2026-06-19T07:35:14.366+0200] {processor.py:840} INFO - DAG(s) 'example_subdag_operator.section-1', 'example_subdag_operator.section-2', 'example_subdag_operator' retrieved from /Users/eldorado/Documents/swiss-job-intelligence/venv/lib/python3.11/site-packages/airflow/example_dags/example_subdag_operator.py
[2026-06-19T07:35:14.378+0200] {logging_mixin.py:188} INFO - [2026-06-19T07:35:14.378+0200] {dag.py:3036} INFO - Sync 3 DAGs
[2026-06-19T07:35:14.385+0200] {logging_mixin.py:188} INFO - [2026-06-19T07:35:14.384+0200] {dag.py:3823} INFO - Setting next_dagrun for example_subdag_operator to 2022-01-01 00:00:00+00:00, run_after=2022-01-01 00:00:00+00:00
[2026-06-19T07:35:14.386+0200] {logging_mixin.py:188} INFO - [2026-06-19T07:35:14.386+0200] {dag.py:3823} INFO - Setting next_dagrun for example_subdag_operator.section-1 to None, run_after=None
[2026-06-19T07:35:14.386+0200] {logging_mixin.py:188} INFO - [2026-06-19T07:35:14.386+0200] {dag.py:3823} INFO - Setting next_dagrun for example_subdag_operator.section-2 to None, run_after=None
[2026-06-19T07:35:14.388+0200] {logging_mixin.py:188} INFO - [2026-06-19T07:35:14.388+0200] {dag.py:3036} INFO - Sync 2 DAGs
[2026-06-19T07:35:14.389+0200] {logging_mixin.py:188} INFO - [2026-06-19T07:35:14.389+0200] {dag.py:3823} INFO - Setting next_dagrun for example_subdag_operator.section-1 to None, run_after=None
[2026-06-19T07:35:14.389+0200] {logging_mixin.py:188} INFO - [2026-06-19T07:35:14.389+0200] {dag.py:3823} INFO - Setting next_dagrun for example_subdag_operator.section-2 to None, run_after=None
[2026-06-19T07:35:14.394+0200] {processor.py:183} INFO - Processing /Users/eldorado/Documents/swiss-job-intelligence/venv/lib/python3.11/site-packages/airflow/example_dags/example_subdag_operator.py took 0.095 seconds
