[2026-06-19T07:22:13.545+0200] {processor.py:161} INFO - Started process (PID=93219) to work on /Users/eldorado/Documents/swiss-job-intelligence/venv/lib/python3.11/site-packages/airflow/example_dags/example_setup_teardown.py
[2026-06-19T07:22:13.546+0200] {processor.py:830} INFO - Processing file /Users/eldorado/Documents/swiss-job-intelligence/venv/lib/python3.11/site-packages/airflow/example_dags/example_setup_teardown.py for tasks to queue
[2026-06-19T07:22:13.546+0200] {logging_mixin.py:188} INFO - [2026-06-19T07:22:13.546+0200] {dagbag.py:538} INFO - Filling up the DagBag from /Users/eldorado/Documents/swiss-job-intelligence/venv/lib/python3.11/site-packages/airflow/example_dags/example_setup_teardown.py
[2026-06-19T07:22:13.551+0200] {processor.py:840} INFO - DAG(s) 'example_setup_teardown' retrieved from /Users/eldorado/Documents/swiss-job-intelligence/venv/lib/python3.11/site-packages/airflow/example_dags/example_setup_teardown.py
[2026-06-19T07:22:13.617+0200] {logging_mixin.py:188} INFO - [2026-06-19T07:22:13.616+0200] {dag.py:3036} INFO - Sync 1 DAGs
[2026-06-19T07:22:13.623+0200] {logging_mixin.py:188} INFO - [2026-06-19T07:22:13.623+0200] {dag.py:3823} INFO - Setting next_dagrun for example_setup_teardown to 2026-06-18 00:00:00+00:00, run_after=2026-06-19 00:00:00+00:00
[2026-06-19T07:22:13.630+0200] {processor.py:183} INFO - Processing /Users/eldorado/Documents/swiss-job-intelligence/venv/lib/python3.11/site-packages/airflow/example_dags/example_setup_teardown.py took 0.085 seconds
[2026-06-19T07:23:44.569+0200] {processor.py:161} INFO - Started process (PID=93334) to work on /Users/eldorado/Documents/swiss-job-intelligence/venv/lib/python3.11/site-packages/airflow/example_dags/example_setup_teardown.py
[2026-06-19T07:23:44.569+0200] {processor.py:830} INFO - Processing file /Users/eldorado/Documents/swiss-job-intelligence/venv/lib/python3.11/site-packages/airflow/example_dags/example_setup_teardown.py for tasks to queue
[2026-06-19T07:23:44.570+0200] {logging_mixin.py:188} INFO - [2026-06-19T07:23:44.570+0200] {dagbag.py:538} INFO - Filling up the DagBag from /Users/eldorado/Documents/swiss-job-intelligence/venv/lib/python3.11/site-packages/airflow/example_dags/example_setup_teardown.py
[2026-06-19T07:23:44.574+0200] {processor.py:840} INFO - DAG(s) 'example_setup_teardown' retrieved from /Users/eldorado/Documents/swiss-job-intelligence/venv/lib/python3.11/site-packages/airflow/example_dags/example_setup_teardown.py
[2026-06-19T07:23:44.635+0200] {logging_mixin.py:188} INFO - [2026-06-19T07:23:44.635+0200] {dag.py:3036} INFO - Sync 1 DAGs
[2026-06-19T07:23:44.641+0200] {logging_mixin.py:188} INFO - [2026-06-19T07:23:44.641+0200] {dag.py:3823} INFO - Setting next_dagrun for example_setup_teardown to 2026-06-18 00:00:00+00:00, run_after=2026-06-19 00:00:00+00:00
[2026-06-19T07:23:44.649+0200] {processor.py:183} INFO - Processing /Users/eldorado/Documents/swiss-job-intelligence/venv/lib/python3.11/site-packages/airflow/example_dags/example_setup_teardown.py took 0.081 seconds
[2026-06-19T07:25:50.781+0200] {processor.py:161} INFO - Started process (PID=93515) to work on /Users/eldorado/Documents/swiss-job-intelligence/venv/lib/python3.11/site-packages/airflow/example_dags/example_setup_teardown.py
[2026-06-19T07:25:50.782+0200] {processor.py:830} INFO - Processing file /Users/eldorado/Documents/swiss-job-intelligence/venv/lib/python3.11/site-packages/airflow/example_dags/example_setup_teardown.py for tasks to queue
[2026-06-19T07:25:50.782+0200] {logging_mixin.py:188} INFO - [2026-06-19T07:25:50.782+0200] {dagbag.py:538} INFO - Filling up the DagBag from /Users/eldorado/Documents/swiss-job-intelligence/venv/lib/python3.11/site-packages/airflow/example_dags/example_setup_teardown.py
[2026-06-19T07:25:50.786+0200] {processor.py:840} INFO - DAG(s) 'example_setup_teardown' retrieved from /Users/eldorado/Documents/swiss-job-intelligence/venv/lib/python3.11/site-packages/airflow/example_dags/example_setup_teardown.py
[2026-06-19T07:25:50.848+0200] {logging_mixin.py:188} INFO - [2026-06-19T07:25:50.848+0200] {dag.py:3036} INFO - Sync 1 DAGs
[2026-06-19T07:25:50.855+0200] {logging_mixin.py:188} INFO - [2026-06-19T07:25:50.855+0200] {dag.py:3823} INFO - Setting next_dagrun for example_setup_teardown to 2026-06-18 00:00:00+00:00, run_after=2026-06-19 00:00:00+00:00
[2026-06-19T07:25:50.863+0200] {processor.py:183} INFO - Processing /Users/eldorado/Documents/swiss-job-intelligence/venv/lib/python3.11/site-packages/airflow/example_dags/example_setup_teardown.py took 0.082 seconds
[2026-06-19T07:28:10.239+0200] {processor.py:161} INFO - Started process (PID=93844) to work on /Users/eldorado/Documents/swiss-job-intelligence/venv/lib/python3.11/site-packages/airflow/example_dags/example_setup_teardown.py
[2026-06-19T07:28:10.240+0200] {processor.py:830} INFO - Processing file /Users/eldorado/Documents/swiss-job-intelligence/venv/lib/python3.11/site-packages/airflow/example_dags/example_setup_teardown.py for tasks to queue
[2026-06-19T07:28:10.240+0200] {logging_mixin.py:188} INFO - [2026-06-19T07:28:10.240+0200] {dagbag.py:538} INFO - Filling up the DagBag from /Users/eldorado/Documents/swiss-job-intelligence/venv/lib/python3.11/site-packages/airflow/example_dags/example_setup_teardown.py
[2026-06-19T07:28:10.245+0200] {processor.py:840} INFO - DAG(s) 'example_setup_teardown' retrieved from /Users/eldorado/Documents/swiss-job-intelligence/venv/lib/python3.11/site-packages/airflow/example_dags/example_setup_teardown.py
[2026-06-19T07:28:10.305+0200] {logging_mixin.py:188} INFO - [2026-06-19T07:28:10.304+0200] {dag.py:3036} INFO - Sync 1 DAGs
[2026-06-19T07:28:10.311+0200] {logging_mixin.py:188} INFO - [2026-06-19T07:28:10.311+0200] {dag.py:3823} INFO - Setting next_dagrun for example_setup_teardown to 2026-06-18 00:00:00+00:00, run_after=2026-06-19 00:00:00+00:00
[2026-06-19T07:28:10.318+0200] {processor.py:183} INFO - Processing /Users/eldorado/Documents/swiss-job-intelligence/venv/lib/python3.11/site-packages/airflow/example_dags/example_setup_teardown.py took 0.079 seconds
[2026-06-19T07:31:27.843+0200] {processor.py:161} INFO - Started process (PID=95100) to work on /Users/eldorado/Documents/swiss-job-intelligence/venv/lib/python3.11/site-packages/airflow/example_dags/example_setup_teardown.py
[2026-06-19T07:31:27.844+0200] {processor.py:830} INFO - Processing file /Users/eldorado/Documents/swiss-job-intelligence/venv/lib/python3.11/site-packages/airflow/example_dags/example_setup_teardown.py for tasks to queue
[2026-06-19T07:31:27.844+0200] {logging_mixin.py:188} INFO - [2026-06-19T07:31:27.844+0200] {dagbag.py:538} INFO - Filling up the DagBag from /Users/eldorado/Documents/swiss-job-intelligence/venv/lib/python3.11/site-packages/airflow/example_dags/example_setup_teardown.py
[2026-06-19T07:31:27.850+0200] {processor.py:840} INFO - DAG(s) 'example_setup_teardown' retrieved from /Users/eldorado/Documents/swiss-job-intelligence/venv/lib/python3.11/site-packages/airflow/example_dags/example_setup_teardown.py
[2026-06-19T07:31:27.913+0200] {logging_mixin.py:188} INFO - [2026-06-19T07:31:27.913+0200] {dag.py:3036} INFO - Sync 1 DAGs
[2026-06-19T07:31:27.919+0200] {logging_mixin.py:188} INFO - [2026-06-19T07:31:27.919+0200] {dag.py:3823} INFO - Setting next_dagrun for example_setup_teardown to 2026-06-18 00:00:00+00:00, run_after=2026-06-19 00:00:00+00:00
[2026-06-19T07:31:27.926+0200] {processor.py:183} INFO - Processing /Users/eldorado/Documents/swiss-job-intelligence/venv/lib/python3.11/site-packages/airflow/example_dags/example_setup_teardown.py took 0.084 seconds
[2026-06-19T07:32:51.539+0200] {processor.py:161} INFO - Started process (PID=95437) to work on /Users/eldorado/Documents/swiss-job-intelligence/venv/lib/python3.11/site-packages/airflow/example_dags/example_setup_teardown.py
[2026-06-19T07:32:51.539+0200] {processor.py:830} INFO - Processing file /Users/eldorado/Documents/swiss-job-intelligence/venv/lib/python3.11/site-packages/airflow/example_dags/example_setup_teardown.py for tasks to queue
[2026-06-19T07:32:51.539+0200] {logging_mixin.py:188} INFO - [2026-06-19T07:32:51.539+0200] {dagbag.py:538} INFO - Filling up the DagBag from /Users/eldorado/Documents/swiss-job-intelligence/venv/lib/python3.11/site-packages/airflow/example_dags/example_setup_teardown.py
[2026-06-19T07:32:51.544+0200] {processor.py:840} INFO - DAG(s) 'example_setup_teardown' retrieved from /Users/eldorado/Documents/swiss-job-intelligence/venv/lib/python3.11/site-packages/airflow/example_dags/example_setup_teardown.py
[2026-06-19T07:32:51.656+0200] {logging_mixin.py:188} INFO - [2026-06-19T07:32:51.656+0200] {dag.py:3036} INFO - Sync 1 DAGs
[2026-06-19T07:32:51.663+0200] {logging_mixin.py:188} INFO - [2026-06-19T07:32:51.663+0200] {dag.py:3823} INFO - Setting next_dagrun for example_setup_teardown to 2026-06-18 00:00:00+00:00, run_after=2026-06-19 00:00:00+00:00
[2026-06-19T07:32:51.672+0200] {processor.py:183} INFO - Processing /Users/eldorado/Documents/swiss-job-intelligence/venv/lib/python3.11/site-packages/airflow/example_dags/example_setup_teardown.py took 0.134 seconds
[2026-06-19T07:35:25.243+0200] {processor.py:161} INFO - Started process (PID=98331) to work on /Users/eldorado/Documents/swiss-job-intelligence/venv/lib/python3.11/site-packages/airflow/example_dags/example_setup_teardown.py
[2026-06-19T07:35:25.244+0200] {processor.py:830} INFO - Processing file /Users/eldorado/Documents/swiss-job-intelligence/venv/lib/python3.11/site-packages/airflow/example_dags/example_setup_teardown.py for tasks to queue
[2026-06-19T07:35:25.244+0200] {logging_mixin.py:188} INFO - [2026-06-19T07:35:25.244+0200] {dagbag.py:538} INFO - Filling up the DagBag from /Users/eldorado/Documents/swiss-job-intelligence/venv/lib/python3.11/site-packages/airflow/example_dags/example_setup_teardown.py
[2026-06-19T07:35:25.248+0200] {processor.py:840} INFO - DAG(s) 'example_setup_teardown' retrieved from /Users/eldorado/Documents/swiss-job-intelligence/venv/lib/python3.11/site-packages/airflow/example_dags/example_setup_teardown.py
[2026-06-19T07:35:25.314+0200] {logging_mixin.py:188} INFO - [2026-06-19T07:35:25.314+0200] {dag.py:3036} INFO - Sync 1 DAGs
[2026-06-19T07:35:25.322+0200] {logging_mixin.py:188} INFO - [2026-06-19T07:35:25.322+0200] {dag.py:3823} INFO - Setting next_dagrun for example_setup_teardown to 2026-06-18 00:00:00+00:00, run_after=2026-06-19 00:00:00+00:00
[2026-06-19T07:35:25.328+0200] {processor.py:183} INFO - Processing /Users/eldorado/Documents/swiss-job-intelligence/venv/lib/python3.11/site-packages/airflow/example_dags/example_setup_teardown.py took 0.086 seconds
