[2026-06-19T07:22:45.102+0200] {processor.py:161} INFO - Started process (PID=93263) to work on /Users/eldorado/Documents/swiss-job-intelligence/venv/lib/python3.11/site-packages/airflow/example_dags/example_dag_decorator.py
[2026-06-19T07:22:45.103+0200] {processor.py:830} INFO - Processing file /Users/eldorado/Documents/swiss-job-intelligence/venv/lib/python3.11/site-packages/airflow/example_dags/example_dag_decorator.py for tasks to queue
[2026-06-19T07:22:45.103+0200] {logging_mixin.py:188} INFO - [2026-06-19T07:22:45.103+0200] {dagbag.py:538} INFO - Filling up the DagBag from /Users/eldorado/Documents/swiss-job-intelligence/venv/lib/python3.11/site-packages/airflow/example_dags/example_dag_decorator.py
[2026-06-19T07:22:45.233+0200] {processor.py:840} INFO - DAG(s) 'example_dag_decorator' retrieved from /Users/eldorado/Documents/swiss-job-intelligence/venv/lib/python3.11/site-packages/airflow/example_dags/example_dag_decorator.py
[2026-06-19T07:22:45.309+0200] {logging_mixin.py:188} INFO - [2026-06-19T07:22:45.309+0200] {dag.py:3036} INFO - Sync 1 DAGs
[2026-06-19T07:22:45.312+0200] {logging_mixin.py:188} INFO - [2026-06-19T07:22:45.312+0200] {dag.py:3823} INFO - Setting next_dagrun for example_dag_decorator to None, run_after=None
[2026-06-19T07:22:45.319+0200] {processor.py:183} INFO - Processing /Users/eldorado/Documents/swiss-job-intelligence/venv/lib/python3.11/site-packages/airflow/example_dags/example_dag_decorator.py took 0.217 seconds
[2026-06-19T07:24:49.989+0200] {processor.py:161} INFO - Started process (PID=93421) to work on /Users/eldorado/Documents/swiss-job-intelligence/venv/lib/python3.11/site-packages/airflow/example_dags/example_dag_decorator.py
[2026-06-19T07:24:49.990+0200] {processor.py:830} INFO - Processing file /Users/eldorado/Documents/swiss-job-intelligence/venv/lib/python3.11/site-packages/airflow/example_dags/example_dag_decorator.py for tasks to queue
[2026-06-19T07:24:49.990+0200] {logging_mixin.py:188} INFO - [2026-06-19T07:24:49.990+0200] {dagbag.py:538} INFO - Filling up the DagBag from /Users/eldorado/Documents/swiss-job-intelligence/venv/lib/python3.11/site-packages/airflow/example_dags/example_dag_decorator.py
[2026-06-19T07:24:50.120+0200] {processor.py:840} INFO - DAG(s) 'example_dag_decorator' retrieved from /Users/eldorado/Documents/swiss-job-intelligence/venv/lib/python3.11/site-packages/airflow/example_dags/example_dag_decorator.py
[2026-06-19T07:24:50.201+0200] {logging_mixin.py:188} INFO - [2026-06-19T07:24:50.201+0200] {dag.py:3036} INFO - Sync 1 DAGs
[2026-06-19T07:24:50.204+0200] {logging_mixin.py:188} INFO - [2026-06-19T07:24:50.204+0200] {dag.py:3823} INFO - Setting next_dagrun for example_dag_decorator to None, run_after=None
[2026-06-19T07:24:50.212+0200] {processor.py:183} INFO - Processing /Users/eldorado/Documents/swiss-job-intelligence/venv/lib/python3.11/site-packages/airflow/example_dags/example_dag_decorator.py took 0.223 seconds
[2026-06-19T07:27:10.909+0200] {processor.py:161} INFO - Started process (PID=93768) to work on /Users/eldorado/Documents/swiss-job-intelligence/venv/lib/python3.11/site-packages/airflow/example_dags/example_dag_decorator.py
[2026-06-19T07:27:10.910+0200] {processor.py:830} INFO - Processing file /Users/eldorado/Documents/swiss-job-intelligence/venv/lib/python3.11/site-packages/airflow/example_dags/example_dag_decorator.py for tasks to queue
[2026-06-19T07:27:10.910+0200] {logging_mixin.py:188} INFO - [2026-06-19T07:27:10.910+0200] {dagbag.py:538} INFO - Filling up the DagBag from /Users/eldorado/Documents/swiss-job-intelligence/venv/lib/python3.11/site-packages/airflow/example_dags/example_dag_decorator.py
[2026-06-19T07:27:11.062+0200] {processor.py:840} INFO - DAG(s) 'example_dag_decorator' retrieved from /Users/eldorado/Documents/swiss-job-intelligence/venv/lib/python3.11/site-packages/airflow/example_dags/example_dag_decorator.py
[2026-06-19T07:27:11.149+0200] {logging_mixin.py:188} INFO - [2026-06-19T07:27:11.149+0200] {dag.py:3036} INFO - Sync 1 DAGs
[2026-06-19T07:27:11.152+0200] {logging_mixin.py:188} INFO - [2026-06-19T07:27:11.152+0200] {dag.py:3823} INFO - Setting next_dagrun for example_dag_decorator to None, run_after=None
[2026-06-19T07:27:11.160+0200] {processor.py:183} INFO - Processing /Users/eldorado/Documents/swiss-job-intelligence/venv/lib/python3.11/site-packages/airflow/example_dags/example_dag_decorator.py took 0.252 seconds
