[2026-06-19T07:22:37.953+0200] {processor.py:161} INFO - Started process (PID=93255) to work on /Users/eldorado/Documents/swiss-job-intelligence/venv/lib/python3.11/site-packages/airflow/example_dags/example_external_task_marker_dag.py
[2026-06-19T07:22:37.956+0200] {processor.py:830} INFO - Processing file /Users/eldorado/Documents/swiss-job-intelligence/venv/lib/python3.11/site-packages/airflow/example_dags/example_external_task_marker_dag.py for tasks to queue
[2026-06-19T07:22:37.956+0200] {logging_mixin.py:188} INFO - [2026-06-19T07:22:37.956+0200] {dagbag.py:538} INFO - Filling up the DagBag from /Users/eldorado/Documents/swiss-job-intelligence/venv/lib/python3.11/site-packages/airflow/example_dags/example_external_task_marker_dag.py
[2026-06-19T07:22:37.963+0200] {processor.py:840} INFO - DAG(s) 'example_external_task_marker_child', 'example_external_task_marker_parent' retrieved from /Users/eldorado/Documents/swiss-job-intelligence/venv/lib/python3.11/site-packages/airflow/example_dags/example_external_task_marker_dag.py
[2026-06-19T07:22:38.029+0200] {logging_mixin.py:188} INFO - [2026-06-19T07:22:38.029+0200] {dag.py:3036} INFO - Sync 2 DAGs
[2026-06-19T07:22:38.033+0200] {logging_mixin.py:188} INFO - [2026-06-19T07:22:38.033+0200] {dag.py:3823} INFO - Setting next_dagrun for example_external_task_marker_child to None, run_after=None
[2026-06-19T07:22:38.034+0200] {logging_mixin.py:188} INFO - [2026-06-19T07:22:38.034+0200] {dag.py:3823} INFO - Setting next_dagrun for example_external_task_marker_parent to None, run_after=None
[2026-06-19T07:22:38.041+0200] {processor.py:183} INFO - Processing /Users/eldorado/Documents/swiss-job-intelligence/venv/lib/python3.11/site-packages/airflow/example_dags/example_external_task_marker_dag.py took 0.088 seconds
[2026-06-19T07:24:41.970+0200] {processor.py:161} INFO - Started process (PID=93411) to work on /Users/eldorado/Documents/swiss-job-intelligence/venv/lib/python3.11/site-packages/airflow/example_dags/example_external_task_marker_dag.py
[2026-06-19T07:24:41.971+0200] {processor.py:830} INFO - Processing file /Users/eldorado/Documents/swiss-job-intelligence/venv/lib/python3.11/site-packages/airflow/example_dags/example_external_task_marker_dag.py for tasks to queue
[2026-06-19T07:24:41.972+0200] {logging_mixin.py:188} INFO - [2026-06-19T07:24:41.972+0200] {dagbag.py:538} INFO - Filling up the DagBag from /Users/eldorado/Documents/swiss-job-intelligence/venv/lib/python3.11/site-packages/airflow/example_dags/example_external_task_marker_dag.py
[2026-06-19T07:24:41.978+0200] {processor.py:840} INFO - DAG(s) 'example_external_task_marker_child', 'example_external_task_marker_parent' retrieved from /Users/eldorado/Documents/swiss-job-intelligence/venv/lib/python3.11/site-packages/airflow/example_dags/example_external_task_marker_dag.py
[2026-06-19T07:24:42.046+0200] {logging_mixin.py:188} INFO - [2026-06-19T07:24:42.045+0200] {dag.py:3036} INFO - Sync 2 DAGs
[2026-06-19T07:24:42.049+0200] {logging_mixin.py:188} INFO - [2026-06-19T07:24:42.049+0200] {dag.py:3823} INFO - Setting next_dagrun for example_external_task_marker_child to None, run_after=None
[2026-06-19T07:24:42.051+0200] {logging_mixin.py:188} INFO - [2026-06-19T07:24:42.050+0200] {dag.py:3823} INFO - Setting next_dagrun for example_external_task_marker_parent to None, run_after=None
[2026-06-19T07:24:42.058+0200] {processor.py:183} INFO - Processing /Users/eldorado/Documents/swiss-job-intelligence/venv/lib/python3.11/site-packages/airflow/example_dags/example_external_task_marker_dag.py took 0.089 seconds
[2026-06-19T07:27:04.159+0200] {processor.py:161} INFO - Started process (PID=93757) to work on /Users/eldorado/Documents/swiss-job-intelligence/venv/lib/python3.11/site-packages/airflow/example_dags/example_external_task_marker_dag.py
[2026-06-19T07:27:04.161+0200] {processor.py:830} INFO - Processing file /Users/eldorado/Documents/swiss-job-intelligence/venv/lib/python3.11/site-packages/airflow/example_dags/example_external_task_marker_dag.py for tasks to queue
[2026-06-19T07:27:04.161+0200] {logging_mixin.py:188} INFO - [2026-06-19T07:27:04.161+0200] {dagbag.py:538} INFO - Filling up the DagBag from /Users/eldorado/Documents/swiss-job-intelligence/venv/lib/python3.11/site-packages/airflow/example_dags/example_external_task_marker_dag.py
[2026-06-19T07:27:04.167+0200] {processor.py:840} INFO - DAG(s) 'example_external_task_marker_parent', 'example_external_task_marker_child' retrieved from /Users/eldorado/Documents/swiss-job-intelligence/venv/lib/python3.11/site-packages/airflow/example_dags/example_external_task_marker_dag.py
[2026-06-19T07:27:04.232+0200] {logging_mixin.py:188} INFO - [2026-06-19T07:27:04.232+0200] {dag.py:3036} INFO - Sync 2 DAGs
[2026-06-19T07:27:04.236+0200] {logging_mixin.py:188} INFO - [2026-06-19T07:27:04.236+0200] {dag.py:3823} INFO - Setting next_dagrun for example_external_task_marker_child to None, run_after=None
[2026-06-19T07:27:04.238+0200] {logging_mixin.py:188} INFO - [2026-06-19T07:27:04.238+0200] {dag.py:3823} INFO - Setting next_dagrun for example_external_task_marker_parent to None, run_after=None
[2026-06-19T07:27:04.245+0200] {processor.py:183} INFO - Processing /Users/eldorado/Documents/swiss-job-intelligence/venv/lib/python3.11/site-packages/airflow/example_dags/example_external_task_marker_dag.py took 0.086 seconds
[2026-06-19T07:31:53.152+0200] {processor.py:161} INFO - Started process (PID=95137) to work on /Users/eldorado/Documents/swiss-job-intelligence/venv/lib/python3.11/site-packages/airflow/example_dags/example_external_task_marker_dag.py
[2026-06-19T07:31:53.153+0200] {processor.py:830} INFO - Processing file /Users/eldorado/Documents/swiss-job-intelligence/venv/lib/python3.11/site-packages/airflow/example_dags/example_external_task_marker_dag.py for tasks to queue
[2026-06-19T07:31:53.154+0200] {logging_mixin.py:188} INFO - [2026-06-19T07:31:53.154+0200] {dagbag.py:538} INFO - Filling up the DagBag from /Users/eldorado/Documents/swiss-job-intelligence/venv/lib/python3.11/site-packages/airflow/example_dags/example_external_task_marker_dag.py
[2026-06-19T07:31:53.160+0200] {processor.py:840} INFO - DAG(s) 'example_external_task_marker_parent', 'example_external_task_marker_child' retrieved from /Users/eldorado/Documents/swiss-job-intelligence/venv/lib/python3.11/site-packages/airflow/example_dags/example_external_task_marker_dag.py
[2026-06-19T07:31:53.226+0200] {logging_mixin.py:188} INFO - [2026-06-19T07:31:53.226+0200] {dag.py:3036} INFO - Sync 2 DAGs
[2026-06-19T07:31:53.230+0200] {logging_mixin.py:188} INFO - [2026-06-19T07:31:53.230+0200] {dag.py:3823} INFO - Setting next_dagrun for example_external_task_marker_child to None, run_after=None
[2026-06-19T07:31:53.231+0200] {logging_mixin.py:188} INFO - [2026-06-19T07:31:53.231+0200] {dag.py:3823} INFO - Setting next_dagrun for example_external_task_marker_parent to None, run_after=None
[2026-06-19T07:31:53.239+0200] {processor.py:183} INFO - Processing /Users/eldorado/Documents/swiss-job-intelligence/venv/lib/python3.11/site-packages/airflow/example_dags/example_external_task_marker_dag.py took 0.087 seconds
