[2026-06-19T07:22:11.554+0200] {processor.py:161} INFO - Started process (PID=93208) to work on /Users/eldorado/Documents/swiss-job-intelligence/venv/lib/python3.11/site-packages/airflow/example_dags/example_setup_teardown_taskflow.py
[2026-06-19T07:22:11.555+0200] {processor.py:830} INFO - Processing file /Users/eldorado/Documents/swiss-job-intelligence/venv/lib/python3.11/site-packages/airflow/example_dags/example_setup_teardown_taskflow.py for tasks to queue
[2026-06-19T07:22:11.555+0200] {logging_mixin.py:188} INFO - [2026-06-19T07:22:11.555+0200] {dagbag.py:538} INFO - Filling up the DagBag from /Users/eldorado/Documents/swiss-job-intelligence/venv/lib/python3.11/site-packages/airflow/example_dags/example_setup_teardown_taskflow.py
[2026-06-19T07:22:11.571+0200] {processor.py:840} INFO - DAG(s) 'example_setup_teardown_taskflow' retrieved from /Users/eldorado/Documents/swiss-job-intelligence/venv/lib/python3.11/site-packages/airflow/example_dags/example_setup_teardown_taskflow.py
[2026-06-19T07:22:11.636+0200] {logging_mixin.py:188} INFO - [2026-06-19T07:22:11.636+0200] {dag.py:3036} INFO - Sync 1 DAGs
[2026-06-19T07:22:11.642+0200] {logging_mixin.py:188} INFO - [2026-06-19T07:22:11.642+0200] {dag.py:3823} INFO - Setting next_dagrun for example_setup_teardown_taskflow to 2026-06-18 00:00:00+00:00, run_after=2026-06-19 00:00:00+00:00
[2026-06-19T07:22:11.648+0200] {processor.py:183} INFO - Processing /Users/eldorado/Documents/swiss-job-intelligence/venv/lib/python3.11/site-packages/airflow/example_dags/example_setup_teardown_taskflow.py took 0.094 seconds
[2026-06-19T07:23:42.707+0200] {processor.py:161} INFO - Started process (PID=93333) to work on /Users/eldorado/Documents/swiss-job-intelligence/venv/lib/python3.11/site-packages/airflow/example_dags/example_setup_teardown_taskflow.py
[2026-06-19T07:23:42.708+0200] {processor.py:830} INFO - Processing file /Users/eldorado/Documents/swiss-job-intelligence/venv/lib/python3.11/site-packages/airflow/example_dags/example_setup_teardown_taskflow.py for tasks to queue
[2026-06-19T07:23:42.709+0200] {logging_mixin.py:188} INFO - [2026-06-19T07:23:42.708+0200] {dagbag.py:538} INFO - Filling up the DagBag from /Users/eldorado/Documents/swiss-job-intelligence/venv/lib/python3.11/site-packages/airflow/example_dags/example_setup_teardown_taskflow.py
[2026-06-19T07:23:42.723+0200] {processor.py:840} INFO - DAG(s) 'example_setup_teardown_taskflow' retrieved from /Users/eldorado/Documents/swiss-job-intelligence/venv/lib/python3.11/site-packages/airflow/example_dags/example_setup_teardown_taskflow.py
[2026-06-19T07:23:42.784+0200] {logging_mixin.py:188} INFO - [2026-06-19T07:23:42.784+0200] {dag.py:3036} INFO - Sync 1 DAGs
[2026-06-19T07:23:42.790+0200] {logging_mixin.py:188} INFO - [2026-06-19T07:23:42.790+0200] {dag.py:3823} INFO - Setting next_dagrun for example_setup_teardown_taskflow to 2026-06-18 00:00:00+00:00, run_after=2026-06-19 00:00:00+00:00
[2026-06-19T07:23:42.798+0200] {processor.py:183} INFO - Processing /Users/eldorado/Documents/swiss-job-intelligence/venv/lib/python3.11/site-packages/airflow/example_dags/example_setup_teardown_taskflow.py took 0.092 seconds
[2026-06-19T07:25:48.809+0200] {processor.py:161} INFO - Started process (PID=93511) to work on /Users/eldorado/Documents/swiss-job-intelligence/venv/lib/python3.11/site-packages/airflow/example_dags/example_setup_teardown_taskflow.py
[2026-06-19T07:25:48.811+0200] {processor.py:830} INFO - Processing file /Users/eldorado/Documents/swiss-job-intelligence/venv/lib/python3.11/site-packages/airflow/example_dags/example_setup_teardown_taskflow.py for tasks to queue
[2026-06-19T07:25:48.811+0200] {logging_mixin.py:188} INFO - [2026-06-19T07:25:48.811+0200] {dagbag.py:538} INFO - Filling up the DagBag from /Users/eldorado/Documents/swiss-job-intelligence/venv/lib/python3.11/site-packages/airflow/example_dags/example_setup_teardown_taskflow.py
[2026-06-19T07:25:48.829+0200] {processor.py:840} INFO - DAG(s) 'example_setup_teardown_taskflow' retrieved from /Users/eldorado/Documents/swiss-job-intelligence/venv/lib/python3.11/site-packages/airflow/example_dags/example_setup_teardown_taskflow.py
[2026-06-19T07:25:48.900+0200] {logging_mixin.py:188} INFO - [2026-06-19T07:25:48.899+0200] {dag.py:3036} INFO - Sync 1 DAGs
[2026-06-19T07:25:48.905+0200] {logging_mixin.py:188} INFO - [2026-06-19T07:25:48.905+0200] {dag.py:3823} INFO - Setting next_dagrun for example_setup_teardown_taskflow to 2026-06-18 00:00:00+00:00, run_after=2026-06-19 00:00:00+00:00
[2026-06-19T07:25:48.913+0200] {processor.py:183} INFO - Processing /Users/eldorado/Documents/swiss-job-intelligence/venv/lib/python3.11/site-packages/airflow/example_dags/example_setup_teardown_taskflow.py took 0.104 seconds
[2026-06-19T07:28:09.127+0200] {processor.py:161} INFO - Started process (PID=93840) to work on /Users/eldorado/Documents/swiss-job-intelligence/venv/lib/python3.11/site-packages/airflow/example_dags/example_setup_teardown_taskflow.py
[2026-06-19T07:28:09.127+0200] {processor.py:830} INFO - Processing file /Users/eldorado/Documents/swiss-job-intelligence/venv/lib/python3.11/site-packages/airflow/example_dags/example_setup_teardown_taskflow.py for tasks to queue
[2026-06-19T07:28:09.128+0200] {logging_mixin.py:188} INFO - [2026-06-19T07:28:09.128+0200] {dagbag.py:538} INFO - Filling up the DagBag from /Users/eldorado/Documents/swiss-job-intelligence/venv/lib/python3.11/site-packages/airflow/example_dags/example_setup_teardown_taskflow.py
[2026-06-19T07:28:09.143+0200] {processor.py:840} INFO - DAG(s) 'example_setup_teardown_taskflow' retrieved from /Users/eldorado/Documents/swiss-job-intelligence/venv/lib/python3.11/site-packages/airflow/example_dags/example_setup_teardown_taskflow.py
[2026-06-19T07:28:09.203+0200] {logging_mixin.py:188} INFO - [2026-06-19T07:28:09.203+0200] {dag.py:3036} INFO - Sync 1 DAGs
[2026-06-19T07:28:09.208+0200] {logging_mixin.py:188} INFO - [2026-06-19T07:28:09.208+0200] {dag.py:3823} INFO - Setting next_dagrun for example_setup_teardown_taskflow to 2026-06-18 00:00:00+00:00, run_after=2026-06-19 00:00:00+00:00
[2026-06-19T07:28:09.215+0200] {processor.py:183} INFO - Processing /Users/eldorado/Documents/swiss-job-intelligence/venv/lib/python3.11/site-packages/airflow/example_dags/example_setup_teardown_taskflow.py took 0.089 seconds
[2026-06-19T07:31:25.923+0200] {processor.py:161} INFO - Started process (PID=95099) to work on /Users/eldorado/Documents/swiss-job-intelligence/venv/lib/python3.11/site-packages/airflow/example_dags/example_setup_teardown_taskflow.py
[2026-06-19T07:31:25.924+0200] {processor.py:830} INFO - Processing file /Users/eldorado/Documents/swiss-job-intelligence/venv/lib/python3.11/site-packages/airflow/example_dags/example_setup_teardown_taskflow.py for tasks to queue
[2026-06-19T07:31:25.924+0200] {logging_mixin.py:188} INFO - [2026-06-19T07:31:25.924+0200] {dagbag.py:538} INFO - Filling up the DagBag from /Users/eldorado/Documents/swiss-job-intelligence/venv/lib/python3.11/site-packages/airflow/example_dags/example_setup_teardown_taskflow.py
[2026-06-19T07:31:25.939+0200] {processor.py:840} INFO - DAG(s) 'example_setup_teardown_taskflow' retrieved from /Users/eldorado/Documents/swiss-job-intelligence/venv/lib/python3.11/site-packages/airflow/example_dags/example_setup_teardown_taskflow.py
[2026-06-19T07:31:25.998+0200] {logging_mixin.py:188} INFO - [2026-06-19T07:31:25.998+0200] {dag.py:3036} INFO - Sync 1 DAGs
[2026-06-19T07:31:26.003+0200] {logging_mixin.py:188} INFO - [2026-06-19T07:31:26.003+0200] {dag.py:3823} INFO - Setting next_dagrun for example_setup_teardown_taskflow to 2026-06-18 00:00:00+00:00, run_after=2026-06-19 00:00:00+00:00
[2026-06-19T07:31:26.011+0200] {processor.py:183} INFO - Processing /Users/eldorado/Documents/swiss-job-intelligence/venv/lib/python3.11/site-packages/airflow/example_dags/example_setup_teardown_taskflow.py took 0.088 seconds
[2026-06-19T07:32:49.490+0200] {processor.py:161} INFO - Started process (PID=95432) to work on /Users/eldorado/Documents/swiss-job-intelligence/venv/lib/python3.11/site-packages/airflow/example_dags/example_setup_teardown_taskflow.py
[2026-06-19T07:32:49.491+0200] {processor.py:830} INFO - Processing file /Users/eldorado/Documents/swiss-job-intelligence/venv/lib/python3.11/site-packages/airflow/example_dags/example_setup_teardown_taskflow.py for tasks to queue
[2026-06-19T07:32:49.492+0200] {logging_mixin.py:188} INFO - [2026-06-19T07:32:49.491+0200] {dagbag.py:538} INFO - Filling up the DagBag from /Users/eldorado/Documents/swiss-job-intelligence/venv/lib/python3.11/site-packages/airflow/example_dags/example_setup_teardown_taskflow.py
[2026-06-19T07:32:49.512+0200] {processor.py:840} INFO - DAG(s) 'example_setup_teardown_taskflow' retrieved from /Users/eldorado/Documents/swiss-job-intelligence/venv/lib/python3.11/site-packages/airflow/example_dags/example_setup_teardown_taskflow.py
[2026-06-19T07:32:49.617+0200] {logging_mixin.py:188} INFO - [2026-06-19T07:32:49.617+0200] {dag.py:3036} INFO - Sync 1 DAGs
[2026-06-19T07:32:49.625+0200] {logging_mixin.py:188} INFO - [2026-06-19T07:32:49.625+0200] {dag.py:3823} INFO - Setting next_dagrun for example_setup_teardown_taskflow to 2026-06-18 00:00:00+00:00, run_after=2026-06-19 00:00:00+00:00
[2026-06-19T07:32:49.634+0200] {processor.py:183} INFO - Processing /Users/eldorado/Documents/swiss-job-intelligence/venv/lib/python3.11/site-packages/airflow/example_dags/example_setup_teardown_taskflow.py took 0.144 seconds
[2026-06-19T07:35:23.142+0200] {processor.py:161} INFO - Started process (PID=98316) to work on /Users/eldorado/Documents/swiss-job-intelligence/venv/lib/python3.11/site-packages/airflow/example_dags/example_setup_teardown_taskflow.py
[2026-06-19T07:35:23.143+0200] {processor.py:830} INFO - Processing file /Users/eldorado/Documents/swiss-job-intelligence/venv/lib/python3.11/site-packages/airflow/example_dags/example_setup_teardown_taskflow.py for tasks to queue
[2026-06-19T07:35:23.143+0200] {logging_mixin.py:188} INFO - [2026-06-19T07:35:23.143+0200] {dagbag.py:538} INFO - Filling up the DagBag from /Users/eldorado/Documents/swiss-job-intelligence/venv/lib/python3.11/site-packages/airflow/example_dags/example_setup_teardown_taskflow.py
[2026-06-19T07:35:23.160+0200] {processor.py:840} INFO - DAG(s) 'example_setup_teardown_taskflow' retrieved from /Users/eldorado/Documents/swiss-job-intelligence/venv/lib/python3.11/site-packages/airflow/example_dags/example_setup_teardown_taskflow.py
[2026-06-19T07:35:23.232+0200] {logging_mixin.py:188} INFO - [2026-06-19T07:35:23.231+0200] {dag.py:3036} INFO - Sync 1 DAGs
[2026-06-19T07:35:23.238+0200] {logging_mixin.py:188} INFO - [2026-06-19T07:35:23.238+0200] {dag.py:3823} INFO - Setting next_dagrun for example_setup_teardown_taskflow to 2026-06-18 00:00:00+00:00, run_after=2026-06-19 00:00:00+00:00
[2026-06-19T07:35:23.246+0200] {processor.py:183} INFO - Processing /Users/eldorado/Documents/swiss-job-intelligence/venv/lib/python3.11/site-packages/airflow/example_dags/example_setup_teardown_taskflow.py took 0.105 seconds
