[2026-06-19T07:22:36.039+0200] {processor.py:161} INFO - Started process (PID=93254) to work on /Users/eldorado/Documents/swiss-job-intelligence/venv/lib/python3.11/site-packages/airflow/example_dags/example_kubernetes_executor.py
[2026-06-19T07:22:36.040+0200] {processor.py:830} INFO - Processing file /Users/eldorado/Documents/swiss-job-intelligence/venv/lib/python3.11/site-packages/airflow/example_dags/example_kubernetes_executor.py for tasks to queue
[2026-06-19T07:22:36.040+0200] {logging_mixin.py:188} INFO - [2026-06-19T07:22:36.040+0200] {dagbag.py:538} INFO - Filling up the DagBag from /Users/eldorado/Documents/swiss-job-intelligence/venv/lib/python3.11/site-packages/airflow/example_dags/example_kubernetes_executor.py
[2026-06-19T07:22:36.057+0200] {logging_mixin.py:188} INFO - [2026-06-19T07:22:36.057+0200] {example_kubernetes_executor.py:38} WARNING - The example_kubernetes_executor example DAG requires the kubernetes provider. Please install it with: pip install apache-airflow[cncf.kubernetes]
[2026-06-19T07:22:36.057+0200] {processor.py:842} WARNING - No viable dags retrieved from /Users/eldorado/Documents/swiss-job-intelligence/venv/lib/python3.11/site-packages/airflow/example_dags/example_kubernetes_executor.py
[2026-06-19T07:22:36.113+0200] {processor.py:183} INFO - Processing /Users/eldorado/Documents/swiss-job-intelligence/venv/lib/python3.11/site-packages/airflow/example_dags/example_kubernetes_executor.py took 0.075 seconds
[2026-06-19T07:24:39.975+0200] {processor.py:161} INFO - Started process (PID=93406) to work on /Users/eldorado/Documents/swiss-job-intelligence/venv/lib/python3.11/site-packages/airflow/example_dags/example_kubernetes_executor.py
[2026-06-19T07:24:39.978+0200] {processor.py:830} INFO - Processing file /Users/eldorado/Documents/swiss-job-intelligence/venv/lib/python3.11/site-packages/airflow/example_dags/example_kubernetes_executor.py for tasks to queue
[2026-06-19T07:24:39.979+0200] {logging_mixin.py:188} INFO - [2026-06-19T07:24:39.979+0200] {dagbag.py:538} INFO - Filling up the DagBag from /Users/eldorado/Documents/swiss-job-intelligence/venv/lib/python3.11/site-packages/airflow/example_dags/example_kubernetes_executor.py
[2026-06-19T07:24:39.994+0200] {logging_mixin.py:188} INFO - [2026-06-19T07:24:39.993+0200] {example_kubernetes_executor.py:38} WARNING - The example_kubernetes_executor example DAG requires the kubernetes provider. Please install it with: pip install apache-airflow[cncf.kubernetes]
[2026-06-19T07:24:39.994+0200] {processor.py:842} WARNING - No viable dags retrieved from /Users/eldorado/Documents/swiss-job-intelligence/venv/lib/python3.11/site-packages/airflow/example_dags/example_kubernetes_executor.py
[2026-06-19T07:24:40.052+0200] {processor.py:183} INFO - Processing /Users/eldorado/Documents/swiss-job-intelligence/venv/lib/python3.11/site-packages/airflow/example_dags/example_kubernetes_executor.py took 0.078 seconds
[2026-06-19T07:27:02.246+0200] {processor.py:161} INFO - Started process (PID=93756) to work on /Users/eldorado/Documents/swiss-job-intelligence/venv/lib/python3.11/site-packages/airflow/example_dags/example_kubernetes_executor.py
[2026-06-19T07:27:02.248+0200] {processor.py:830} INFO - Processing file /Users/eldorado/Documents/swiss-job-intelligence/venv/lib/python3.11/site-packages/airflow/example_dags/example_kubernetes_executor.py for tasks to queue
[2026-06-19T07:27:02.248+0200] {logging_mixin.py:188} INFO - [2026-06-19T07:27:02.248+0200] {dagbag.py:538} INFO - Filling up the DagBag from /Users/eldorado/Documents/swiss-job-intelligence/venv/lib/python3.11/site-packages/airflow/example_dags/example_kubernetes_executor.py
[2026-06-19T07:27:02.262+0200] {logging_mixin.py:188} INFO - [2026-06-19T07:27:02.261+0200] {example_kubernetes_executor.py:38} WARNING - The example_kubernetes_executor example DAG requires the kubernetes provider. Please install it with: pip install apache-airflow[cncf.kubernetes]
[2026-06-19T07:27:02.262+0200] {processor.py:842} WARNING - No viable dags retrieved from /Users/eldorado/Documents/swiss-job-intelligence/venv/lib/python3.11/site-packages/airflow/example_dags/example_kubernetes_executor.py
[2026-06-19T07:27:02.316+0200] {processor.py:183} INFO - Processing /Users/eldorado/Documents/swiss-job-intelligence/venv/lib/python3.11/site-packages/airflow/example_dags/example_kubernetes_executor.py took 0.070 seconds
[2026-06-19T07:31:51.032+0200] {processor.py:161} INFO - Started process (PID=95135) to work on /Users/eldorado/Documents/swiss-job-intelligence/venv/lib/python3.11/site-packages/airflow/example_dags/example_kubernetes_executor.py
[2026-06-19T07:31:51.034+0200] {processor.py:830} INFO - Processing file /Users/eldorado/Documents/swiss-job-intelligence/venv/lib/python3.11/site-packages/airflow/example_dags/example_kubernetes_executor.py for tasks to queue
[2026-06-19T07:31:51.034+0200] {logging_mixin.py:188} INFO - [2026-06-19T07:31:51.034+0200] {dagbag.py:538} INFO - Filling up the DagBag from /Users/eldorado/Documents/swiss-job-intelligence/venv/lib/python3.11/site-packages/airflow/example_dags/example_kubernetes_executor.py
[2026-06-19T07:31:51.051+0200] {logging_mixin.py:188} INFO - [2026-06-19T07:31:51.051+0200] {example_kubernetes_executor.py:38} WARNING - The example_kubernetes_executor example DAG requires the kubernetes provider. Please install it with: pip install apache-airflow[cncf.kubernetes]
[2026-06-19T07:31:51.051+0200] {processor.py:842} WARNING - No viable dags retrieved from /Users/eldorado/Documents/swiss-job-intelligence/venv/lib/python3.11/site-packages/airflow/example_dags/example_kubernetes_executor.py
[2026-06-19T07:31:51.119+0200] {processor.py:183} INFO - Processing /Users/eldorado/Documents/swiss-job-intelligence/venv/lib/python3.11/site-packages/airflow/example_dags/example_kubernetes_executor.py took 0.087 seconds
