[2026-06-19T07:22:10.267+0200] {processor.py:161} INFO - Started process (PID=93206) to work on /Users/eldorado/Documents/swiss-job-intelligence/venv/lib/python3.11/site-packages/airflow/example_dags/example_short_circuit_decorator.py
[2026-06-19T07:22:10.267+0200] {processor.py:830} INFO - Processing file /Users/eldorado/Documents/swiss-job-intelligence/venv/lib/python3.11/site-packages/airflow/example_dags/example_short_circuit_decorator.py for tasks to queue
[2026-06-19T07:22:10.267+0200] {logging_mixin.py:188} INFO - [2026-06-19T07:22:10.267+0200] {dagbag.py:538} INFO - Filling up the DagBag from /Users/eldorado/Documents/swiss-job-intelligence/venv/lib/python3.11/site-packages/airflow/example_dags/example_short_circuit_decorator.py
[2026-06-19T07:22:10.282+0200] {processor.py:840} INFO - DAG(s) 'example_short_circuit_decorator' retrieved from /Users/eldorado/Documents/swiss-job-intelligence/venv/lib/python3.11/site-packages/airflow/example_dags/example_short_circuit_decorator.py
[2026-06-19T07:22:10.342+0200] {logging_mixin.py:188} INFO - [2026-06-19T07:22:10.342+0200] {dag.py:3036} INFO - Sync 1 DAGs
[2026-06-19T07:22:10.348+0200] {logging_mixin.py:188} INFO - [2026-06-19T07:22:10.348+0200] {dag.py:3823} INFO - Setting next_dagrun for example_short_circuit_decorator to 2026-06-18 00:00:00+00:00, run_after=2026-06-19 00:00:00+00:00
[2026-06-19T07:22:10.354+0200] {processor.py:183} INFO - Processing /Users/eldorado/Documents/swiss-job-intelligence/venv/lib/python3.11/site-packages/airflow/example_dags/example_short_circuit_decorator.py took 0.088 seconds
[2026-06-19T07:23:40.663+0200] {processor.py:161} INFO - Started process (PID=93331) to work on /Users/eldorado/Documents/swiss-job-intelligence/venv/lib/python3.11/site-packages/airflow/example_dags/example_short_circuit_decorator.py
[2026-06-19T07:23:40.664+0200] {processor.py:830} INFO - Processing file /Users/eldorado/Documents/swiss-job-intelligence/venv/lib/python3.11/site-packages/airflow/example_dags/example_short_circuit_decorator.py for tasks to queue
[2026-06-19T07:23:40.665+0200] {logging_mixin.py:188} INFO - [2026-06-19T07:23:40.664+0200] {dagbag.py:538} INFO - Filling up the DagBag from /Users/eldorado/Documents/swiss-job-intelligence/venv/lib/python3.11/site-packages/airflow/example_dags/example_short_circuit_decorator.py
[2026-06-19T07:23:40.683+0200] {processor.py:840} INFO - DAG(s) 'example_short_circuit_decorator' retrieved from /Users/eldorado/Documents/swiss-job-intelligence/venv/lib/python3.11/site-packages/airflow/example_dags/example_short_circuit_decorator.py
[2026-06-19T07:23:40.765+0200] {logging_mixin.py:188} INFO - [2026-06-19T07:23:40.765+0200] {dag.py:3036} INFO - Sync 1 DAGs
[2026-06-19T07:23:40.772+0200] {logging_mixin.py:188} INFO - [2026-06-19T07:23:40.772+0200] {dag.py:3823} INFO - Setting next_dagrun for example_short_circuit_decorator to 2026-06-18 00:00:00+00:00, run_after=2026-06-19 00:00:00+00:00
[2026-06-19T07:23:40.781+0200] {processor.py:183} INFO - Processing /Users/eldorado/Documents/swiss-job-intelligence/venv/lib/python3.11/site-packages/airflow/example_dags/example_short_circuit_decorator.py took 0.118 seconds
[2026-06-19T07:25:46.807+0200] {processor.py:161} INFO - Started process (PID=93508) to work on /Users/eldorado/Documents/swiss-job-intelligence/venv/lib/python3.11/site-packages/airflow/example_dags/example_short_circuit_decorator.py
[2026-06-19T07:25:46.808+0200] {processor.py:830} INFO - Processing file /Users/eldorado/Documents/swiss-job-intelligence/venv/lib/python3.11/site-packages/airflow/example_dags/example_short_circuit_decorator.py for tasks to queue
[2026-06-19T07:25:46.808+0200] {logging_mixin.py:188} INFO - [2026-06-19T07:25:46.808+0200] {dagbag.py:538} INFO - Filling up the DagBag from /Users/eldorado/Documents/swiss-job-intelligence/venv/lib/python3.11/site-packages/airflow/example_dags/example_short_circuit_decorator.py
[2026-06-19T07:25:46.823+0200] {processor.py:840} INFO - DAG(s) 'example_short_circuit_decorator' retrieved from /Users/eldorado/Documents/swiss-job-intelligence/venv/lib/python3.11/site-packages/airflow/example_dags/example_short_circuit_decorator.py
[2026-06-19T07:25:46.887+0200] {logging_mixin.py:188} INFO - [2026-06-19T07:25:46.886+0200] {dag.py:3036} INFO - Sync 1 DAGs
[2026-06-19T07:25:46.892+0200] {logging_mixin.py:188} INFO - [2026-06-19T07:25:46.892+0200] {dag.py:3823} INFO - Setting next_dagrun for example_short_circuit_decorator to 2026-06-18 00:00:00+00:00, run_after=2026-06-19 00:00:00+00:00
[2026-06-19T07:25:46.900+0200] {processor.py:183} INFO - Processing /Users/eldorado/Documents/swiss-job-intelligence/venv/lib/python3.11/site-packages/airflow/example_dags/example_short_circuit_decorator.py took 0.093 seconds
[2026-06-19T07:28:07.309+0200] {processor.py:161} INFO - Started process (PID=93831) to work on /Users/eldorado/Documents/swiss-job-intelligence/venv/lib/python3.11/site-packages/airflow/example_dags/example_short_circuit_decorator.py
[2026-06-19T07:28:07.310+0200] {processor.py:830} INFO - Processing file /Users/eldorado/Documents/swiss-job-intelligence/venv/lib/python3.11/site-packages/airflow/example_dags/example_short_circuit_decorator.py for tasks to queue
[2026-06-19T07:28:07.310+0200] {logging_mixin.py:188} INFO - [2026-06-19T07:28:07.310+0200] {dagbag.py:538} INFO - Filling up the DagBag from /Users/eldorado/Documents/swiss-job-intelligence/venv/lib/python3.11/site-packages/airflow/example_dags/example_short_circuit_decorator.py
[2026-06-19T07:28:07.324+0200] {processor.py:840} INFO - DAG(s) 'example_short_circuit_decorator' retrieved from /Users/eldorado/Documents/swiss-job-intelligence/venv/lib/python3.11/site-packages/airflow/example_dags/example_short_circuit_decorator.py
[2026-06-19T07:28:07.388+0200] {logging_mixin.py:188} INFO - [2026-06-19T07:28:07.388+0200] {dag.py:3036} INFO - Sync 1 DAGs
[2026-06-19T07:28:07.394+0200] {logging_mixin.py:188} INFO - [2026-06-19T07:28:07.394+0200] {dag.py:3823} INFO - Setting next_dagrun for example_short_circuit_decorator to 2026-06-18 00:00:00+00:00, run_after=2026-06-19 00:00:00+00:00
[2026-06-19T07:28:07.401+0200] {processor.py:183} INFO - Processing /Users/eldorado/Documents/swiss-job-intelligence/venv/lib/python3.11/site-packages/airflow/example_dags/example_short_circuit_decorator.py took 0.093 seconds
[2026-06-19T07:31:24.006+0200] {processor.py:161} INFO - Started process (PID=95098) to work on /Users/eldorado/Documents/swiss-job-intelligence/venv/lib/python3.11/site-packages/airflow/example_dags/example_short_circuit_decorator.py
[2026-06-19T07:31:24.007+0200] {processor.py:830} INFO - Processing file /Users/eldorado/Documents/swiss-job-intelligence/venv/lib/python3.11/site-packages/airflow/example_dags/example_short_circuit_decorator.py for tasks to queue
[2026-06-19T07:31:24.007+0200] {logging_mixin.py:188} INFO - [2026-06-19T07:31:24.007+0200] {dagbag.py:538} INFO - Filling up the DagBag from /Users/eldorado/Documents/swiss-job-intelligence/venv/lib/python3.11/site-packages/airflow/example_dags/example_short_circuit_decorator.py
[2026-06-19T07:31:24.021+0200] {processor.py:840} INFO - DAG(s) 'example_short_circuit_decorator' retrieved from /Users/eldorado/Documents/swiss-job-intelligence/venv/lib/python3.11/site-packages/airflow/example_dags/example_short_circuit_decorator.py
[2026-06-19T07:31:24.084+0200] {logging_mixin.py:188} INFO - [2026-06-19T07:31:24.083+0200] {dag.py:3036} INFO - Sync 1 DAGs
[2026-06-19T07:31:24.090+0200] {logging_mixin.py:188} INFO - [2026-06-19T07:31:24.090+0200] {dag.py:3823} INFO - Setting next_dagrun for example_short_circuit_decorator to 2026-06-18 00:00:00+00:00, run_after=2026-06-19 00:00:00+00:00
[2026-06-19T07:31:24.098+0200] {processor.py:183} INFO - Processing /Users/eldorado/Documents/swiss-job-intelligence/venv/lib/python3.11/site-packages/airflow/example_dags/example_short_circuit_decorator.py took 0.092 seconds
[2026-06-19T07:32:47.350+0200] {processor.py:161} INFO - Started process (PID=95426) to work on /Users/eldorado/Documents/swiss-job-intelligence/venv/lib/python3.11/site-packages/airflow/example_dags/example_short_circuit_decorator.py
[2026-06-19T07:32:47.351+0200] {processor.py:830} INFO - Processing file /Users/eldorado/Documents/swiss-job-intelligence/venv/lib/python3.11/site-packages/airflow/example_dags/example_short_circuit_decorator.py for tasks to queue
[2026-06-19T07:32:47.351+0200] {logging_mixin.py:188} INFO - [2026-06-19T07:32:47.351+0200] {dagbag.py:538} INFO - Filling up the DagBag from /Users/eldorado/Documents/swiss-job-intelligence/venv/lib/python3.11/site-packages/airflow/example_dags/example_short_circuit_decorator.py
[2026-06-19T07:32:47.366+0200] {processor.py:840} INFO - DAG(s) 'example_short_circuit_decorator' retrieved from /Users/eldorado/Documents/swiss-job-intelligence/venv/lib/python3.11/site-packages/airflow/example_dags/example_short_circuit_decorator.py
[2026-06-19T07:32:47.461+0200] {logging_mixin.py:188} INFO - [2026-06-19T07:32:47.461+0200] {dag.py:3036} INFO - Sync 1 DAGs
[2026-06-19T07:32:47.468+0200] {logging_mixin.py:188} INFO - [2026-06-19T07:32:47.468+0200] {dag.py:3823} INFO - Setting next_dagrun for example_short_circuit_decorator to 2026-06-18 00:00:00+00:00, run_after=2026-06-19 00:00:00+00:00
[2026-06-19T07:32:47.477+0200] {processor.py:183} INFO - Processing /Users/eldorado/Documents/swiss-job-intelligence/venv/lib/python3.11/site-packages/airflow/example_dags/example_short_circuit_decorator.py took 0.128 seconds
[2026-06-19T07:35:21.192+0200] {processor.py:161} INFO - Started process (PID=98314) to work on /Users/eldorado/Documents/swiss-job-intelligence/venv/lib/python3.11/site-packages/airflow/example_dags/example_short_circuit_decorator.py
[2026-06-19T07:35:21.193+0200] {processor.py:830} INFO - Processing file /Users/eldorado/Documents/swiss-job-intelligence/venv/lib/python3.11/site-packages/airflow/example_dags/example_short_circuit_decorator.py for tasks to queue
[2026-06-19T07:35:21.193+0200] {logging_mixin.py:188} INFO - [2026-06-19T07:35:21.193+0200] {dagbag.py:538} INFO - Filling up the DagBag from /Users/eldorado/Documents/swiss-job-intelligence/venv/lib/python3.11/site-packages/airflow/example_dags/example_short_circuit_decorator.py
[2026-06-19T07:35:21.208+0200] {processor.py:840} INFO - DAG(s) 'example_short_circuit_decorator' retrieved from /Users/eldorado/Documents/swiss-job-intelligence/venv/lib/python3.11/site-packages/airflow/example_dags/example_short_circuit_decorator.py
[2026-06-19T07:35:21.273+0200] {logging_mixin.py:188} INFO - [2026-06-19T07:35:21.273+0200] {dag.py:3036} INFO - Sync 1 DAGs
[2026-06-19T07:35:21.279+0200] {logging_mixin.py:188} INFO - [2026-06-19T07:35:21.279+0200] {dag.py:3823} INFO - Setting next_dagrun for example_short_circuit_decorator to 2026-06-18 00:00:00+00:00, run_after=2026-06-19 00:00:00+00:00
[2026-06-19T07:35:21.288+0200] {processor.py:183} INFO - Processing /Users/eldorado/Documents/swiss-job-intelligence/venv/lib/python3.11/site-packages/airflow/example_dags/example_short_circuit_decorator.py took 0.097 seconds
