[2026-06-19T07:21:50.354+0200] {processor.py:161} INFO - Started process (PID=93145) to work on /Users/eldorado/Documents/swiss-job-intelligence/venv/lib/python3.11/site-packages/airflow/example_dags/example_xcomargs.py
[2026-06-19T07:21:50.354+0200] {processor.py:830} INFO - Processing file /Users/eldorado/Documents/swiss-job-intelligence/venv/lib/python3.11/site-packages/airflow/example_dags/example_xcomargs.py for tasks to queue
[2026-06-19T07:21:50.355+0200] {logging_mixin.py:188} INFO - [2026-06-19T07:21:50.354+0200] {dagbag.py:538} INFO - Filling up the DagBag from /Users/eldorado/Documents/swiss-job-intelligence/venv/lib/python3.11/site-packages/airflow/example_dags/example_xcomargs.py
[2026-06-19T07:21:50.369+0200] {processor.py:840} INFO - DAG(s) 'example_xcom_args', 'example_xcom_args_with_operators' retrieved from /Users/eldorado/Documents/swiss-job-intelligence/venv/lib/python3.11/site-packages/airflow/example_dags/example_xcomargs.py
[2026-06-19T07:21:50.431+0200] {logging_mixin.py:188} INFO - [2026-06-19T07:21:50.430+0200] {dag.py:3036} INFO - Sync 2 DAGs
[2026-06-19T07:21:50.434+0200] {logging_mixin.py:188} INFO - [2026-06-19T07:21:50.434+0200] {dag.py:3823} INFO - Setting next_dagrun for example_xcom_args to None, run_after=None
[2026-06-19T07:21:50.435+0200] {logging_mixin.py:188} INFO - [2026-06-19T07:21:50.435+0200] {dag.py:3823} INFO - Setting next_dagrun for example_xcom_args_with_operators to None, run_after=None
[2026-06-19T07:21:50.441+0200] {processor.py:183} INFO - Processing /Users/eldorado/Documents/swiss-job-intelligence/venv/lib/python3.11/site-packages/airflow/example_dags/example_xcomargs.py took 0.087 seconds
[2026-06-19T07:23:21.486+0200] {processor.py:161} INFO - Started process (PID=93308) to work on /Users/eldorado/Documents/swiss-job-intelligence/venv/lib/python3.11/site-packages/airflow/example_dags/example_xcomargs.py
[2026-06-19T07:23:21.487+0200] {processor.py:830} INFO - Processing file /Users/eldorado/Documents/swiss-job-intelligence/venv/lib/python3.11/site-packages/airflow/example_dags/example_xcomargs.py for tasks to queue
[2026-06-19T07:23:21.487+0200] {logging_mixin.py:188} INFO - [2026-06-19T07:23:21.487+0200] {dagbag.py:538} INFO - Filling up the DagBag from /Users/eldorado/Documents/swiss-job-intelligence/venv/lib/python3.11/site-packages/airflow/example_dags/example_xcomargs.py
[2026-06-19T07:23:21.503+0200] {processor.py:840} INFO - DAG(s) 'example_xcom_args_with_operators', 'example_xcom_args' retrieved from /Users/eldorado/Documents/swiss-job-intelligence/venv/lib/python3.11/site-packages/airflow/example_dags/example_xcomargs.py
[2026-06-19T07:23:21.564+0200] {logging_mixin.py:188} INFO - [2026-06-19T07:23:21.564+0200] {dag.py:3036} INFO - Sync 2 DAGs
[2026-06-19T07:23:21.567+0200] {logging_mixin.py:188} INFO - [2026-06-19T07:23:21.567+0200] {dag.py:3823} INFO - Setting next_dagrun for example_xcom_args to None, run_after=None
[2026-06-19T07:23:21.568+0200] {logging_mixin.py:188} INFO - [2026-06-19T07:23:21.568+0200] {dag.py:3823} INFO - Setting next_dagrun for example_xcom_args_with_operators to None, run_after=None
[2026-06-19T07:23:21.575+0200] {processor.py:183} INFO - Processing /Users/eldorado/Documents/swiss-job-intelligence/venv/lib/python3.11/site-packages/airflow/example_dags/example_xcomargs.py took 0.090 seconds
[2026-06-19T07:24:23.788+0200] {processor.py:161} INFO - Started process (PID=93374) to work on /Users/eldorado/Documents/swiss-job-intelligence/venv/lib/python3.11/site-packages/airflow/example_dags/example_xcomargs.py
[2026-06-19T07:24:23.790+0200] {processor.py:830} INFO - Processing file /Users/eldorado/Documents/swiss-job-intelligence/venv/lib/python3.11/site-packages/airflow/example_dags/example_xcomargs.py for tasks to queue
[2026-06-19T07:24:23.790+0200] {logging_mixin.py:188} INFO - [2026-06-19T07:24:23.790+0200] {dagbag.py:538} INFO - Filling up the DagBag from /Users/eldorado/Documents/swiss-job-intelligence/venv/lib/python3.11/site-packages/airflow/example_dags/example_xcomargs.py
[2026-06-19T07:24:23.806+0200] {processor.py:840} INFO - DAG(s) 'example_xcom_args', 'example_xcom_args_with_operators' retrieved from /Users/eldorado/Documents/swiss-job-intelligence/venv/lib/python3.11/site-packages/airflow/example_dags/example_xcomargs.py
[2026-06-19T07:24:23.869+0200] {logging_mixin.py:188} INFO - [2026-06-19T07:24:23.869+0200] {dag.py:3036} INFO - Sync 2 DAGs
[2026-06-19T07:24:23.872+0200] {logging_mixin.py:188} INFO - [2026-06-19T07:24:23.872+0200] {dag.py:3823} INFO - Setting next_dagrun for example_xcom_args to None, run_after=None
[2026-06-19T07:24:23.873+0200] {logging_mixin.py:188} INFO - [2026-06-19T07:24:23.873+0200] {dag.py:3823} INFO - Setting next_dagrun for example_xcom_args_with_operators to None, run_after=None
[2026-06-19T07:24:23.880+0200] {processor.py:183} INFO - Processing /Users/eldorado/Documents/swiss-job-intelligence/venv/lib/python3.11/site-packages/airflow/example_dags/example_xcomargs.py took 0.092 seconds
[2026-06-19T07:25:25.917+0200] {processor.py:161} INFO - Started process (PID=93469) to work on /Users/eldorado/Documents/swiss-job-intelligence/venv/lib/python3.11/site-packages/airflow/example_dags/example_xcomargs.py
[2026-06-19T07:25:25.919+0200] {processor.py:830} INFO - Processing file /Users/eldorado/Documents/swiss-job-intelligence/venv/lib/python3.11/site-packages/airflow/example_dags/example_xcomargs.py for tasks to queue
[2026-06-19T07:25:25.919+0200] {logging_mixin.py:188} INFO - [2026-06-19T07:25:25.919+0200] {dagbag.py:538} INFO - Filling up the DagBag from /Users/eldorado/Documents/swiss-job-intelligence/venv/lib/python3.11/site-packages/airflow/example_dags/example_xcomargs.py
[2026-06-19T07:25:25.936+0200] {processor.py:840} INFO - DAG(s) 'example_xcom_args', 'example_xcom_args_with_operators' retrieved from /Users/eldorado/Documents/swiss-job-intelligence/venv/lib/python3.11/site-packages/airflow/example_dags/example_xcomargs.py
[2026-06-19T07:25:25.998+0200] {logging_mixin.py:188} INFO - [2026-06-19T07:25:25.998+0200] {dag.py:3036} INFO - Sync 2 DAGs
[2026-06-19T07:25:26.001+0200] {logging_mixin.py:188} INFO - [2026-06-19T07:25:26.001+0200] {dag.py:3823} INFO - Setting next_dagrun for example_xcom_args to None, run_after=None
[2026-06-19T07:25:26.002+0200] {logging_mixin.py:188} INFO - [2026-06-19T07:25:26.002+0200] {dag.py:3823} INFO - Setting next_dagrun for example_xcom_args_with_operators to None, run_after=None
[2026-06-19T07:25:26.009+0200] {processor.py:183} INFO - Processing /Users/eldorado/Documents/swiss-job-intelligence/venv/lib/python3.11/site-packages/airflow/example_dags/example_xcomargs.py took 0.092 seconds
[2026-06-19T07:26:46.143+0200] {processor.py:161} INFO - Started process (PID=93734) to work on /Users/eldorado/Documents/swiss-job-intelligence/venv/lib/python3.11/site-packages/airflow/example_dags/example_xcomargs.py
[2026-06-19T07:26:46.144+0200] {processor.py:830} INFO - Processing file /Users/eldorado/Documents/swiss-job-intelligence/venv/lib/python3.11/site-packages/airflow/example_dags/example_xcomargs.py for tasks to queue
[2026-06-19T07:26:46.144+0200] {logging_mixin.py:188} INFO - [2026-06-19T07:26:46.144+0200] {dagbag.py:538} INFO - Filling up the DagBag from /Users/eldorado/Documents/swiss-job-intelligence/venv/lib/python3.11/site-packages/airflow/example_dags/example_xcomargs.py
[2026-06-19T07:26:46.159+0200] {processor.py:840} INFO - DAG(s) 'example_xcom_args', 'example_xcom_args_with_operators' retrieved from /Users/eldorado/Documents/swiss-job-intelligence/venv/lib/python3.11/site-packages/airflow/example_dags/example_xcomargs.py
[2026-06-19T07:26:46.220+0200] {logging_mixin.py:188} INFO - [2026-06-19T07:26:46.220+0200] {dag.py:3036} INFO - Sync 2 DAGs
[2026-06-19T07:26:46.223+0200] {logging_mixin.py:188} INFO - [2026-06-19T07:26:46.223+0200] {dag.py:3823} INFO - Setting next_dagrun for example_xcom_args to None, run_after=None
[2026-06-19T07:26:46.224+0200] {logging_mixin.py:188} INFO - [2026-06-19T07:26:46.224+0200] {dag.py:3823} INFO - Setting next_dagrun for example_xcom_args_with_operators to None, run_after=None
[2026-06-19T07:26:46.232+0200] {processor.py:183} INFO - Processing /Users/eldorado/Documents/swiss-job-intelligence/venv/lib/python3.11/site-packages/airflow/example_dags/example_xcomargs.py took 0.090 seconds
[2026-06-19T07:27:47.435+0200] {processor.py:161} INFO - Started process (PID=93811) to work on /Users/eldorado/Documents/swiss-job-intelligence/venv/lib/python3.11/site-packages/airflow/example_dags/example_xcomargs.py
[2026-06-19T07:27:47.436+0200] {processor.py:830} INFO - Processing file /Users/eldorado/Documents/swiss-job-intelligence/venv/lib/python3.11/site-packages/airflow/example_dags/example_xcomargs.py for tasks to queue
[2026-06-19T07:27:47.436+0200] {logging_mixin.py:188} INFO - [2026-06-19T07:27:47.436+0200] {dagbag.py:538} INFO - Filling up the DagBag from /Users/eldorado/Documents/swiss-job-intelligence/venv/lib/python3.11/site-packages/airflow/example_dags/example_xcomargs.py
[2026-06-19T07:27:47.452+0200] {processor.py:840} INFO - DAG(s) 'example_xcom_args', 'example_xcom_args_with_operators' retrieved from /Users/eldorado/Documents/swiss-job-intelligence/venv/lib/python3.11/site-packages/airflow/example_dags/example_xcomargs.py
[2026-06-19T07:27:47.518+0200] {logging_mixin.py:188} INFO - [2026-06-19T07:27:47.518+0200] {dag.py:3036} INFO - Sync 2 DAGs
[2026-06-19T07:27:47.522+0200] {logging_mixin.py:188} INFO - [2026-06-19T07:27:47.522+0200] {dag.py:3823} INFO - Setting next_dagrun for example_xcom_args to None, run_after=None
[2026-06-19T07:27:47.524+0200] {logging_mixin.py:188} INFO - [2026-06-19T07:27:47.524+0200] {dag.py:3823} INFO - Setting next_dagrun for example_xcom_args_with_operators to None, run_after=None
[2026-06-19T07:27:47.531+0200] {processor.py:183} INFO - Processing /Users/eldorado/Documents/swiss-job-intelligence/venv/lib/python3.11/site-packages/airflow/example_dags/example_xcomargs.py took 0.096 seconds
[2026-06-19T07:31:04.610+0200] {processor.py:161} INFO - Started process (PID=95070) to work on /Users/eldorado/Documents/swiss-job-intelligence/venv/lib/python3.11/site-packages/airflow/example_dags/example_xcomargs.py
[2026-06-19T07:31:04.610+0200] {processor.py:830} INFO - Processing file /Users/eldorado/Documents/swiss-job-intelligence/venv/lib/python3.11/site-packages/airflow/example_dags/example_xcomargs.py for tasks to queue
[2026-06-19T07:31:04.611+0200] {logging_mixin.py:188} INFO - [2026-06-19T07:31:04.611+0200] {dagbag.py:538} INFO - Filling up the DagBag from /Users/eldorado/Documents/swiss-job-intelligence/venv/lib/python3.11/site-packages/airflow/example_dags/example_xcomargs.py
[2026-06-19T07:31:04.626+0200] {processor.py:840} INFO - DAG(s) 'example_xcom_args_with_operators', 'example_xcom_args' retrieved from /Users/eldorado/Documents/swiss-job-intelligence/venv/lib/python3.11/site-packages/airflow/example_dags/example_xcomargs.py
[2026-06-19T07:31:04.695+0200] {logging_mixin.py:188} INFO - [2026-06-19T07:31:04.695+0200] {dag.py:3036} INFO - Sync 2 DAGs
[2026-06-19T07:31:04.700+0200] {logging_mixin.py:188} INFO - [2026-06-19T07:31:04.700+0200] {dag.py:3823} INFO - Setting next_dagrun for example_xcom_args to None, run_after=None
[2026-06-19T07:31:04.701+0200] {logging_mixin.py:188} INFO - [2026-06-19T07:31:04.701+0200] {dag.py:3823} INFO - Setting next_dagrun for example_xcom_args_with_operators to None, run_after=None
[2026-06-19T07:31:04.709+0200] {processor.py:183} INFO - Processing /Users/eldorado/Documents/swiss-job-intelligence/venv/lib/python3.11/site-packages/airflow/example_dags/example_xcomargs.py took 0.100 seconds
[2026-06-19T07:32:26.704+0200] {processor.py:161} INFO - Started process (PID=95402) to work on /Users/eldorado/Documents/swiss-job-intelligence/venv/lib/python3.11/site-packages/airflow/example_dags/example_xcomargs.py
[2026-06-19T07:32:26.705+0200] {processor.py:830} INFO - Processing file /Users/eldorado/Documents/swiss-job-intelligence/venv/lib/python3.11/site-packages/airflow/example_dags/example_xcomargs.py for tasks to queue
[2026-06-19T07:32:26.705+0200] {logging_mixin.py:188} INFO - [2026-06-19T07:32:26.705+0200] {dagbag.py:538} INFO - Filling up the DagBag from /Users/eldorado/Documents/swiss-job-intelligence/venv/lib/python3.11/site-packages/airflow/example_dags/example_xcomargs.py
[2026-06-19T07:32:26.721+0200] {processor.py:840} INFO - DAG(s) 'example_xcom_args_with_operators', 'example_xcom_args' retrieved from /Users/eldorado/Documents/swiss-job-intelligence/venv/lib/python3.11/site-packages/airflow/example_dags/example_xcomargs.py
[2026-06-19T07:32:26.725+0200] {logging_mixin.py:188} INFO - [2026-06-19T07:32:26.725+0200] {dag.py:3036} INFO - Sync 2 DAGs
[2026-06-19T07:32:26.782+0200] {logging_mixin.py:188} INFO - [2026-06-19T07:32:26.782+0200] {dag.py:3823} INFO - Setting next_dagrun for example_xcom_args to None, run_after=None
[2026-06-19T07:32:26.784+0200] {logging_mixin.py:188} INFO - [2026-06-19T07:32:26.784+0200] {dag.py:3823} INFO - Setting next_dagrun for example_xcom_args_with_operators to None, run_after=None
[2026-06-19T07:32:26.791+0200] {processor.py:183} INFO - Processing /Users/eldorado/Documents/swiss-job-intelligence/venv/lib/python3.11/site-packages/airflow/example_dags/example_xcomargs.py took 0.087 seconds
[2026-06-19T07:35:01.386+0200] {processor.py:161} INFO - Started process (PID=98206) to work on /Users/eldorado/Documents/swiss-job-intelligence/venv/lib/python3.11/site-packages/airflow/example_dags/example_xcomargs.py
[2026-06-19T07:35:01.387+0200] {processor.py:830} INFO - Processing file /Users/eldorado/Documents/swiss-job-intelligence/venv/lib/python3.11/site-packages/airflow/example_dags/example_xcomargs.py for tasks to queue
[2026-06-19T07:35:01.387+0200] {logging_mixin.py:188} INFO - [2026-06-19T07:35:01.387+0200] {dagbag.py:538} INFO - Filling up the DagBag from /Users/eldorado/Documents/swiss-job-intelligence/venv/lib/python3.11/site-packages/airflow/example_dags/example_xcomargs.py
[2026-06-19T07:35:01.402+0200] {processor.py:840} INFO - DAG(s) 'example_xcom_args_with_operators', 'example_xcom_args' retrieved from /Users/eldorado/Documents/swiss-job-intelligence/venv/lib/python3.11/site-packages/airflow/example_dags/example_xcomargs.py
[2026-06-19T07:35:01.498+0200] {logging_mixin.py:188} INFO - [2026-06-19T07:35:01.498+0200] {dag.py:3036} INFO - Sync 2 DAGs
[2026-06-19T07:35:01.503+0200] {logging_mixin.py:188} INFO - [2026-06-19T07:35:01.502+0200] {dag.py:3823} INFO - Setting next_dagrun for example_xcom_args to None, run_after=None
[2026-06-19T07:35:01.504+0200] {logging_mixin.py:188} INFO - [2026-06-19T07:35:01.504+0200] {dag.py:3823} INFO - Setting next_dagrun for example_xcom_args_with_operators to None, run_after=None
[2026-06-19T07:35:01.511+0200] {processor.py:183} INFO - Processing /Users/eldorado/Documents/swiss-job-intelligence/venv/lib/python3.11/site-packages/airflow/example_dags/example_xcomargs.py took 0.126 seconds
