[2026-06-19T07:22:56.281+0200] {processor.py:161} INFO - Started process (PID=93276) to work on /Users/eldorado/Documents/swiss-job-intelligence/venv/lib/python3.11/site-packages/airflow/example_dags/example_branch_day_of_week_operator.py
[2026-06-19T07:22:56.282+0200] {processor.py:830} INFO - Processing file /Users/eldorado/Documents/swiss-job-intelligence/venv/lib/python3.11/site-packages/airflow/example_dags/example_branch_day_of_week_operator.py for tasks to queue
[2026-06-19T07:22:56.282+0200] {logging_mixin.py:188} INFO - [2026-06-19T07:22:56.282+0200] {dagbag.py:538} INFO - Filling up the DagBag from /Users/eldorado/Documents/swiss-job-intelligence/venv/lib/python3.11/site-packages/airflow/example_dags/example_branch_day_of_week_operator.py
[2026-06-19T07:22:56.288+0200] {processor.py:840} INFO - DAG(s) 'example_weekday_branch_operator' retrieved from /Users/eldorado/Documents/swiss-job-intelligence/venv/lib/python3.11/site-packages/airflow/example_dags/example_branch_day_of_week_operator.py
[2026-06-19T07:22:56.391+0200] {logging_mixin.py:188} INFO - [2026-06-19T07:22:56.391+0200] {dag.py:3036} INFO - Sync 1 DAGs
[2026-06-19T07:22:56.399+0200] {logging_mixin.py:188} INFO - [2026-06-19T07:22:56.399+0200] {dag.py:3823} INFO - Setting next_dagrun for example_weekday_branch_operator to 2026-06-18 00:00:00+00:00, run_after=2026-06-19 00:00:00+00:00
[2026-06-19T07:22:56.410+0200] {processor.py:183} INFO - Processing /Users/eldorado/Documents/swiss-job-intelligence/venv/lib/python3.11/site-packages/airflow/example_dags/example_branch_day_of_week_operator.py took 0.129 seconds
[2026-06-19T07:25:01.080+0200] {processor.py:161} INFO - Started process (PID=93438) to work on /Users/eldorado/Documents/swiss-job-intelligence/venv/lib/python3.11/site-packages/airflow/example_dags/example_branch_day_of_week_operator.py
[2026-06-19T07:25:01.084+0200] {processor.py:830} INFO - Processing file /Users/eldorado/Documents/swiss-job-intelligence/venv/lib/python3.11/site-packages/airflow/example_dags/example_branch_day_of_week_operator.py for tasks to queue
[2026-06-19T07:25:01.084+0200] {logging_mixin.py:188} INFO - [2026-06-19T07:25:01.084+0200] {dagbag.py:538} INFO - Filling up the DagBag from /Users/eldorado/Documents/swiss-job-intelligence/venv/lib/python3.11/site-packages/airflow/example_dags/example_branch_day_of_week_operator.py
[2026-06-19T07:25:01.090+0200] {processor.py:840} INFO - DAG(s) 'example_weekday_branch_operator' retrieved from /Users/eldorado/Documents/swiss-job-intelligence/venv/lib/python3.11/site-packages/airflow/example_dags/example_branch_day_of_week_operator.py
[2026-06-19T07:25:01.152+0200] {logging_mixin.py:188} INFO - [2026-06-19T07:25:01.152+0200] {dag.py:3036} INFO - Sync 1 DAGs
[2026-06-19T07:25:01.158+0200] {logging_mixin.py:188} INFO - [2026-06-19T07:25:01.158+0200] {dag.py:3823} INFO - Setting next_dagrun for example_weekday_branch_operator to 2026-06-18 00:00:00+00:00, run_after=2026-06-19 00:00:00+00:00
[2026-06-19T07:25:01.167+0200] {processor.py:183} INFO - Processing /Users/eldorado/Documents/swiss-job-intelligence/venv/lib/python3.11/site-packages/airflow/example_dags/example_branch_day_of_week_operator.py took 0.087 seconds
[2026-06-19T07:27:22.370+0200] {processor.py:161} INFO - Started process (PID=93786) to work on /Users/eldorado/Documents/swiss-job-intelligence/venv/lib/python3.11/site-packages/airflow/example_dags/example_branch_day_of_week_operator.py
[2026-06-19T07:27:22.372+0200] {processor.py:830} INFO - Processing file /Users/eldorado/Documents/swiss-job-intelligence/venv/lib/python3.11/site-packages/airflow/example_dags/example_branch_day_of_week_operator.py for tasks to queue
[2026-06-19T07:27:22.372+0200] {logging_mixin.py:188} INFO - [2026-06-19T07:27:22.372+0200] {dagbag.py:538} INFO - Filling up the DagBag from /Users/eldorado/Documents/swiss-job-intelligence/venv/lib/python3.11/site-packages/airflow/example_dags/example_branch_day_of_week_operator.py
[2026-06-19T07:27:22.378+0200] {processor.py:840} INFO - DAG(s) 'example_weekday_branch_operator' retrieved from /Users/eldorado/Documents/swiss-job-intelligence/venv/lib/python3.11/site-packages/airflow/example_dags/example_branch_day_of_week_operator.py
[2026-06-19T07:27:22.439+0200] {logging_mixin.py:188} INFO - [2026-06-19T07:27:22.439+0200] {dag.py:3036} INFO - Sync 1 DAGs
[2026-06-19T07:27:22.445+0200] {logging_mixin.py:188} INFO - [2026-06-19T07:27:22.445+0200] {dag.py:3823} INFO - Setting next_dagrun for example_weekday_branch_operator to 2026-06-18 00:00:00+00:00, run_after=2026-06-19 00:00:00+00:00
[2026-06-19T07:27:22.453+0200] {processor.py:183} INFO - Processing /Users/eldorado/Documents/swiss-job-intelligence/venv/lib/python3.11/site-packages/airflow/example_dags/example_branch_day_of_week_operator.py took 0.083 seconds
