[2026-06-19T07:22:41.200+0200] {processor.py:161} INFO - Started process (PID=93261) to work on /Users/eldorado/Documents/swiss-job-intelligence/venv/lib/python3.11/site-packages/airflow/example_dags/example_dynamic_task_mapping.py
[2026-06-19T07:22:41.200+0200] {processor.py:830} INFO - Processing file /Users/eldorado/Documents/swiss-job-intelligence/venv/lib/python3.11/site-packages/airflow/example_dags/example_dynamic_task_mapping.py for tasks to queue
[2026-06-19T07:22:41.200+0200] {logging_mixin.py:188} INFO - [2026-06-19T07:22:41.200+0200] {dagbag.py:538} INFO - Filling up the DagBag from /Users/eldorado/Documents/swiss-job-intelligence/venv/lib/python3.11/site-packages/airflow/example_dags/example_dynamic_task_mapping.py
[2026-06-19T07:22:41.214+0200] {processor.py:840} INFO - DAG(s) 'example_dynamic_task_mapping' retrieved from /Users/eldorado/Documents/swiss-job-intelligence/venv/lib/python3.11/site-packages/airflow/example_dags/example_dynamic_task_mapping.py
[2026-06-19T07:22:41.275+0200] {logging_mixin.py:188} INFO - [2026-06-19T07:22:41.275+0200] {dag.py:3036} INFO - Sync 1 DAGs
[2026-06-19T07:22:41.281+0200] {logging_mixin.py:188} INFO - [2026-06-19T07:22:41.281+0200] {dag.py:3823} INFO - Setting next_dagrun for example_dynamic_task_mapping to 2022-03-04 00:00:00+00:00, run_after=2022-03-05 00:00:00+00:00
[2026-06-19T07:22:41.288+0200] {processor.py:183} INFO - Processing /Users/eldorado/Documents/swiss-job-intelligence/venv/lib/python3.11/site-packages/airflow/example_dags/example_dynamic_task_mapping.py took 0.089 seconds
[2026-06-19T07:24:46.021+0200] {processor.py:161} INFO - Started process (PID=93415) to work on /Users/eldorado/Documents/swiss-job-intelligence/venv/lib/python3.11/site-packages/airflow/example_dags/example_dynamic_task_mapping.py
[2026-06-19T07:24:46.022+0200] {processor.py:830} INFO - Processing file /Users/eldorado/Documents/swiss-job-intelligence/venv/lib/python3.11/site-packages/airflow/example_dags/example_dynamic_task_mapping.py for tasks to queue
[2026-06-19T07:24:46.022+0200] {logging_mixin.py:188} INFO - [2026-06-19T07:24:46.022+0200] {dagbag.py:538} INFO - Filling up the DagBag from /Users/eldorado/Documents/swiss-job-intelligence/venv/lib/python3.11/site-packages/airflow/example_dags/example_dynamic_task_mapping.py
[2026-06-19T07:24:46.036+0200] {processor.py:840} INFO - DAG(s) 'example_dynamic_task_mapping' retrieved from /Users/eldorado/Documents/swiss-job-intelligence/venv/lib/python3.11/site-packages/airflow/example_dags/example_dynamic_task_mapping.py
[2026-06-19T07:24:46.096+0200] {logging_mixin.py:188} INFO - [2026-06-19T07:24:46.096+0200] {dag.py:3036} INFO - Sync 1 DAGs
[2026-06-19T07:24:46.102+0200] {logging_mixin.py:188} INFO - [2026-06-19T07:24:46.101+0200] {dag.py:3823} INFO - Setting next_dagrun for example_dynamic_task_mapping to 2022-03-04 00:00:00+00:00, run_after=2022-03-05 00:00:00+00:00
[2026-06-19T07:24:46.108+0200] {processor.py:183} INFO - Processing /Users/eldorado/Documents/swiss-job-intelligence/venv/lib/python3.11/site-packages/airflow/example_dags/example_dynamic_task_mapping.py took 0.088 seconds
[2026-06-19T07:27:07.437+0200] {processor.py:161} INFO - Started process (PID=93760) to work on /Users/eldorado/Documents/swiss-job-intelligence/venv/lib/python3.11/site-packages/airflow/example_dags/example_dynamic_task_mapping.py
[2026-06-19T07:27:07.437+0200] {processor.py:830} INFO - Processing file /Users/eldorado/Documents/swiss-job-intelligence/venv/lib/python3.11/site-packages/airflow/example_dags/example_dynamic_task_mapping.py for tasks to queue
[2026-06-19T07:27:07.437+0200] {logging_mixin.py:188} INFO - [2026-06-19T07:27:07.437+0200] {dagbag.py:538} INFO - Filling up the DagBag from /Users/eldorado/Documents/swiss-job-intelligence/venv/lib/python3.11/site-packages/airflow/example_dags/example_dynamic_task_mapping.py
[2026-06-19T07:27:07.452+0200] {processor.py:840} INFO - DAG(s) 'example_dynamic_task_mapping' retrieved from /Users/eldorado/Documents/swiss-job-intelligence/venv/lib/python3.11/site-packages/airflow/example_dags/example_dynamic_task_mapping.py
[2026-06-19T07:27:07.514+0200] {logging_mixin.py:188} INFO - [2026-06-19T07:27:07.514+0200] {dag.py:3036} INFO - Sync 1 DAGs
[2026-06-19T07:27:07.519+0200] {logging_mixin.py:188} INFO - [2026-06-19T07:27:07.519+0200] {dag.py:3823} INFO - Setting next_dagrun for example_dynamic_task_mapping to 2022-03-04 00:00:00+00:00, run_after=2022-03-05 00:00:00+00:00
[2026-06-19T07:27:07.527+0200] {processor.py:183} INFO - Processing /Users/eldorado/Documents/swiss-job-intelligence/venv/lib/python3.11/site-packages/airflow/example_dags/example_dynamic_task_mapping.py took 0.091 seconds
[2026-06-19T07:31:57.155+0200] {processor.py:161} INFO - Started process (PID=95147) to work on /Users/eldorado/Documents/swiss-job-intelligence/venv/lib/python3.11/site-packages/airflow/example_dags/example_dynamic_task_mapping.py
[2026-06-19T07:31:57.157+0200] {processor.py:830} INFO - Processing file /Users/eldorado/Documents/swiss-job-intelligence/venv/lib/python3.11/site-packages/airflow/example_dags/example_dynamic_task_mapping.py for tasks to queue
[2026-06-19T07:31:57.157+0200] {logging_mixin.py:188} INFO - [2026-06-19T07:31:57.157+0200] {dagbag.py:538} INFO - Filling up the DagBag from /Users/eldorado/Documents/swiss-job-intelligence/venv/lib/python3.11/site-packages/airflow/example_dags/example_dynamic_task_mapping.py
[2026-06-19T07:31:57.171+0200] {processor.py:840} INFO - DAG(s) 'example_dynamic_task_mapping' retrieved from /Users/eldorado/Documents/swiss-job-intelligence/venv/lib/python3.11/site-packages/airflow/example_dags/example_dynamic_task_mapping.py
[2026-06-19T07:31:57.234+0200] {logging_mixin.py:188} INFO - [2026-06-19T07:31:57.234+0200] {dag.py:3036} INFO - Sync 1 DAGs
[2026-06-19T07:31:57.245+0200] {logging_mixin.py:188} INFO - [2026-06-19T07:31:57.245+0200] {dag.py:3823} INFO - Setting next_dagrun for example_dynamic_task_mapping to 2022-03-04 00:00:00+00:00, run_after=2022-03-05 00:00:00+00:00
[2026-06-19T07:31:57.253+0200] {processor.py:183} INFO - Processing /Users/eldorado/Documents/swiss-job-intelligence/venv/lib/python3.11/site-packages/airflow/example_dags/example_dynamic_task_mapping.py took 0.098 seconds
