[2026-06-19T07:21:57.353+0200] {processor.py:161} INFO - Started process (PID=93164) to work on /Users/eldorado/Documents/swiss-job-intelligence/venv/lib/python3.11/site-packages/airflow/example_dags/example_time_delta_sensor_async.py
[2026-06-19T07:21:57.353+0200] {processor.py:830} INFO - Processing file /Users/eldorado/Documents/swiss-job-intelligence/venv/lib/python3.11/site-packages/airflow/example_dags/example_time_delta_sensor_async.py for tasks to queue
[2026-06-19T07:21:57.353+0200] {logging_mixin.py:188} INFO - [2026-06-19T07:21:57.353+0200] {dagbag.py:538} INFO - Filling up the DagBag from /Users/eldorado/Documents/swiss-job-intelligence/venv/lib/python3.11/site-packages/airflow/example_dags/example_time_delta_sensor_async.py
[2026-06-19T07:21:57.357+0200] {processor.py:840} INFO - DAG(s) 'example_time_delta_sensor_async' retrieved from /Users/eldorado/Documents/swiss-job-intelligence/venv/lib/python3.11/site-packages/airflow/example_dags/example_time_delta_sensor_async.py
[2026-06-19T07:21:57.424+0200] {logging_mixin.py:188} INFO - [2026-06-19T07:21:57.424+0200] {dag.py:3036} INFO - Sync 1 DAGs
[2026-06-19T07:21:57.427+0200] {logging_mixin.py:188} INFO - [2026-06-19T07:21:57.427+0200] {dag.py:3823} INFO - Setting next_dagrun for example_time_delta_sensor_async to None, run_after=None
[2026-06-19T07:21:57.434+0200] {processor.py:183} INFO - Processing /Users/eldorado/Documents/swiss-job-intelligence/venv/lib/python3.11/site-packages/airflow/example_dags/example_time_delta_sensor_async.py took 0.082 seconds
[2026-06-19T07:23:28.800+0200] {processor.py:161} INFO - Started process (PID=93316) to work on /Users/eldorado/Documents/swiss-job-intelligence/venv/lib/python3.11/site-packages/airflow/example_dags/example_time_delta_sensor_async.py
[2026-06-19T07:23:28.801+0200] {processor.py:830} INFO - Processing file /Users/eldorado/Documents/swiss-job-intelligence/venv/lib/python3.11/site-packages/airflow/example_dags/example_time_delta_sensor_async.py for tasks to queue
[2026-06-19T07:23:28.801+0200] {logging_mixin.py:188} INFO - [2026-06-19T07:23:28.801+0200] {dagbag.py:538} INFO - Filling up the DagBag from /Users/eldorado/Documents/swiss-job-intelligence/venv/lib/python3.11/site-packages/airflow/example_dags/example_time_delta_sensor_async.py
[2026-06-19T07:23:28.806+0200] {processor.py:840} INFO - DAG(s) 'example_time_delta_sensor_async' retrieved from /Users/eldorado/Documents/swiss-job-intelligence/venv/lib/python3.11/site-packages/airflow/example_dags/example_time_delta_sensor_async.py
[2026-06-19T07:23:28.881+0200] {logging_mixin.py:188} INFO - [2026-06-19T07:23:28.880+0200] {dag.py:3036} INFO - Sync 1 DAGs
[2026-06-19T07:23:28.885+0200] {logging_mixin.py:188} INFO - [2026-06-19T07:23:28.884+0200] {dag.py:3823} INFO - Setting next_dagrun for example_time_delta_sensor_async to None, run_after=None
[2026-06-19T07:23:28.893+0200] {processor.py:183} INFO - Processing /Users/eldorado/Documents/swiss-job-intelligence/venv/lib/python3.11/site-packages/airflow/example_dags/example_time_delta_sensor_async.py took 0.094 seconds
[2026-06-19T07:24:30.964+0200] {processor.py:161} INFO - Started process (PID=93385) to work on /Users/eldorado/Documents/swiss-job-intelligence/venv/lib/python3.11/site-packages/airflow/example_dags/example_time_delta_sensor_async.py
[2026-06-19T07:24:30.966+0200] {processor.py:830} INFO - Processing file /Users/eldorado/Documents/swiss-job-intelligence/venv/lib/python3.11/site-packages/airflow/example_dags/example_time_delta_sensor_async.py for tasks to queue
[2026-06-19T07:24:30.966+0200] {logging_mixin.py:188} INFO - [2026-06-19T07:24:30.966+0200] {dagbag.py:538} INFO - Filling up the DagBag from /Users/eldorado/Documents/swiss-job-intelligence/venv/lib/python3.11/site-packages/airflow/example_dags/example_time_delta_sensor_async.py
[2026-06-19T07:24:30.970+0200] {processor.py:840} INFO - DAG(s) 'example_time_delta_sensor_async' retrieved from /Users/eldorado/Documents/swiss-job-intelligence/venv/lib/python3.11/site-packages/airflow/example_dags/example_time_delta_sensor_async.py
[2026-06-19T07:24:31.036+0200] {logging_mixin.py:188} INFO - [2026-06-19T07:24:31.036+0200] {dag.py:3036} INFO - Sync 1 DAGs
[2026-06-19T07:24:31.041+0200] {logging_mixin.py:188} INFO - [2026-06-19T07:24:31.040+0200] {dag.py:3823} INFO - Setting next_dagrun for example_time_delta_sensor_async to None, run_after=None
[2026-06-19T07:24:31.049+0200] {processor.py:183} INFO - Processing /Users/eldorado/Documents/swiss-job-intelligence/venv/lib/python3.11/site-packages/airflow/example_dags/example_time_delta_sensor_async.py took 0.086 seconds
[2026-06-19T07:25:32.942+0200] {processor.py:161} INFO - Started process (PID=93486) to work on /Users/eldorado/Documents/swiss-job-intelligence/venv/lib/python3.11/site-packages/airflow/example_dags/example_time_delta_sensor_async.py
[2026-06-19T07:25:32.943+0200] {processor.py:830} INFO - Processing file /Users/eldorado/Documents/swiss-job-intelligence/venv/lib/python3.11/site-packages/airflow/example_dags/example_time_delta_sensor_async.py for tasks to queue
[2026-06-19T07:25:32.943+0200] {logging_mixin.py:188} INFO - [2026-06-19T07:25:32.943+0200] {dagbag.py:538} INFO - Filling up the DagBag from /Users/eldorado/Documents/swiss-job-intelligence/venv/lib/python3.11/site-packages/airflow/example_dags/example_time_delta_sensor_async.py
[2026-06-19T07:25:32.948+0200] {processor.py:840} INFO - DAG(s) 'example_time_delta_sensor_async' retrieved from /Users/eldorado/Documents/swiss-job-intelligence/venv/lib/python3.11/site-packages/airflow/example_dags/example_time_delta_sensor_async.py
[2026-06-19T07:25:33.013+0200] {logging_mixin.py:188} INFO - [2026-06-19T07:25:33.012+0200] {dag.py:3036} INFO - Sync 1 DAGs
[2026-06-19T07:25:33.016+0200] {logging_mixin.py:188} INFO - [2026-06-19T07:25:33.016+0200] {dag.py:3823} INFO - Setting next_dagrun for example_time_delta_sensor_async to None, run_after=None
[2026-06-19T07:25:33.024+0200] {processor.py:183} INFO - Processing /Users/eldorado/Documents/swiss-job-intelligence/venv/lib/python3.11/site-packages/airflow/example_dags/example_time_delta_sensor_async.py took 0.083 seconds
[2026-06-19T07:26:53.214+0200] {processor.py:161} INFO - Started process (PID=93746) to work on /Users/eldorado/Documents/swiss-job-intelligence/venv/lib/python3.11/site-packages/airflow/example_dags/example_time_delta_sensor_async.py
[2026-06-19T07:26:53.216+0200] {processor.py:830} INFO - Processing file /Users/eldorado/Documents/swiss-job-intelligence/venv/lib/python3.11/site-packages/airflow/example_dags/example_time_delta_sensor_async.py for tasks to queue
[2026-06-19T07:26:53.216+0200] {logging_mixin.py:188} INFO - [2026-06-19T07:26:53.216+0200] {dagbag.py:538} INFO - Filling up the DagBag from /Users/eldorado/Documents/swiss-job-intelligence/venv/lib/python3.11/site-packages/airflow/example_dags/example_time_delta_sensor_async.py
[2026-06-19T07:26:53.222+0200] {processor.py:840} INFO - DAG(s) 'example_time_delta_sensor_async' retrieved from /Users/eldorado/Documents/swiss-job-intelligence/venv/lib/python3.11/site-packages/airflow/example_dags/example_time_delta_sensor_async.py
[2026-06-19T07:26:53.287+0200] {logging_mixin.py:188} INFO - [2026-06-19T07:26:53.286+0200] {dag.py:3036} INFO - Sync 1 DAGs
[2026-06-19T07:26:53.290+0200] {logging_mixin.py:188} INFO - [2026-06-19T07:26:53.290+0200] {dag.py:3823} INFO - Setting next_dagrun for example_time_delta_sensor_async to None, run_after=None
[2026-06-19T07:26:53.298+0200] {processor.py:183} INFO - Processing /Users/eldorado/Documents/swiss-job-intelligence/venv/lib/python3.11/site-packages/airflow/example_dags/example_time_delta_sensor_async.py took 0.085 seconds
[2026-06-19T07:27:53.402+0200] {processor.py:161} INFO - Started process (PID=93819) to work on /Users/eldorado/Documents/swiss-job-intelligence/venv/lib/python3.11/site-packages/airflow/example_dags/example_time_delta_sensor_async.py
[2026-06-19T07:27:53.403+0200] {processor.py:830} INFO - Processing file /Users/eldorado/Documents/swiss-job-intelligence/venv/lib/python3.11/site-packages/airflow/example_dags/example_time_delta_sensor_async.py for tasks to queue
[2026-06-19T07:27:53.403+0200] {logging_mixin.py:188} INFO - [2026-06-19T07:27:53.403+0200] {dagbag.py:538} INFO - Filling up the DagBag from /Users/eldorado/Documents/swiss-job-intelligence/venv/lib/python3.11/site-packages/airflow/example_dags/example_time_delta_sensor_async.py
[2026-06-19T07:27:53.407+0200] {processor.py:840} INFO - DAG(s) 'example_time_delta_sensor_async' retrieved from /Users/eldorado/Documents/swiss-job-intelligence/venv/lib/python3.11/site-packages/airflow/example_dags/example_time_delta_sensor_async.py
[2026-06-19T07:27:53.480+0200] {logging_mixin.py:188} INFO - [2026-06-19T07:27:53.479+0200] {dag.py:3036} INFO - Sync 1 DAGs
[2026-06-19T07:27:53.483+0200] {logging_mixin.py:188} INFO - [2026-06-19T07:27:53.483+0200] {dag.py:3823} INFO - Setting next_dagrun for example_time_delta_sensor_async to None, run_after=None
[2026-06-19T07:27:53.491+0200] {processor.py:183} INFO - Processing /Users/eldorado/Documents/swiss-job-intelligence/venv/lib/python3.11/site-packages/airflow/example_dags/example_time_delta_sensor_async.py took 0.090 seconds
[2026-06-19T07:31:12.076+0200] {processor.py:161} INFO - Started process (PID=95079) to work on /Users/eldorado/Documents/swiss-job-intelligence/venv/lib/python3.11/site-packages/airflow/example_dags/example_time_delta_sensor_async.py
[2026-06-19T07:31:12.077+0200] {processor.py:830} INFO - Processing file /Users/eldorado/Documents/swiss-job-intelligence/venv/lib/python3.11/site-packages/airflow/example_dags/example_time_delta_sensor_async.py for tasks to queue
[2026-06-19T07:31:12.078+0200] {logging_mixin.py:188} INFO - [2026-06-19T07:31:12.078+0200] {dagbag.py:538} INFO - Filling up the DagBag from /Users/eldorado/Documents/swiss-job-intelligence/venv/lib/python3.11/site-packages/airflow/example_dags/example_time_delta_sensor_async.py
[2026-06-19T07:31:12.082+0200] {processor.py:840} INFO - DAG(s) 'example_time_delta_sensor_async' retrieved from /Users/eldorado/Documents/swiss-job-intelligence/venv/lib/python3.11/site-packages/airflow/example_dags/example_time_delta_sensor_async.py
[2026-06-19T07:31:12.151+0200] {logging_mixin.py:188} INFO - [2026-06-19T07:31:12.151+0200] {dag.py:3036} INFO - Sync 1 DAGs
[2026-06-19T07:31:12.155+0200] {logging_mixin.py:188} INFO - [2026-06-19T07:31:12.155+0200] {dag.py:3823} INFO - Setting next_dagrun for example_time_delta_sensor_async to None, run_after=None
[2026-06-19T07:31:12.163+0200] {processor.py:183} INFO - Processing /Users/eldorado/Documents/swiss-job-intelligence/venv/lib/python3.11/site-packages/airflow/example_dags/example_time_delta_sensor_async.py took 0.088 seconds
[2026-06-19T07:32:34.324+0200] {processor.py:161} INFO - Started process (PID=95412) to work on /Users/eldorado/Documents/swiss-job-intelligence/venv/lib/python3.11/site-packages/airflow/example_dags/example_time_delta_sensor_async.py
[2026-06-19T07:32:34.325+0200] {processor.py:830} INFO - Processing file /Users/eldorado/Documents/swiss-job-intelligence/venv/lib/python3.11/site-packages/airflow/example_dags/example_time_delta_sensor_async.py for tasks to queue
[2026-06-19T07:32:34.326+0200] {logging_mixin.py:188} INFO - [2026-06-19T07:32:34.326+0200] {dagbag.py:538} INFO - Filling up the DagBag from /Users/eldorado/Documents/swiss-job-intelligence/venv/lib/python3.11/site-packages/airflow/example_dags/example_time_delta_sensor_async.py
[2026-06-19T07:32:34.330+0200] {processor.py:840} INFO - DAG(s) 'example_time_delta_sensor_async' retrieved from /Users/eldorado/Documents/swiss-job-intelligence/venv/lib/python3.11/site-packages/airflow/example_dags/example_time_delta_sensor_async.py
[2026-06-19T07:32:34.334+0200] {logging_mixin.py:188} INFO - [2026-06-19T07:32:34.334+0200] {dag.py:3036} INFO - Sync 1 DAGs
[2026-06-19T07:32:34.390+0200] {logging_mixin.py:188} INFO - [2026-06-19T07:32:34.390+0200] {dag.py:3823} INFO - Setting next_dagrun for example_time_delta_sensor_async to None, run_after=None
[2026-06-19T07:32:34.398+0200] {processor.py:183} INFO - Processing /Users/eldorado/Documents/swiss-job-intelligence/venv/lib/python3.11/site-packages/airflow/example_dags/example_time_delta_sensor_async.py took 0.074 seconds
[2026-06-19T07:35:09.380+0200] {processor.py:161} INFO - Started process (PID=98251) to work on /Users/eldorado/Documents/swiss-job-intelligence/venv/lib/python3.11/site-packages/airflow/example_dags/example_time_delta_sensor_async.py
[2026-06-19T07:35:09.382+0200] {processor.py:830} INFO - Processing file /Users/eldorado/Documents/swiss-job-intelligence/venv/lib/python3.11/site-packages/airflow/example_dags/example_time_delta_sensor_async.py for tasks to queue
[2026-06-19T07:35:09.382+0200] {logging_mixin.py:188} INFO - [2026-06-19T07:35:09.382+0200] {dagbag.py:538} INFO - Filling up the DagBag from /Users/eldorado/Documents/swiss-job-intelligence/venv/lib/python3.11/site-packages/airflow/example_dags/example_time_delta_sensor_async.py
[2026-06-19T07:35:09.386+0200] {processor.py:840} INFO - DAG(s) 'example_time_delta_sensor_async' retrieved from /Users/eldorado/Documents/swiss-job-intelligence/venv/lib/python3.11/site-packages/airflow/example_dags/example_time_delta_sensor_async.py
[2026-06-19T07:35:09.485+0200] {logging_mixin.py:188} INFO - [2026-06-19T07:35:09.484+0200] {dag.py:3036} INFO - Sync 1 DAGs
[2026-06-19T07:35:09.487+0200] {logging_mixin.py:188} INFO - [2026-06-19T07:35:09.487+0200] {dag.py:3823} INFO - Setting next_dagrun for example_time_delta_sensor_async to None, run_after=None
[2026-06-19T07:35:09.494+0200] {processor.py:183} INFO - Processing /Users/eldorado/Documents/swiss-job-intelligence/venv/lib/python3.11/site-packages/airflow/example_dags/example_time_delta_sensor_async.py took 0.115 seconds
