[2026-06-19T07:22:54.297+0200] {processor.py:161} INFO - Started process (PID=93274) to work on /Users/eldorado/Documents/swiss-job-intelligence/venv/lib/python3.11/site-packages/airflow/example_dags/example_branch_labels.py
[2026-06-19T07:22:54.297+0200] {processor.py:830} INFO - Processing file /Users/eldorado/Documents/swiss-job-intelligence/venv/lib/python3.11/site-packages/airflow/example_dags/example_branch_labels.py for tasks to queue
[2026-06-19T07:22:54.298+0200] {logging_mixin.py:188} INFO - [2026-06-19T07:22:54.298+0200] {dagbag.py:538} INFO - Filling up the DagBag from /Users/eldorado/Documents/swiss-job-intelligence/venv/lib/python3.11/site-packages/airflow/example_dags/example_branch_labels.py
[2026-06-19T07:22:54.301+0200] {processor.py:840} INFO - DAG(s) 'example_branch_labels' retrieved from /Users/eldorado/Documents/swiss-job-intelligence/venv/lib/python3.11/site-packages/airflow/example_dags/example_branch_labels.py
[2026-06-19T07:22:54.363+0200] {logging_mixin.py:188} INFO - [2026-06-19T07:22:54.363+0200] {dag.py:3036} INFO - Sync 1 DAGs
[2026-06-19T07:22:54.370+0200] {logging_mixin.py:188} INFO - [2026-06-19T07:22:54.370+0200] {dag.py:3823} INFO - Setting next_dagrun for example_branch_labels to 2026-06-18 00:00:00+00:00, run_after=2026-06-19 00:00:00+00:00
[2026-06-19T07:22:54.379+0200] {processor.py:183} INFO - Processing /Users/eldorado/Documents/swiss-job-intelligence/venv/lib/python3.11/site-packages/airflow/example_dags/example_branch_labels.py took 0.082 seconds
[2026-06-19T07:24:59.793+0200] {processor.py:161} INFO - Started process (PID=93437) to work on /Users/eldorado/Documents/swiss-job-intelligence/venv/lib/python3.11/site-packages/airflow/example_dags/example_branch_labels.py
[2026-06-19T07:24:59.794+0200] {processor.py:830} INFO - Processing file /Users/eldorado/Documents/swiss-job-intelligence/venv/lib/python3.11/site-packages/airflow/example_dags/example_branch_labels.py for tasks to queue
[2026-06-19T07:24:59.794+0200] {logging_mixin.py:188} INFO - [2026-06-19T07:24:59.794+0200] {dagbag.py:538} INFO - Filling up the DagBag from /Users/eldorado/Documents/swiss-job-intelligence/venv/lib/python3.11/site-packages/airflow/example_dags/example_branch_labels.py
[2026-06-19T07:24:59.799+0200] {processor.py:840} INFO - DAG(s) 'example_branch_labels' retrieved from /Users/eldorado/Documents/swiss-job-intelligence/venv/lib/python3.11/site-packages/airflow/example_dags/example_branch_labels.py
[2026-06-19T07:24:59.863+0200] {logging_mixin.py:188} INFO - [2026-06-19T07:24:59.863+0200] {dag.py:3036} INFO - Sync 1 DAGs
[2026-06-19T07:24:59.869+0200] {logging_mixin.py:188} INFO - [2026-06-19T07:24:59.869+0200] {dag.py:3823} INFO - Setting next_dagrun for example_branch_labels to 2026-06-18 00:00:00+00:00, run_after=2026-06-19 00:00:00+00:00
[2026-06-19T07:24:59.876+0200] {processor.py:183} INFO - Processing /Users/eldorado/Documents/swiss-job-intelligence/venv/lib/python3.11/site-packages/airflow/example_dags/example_branch_labels.py took 0.084 seconds
[2026-06-19T07:27:20.420+0200] {processor.py:161} INFO - Started process (PID=93777) to work on /Users/eldorado/Documents/swiss-job-intelligence/venv/lib/python3.11/site-packages/airflow/example_dags/example_branch_labels.py
[2026-06-19T07:27:20.421+0200] {processor.py:830} INFO - Processing file /Users/eldorado/Documents/swiss-job-intelligence/venv/lib/python3.11/site-packages/airflow/example_dags/example_branch_labels.py for tasks to queue
[2026-06-19T07:27:20.422+0200] {logging_mixin.py:188} INFO - [2026-06-19T07:27:20.422+0200] {dagbag.py:538} INFO - Filling up the DagBag from /Users/eldorado/Documents/swiss-job-intelligence/venv/lib/python3.11/site-packages/airflow/example_dags/example_branch_labels.py
[2026-06-19T07:27:20.426+0200] {processor.py:840} INFO - DAG(s) 'example_branch_labels' retrieved from /Users/eldorado/Documents/swiss-job-intelligence/venv/lib/python3.11/site-packages/airflow/example_dags/example_branch_labels.py
[2026-06-19T07:27:20.489+0200] {logging_mixin.py:188} INFO - [2026-06-19T07:27:20.489+0200] {dag.py:3036} INFO - Sync 1 DAGs
[2026-06-19T07:27:20.496+0200] {logging_mixin.py:188} INFO - [2026-06-19T07:27:20.496+0200] {dag.py:3823} INFO - Setting next_dagrun for example_branch_labels to 2026-06-18 00:00:00+00:00, run_after=2026-06-19 00:00:00+00:00
[2026-06-19T07:27:20.504+0200] {processor.py:183} INFO - Processing /Users/eldorado/Documents/swiss-job-intelligence/venv/lib/python3.11/site-packages/airflow/example_dags/example_branch_labels.py took 0.084 seconds
