[2026-06-19T07:22:17.493+0200] {processor.py:161} INFO - Started process (PID=93231) to work on /Users/eldorado/Documents/swiss-job-intelligence/venv/lib/python3.11/site-packages/airflow/example_dags/example_sensor_decorator.py
[2026-06-19T07:22:17.494+0200] {processor.py:830} INFO - Processing file /Users/eldorado/Documents/swiss-job-intelligence/venv/lib/python3.11/site-packages/airflow/example_dags/example_sensor_decorator.py for tasks to queue
[2026-06-19T07:22:17.494+0200] {logging_mixin.py:188} INFO - [2026-06-19T07:22:17.494+0200] {dagbag.py:538} INFO - Filling up the DagBag from /Users/eldorado/Documents/swiss-job-intelligence/venv/lib/python3.11/site-packages/airflow/example_dags/example_sensor_decorator.py
[2026-06-19T07:22:17.517+0200] {processor.py:840} INFO - DAG(s) 'example_sensor_decorator' retrieved from /Users/eldorado/Documents/swiss-job-intelligence/venv/lib/python3.11/site-packages/airflow/example_dags/example_sensor_decorator.py
[2026-06-19T07:22:17.630+0200] {logging_mixin.py:188} INFO - [2026-06-19T07:22:17.630+0200] {dag.py:3036} INFO - Sync 1 DAGs
[2026-06-19T07:22:17.634+0200] {logging_mixin.py:188} INFO - [2026-06-19T07:22:17.634+0200] {dag.py:3823} INFO - Setting next_dagrun for example_sensor_decorator to None, run_after=None
[2026-06-19T07:22:17.646+0200] {processor.py:183} INFO - Processing /Users/eldorado/Documents/swiss-job-intelligence/venv/lib/python3.11/site-packages/airflow/example_dags/example_sensor_decorator.py took 0.154 seconds
[2026-06-19T07:23:48.481+0200] {processor.py:161} INFO - Started process (PID=93336) to work on /Users/eldorado/Documents/swiss-job-intelligence/venv/lib/python3.11/site-packages/airflow/example_dags/example_sensor_decorator.py
[2026-06-19T07:23:48.482+0200] {processor.py:830} INFO - Processing file /Users/eldorado/Documents/swiss-job-intelligence/venv/lib/python3.11/site-packages/airflow/example_dags/example_sensor_decorator.py for tasks to queue
[2026-06-19T07:23:48.482+0200] {logging_mixin.py:188} INFO - [2026-06-19T07:23:48.482+0200] {dagbag.py:538} INFO - Filling up the DagBag from /Users/eldorado/Documents/swiss-job-intelligence/venv/lib/python3.11/site-packages/airflow/example_dags/example_sensor_decorator.py
[2026-06-19T07:23:48.498+0200] {processor.py:840} INFO - DAG(s) 'example_sensor_decorator' retrieved from /Users/eldorado/Documents/swiss-job-intelligence/venv/lib/python3.11/site-packages/airflow/example_dags/example_sensor_decorator.py
[2026-06-19T07:23:48.566+0200] {logging_mixin.py:188} INFO - [2026-06-19T07:23:48.566+0200] {dag.py:3036} INFO - Sync 1 DAGs
[2026-06-19T07:23:48.569+0200] {logging_mixin.py:188} INFO - [2026-06-19T07:23:48.569+0200] {dag.py:3823} INFO - Setting next_dagrun for example_sensor_decorator to None, run_after=None
[2026-06-19T07:23:48.577+0200] {processor.py:183} INFO - Processing /Users/eldorado/Documents/swiss-job-intelligence/venv/lib/python3.11/site-packages/airflow/example_dags/example_sensor_decorator.py took 0.096 seconds
[2026-06-19T07:25:53.934+0200] {processor.py:161} INFO - Started process (PID=93518) to work on /Users/eldorado/Documents/swiss-job-intelligence/venv/lib/python3.11/site-packages/airflow/example_dags/example_sensor_decorator.py
[2026-06-19T07:25:53.935+0200] {processor.py:830} INFO - Processing file /Users/eldorado/Documents/swiss-job-intelligence/venv/lib/python3.11/site-packages/airflow/example_dags/example_sensor_decorator.py for tasks to queue
[2026-06-19T07:25:53.935+0200] {logging_mixin.py:188} INFO - [2026-06-19T07:25:53.935+0200] {dagbag.py:538} INFO - Filling up the DagBag from /Users/eldorado/Documents/swiss-job-intelligence/venv/lib/python3.11/site-packages/airflow/example_dags/example_sensor_decorator.py
[2026-06-19T07:25:53.949+0200] {processor.py:840} INFO - DAG(s) 'example_sensor_decorator' retrieved from /Users/eldorado/Documents/swiss-job-intelligence/venv/lib/python3.11/site-packages/airflow/example_dags/example_sensor_decorator.py
[2026-06-19T07:25:54.018+0200] {logging_mixin.py:188} INFO - [2026-06-19T07:25:54.017+0200] {dag.py:3036} INFO - Sync 1 DAGs
[2026-06-19T07:25:54.021+0200] {logging_mixin.py:188} INFO - [2026-06-19T07:25:54.021+0200] {dag.py:3823} INFO - Setting next_dagrun for example_sensor_decorator to None, run_after=None
[2026-06-19T07:25:54.031+0200] {processor.py:183} INFO - Processing /Users/eldorado/Documents/swiss-job-intelligence/venv/lib/python3.11/site-packages/airflow/example_dags/example_sensor_decorator.py took 0.097 seconds
[2026-06-19T07:28:13.993+0200] {processor.py:161} INFO - Started process (PID=93854) to work on /Users/eldorado/Documents/swiss-job-intelligence/venv/lib/python3.11/site-packages/airflow/example_dags/example_sensor_decorator.py
[2026-06-19T07:28:13.994+0200] {processor.py:830} INFO - Processing file /Users/eldorado/Documents/swiss-job-intelligence/venv/lib/python3.11/site-packages/airflow/example_dags/example_sensor_decorator.py for tasks to queue
[2026-06-19T07:28:13.994+0200] {logging_mixin.py:188} INFO - [2026-06-19T07:28:13.994+0200] {dagbag.py:538} INFO - Filling up the DagBag from /Users/eldorado/Documents/swiss-job-intelligence/venv/lib/python3.11/site-packages/airflow/example_dags/example_sensor_decorator.py
[2026-06-19T07:28:14.009+0200] {processor.py:840} INFO - DAG(s) 'example_sensor_decorator' retrieved from /Users/eldorado/Documents/swiss-job-intelligence/venv/lib/python3.11/site-packages/airflow/example_dags/example_sensor_decorator.py
[2026-06-19T07:28:14.072+0200] {logging_mixin.py:188} INFO - [2026-06-19T07:28:14.072+0200] {dag.py:3036} INFO - Sync 1 DAGs
[2026-06-19T07:28:14.076+0200] {logging_mixin.py:188} INFO - [2026-06-19T07:28:14.076+0200] {dag.py:3823} INFO - Setting next_dagrun for example_sensor_decorator to None, run_after=None
[2026-06-19T07:28:14.094+0200] {processor.py:183} INFO - Processing /Users/eldorado/Documents/swiss-job-intelligence/venv/lib/python3.11/site-packages/airflow/example_dags/example_sensor_decorator.py took 0.101 seconds
[2026-06-19T07:31:31.845+0200] {processor.py:161} INFO - Started process (PID=95108) to work on /Users/eldorado/Documents/swiss-job-intelligence/venv/lib/python3.11/site-packages/airflow/example_dags/example_sensor_decorator.py
[2026-06-19T07:31:31.845+0200] {processor.py:830} INFO - Processing file /Users/eldorado/Documents/swiss-job-intelligence/venv/lib/python3.11/site-packages/airflow/example_dags/example_sensor_decorator.py for tasks to queue
[2026-06-19T07:31:31.846+0200] {logging_mixin.py:188} INFO - [2026-06-19T07:31:31.846+0200] {dagbag.py:538} INFO - Filling up the DagBag from /Users/eldorado/Documents/swiss-job-intelligence/venv/lib/python3.11/site-packages/airflow/example_dags/example_sensor_decorator.py
[2026-06-19T07:31:31.863+0200] {processor.py:840} INFO - DAG(s) 'example_sensor_decorator' retrieved from /Users/eldorado/Documents/swiss-job-intelligence/venv/lib/python3.11/site-packages/airflow/example_dags/example_sensor_decorator.py
[2026-06-19T07:31:31.930+0200] {logging_mixin.py:188} INFO - [2026-06-19T07:31:31.930+0200] {dag.py:3036} INFO - Sync 1 DAGs
[2026-06-19T07:31:31.933+0200] {logging_mixin.py:188} INFO - [2026-06-19T07:31:31.933+0200] {dag.py:3823} INFO - Setting next_dagrun for example_sensor_decorator to None, run_after=None
[2026-06-19T07:31:31.942+0200] {processor.py:183} INFO - Processing /Users/eldorado/Documents/swiss-job-intelligence/venv/lib/python3.11/site-packages/airflow/example_dags/example_sensor_decorator.py took 0.097 seconds
[2026-06-19T07:32:55.384+0200] {processor.py:161} INFO - Started process (PID=95440) to work on /Users/eldorado/Documents/swiss-job-intelligence/venv/lib/python3.11/site-packages/airflow/example_dags/example_sensor_decorator.py
[2026-06-19T07:32:55.385+0200] {processor.py:830} INFO - Processing file /Users/eldorado/Documents/swiss-job-intelligence/venv/lib/python3.11/site-packages/airflow/example_dags/example_sensor_decorator.py for tasks to queue
[2026-06-19T07:32:55.385+0200] {logging_mixin.py:188} INFO - [2026-06-19T07:32:55.385+0200] {dagbag.py:538} INFO - Filling up the DagBag from /Users/eldorado/Documents/swiss-job-intelligence/venv/lib/python3.11/site-packages/airflow/example_dags/example_sensor_decorator.py
[2026-06-19T07:32:55.402+0200] {processor.py:840} INFO - DAG(s) 'example_sensor_decorator' retrieved from /Users/eldorado/Documents/swiss-job-intelligence/venv/lib/python3.11/site-packages/airflow/example_dags/example_sensor_decorator.py
[2026-06-19T07:32:55.510+0200] {logging_mixin.py:188} INFO - [2026-06-19T07:32:55.509+0200] {dag.py:3036} INFO - Sync 1 DAGs
[2026-06-19T07:32:55.513+0200] {logging_mixin.py:188} INFO - [2026-06-19T07:32:55.513+0200] {dag.py:3823} INFO - Setting next_dagrun for example_sensor_decorator to None, run_after=None
[2026-06-19T07:32:55.522+0200] {processor.py:183} INFO - Processing /Users/eldorado/Documents/swiss-job-intelligence/venv/lib/python3.11/site-packages/airflow/example_dags/example_sensor_decorator.py took 0.138 seconds
[2026-06-19T07:35:29.221+0200] {processor.py:161} INFO - Started process (PID=98352) to work on /Users/eldorado/Documents/swiss-job-intelligence/venv/lib/python3.11/site-packages/airflow/example_dags/example_sensor_decorator.py
[2026-06-19T07:35:29.222+0200] {processor.py:830} INFO - Processing file /Users/eldorado/Documents/swiss-job-intelligence/venv/lib/python3.11/site-packages/airflow/example_dags/example_sensor_decorator.py for tasks to queue
[2026-06-19T07:35:29.222+0200] {logging_mixin.py:188} INFO - [2026-06-19T07:35:29.222+0200] {dagbag.py:538} INFO - Filling up the DagBag from /Users/eldorado/Documents/swiss-job-intelligence/venv/lib/python3.11/site-packages/airflow/example_dags/example_sensor_decorator.py
[2026-06-19T07:35:29.239+0200] {processor.py:840} INFO - DAG(s) 'example_sensor_decorator' retrieved from /Users/eldorado/Documents/swiss-job-intelligence/venv/lib/python3.11/site-packages/airflow/example_dags/example_sensor_decorator.py
[2026-06-19T07:35:29.310+0200] {logging_mixin.py:188} INFO - [2026-06-19T07:35:29.310+0200] {dag.py:3036} INFO - Sync 1 DAGs
[2026-06-19T07:35:29.314+0200] {logging_mixin.py:188} INFO - [2026-06-19T07:35:29.314+0200] {dag.py:3823} INFO - Setting next_dagrun for example_sensor_decorator to None, run_after=None
[2026-06-19T07:35:29.322+0200] {processor.py:183} INFO - Processing /Users/eldorado/Documents/swiss-job-intelligence/venv/lib/python3.11/site-packages/airflow/example_dags/example_sensor_decorator.py took 0.101 seconds
