[2026-06-19T07:21:55.592+0200] {processor.py:161} INFO - Started process (PID=93156) to work on /Users/eldorado/Documents/swiss-job-intelligence/venv/lib/python3.11/site-packages/airflow/example_dags/example_trigger_controller_dag.py
[2026-06-19T07:21:55.592+0200] {processor.py:830} INFO - Processing file /Users/eldorado/Documents/swiss-job-intelligence/venv/lib/python3.11/site-packages/airflow/example_dags/example_trigger_controller_dag.py for tasks to queue
[2026-06-19T07:21:55.593+0200] {logging_mixin.py:188} INFO - [2026-06-19T07:21:55.593+0200] {dagbag.py:538} INFO - Filling up the DagBag from /Users/eldorado/Documents/swiss-job-intelligence/venv/lib/python3.11/site-packages/airflow/example_dags/example_trigger_controller_dag.py
[2026-06-19T07:21:55.599+0200] {processor.py:840} INFO - DAG(s) 'example_trigger_controller_dag' retrieved from /Users/eldorado/Documents/swiss-job-intelligence/venv/lib/python3.11/site-packages/airflow/example_dags/example_trigger_controller_dag.py
[2026-06-19T07:21:55.662+0200] {logging_mixin.py:188} INFO - [2026-06-19T07:21:55.662+0200] {dag.py:3036} INFO - Sync 1 DAGs
[2026-06-19T07:21:55.669+0200] {logging_mixin.py:188} INFO - [2026-06-19T07:21:55.669+0200] {dag.py:3823} INFO - Setting next_dagrun for example_trigger_controller_dag to 2021-01-01 00:00:00+00:00, run_after=2021-01-01 00:00:00+00:00
[2026-06-19T07:21:55.676+0200] {processor.py:183} INFO - Processing /Users/eldorado/Documents/swiss-job-intelligence/venv/lib/python3.11/site-packages/airflow/example_dags/example_trigger_controller_dag.py took 0.085 seconds
[2026-06-19T07:23:26.589+0200] {processor.py:161} INFO - Started process (PID=93315) to work on /Users/eldorado/Documents/swiss-job-intelligence/venv/lib/python3.11/site-packages/airflow/example_dags/example_trigger_controller_dag.py
[2026-06-19T07:23:26.590+0200] {processor.py:830} INFO - Processing file /Users/eldorado/Documents/swiss-job-intelligence/venv/lib/python3.11/site-packages/airflow/example_dags/example_trigger_controller_dag.py for tasks to queue
[2026-06-19T07:23:26.590+0200] {logging_mixin.py:188} INFO - [2026-06-19T07:23:26.590+0200] {dagbag.py:538} INFO - Filling up the DagBag from /Users/eldorado/Documents/swiss-job-intelligence/venv/lib/python3.11/site-packages/airflow/example_dags/example_trigger_controller_dag.py
[2026-06-19T07:23:26.601+0200] {processor.py:840} INFO - DAG(s) 'example_trigger_controller_dag' retrieved from /Users/eldorado/Documents/swiss-job-intelligence/venv/lib/python3.11/site-packages/airflow/example_dags/example_trigger_controller_dag.py
[2026-06-19T07:23:26.663+0200] {logging_mixin.py:188} INFO - [2026-06-19T07:23:26.663+0200] {dag.py:3036} INFO - Sync 1 DAGs
[2026-06-19T07:23:26.669+0200] {logging_mixin.py:188} INFO - [2026-06-19T07:23:26.669+0200] {dag.py:3823} INFO - Setting next_dagrun for example_trigger_controller_dag to 2021-01-01 00:00:00+00:00, run_after=2021-01-01 00:00:00+00:00
[2026-06-19T07:23:26.677+0200] {processor.py:183} INFO - Processing /Users/eldorado/Documents/swiss-job-intelligence/venv/lib/python3.11/site-packages/airflow/example_dags/example_trigger_controller_dag.py took 0.088 seconds
[2026-06-19T07:24:29.021+0200] {processor.py:161} INFO - Started process (PID=93378) to work on /Users/eldorado/Documents/swiss-job-intelligence/venv/lib/python3.11/site-packages/airflow/example_dags/example_trigger_controller_dag.py
[2026-06-19T07:24:29.023+0200] {processor.py:830} INFO - Processing file /Users/eldorado/Documents/swiss-job-intelligence/venv/lib/python3.11/site-packages/airflow/example_dags/example_trigger_controller_dag.py for tasks to queue
[2026-06-19T07:24:29.023+0200] {logging_mixin.py:188} INFO - [2026-06-19T07:24:29.023+0200] {dagbag.py:538} INFO - Filling up the DagBag from /Users/eldorado/Documents/swiss-job-intelligence/venv/lib/python3.11/site-packages/airflow/example_dags/example_trigger_controller_dag.py
[2026-06-19T07:24:29.028+0200] {processor.py:840} INFO - DAG(s) 'example_trigger_controller_dag' retrieved from /Users/eldorado/Documents/swiss-job-intelligence/venv/lib/python3.11/site-packages/airflow/example_dags/example_trigger_controller_dag.py
[2026-06-19T07:24:29.088+0200] {logging_mixin.py:188} INFO - [2026-06-19T07:24:29.088+0200] {dag.py:3036} INFO - Sync 1 DAGs
[2026-06-19T07:24:29.094+0200] {logging_mixin.py:188} INFO - [2026-06-19T07:24:29.094+0200] {dag.py:3823} INFO - Setting next_dagrun for example_trigger_controller_dag to 2021-01-01 00:00:00+00:00, run_after=2021-01-01 00:00:00+00:00
[2026-06-19T07:24:29.102+0200] {processor.py:183} INFO - Processing /Users/eldorado/Documents/swiss-job-intelligence/venv/lib/python3.11/site-packages/airflow/example_dags/example_trigger_controller_dag.py took 0.081 seconds
[2026-06-19T07:25:31.854+0200] {processor.py:161} INFO - Started process (PID=93485) to work on /Users/eldorado/Documents/swiss-job-intelligence/venv/lib/python3.11/site-packages/airflow/example_dags/example_trigger_controller_dag.py
[2026-06-19T07:25:31.857+0200] {processor.py:830} INFO - Processing file /Users/eldorado/Documents/swiss-job-intelligence/venv/lib/python3.11/site-packages/airflow/example_dags/example_trigger_controller_dag.py for tasks to queue
[2026-06-19T07:25:31.858+0200] {logging_mixin.py:188} INFO - [2026-06-19T07:25:31.858+0200] {dagbag.py:538} INFO - Filling up the DagBag from /Users/eldorado/Documents/swiss-job-intelligence/venv/lib/python3.11/site-packages/airflow/example_dags/example_trigger_controller_dag.py
[2026-06-19T07:25:31.871+0200] {processor.py:840} INFO - DAG(s) 'example_trigger_controller_dag' retrieved from /Users/eldorado/Documents/swiss-job-intelligence/venv/lib/python3.11/site-packages/airflow/example_dags/example_trigger_controller_dag.py
[2026-06-19T07:25:31.933+0200] {logging_mixin.py:188} INFO - [2026-06-19T07:25:31.932+0200] {dag.py:3036} INFO - Sync 1 DAGs
[2026-06-19T07:25:31.939+0200] {logging_mixin.py:188} INFO - [2026-06-19T07:25:31.939+0200] {dag.py:3823} INFO - Setting next_dagrun for example_trigger_controller_dag to 2021-01-01 00:00:00+00:00, run_after=2021-01-01 00:00:00+00:00
[2026-06-19T07:25:31.946+0200] {processor.py:183} INFO - Processing /Users/eldorado/Documents/swiss-job-intelligence/venv/lib/python3.11/site-packages/airflow/example_dags/example_trigger_controller_dag.py took 0.093 seconds
[2026-06-19T07:26:51.210+0200] {processor.py:161} INFO - Started process (PID=93742) to work on /Users/eldorado/Documents/swiss-job-intelligence/venv/lib/python3.11/site-packages/airflow/example_dags/example_trigger_controller_dag.py
[2026-06-19T07:26:51.214+0200] {processor.py:830} INFO - Processing file /Users/eldorado/Documents/swiss-job-intelligence/venv/lib/python3.11/site-packages/airflow/example_dags/example_trigger_controller_dag.py for tasks to queue
[2026-06-19T07:26:51.215+0200] {logging_mixin.py:188} INFO - [2026-06-19T07:26:51.215+0200] {dagbag.py:538} INFO - Filling up the DagBag from /Users/eldorado/Documents/swiss-job-intelligence/venv/lib/python3.11/site-packages/airflow/example_dags/example_trigger_controller_dag.py
[2026-06-19T07:26:51.220+0200] {processor.py:840} INFO - DAG(s) 'example_trigger_controller_dag' retrieved from /Users/eldorado/Documents/swiss-job-intelligence/venv/lib/python3.11/site-packages/airflow/example_dags/example_trigger_controller_dag.py
[2026-06-19T07:26:51.282+0200] {logging_mixin.py:188} INFO - [2026-06-19T07:26:51.282+0200] {dag.py:3036} INFO - Sync 1 DAGs
[2026-06-19T07:26:51.289+0200] {logging_mixin.py:188} INFO - [2026-06-19T07:26:51.289+0200] {dag.py:3823} INFO - Setting next_dagrun for example_trigger_controller_dag to 2021-01-01 00:00:00+00:00, run_after=2021-01-01 00:00:00+00:00
[2026-06-19T07:26:51.297+0200] {processor.py:183} INFO - Processing /Users/eldorado/Documents/swiss-job-intelligence/venv/lib/python3.11/site-packages/airflow/example_dags/example_trigger_controller_dag.py took 0.088 seconds
[2026-06-19T07:27:51.371+0200] {processor.py:161} INFO - Started process (PID=93817) to work on /Users/eldorado/Documents/swiss-job-intelligence/venv/lib/python3.11/site-packages/airflow/example_dags/example_trigger_controller_dag.py
[2026-06-19T07:27:51.373+0200] {processor.py:830} INFO - Processing file /Users/eldorado/Documents/swiss-job-intelligence/venv/lib/python3.11/site-packages/airflow/example_dags/example_trigger_controller_dag.py for tasks to queue
[2026-06-19T07:27:51.373+0200] {logging_mixin.py:188} INFO - [2026-06-19T07:27:51.373+0200] {dagbag.py:538} INFO - Filling up the DagBag from /Users/eldorado/Documents/swiss-job-intelligence/venv/lib/python3.11/site-packages/airflow/example_dags/example_trigger_controller_dag.py
[2026-06-19T07:27:51.379+0200] {processor.py:840} INFO - DAG(s) 'example_trigger_controller_dag' retrieved from /Users/eldorado/Documents/swiss-job-intelligence/venv/lib/python3.11/site-packages/airflow/example_dags/example_trigger_controller_dag.py
[2026-06-19T07:27:51.444+0200] {logging_mixin.py:188} INFO - [2026-06-19T07:27:51.443+0200] {dag.py:3036} INFO - Sync 1 DAGs
[2026-06-19T07:27:51.450+0200] {logging_mixin.py:188} INFO - [2026-06-19T07:27:51.450+0200] {dag.py:3823} INFO - Setting next_dagrun for example_trigger_controller_dag to 2021-01-01 00:00:00+00:00, run_after=2021-01-01 00:00:00+00:00
[2026-06-19T07:27:51.458+0200] {processor.py:183} INFO - Processing /Users/eldorado/Documents/swiss-job-intelligence/venv/lib/python3.11/site-packages/airflow/example_dags/example_trigger_controller_dag.py took 0.088 seconds
[2026-06-19T07:31:10.068+0200] {processor.py:161} INFO - Started process (PID=95078) to work on /Users/eldorado/Documents/swiss-job-intelligence/venv/lib/python3.11/site-packages/airflow/example_dags/example_trigger_controller_dag.py
[2026-06-19T07:31:10.070+0200] {processor.py:830} INFO - Processing file /Users/eldorado/Documents/swiss-job-intelligence/venv/lib/python3.11/site-packages/airflow/example_dags/example_trigger_controller_dag.py for tasks to queue
[2026-06-19T07:31:10.070+0200] {logging_mixin.py:188} INFO - [2026-06-19T07:31:10.070+0200] {dagbag.py:538} INFO - Filling up the DagBag from /Users/eldorado/Documents/swiss-job-intelligence/venv/lib/python3.11/site-packages/airflow/example_dags/example_trigger_controller_dag.py
[2026-06-19T07:31:10.075+0200] {processor.py:840} INFO - DAG(s) 'example_trigger_controller_dag' retrieved from /Users/eldorado/Documents/swiss-job-intelligence/venv/lib/python3.11/site-packages/airflow/example_dags/example_trigger_controller_dag.py
[2026-06-19T07:31:10.135+0200] {logging_mixin.py:188} INFO - [2026-06-19T07:31:10.135+0200] {dag.py:3036} INFO - Sync 1 DAGs
[2026-06-19T07:31:10.141+0200] {logging_mixin.py:188} INFO - [2026-06-19T07:31:10.141+0200] {dag.py:3823} INFO - Setting next_dagrun for example_trigger_controller_dag to 2021-01-01 00:00:00+00:00, run_after=2021-01-01 00:00:00+00:00
[2026-06-19T07:31:10.149+0200] {processor.py:183} INFO - Processing /Users/eldorado/Documents/swiss-job-intelligence/venv/lib/python3.11/site-packages/airflow/example_dags/example_trigger_controller_dag.py took 0.082 seconds
[2026-06-19T07:32:32.422+0200] {processor.py:161} INFO - Started process (PID=95411) to work on /Users/eldorado/Documents/swiss-job-intelligence/venv/lib/python3.11/site-packages/airflow/example_dags/example_trigger_controller_dag.py
[2026-06-19T07:32:32.423+0200] {processor.py:830} INFO - Processing file /Users/eldorado/Documents/swiss-job-intelligence/venv/lib/python3.11/site-packages/airflow/example_dags/example_trigger_controller_dag.py for tasks to queue
[2026-06-19T07:32:32.423+0200] {logging_mixin.py:188} INFO - [2026-06-19T07:32:32.423+0200] {dagbag.py:538} INFO - Filling up the DagBag from /Users/eldorado/Documents/swiss-job-intelligence/venv/lib/python3.11/site-packages/airflow/example_dags/example_trigger_controller_dag.py
[2026-06-19T07:32:32.428+0200] {processor.py:840} INFO - DAG(s) 'example_trigger_controller_dag' retrieved from /Users/eldorado/Documents/swiss-job-intelligence/venv/lib/python3.11/site-packages/airflow/example_dags/example_trigger_controller_dag.py
[2026-06-19T07:32:32.432+0200] {logging_mixin.py:188} INFO - [2026-06-19T07:32:32.432+0200] {dag.py:3036} INFO - Sync 1 DAGs
[2026-06-19T07:32:32.489+0200] {logging_mixin.py:188} INFO - [2026-06-19T07:32:32.489+0200] {dag.py:3823} INFO - Setting next_dagrun for example_trigger_controller_dag to 2021-01-01 00:00:00+00:00, run_after=2021-01-01 00:00:00+00:00
[2026-06-19T07:32:32.498+0200] {processor.py:183} INFO - Processing /Users/eldorado/Documents/swiss-job-intelligence/venv/lib/python3.11/site-packages/airflow/example_dags/example_trigger_controller_dag.py took 0.077 seconds
[2026-06-19T07:35:07.382+0200] {processor.py:161} INFO - Started process (PID=98233) to work on /Users/eldorado/Documents/swiss-job-intelligence/venv/lib/python3.11/site-packages/airflow/example_dags/example_trigger_controller_dag.py
[2026-06-19T07:35:07.384+0200] {processor.py:830} INFO - Processing file /Users/eldorado/Documents/swiss-job-intelligence/venv/lib/python3.11/site-packages/airflow/example_dags/example_trigger_controller_dag.py for tasks to queue
[2026-06-19T07:35:07.384+0200] {logging_mixin.py:188} INFO - [2026-06-19T07:35:07.384+0200] {dagbag.py:538} INFO - Filling up the DagBag from /Users/eldorado/Documents/swiss-job-intelligence/venv/lib/python3.11/site-packages/airflow/example_dags/example_trigger_controller_dag.py
[2026-06-19T07:35:07.389+0200] {processor.py:840} INFO - DAG(s) 'example_trigger_controller_dag' retrieved from /Users/eldorado/Documents/swiss-job-intelligence/venv/lib/python3.11/site-packages/airflow/example_dags/example_trigger_controller_dag.py
[2026-06-19T07:35:07.480+0200] {logging_mixin.py:188} INFO - [2026-06-19T07:35:07.480+0200] {dag.py:3036} INFO - Sync 1 DAGs
[2026-06-19T07:35:07.487+0200] {logging_mixin.py:188} INFO - [2026-06-19T07:35:07.487+0200] {dag.py:3823} INFO - Setting next_dagrun for example_trigger_controller_dag to 2021-01-01 00:00:00+00:00, run_after=2021-01-01 00:00:00+00:00
[2026-06-19T07:35:07.498+0200] {processor.py:183} INFO - Processing /Users/eldorado/Documents/swiss-job-intelligence/venv/lib/python3.11/site-packages/airflow/example_dags/example_trigger_controller_dag.py took 0.116 seconds
