[2026-06-19T07:22:19.274+0200] {processor.py:161} INFO - Started process (PID=93235) to work on /Users/eldorado/Documents/swiss-job-intelligence/venv/lib/python3.11/site-packages/airflow/example_dags/example_python_operator.py
[2026-06-19T07:22:19.274+0200] {processor.py:830} INFO - Processing file /Users/eldorado/Documents/swiss-job-intelligence/venv/lib/python3.11/site-packages/airflow/example_dags/example_python_operator.py for tasks to queue
[2026-06-19T07:22:19.275+0200] {logging_mixin.py:188} INFO - [2026-06-19T07:22:19.274+0200] {dagbag.py:538} INFO - Filling up the DagBag from /Users/eldorado/Documents/swiss-job-intelligence/venv/lib/python3.11/site-packages/airflow/example_dags/example_python_operator.py
[2026-06-19T07:22:19.286+0200] {logging_mixin.py:188} INFO - [2026-06-19T07:22:19.286+0200] {example_python_operator.py:88} WARNING - The virtalenv_python example task requires virtualenv, please install it.
[2026-06-19T07:22:19.287+0200] {processor.py:840} INFO - DAG(s) 'example_python_operator' retrieved from /Users/eldorado/Documents/swiss-job-intelligence/venv/lib/python3.11/site-packages/airflow/example_dags/example_python_operator.py
[2026-06-19T07:22:19.358+0200] {logging_mixin.py:188} INFO - [2026-06-19T07:22:19.358+0200] {dag.py:3036} INFO - Sync 1 DAGs
[2026-06-19T07:22:19.361+0200] {logging_mixin.py:188} INFO - [2026-06-19T07:22:19.361+0200] {dag.py:3823} INFO - Setting next_dagrun for example_python_operator to None, run_after=None
[2026-06-19T07:22:19.371+0200] {processor.py:183} INFO - Processing /Users/eldorado/Documents/swiss-job-intelligence/venv/lib/python3.11/site-packages/airflow/example_dags/example_python_operator.py took 0.097 seconds
[2026-06-19T07:23:50.608+0200] {processor.py:161} INFO - Started process (PID=93340) to work on /Users/eldorado/Documents/swiss-job-intelligence/venv/lib/python3.11/site-packages/airflow/example_dags/example_python_operator.py
[2026-06-19T07:23:50.609+0200] {processor.py:830} INFO - Processing file /Users/eldorado/Documents/swiss-job-intelligence/venv/lib/python3.11/site-packages/airflow/example_dags/example_python_operator.py for tasks to queue
[2026-06-19T07:23:50.610+0200] {logging_mixin.py:188} INFO - [2026-06-19T07:23:50.610+0200] {dagbag.py:538} INFO - Filling up the DagBag from /Users/eldorado/Documents/swiss-job-intelligence/venv/lib/python3.11/site-packages/airflow/example_dags/example_python_operator.py
[2026-06-19T07:23:50.619+0200] {logging_mixin.py:188} INFO - [2026-06-19T07:23:50.619+0200] {example_python_operator.py:88} WARNING - The virtalenv_python example task requires virtualenv, please install it.
[2026-06-19T07:23:50.620+0200] {processor.py:840} INFO - DAG(s) 'example_python_operator' retrieved from /Users/eldorado/Documents/swiss-job-intelligence/venv/lib/python3.11/site-packages/airflow/example_dags/example_python_operator.py
[2026-06-19T07:23:50.684+0200] {logging_mixin.py:188} INFO - [2026-06-19T07:23:50.684+0200] {dag.py:3036} INFO - Sync 1 DAGs
[2026-06-19T07:23:50.687+0200] {logging_mixin.py:188} INFO - [2026-06-19T07:23:50.687+0200] {dag.py:3823} INFO - Setting next_dagrun for example_python_operator to None, run_after=None
[2026-06-19T07:23:50.696+0200] {processor.py:183} INFO - Processing /Users/eldorado/Documents/swiss-job-intelligence/venv/lib/python3.11/site-packages/airflow/example_dags/example_python_operator.py took 0.088 seconds
[2026-06-19T07:25:55.906+0200] {processor.py:161} INFO - Started process (PID=93519) to work on /Users/eldorado/Documents/swiss-job-intelligence/venv/lib/python3.11/site-packages/airflow/example_dags/example_python_operator.py
[2026-06-19T07:25:55.907+0200] {processor.py:830} INFO - Processing file /Users/eldorado/Documents/swiss-job-intelligence/venv/lib/python3.11/site-packages/airflow/example_dags/example_python_operator.py for tasks to queue
[2026-06-19T07:25:55.907+0200] {logging_mixin.py:188} INFO - [2026-06-19T07:25:55.907+0200] {dagbag.py:538} INFO - Filling up the DagBag from /Users/eldorado/Documents/swiss-job-intelligence/venv/lib/python3.11/site-packages/airflow/example_dags/example_python_operator.py
[2026-06-19T07:25:55.917+0200] {logging_mixin.py:188} INFO - [2026-06-19T07:25:55.917+0200] {example_python_operator.py:88} WARNING - The virtalenv_python example task requires virtualenv, please install it.
[2026-06-19T07:25:55.918+0200] {processor.py:840} INFO - DAG(s) 'example_python_operator' retrieved from /Users/eldorado/Documents/swiss-job-intelligence/venv/lib/python3.11/site-packages/airflow/example_dags/example_python_operator.py
[2026-06-19T07:25:55.980+0200] {logging_mixin.py:188} INFO - [2026-06-19T07:25:55.980+0200] {dag.py:3036} INFO - Sync 1 DAGs
[2026-06-19T07:25:55.983+0200] {logging_mixin.py:188} INFO - [2026-06-19T07:25:55.983+0200] {dag.py:3823} INFO - Setting next_dagrun for example_python_operator to None, run_after=None
[2026-06-19T07:25:55.991+0200] {processor.py:183} INFO - Processing /Users/eldorado/Documents/swiss-job-intelligence/venv/lib/python3.11/site-packages/airflow/example_dags/example_python_operator.py took 0.086 seconds
[2026-06-19T07:28:15.038+0200] {processor.py:161} INFO - Started process (PID=93857) to work on /Users/eldorado/Documents/swiss-job-intelligence/venv/lib/python3.11/site-packages/airflow/example_dags/example_python_operator.py
[2026-06-19T07:28:15.039+0200] {processor.py:830} INFO - Processing file /Users/eldorado/Documents/swiss-job-intelligence/venv/lib/python3.11/site-packages/airflow/example_dags/example_python_operator.py for tasks to queue
[2026-06-19T07:28:15.039+0200] {logging_mixin.py:188} INFO - [2026-06-19T07:28:15.039+0200] {dagbag.py:538} INFO - Filling up the DagBag from /Users/eldorado/Documents/swiss-job-intelligence/venv/lib/python3.11/site-packages/airflow/example_dags/example_python_operator.py
[2026-06-19T07:28:15.052+0200] {logging_mixin.py:188} INFO - [2026-06-19T07:28:15.051+0200] {example_python_operator.py:88} WARNING - The virtalenv_python example task requires virtualenv, please install it.
[2026-06-19T07:28:15.053+0200] {processor.py:840} INFO - DAG(s) 'example_python_operator' retrieved from /Users/eldorado/Documents/swiss-job-intelligence/venv/lib/python3.11/site-packages/airflow/example_dags/example_python_operator.py
[2026-06-19T07:28:15.116+0200] {logging_mixin.py:188} INFO - [2026-06-19T07:28:15.116+0200] {dag.py:3036} INFO - Sync 1 DAGs
[2026-06-19T07:28:15.120+0200] {logging_mixin.py:188} INFO - [2026-06-19T07:28:15.119+0200] {dag.py:3823} INFO - Setting next_dagrun for example_python_operator to None, run_after=None
[2026-06-19T07:28:15.128+0200] {processor.py:183} INFO - Processing /Users/eldorado/Documents/swiss-job-intelligence/venv/lib/python3.11/site-packages/airflow/example_dags/example_python_operator.py took 0.090 seconds
[2026-06-19T07:31:33.774+0200] {processor.py:161} INFO - Started process (PID=95117) to work on /Users/eldorado/Documents/swiss-job-intelligence/venv/lib/python3.11/site-packages/airflow/example_dags/example_python_operator.py
[2026-06-19T07:31:33.775+0200] {processor.py:830} INFO - Processing file /Users/eldorado/Documents/swiss-job-intelligence/venv/lib/python3.11/site-packages/airflow/example_dags/example_python_operator.py for tasks to queue
[2026-06-19T07:31:33.775+0200] {logging_mixin.py:188} INFO - [2026-06-19T07:31:33.775+0200] {dagbag.py:538} INFO - Filling up the DagBag from /Users/eldorado/Documents/swiss-job-intelligence/venv/lib/python3.11/site-packages/airflow/example_dags/example_python_operator.py
[2026-06-19T07:31:33.786+0200] {logging_mixin.py:188} INFO - [2026-06-19T07:31:33.786+0200] {example_python_operator.py:88} WARNING - The virtalenv_python example task requires virtualenv, please install it.
[2026-06-19T07:31:33.788+0200] {processor.py:840} INFO - DAG(s) 'example_python_operator' retrieved from /Users/eldorado/Documents/swiss-job-intelligence/venv/lib/python3.11/site-packages/airflow/example_dags/example_python_operator.py
[2026-06-19T07:31:33.870+0200] {logging_mixin.py:188} INFO - [2026-06-19T07:31:33.869+0200] {dag.py:3036} INFO - Sync 1 DAGs
[2026-06-19T07:31:33.873+0200] {logging_mixin.py:188} INFO - [2026-06-19T07:31:33.873+0200] {dag.py:3823} INFO - Setting next_dagrun for example_python_operator to None, run_after=None
[2026-06-19T07:31:33.882+0200] {processor.py:183} INFO - Processing /Users/eldorado/Documents/swiss-job-intelligence/venv/lib/python3.11/site-packages/airflow/example_dags/example_python_operator.py took 0.108 seconds
[2026-06-19T07:32:57.421+0200] {processor.py:161} INFO - Started process (PID=95441) to work on /Users/eldorado/Documents/swiss-job-intelligence/venv/lib/python3.11/site-packages/airflow/example_dags/example_python_operator.py
[2026-06-19T07:32:57.422+0200] {processor.py:830} INFO - Processing file /Users/eldorado/Documents/swiss-job-intelligence/venv/lib/python3.11/site-packages/airflow/example_dags/example_python_operator.py for tasks to queue
[2026-06-19T07:32:57.422+0200] {logging_mixin.py:188} INFO - [2026-06-19T07:32:57.422+0200] {dagbag.py:538} INFO - Filling up the DagBag from /Users/eldorado/Documents/swiss-job-intelligence/venv/lib/python3.11/site-packages/airflow/example_dags/example_python_operator.py
[2026-06-19T07:32:57.433+0200] {logging_mixin.py:188} INFO - [2026-06-19T07:32:57.433+0200] {example_python_operator.py:88} WARNING - The virtalenv_python example task requires virtualenv, please install it.
[2026-06-19T07:32:57.434+0200] {processor.py:840} INFO - DAG(s) 'example_python_operator' retrieved from /Users/eldorado/Documents/swiss-job-intelligence/venv/lib/python3.11/site-packages/airflow/example_dags/example_python_operator.py
[2026-06-19T07:32:57.525+0200] {logging_mixin.py:188} INFO - [2026-06-19T07:32:57.525+0200] {dag.py:3036} INFO - Sync 1 DAGs
[2026-06-19T07:32:57.529+0200] {logging_mixin.py:188} INFO - [2026-06-19T07:32:57.529+0200] {dag.py:3823} INFO - Setting next_dagrun for example_python_operator to None, run_after=None
[2026-06-19T07:32:57.537+0200] {processor.py:183} INFO - Processing /Users/eldorado/Documents/swiss-job-intelligence/venv/lib/python3.11/site-packages/airflow/example_dags/example_python_operator.py took 0.116 seconds
[2026-06-19T07:35:31.224+0200] {processor.py:161} INFO - Started process (PID=98358) to work on /Users/eldorado/Documents/swiss-job-intelligence/venv/lib/python3.11/site-packages/airflow/example_dags/example_python_operator.py
[2026-06-19T07:35:31.226+0200] {processor.py:830} INFO - Processing file /Users/eldorado/Documents/swiss-job-intelligence/venv/lib/python3.11/site-packages/airflow/example_dags/example_python_operator.py for tasks to queue
[2026-06-19T07:35:31.226+0200] {logging_mixin.py:188} INFO - [2026-06-19T07:35:31.226+0200] {dagbag.py:538} INFO - Filling up the DagBag from /Users/eldorado/Documents/swiss-job-intelligence/venv/lib/python3.11/site-packages/airflow/example_dags/example_python_operator.py
[2026-06-19T07:35:31.236+0200] {logging_mixin.py:188} INFO - [2026-06-19T07:35:31.236+0200] {example_python_operator.py:88} WARNING - The virtalenv_python example task requires virtualenv, please install it.
[2026-06-19T07:35:31.239+0200] {processor.py:840} INFO - DAG(s) 'example_python_operator' retrieved from /Users/eldorado/Documents/swiss-job-intelligence/venv/lib/python3.11/site-packages/airflow/example_dags/example_python_operator.py
[2026-06-19T07:35:31.306+0200] {logging_mixin.py:188} INFO - [2026-06-19T07:35:31.306+0200] {dag.py:3036} INFO - Sync 1 DAGs
[2026-06-19T07:35:31.310+0200] {logging_mixin.py:188} INFO - [2026-06-19T07:35:31.310+0200] {dag.py:3823} INFO - Setting next_dagrun for example_python_operator to None, run_after=None
[2026-06-19T07:35:31.317+0200] {processor.py:183} INFO - Processing /Users/eldorado/Documents/swiss-job-intelligence/venv/lib/python3.11/site-packages/airflow/example_dags/example_python_operator.py took 0.093 seconds
