[2026-06-19T07:22:34.093+0200] {processor.py:161} INFO - Started process (PID=93253) to work on /Users/eldorado/Documents/swiss-job-intelligence/venv/lib/python3.11/site-packages/airflow/example_dags/example_latest_only.py
[2026-06-19T07:22:34.093+0200] {processor.py:830} INFO - Processing file /Users/eldorado/Documents/swiss-job-intelligence/venv/lib/python3.11/site-packages/airflow/example_dags/example_latest_only.py for tasks to queue
[2026-06-19T07:22:34.094+0200] {logging_mixin.py:188} INFO - [2026-06-19T07:22:34.094+0200] {dagbag.py:538} INFO - Filling up the DagBag from /Users/eldorado/Documents/swiss-job-intelligence/venv/lib/python3.11/site-packages/airflow/example_dags/example_latest_only.py
[2026-06-19T07:22:34.098+0200] {processor.py:840} INFO - DAG(s) 'latest_only' retrieved from /Users/eldorado/Documents/swiss-job-intelligence/venv/lib/python3.11/site-packages/airflow/example_dags/example_latest_only.py
[2026-06-19T07:22:34.157+0200] {logging_mixin.py:188} INFO - [2026-06-19T07:22:34.157+0200] {dag.py:3036} INFO - Sync 1 DAGs
[2026-06-19T07:22:34.163+0200] {logging_mixin.py:188} INFO - [2026-06-19T07:22:34.163+0200] {dag.py:3823} INFO - Setting next_dagrun for latest_only to 2026-06-19 00:00:00+00:00, run_after=2026-06-19 04:00:00+00:00
[2026-06-19T07:22:34.171+0200] {processor.py:183} INFO - Processing /Users/eldorado/Documents/swiss-job-intelligence/venv/lib/python3.11/site-packages/airflow/example_dags/example_latest_only.py took 0.079 seconds
[2026-06-19T07:24:38.877+0200] {processor.py:161} INFO - Started process (PID=93399) to work on /Users/eldorado/Documents/swiss-job-intelligence/venv/lib/python3.11/site-packages/airflow/example_dags/example_latest_only.py
[2026-06-19T07:24:38.879+0200] {processor.py:830} INFO - Processing file /Users/eldorado/Documents/swiss-job-intelligence/venv/lib/python3.11/site-packages/airflow/example_dags/example_latest_only.py for tasks to queue
[2026-06-19T07:24:38.879+0200] {logging_mixin.py:188} INFO - [2026-06-19T07:24:38.879+0200] {dagbag.py:538} INFO - Filling up the DagBag from /Users/eldorado/Documents/swiss-job-intelligence/venv/lib/python3.11/site-packages/airflow/example_dags/example_latest_only.py
[2026-06-19T07:24:38.885+0200] {processor.py:840} INFO - DAG(s) 'latest_only' retrieved from /Users/eldorado/Documents/swiss-job-intelligence/venv/lib/python3.11/site-packages/airflow/example_dags/example_latest_only.py
[2026-06-19T07:24:38.950+0200] {logging_mixin.py:188} INFO - [2026-06-19T07:24:38.950+0200] {dag.py:3036} INFO - Sync 1 DAGs
[2026-06-19T07:24:38.957+0200] {logging_mixin.py:188} INFO - [2026-06-19T07:24:38.956+0200] {dag.py:3823} INFO - Setting next_dagrun for latest_only to 2026-06-19 00:00:00+00:00, run_after=2026-06-19 04:00:00+00:00
[2026-06-19T07:24:38.964+0200] {processor.py:183} INFO - Processing /Users/eldorado/Documents/swiss-job-intelligence/venv/lib/python3.11/site-packages/airflow/example_dags/example_latest_only.py took 0.088 seconds
[2026-06-19T07:27:00.255+0200] {processor.py:161} INFO - Started process (PID=93755) to work on /Users/eldorado/Documents/swiss-job-intelligence/venv/lib/python3.11/site-packages/airflow/example_dags/example_latest_only.py
[2026-06-19T07:27:00.256+0200] {processor.py:830} INFO - Processing file /Users/eldorado/Documents/swiss-job-intelligence/venv/lib/python3.11/site-packages/airflow/example_dags/example_latest_only.py for tasks to queue
[2026-06-19T07:27:00.256+0200] {logging_mixin.py:188} INFO - [2026-06-19T07:27:00.256+0200] {dagbag.py:538} INFO - Filling up the DagBag from /Users/eldorado/Documents/swiss-job-intelligence/venv/lib/python3.11/site-packages/airflow/example_dags/example_latest_only.py
[2026-06-19T07:27:00.260+0200] {processor.py:840} INFO - DAG(s) 'latest_only' retrieved from /Users/eldorado/Documents/swiss-job-intelligence/venv/lib/python3.11/site-packages/airflow/example_dags/example_latest_only.py
[2026-06-19T07:27:00.323+0200] {logging_mixin.py:188} INFO - [2026-06-19T07:27:00.323+0200] {dag.py:3036} INFO - Sync 1 DAGs
[2026-06-19T07:27:00.331+0200] {logging_mixin.py:188} INFO - [2026-06-19T07:27:00.330+0200] {dag.py:3823} INFO - Setting next_dagrun for latest_only to 2026-06-19 00:00:00+00:00, run_after=2026-06-19 04:00:00+00:00
[2026-06-19T07:27:00.338+0200] {processor.py:183} INFO - Processing /Users/eldorado/Documents/swiss-job-intelligence/venv/lib/python3.11/site-packages/airflow/example_dags/example_latest_only.py took 0.084 seconds
[2026-06-19T07:31:48.930+0200] {processor.py:161} INFO - Started process (PID=95131) to work on /Users/eldorado/Documents/swiss-job-intelligence/venv/lib/python3.11/site-packages/airflow/example_dags/example_latest_only.py
[2026-06-19T07:31:48.931+0200] {processor.py:830} INFO - Processing file /Users/eldorado/Documents/swiss-job-intelligence/venv/lib/python3.11/site-packages/airflow/example_dags/example_latest_only.py for tasks to queue
[2026-06-19T07:31:48.932+0200] {logging_mixin.py:188} INFO - [2026-06-19T07:31:48.932+0200] {dagbag.py:538} INFO - Filling up the DagBag from /Users/eldorado/Documents/swiss-job-intelligence/venv/lib/python3.11/site-packages/airflow/example_dags/example_latest_only.py
[2026-06-19T07:31:48.937+0200] {processor.py:840} INFO - DAG(s) 'latest_only' retrieved from /Users/eldorado/Documents/swiss-job-intelligence/venv/lib/python3.11/site-packages/airflow/example_dags/example_latest_only.py
[2026-06-19T07:31:49.010+0200] {logging_mixin.py:188} INFO - [2026-06-19T07:31:49.010+0200] {dag.py:3036} INFO - Sync 1 DAGs
[2026-06-19T07:31:49.019+0200] {logging_mixin.py:188} INFO - [2026-06-19T07:31:49.019+0200] {dag.py:3823} INFO - Setting next_dagrun for latest_only to 2026-06-19 00:00:00+00:00, run_after=2026-06-19 04:00:00+00:00
[2026-06-19T07:31:49.031+0200] {processor.py:183} INFO - Processing /Users/eldorado/Documents/swiss-job-intelligence/venv/lib/python3.11/site-packages/airflow/example_dags/example_latest_only.py took 0.101 seconds
