[2026-06-19T07:22:08.291+0200] {processor.py:161} INFO - Started process (PID=93202) to work on /Users/eldorado/Documents/swiss-job-intelligence/venv/lib/python3.11/site-packages/airflow/example_dags/example_short_circuit_operator.py
[2026-06-19T07:22:08.292+0200] {processor.py:830} INFO - Processing file /Users/eldorado/Documents/swiss-job-intelligence/venv/lib/python3.11/site-packages/airflow/example_dags/example_short_circuit_operator.py for tasks to queue
[2026-06-19T07:22:08.292+0200] {logging_mixin.py:188} INFO - [2026-06-19T07:22:08.292+0200] {dagbag.py:538} INFO - Filling up the DagBag from /Users/eldorado/Documents/swiss-job-intelligence/venv/lib/python3.11/site-packages/airflow/example_dags/example_short_circuit_operator.py
[2026-06-19T07:22:08.303+0200] {processor.py:840} INFO - DAG(s) 'example_short_circuit_operator' retrieved from /Users/eldorado/Documents/swiss-job-intelligence/venv/lib/python3.11/site-packages/airflow/example_dags/example_short_circuit_operator.py
[2026-06-19T07:22:08.364+0200] {logging_mixin.py:188} INFO - [2026-06-19T07:22:08.363+0200] {dag.py:3036} INFO - Sync 1 DAGs
[2026-06-19T07:22:08.369+0200] {logging_mixin.py:188} INFO - [2026-06-19T07:22:08.369+0200] {dag.py:3823} INFO - Setting next_dagrun for example_short_circuit_operator to 2026-06-18 00:00:00+00:00, run_after=2026-06-19 00:00:00+00:00
[2026-06-19T07:22:08.376+0200] {processor.py:183} INFO - Processing /Users/eldorado/Documents/swiss-job-intelligence/venv/lib/python3.11/site-packages/airflow/example_dags/example_short_circuit_operator.py took 0.085 seconds
[2026-06-19T07:23:38.605+0200] {processor.py:161} INFO - Started process (PID=93327) to work on /Users/eldorado/Documents/swiss-job-intelligence/venv/lib/python3.11/site-packages/airflow/example_dags/example_short_circuit_operator.py
[2026-06-19T07:23:38.605+0200] {processor.py:830} INFO - Processing file /Users/eldorado/Documents/swiss-job-intelligence/venv/lib/python3.11/site-packages/airflow/example_dags/example_short_circuit_operator.py for tasks to queue
[2026-06-19T07:23:38.606+0200] {logging_mixin.py:188} INFO - [2026-06-19T07:23:38.606+0200] {dagbag.py:538} INFO - Filling up the DagBag from /Users/eldorado/Documents/swiss-job-intelligence/venv/lib/python3.11/site-packages/airflow/example_dags/example_short_circuit_operator.py
[2026-06-19T07:23:38.621+0200] {processor.py:840} INFO - DAG(s) 'example_short_circuit_operator' retrieved from /Users/eldorado/Documents/swiss-job-intelligence/venv/lib/python3.11/site-packages/airflow/example_dags/example_short_circuit_operator.py
[2026-06-19T07:23:38.689+0200] {logging_mixin.py:188} INFO - [2026-06-19T07:23:38.689+0200] {dag.py:3036} INFO - Sync 1 DAGs
[2026-06-19T07:23:38.695+0200] {logging_mixin.py:188} INFO - [2026-06-19T07:23:38.695+0200] {dag.py:3823} INFO - Setting next_dagrun for example_short_circuit_operator to 2026-06-18 00:00:00+00:00, run_after=2026-06-19 00:00:00+00:00
[2026-06-19T07:23:38.703+0200] {processor.py:183} INFO - Processing /Users/eldorado/Documents/swiss-job-intelligence/venv/lib/python3.11/site-packages/airflow/example_dags/example_short_circuit_operator.py took 0.098 seconds
[2026-06-19T07:25:44.867+0200] {processor.py:161} INFO - Started process (PID=93506) to work on /Users/eldorado/Documents/swiss-job-intelligence/venv/lib/python3.11/site-packages/airflow/example_dags/example_short_circuit_operator.py
[2026-06-19T07:25:44.868+0200] {processor.py:830} INFO - Processing file /Users/eldorado/Documents/swiss-job-intelligence/venv/lib/python3.11/site-packages/airflow/example_dags/example_short_circuit_operator.py for tasks to queue
[2026-06-19T07:25:44.869+0200] {logging_mixin.py:188} INFO - [2026-06-19T07:25:44.868+0200] {dagbag.py:538} INFO - Filling up the DagBag from /Users/eldorado/Documents/swiss-job-intelligence/venv/lib/python3.11/site-packages/airflow/example_dags/example_short_circuit_operator.py
[2026-06-19T07:25:44.879+0200] {processor.py:840} INFO - DAG(s) 'example_short_circuit_operator' retrieved from /Users/eldorado/Documents/swiss-job-intelligence/venv/lib/python3.11/site-packages/airflow/example_dags/example_short_circuit_operator.py
[2026-06-19T07:25:44.944+0200] {logging_mixin.py:188} INFO - [2026-06-19T07:25:44.944+0200] {dag.py:3036} INFO - Sync 1 DAGs
[2026-06-19T07:25:44.951+0200] {logging_mixin.py:188} INFO - [2026-06-19T07:25:44.951+0200] {dag.py:3823} INFO - Setting next_dagrun for example_short_circuit_operator to 2026-06-18 00:00:00+00:00, run_after=2026-06-19 00:00:00+00:00
[2026-06-19T07:25:44.959+0200] {processor.py:183} INFO - Processing /Users/eldorado/Documents/swiss-job-intelligence/venv/lib/python3.11/site-packages/airflow/example_dags/example_short_circuit_operator.py took 0.092 seconds
[2026-06-19T07:28:05.147+0200] {processor.py:161} INFO - Started process (PID=93830) to work on /Users/eldorado/Documents/swiss-job-intelligence/venv/lib/python3.11/site-packages/airflow/example_dags/example_short_circuit_operator.py
[2026-06-19T07:28:05.148+0200] {processor.py:830} INFO - Processing file /Users/eldorado/Documents/swiss-job-intelligence/venv/lib/python3.11/site-packages/airflow/example_dags/example_short_circuit_operator.py for tasks to queue
[2026-06-19T07:28:05.148+0200] {logging_mixin.py:188} INFO - [2026-06-19T07:28:05.148+0200] {dagbag.py:538} INFO - Filling up the DagBag from /Users/eldorado/Documents/swiss-job-intelligence/venv/lib/python3.11/site-packages/airflow/example_dags/example_short_circuit_operator.py
[2026-06-19T07:28:05.159+0200] {processor.py:840} INFO - DAG(s) 'example_short_circuit_operator' retrieved from /Users/eldorado/Documents/swiss-job-intelligence/venv/lib/python3.11/site-packages/airflow/example_dags/example_short_circuit_operator.py
[2026-06-19T07:28:05.222+0200] {logging_mixin.py:188} INFO - [2026-06-19T07:28:05.222+0200] {dag.py:3036} INFO - Sync 1 DAGs
[2026-06-19T07:28:05.228+0200] {logging_mixin.py:188} INFO - [2026-06-19T07:28:05.228+0200] {dag.py:3823} INFO - Setting next_dagrun for example_short_circuit_operator to 2026-06-18 00:00:00+00:00, run_after=2026-06-19 00:00:00+00:00
[2026-06-19T07:28:05.235+0200] {processor.py:183} INFO - Processing /Users/eldorado/Documents/swiss-job-intelligence/venv/lib/python3.11/site-packages/airflow/example_dags/example_short_circuit_operator.py took 0.089 seconds
[2026-06-19T07:31:22.139+0200] {processor.py:161} INFO - Started process (PID=95096) to work on /Users/eldorado/Documents/swiss-job-intelligence/venv/lib/python3.11/site-packages/airflow/example_dags/example_short_circuit_operator.py
[2026-06-19T07:31:22.140+0200] {processor.py:830} INFO - Processing file /Users/eldorado/Documents/swiss-job-intelligence/venv/lib/python3.11/site-packages/airflow/example_dags/example_short_circuit_operator.py for tasks to queue
[2026-06-19T07:31:22.140+0200] {logging_mixin.py:188} INFO - [2026-06-19T07:31:22.140+0200] {dagbag.py:538} INFO - Filling up the DagBag from /Users/eldorado/Documents/swiss-job-intelligence/venv/lib/python3.11/site-packages/airflow/example_dags/example_short_circuit_operator.py
[2026-06-19T07:31:22.154+0200] {processor.py:840} INFO - DAG(s) 'example_short_circuit_operator' retrieved from /Users/eldorado/Documents/swiss-job-intelligence/venv/lib/python3.11/site-packages/airflow/example_dags/example_short_circuit_operator.py
[2026-06-19T07:31:22.226+0200] {logging_mixin.py:188} INFO - [2026-06-19T07:31:22.226+0200] {dag.py:3036} INFO - Sync 1 DAGs
[2026-06-19T07:31:22.232+0200] {logging_mixin.py:188} INFO - [2026-06-19T07:31:22.232+0200] {dag.py:3823} INFO - Setting next_dagrun for example_short_circuit_operator to 2026-06-18 00:00:00+00:00, run_after=2026-06-19 00:00:00+00:00
[2026-06-19T07:31:22.241+0200] {processor.py:183} INFO - Processing /Users/eldorado/Documents/swiss-job-intelligence/venv/lib/python3.11/site-packages/airflow/example_dags/example_short_circuit_operator.py took 0.103 seconds
[2026-06-19T07:32:45.390+0200] {processor.py:161} INFO - Started process (PID=95421) to work on /Users/eldorado/Documents/swiss-job-intelligence/venv/lib/python3.11/site-packages/airflow/example_dags/example_short_circuit_operator.py
[2026-06-19T07:32:45.392+0200] {processor.py:830} INFO - Processing file /Users/eldorado/Documents/swiss-job-intelligence/venv/lib/python3.11/site-packages/airflow/example_dags/example_short_circuit_operator.py for tasks to queue
[2026-06-19T07:32:45.392+0200] {logging_mixin.py:188} INFO - [2026-06-19T07:32:45.392+0200] {dagbag.py:538} INFO - Filling up the DagBag from /Users/eldorado/Documents/swiss-job-intelligence/venv/lib/python3.11/site-packages/airflow/example_dags/example_short_circuit_operator.py
[2026-06-19T07:32:45.402+0200] {processor.py:840} INFO - DAG(s) 'example_short_circuit_operator' retrieved from /Users/eldorado/Documents/swiss-job-intelligence/venv/lib/python3.11/site-packages/airflow/example_dags/example_short_circuit_operator.py
[2026-06-19T07:32:45.498+0200] {logging_mixin.py:188} INFO - [2026-06-19T07:32:45.497+0200] {dag.py:3036} INFO - Sync 1 DAGs
[2026-06-19T07:32:45.504+0200] {logging_mixin.py:188} INFO - [2026-06-19T07:32:45.503+0200] {dag.py:3823} INFO - Setting next_dagrun for example_short_circuit_operator to 2026-06-18 00:00:00+00:00, run_after=2026-06-19 00:00:00+00:00
[2026-06-19T07:32:45.511+0200] {processor.py:183} INFO - Processing /Users/eldorado/Documents/swiss-job-intelligence/venv/lib/python3.11/site-packages/airflow/example_dags/example_short_circuit_operator.py took 0.122 seconds
[2026-06-19T07:35:19.234+0200] {processor.py:161} INFO - Started process (PID=98305) to work on /Users/eldorado/Documents/swiss-job-intelligence/venv/lib/python3.11/site-packages/airflow/example_dags/example_short_circuit_operator.py
[2026-06-19T07:35:19.235+0200] {processor.py:830} INFO - Processing file /Users/eldorado/Documents/swiss-job-intelligence/venv/lib/python3.11/site-packages/airflow/example_dags/example_short_circuit_operator.py for tasks to queue
[2026-06-19T07:35:19.235+0200] {logging_mixin.py:188} INFO - [2026-06-19T07:35:19.235+0200] {dagbag.py:538} INFO - Filling up the DagBag from /Users/eldorado/Documents/swiss-job-intelligence/venv/lib/python3.11/site-packages/airflow/example_dags/example_short_circuit_operator.py
[2026-06-19T07:35:19.246+0200] {processor.py:840} INFO - DAG(s) 'example_short_circuit_operator' retrieved from /Users/eldorado/Documents/swiss-job-intelligence/venv/lib/python3.11/site-packages/airflow/example_dags/example_short_circuit_operator.py
[2026-06-19T07:35:19.310+0200] {logging_mixin.py:188} INFO - [2026-06-19T07:35:19.310+0200] {dag.py:3036} INFO - Sync 1 DAGs
[2026-06-19T07:35:19.316+0200] {logging_mixin.py:188} INFO - [2026-06-19T07:35:19.316+0200] {dag.py:3823} INFO - Setting next_dagrun for example_short_circuit_operator to 2026-06-18 00:00:00+00:00, run_after=2026-06-19 00:00:00+00:00
[2026-06-19T07:35:19.323+0200] {processor.py:183} INFO - Processing /Users/eldorado/Documents/swiss-job-intelligence/venv/lib/python3.11/site-packages/airflow/example_dags/example_short_circuit_operator.py took 0.089 seconds
