[2026-06-19T07:22:25.147+0200] {processor.py:161} INFO - Started process (PID=93242) to work on /Users/eldorado/Documents/swiss-job-intelligence/venv/lib/python3.11/site-packages/airflow/example_dags/example_params_ui_tutorial.py
[2026-06-19T07:22:25.148+0200] {processor.py:830} INFO - Processing file /Users/eldorado/Documents/swiss-job-intelligence/venv/lib/python3.11/site-packages/airflow/example_dags/example_params_ui_tutorial.py for tasks to queue
[2026-06-19T07:22:25.148+0200] {logging_mixin.py:188} INFO - [2026-06-19T07:22:25.148+0200] {dagbag.py:538} INFO - Filling up the DagBag from /Users/eldorado/Documents/swiss-job-intelligence/venv/lib/python3.11/site-packages/airflow/example_dags/example_params_ui_tutorial.py
[2026-06-19T07:22:25.164+0200] {processor.py:840} INFO - DAG(s) 'example_params_ui_tutorial' retrieved from /Users/eldorado/Documents/swiss-job-intelligence/venv/lib/python3.11/site-packages/airflow/example_dags/example_params_ui_tutorial.py
[2026-06-19T07:22:25.287+0200] {logging_mixin.py:188} INFO - [2026-06-19T07:22:25.287+0200] {dag.py:3036} INFO - Sync 1 DAGs
[2026-06-19T07:22:25.290+0200] {logging_mixin.py:188} INFO - [2026-06-19T07:22:25.290+0200] {dag.py:3823} INFO - Setting next_dagrun for example_params_ui_tutorial to None, run_after=None
[2026-06-19T07:22:25.297+0200] {processor.py:183} INFO - Processing /Users/eldorado/Documents/swiss-job-intelligence/venv/lib/python3.11/site-packages/airflow/example_dags/example_params_ui_tutorial.py took 0.150 seconds
[2026-06-19T07:23:56.584+0200] {processor.py:161} INFO - Started process (PID=93345) to work on /Users/eldorado/Documents/swiss-job-intelligence/venv/lib/python3.11/site-packages/airflow/example_dags/example_params_ui_tutorial.py
[2026-06-19T07:23:56.586+0200] {processor.py:830} INFO - Processing file /Users/eldorado/Documents/swiss-job-intelligence/venv/lib/python3.11/site-packages/airflow/example_dags/example_params_ui_tutorial.py for tasks to queue
[2026-06-19T07:23:56.586+0200] {logging_mixin.py:188} INFO - [2026-06-19T07:23:56.586+0200] {dagbag.py:538} INFO - Filling up the DagBag from /Users/eldorado/Documents/swiss-job-intelligence/venv/lib/python3.11/site-packages/airflow/example_dags/example_params_ui_tutorial.py
[2026-06-19T07:23:56.602+0200] {processor.py:840} INFO - DAG(s) 'example_params_ui_tutorial' retrieved from /Users/eldorado/Documents/swiss-job-intelligence/venv/lib/python3.11/site-packages/airflow/example_dags/example_params_ui_tutorial.py
[2026-06-19T07:23:56.670+0200] {logging_mixin.py:188} INFO - [2026-06-19T07:23:56.669+0200] {dag.py:3036} INFO - Sync 1 DAGs
[2026-06-19T07:23:56.673+0200] {logging_mixin.py:188} INFO - [2026-06-19T07:23:56.673+0200] {dag.py:3823} INFO - Setting next_dagrun for example_params_ui_tutorial to None, run_after=None
[2026-06-19T07:23:56.680+0200] {processor.py:183} INFO - Processing /Users/eldorado/Documents/swiss-job-intelligence/venv/lib/python3.11/site-packages/airflow/example_dags/example_params_ui_tutorial.py took 0.096 seconds
[2026-06-19T07:26:02.860+0200] {processor.py:161} INFO - Started process (PID=93560) to work on /Users/eldorado/Documents/swiss-job-intelligence/venv/lib/python3.11/site-packages/airflow/example_dags/example_params_ui_tutorial.py
[2026-06-19T07:26:02.860+0200] {processor.py:830} INFO - Processing file /Users/eldorado/Documents/swiss-job-intelligence/venv/lib/python3.11/site-packages/airflow/example_dags/example_params_ui_tutorial.py for tasks to queue
[2026-06-19T07:26:02.861+0200] {logging_mixin.py:188} INFO - [2026-06-19T07:26:02.861+0200] {dagbag.py:538} INFO - Filling up the DagBag from /Users/eldorado/Documents/swiss-job-intelligence/venv/lib/python3.11/site-packages/airflow/example_dags/example_params_ui_tutorial.py
[2026-06-19T07:26:02.881+0200] {processor.py:840} INFO - DAG(s) 'example_params_ui_tutorial' retrieved from /Users/eldorado/Documents/swiss-job-intelligence/venv/lib/python3.11/site-packages/airflow/example_dags/example_params_ui_tutorial.py
[2026-06-19T07:26:02.967+0200] {logging_mixin.py:188} INFO - [2026-06-19T07:26:02.967+0200] {dag.py:3036} INFO - Sync 1 DAGs
[2026-06-19T07:26:02.971+0200] {logging_mixin.py:188} INFO - [2026-06-19T07:26:02.971+0200] {dag.py:3823} INFO - Setting next_dagrun for example_params_ui_tutorial to None, run_after=None
[2026-06-19T07:26:02.981+0200] {processor.py:183} INFO - Processing /Users/eldorado/Documents/swiss-job-intelligence/venv/lib/python3.11/site-packages/airflow/example_dags/example_params_ui_tutorial.py took 0.122 seconds
[2026-06-19T07:31:39.967+0200] {processor.py:161} INFO - Started process (PID=95125) to work on /Users/eldorado/Documents/swiss-job-intelligence/venv/lib/python3.11/site-packages/airflow/example_dags/example_params_ui_tutorial.py
[2026-06-19T07:31:39.968+0200] {processor.py:830} INFO - Processing file /Users/eldorado/Documents/swiss-job-intelligence/venv/lib/python3.11/site-packages/airflow/example_dags/example_params_ui_tutorial.py for tasks to queue
[2026-06-19T07:31:39.968+0200] {logging_mixin.py:188} INFO - [2026-06-19T07:31:39.968+0200] {dagbag.py:538} INFO - Filling up the DagBag from /Users/eldorado/Documents/swiss-job-intelligence/venv/lib/python3.11/site-packages/airflow/example_dags/example_params_ui_tutorial.py
[2026-06-19T07:31:39.985+0200] {processor.py:840} INFO - DAG(s) 'example_params_ui_tutorial' retrieved from /Users/eldorado/Documents/swiss-job-intelligence/venv/lib/python3.11/site-packages/airflow/example_dags/example_params_ui_tutorial.py
[2026-06-19T07:31:40.066+0200] {logging_mixin.py:188} INFO - [2026-06-19T07:31:40.066+0200] {dag.py:3036} INFO - Sync 1 DAGs
[2026-06-19T07:31:40.070+0200] {logging_mixin.py:188} INFO - [2026-06-19T07:31:40.069+0200] {dag.py:3823} INFO - Setting next_dagrun for example_params_ui_tutorial to None, run_after=None
[2026-06-19T07:31:40.079+0200] {processor.py:183} INFO - Processing /Users/eldorado/Documents/swiss-job-intelligence/venv/lib/python3.11/site-packages/airflow/example_dags/example_params_ui_tutorial.py took 0.113 seconds
[2026-06-19T07:35:36.250+0200] {processor.py:161} INFO - Started process (PID=98391) to work on /Users/eldorado/Documents/swiss-job-intelligence/venv/lib/python3.11/site-packages/airflow/example_dags/example_params_ui_tutorial.py
[2026-06-19T07:35:36.251+0200] {processor.py:830} INFO - Processing file /Users/eldorado/Documents/swiss-job-intelligence/venv/lib/python3.11/site-packages/airflow/example_dags/example_params_ui_tutorial.py for tasks to queue
[2026-06-19T07:35:36.251+0200] {logging_mixin.py:188} INFO - [2026-06-19T07:35:36.251+0200] {dagbag.py:538} INFO - Filling up the DagBag from /Users/eldorado/Documents/swiss-job-intelligence/venv/lib/python3.11/site-packages/airflow/example_dags/example_params_ui_tutorial.py
[2026-06-19T07:35:36.268+0200] {processor.py:840} INFO - DAG(s) 'example_params_ui_tutorial' retrieved from /Users/eldorado/Documents/swiss-job-intelligence/venv/lib/python3.11/site-packages/airflow/example_dags/example_params_ui_tutorial.py
[2026-06-19T07:35:36.400+0200] {logging_mixin.py:188} INFO - [2026-06-19T07:35:36.400+0200] {dag.py:3036} INFO - Sync 1 DAGs
[2026-06-19T07:35:36.403+0200] {logging_mixin.py:188} INFO - [2026-06-19T07:35:36.403+0200] {dag.py:3823} INFO - Setting next_dagrun for example_params_ui_tutorial to None, run_after=None
[2026-06-19T07:35:36.411+0200] {processor.py:183} INFO - Processing /Users/eldorado/Documents/swiss-job-intelligence/venv/lib/python3.11/site-packages/airflow/example_dags/example_params_ui_tutorial.py took 0.161 seconds
