[2026-06-19T07:22:32.186+0200] {processor.py:161} INFO - Started process (PID=93252) to work on /Users/eldorado/Documents/swiss-job-intelligence/venv/lib/python3.11/site-packages/airflow/example_dags/example_latest_only_with_trigger.py
[2026-06-19T07:22:32.187+0200] {processor.py:830} INFO - Processing file /Users/eldorado/Documents/swiss-job-intelligence/venv/lib/python3.11/site-packages/airflow/example_dags/example_latest_only_with_trigger.py for tasks to queue
[2026-06-19T07:22:32.187+0200] {logging_mixin.py:188} INFO - [2026-06-19T07:22:32.187+0200] {dagbag.py:538} INFO - Filling up the DagBag from /Users/eldorado/Documents/swiss-job-intelligence/venv/lib/python3.11/site-packages/airflow/example_dags/example_latest_only_with_trigger.py
[2026-06-19T07:22:32.191+0200] {processor.py:840} INFO - DAG(s) 'latest_only_with_trigger' retrieved from /Users/eldorado/Documents/swiss-job-intelligence/venv/lib/python3.11/site-packages/airflow/example_dags/example_latest_only_with_trigger.py
[2026-06-19T07:22:32.252+0200] {logging_mixin.py:188} INFO - [2026-06-19T07:22:32.252+0200] {dag.py:3036} INFO - Sync 1 DAGs
[2026-06-19T07:22:32.258+0200] {logging_mixin.py:188} INFO - [2026-06-19T07:22:32.258+0200] {dag.py:3823} INFO - Setting next_dagrun for latest_only_with_trigger to 2026-06-19 00:00:00+00:00, run_after=2026-06-19 04:00:00+00:00
[2026-06-19T07:22:32.265+0200] {processor.py:183} INFO - Processing /Users/eldorado/Documents/swiss-job-intelligence/venv/lib/python3.11/site-packages/airflow/example_dags/example_latest_only_with_trigger.py took 0.080 seconds
[2026-06-19T07:24:36.831+0200] {processor.py:161} INFO - Started process (PID=93394) to work on /Users/eldorado/Documents/swiss-job-intelligence/venv/lib/python3.11/site-packages/airflow/example_dags/example_latest_only_with_trigger.py
[2026-06-19T07:24:36.832+0200] {processor.py:830} INFO - Processing file /Users/eldorado/Documents/swiss-job-intelligence/venv/lib/python3.11/site-packages/airflow/example_dags/example_latest_only_with_trigger.py for tasks to queue
[2026-06-19T07:24:36.832+0200] {logging_mixin.py:188} INFO - [2026-06-19T07:24:36.832+0200] {dagbag.py:538} INFO - Filling up the DagBag from /Users/eldorado/Documents/swiss-job-intelligence/venv/lib/python3.11/site-packages/airflow/example_dags/example_latest_only_with_trigger.py
[2026-06-19T07:24:36.836+0200] {processor.py:840} INFO - DAG(s) 'latest_only_with_trigger' retrieved from /Users/eldorado/Documents/swiss-job-intelligence/venv/lib/python3.11/site-packages/airflow/example_dags/example_latest_only_with_trigger.py
[2026-06-19T07:24:36.899+0200] {logging_mixin.py:188} INFO - [2026-06-19T07:24:36.899+0200] {dag.py:3036} INFO - Sync 1 DAGs
[2026-06-19T07:24:36.905+0200] {logging_mixin.py:188} INFO - [2026-06-19T07:24:36.905+0200] {dag.py:3823} INFO - Setting next_dagrun for latest_only_with_trigger to 2026-06-19 00:00:00+00:00, run_after=2026-06-19 04:00:00+00:00
[2026-06-19T07:24:36.913+0200] {processor.py:183} INFO - Processing /Users/eldorado/Documents/swiss-job-intelligence/venv/lib/python3.11/site-packages/airflow/example_dags/example_latest_only_with_trigger.py took 0.083 seconds
[2026-06-19T07:26:58.531+0200] {processor.py:161} INFO - Started process (PID=93751) to work on /Users/eldorado/Documents/swiss-job-intelligence/venv/lib/python3.11/site-packages/airflow/example_dags/example_latest_only_with_trigger.py
[2026-06-19T07:26:58.532+0200] {processor.py:830} INFO - Processing file /Users/eldorado/Documents/swiss-job-intelligence/venv/lib/python3.11/site-packages/airflow/example_dags/example_latest_only_with_trigger.py for tasks to queue
[2026-06-19T07:26:58.532+0200] {logging_mixin.py:188} INFO - [2026-06-19T07:26:58.532+0200] {dagbag.py:538} INFO - Filling up the DagBag from /Users/eldorado/Documents/swiss-job-intelligence/venv/lib/python3.11/site-packages/airflow/example_dags/example_latest_only_with_trigger.py
[2026-06-19T07:26:58.537+0200] {processor.py:840} INFO - DAG(s) 'latest_only_with_trigger' retrieved from /Users/eldorado/Documents/swiss-job-intelligence/venv/lib/python3.11/site-packages/airflow/example_dags/example_latest_only_with_trigger.py
[2026-06-19T07:26:58.610+0200] {logging_mixin.py:188} INFO - [2026-06-19T07:26:58.609+0200] {dag.py:3036} INFO - Sync 1 DAGs
[2026-06-19T07:26:58.620+0200] {logging_mixin.py:188} INFO - [2026-06-19T07:26:58.620+0200] {dag.py:3823} INFO - Setting next_dagrun for latest_only_with_trigger to 2026-06-19 00:00:00+00:00, run_after=2026-06-19 04:00:00+00:00
[2026-06-19T07:26:58.633+0200] {processor.py:183} INFO - Processing /Users/eldorado/Documents/swiss-job-intelligence/venv/lib/python3.11/site-packages/airflow/example_dags/example_latest_only_with_trigger.py took 0.102 seconds
[2026-06-19T07:31:47.322+0200] {processor.py:161} INFO - Started process (PID=95130) to work on /Users/eldorado/Documents/swiss-job-intelligence/venv/lib/python3.11/site-packages/airflow/example_dags/example_latest_only_with_trigger.py
[2026-06-19T07:31:47.322+0200] {processor.py:830} INFO - Processing file /Users/eldorado/Documents/swiss-job-intelligence/venv/lib/python3.11/site-packages/airflow/example_dags/example_latest_only_with_trigger.py for tasks to queue
[2026-06-19T07:31:47.323+0200] {logging_mixin.py:188} INFO - [2026-06-19T07:31:47.323+0200] {dagbag.py:538} INFO - Filling up the DagBag from /Users/eldorado/Documents/swiss-job-intelligence/venv/lib/python3.11/site-packages/airflow/example_dags/example_latest_only_with_trigger.py
[2026-06-19T07:31:47.327+0200] {processor.py:840} INFO - DAG(s) 'latest_only_with_trigger' retrieved from /Users/eldorado/Documents/swiss-job-intelligence/venv/lib/python3.11/site-packages/airflow/example_dags/example_latest_only_with_trigger.py
[2026-06-19T07:31:47.393+0200] {logging_mixin.py:188} INFO - [2026-06-19T07:31:47.393+0200] {dag.py:3036} INFO - Sync 1 DAGs
[2026-06-19T07:31:47.400+0200] {logging_mixin.py:188} INFO - [2026-06-19T07:31:47.400+0200] {dag.py:3823} INFO - Setting next_dagrun for latest_only_with_trigger to 2026-06-19 00:00:00+00:00, run_after=2026-06-19 04:00:00+00:00
[2026-06-19T07:31:47.409+0200] {processor.py:183} INFO - Processing /Users/eldorado/Documents/swiss-job-intelligence/venv/lib/python3.11/site-packages/airflow/example_dags/example_latest_only_with_trigger.py took 0.087 seconds
