[2026-06-19T07:22:43.135+0200] {processor.py:161} INFO - Started process (PID=93262) to work on /Users/eldorado/Documents/swiss-job-intelligence/venv/lib/python3.11/site-packages/airflow/example_dags/example_datasets.py
[2026-06-19T07:22:43.135+0200] {processor.py:830} INFO - Processing file /Users/eldorado/Documents/swiss-job-intelligence/venv/lib/python3.11/site-packages/airflow/example_dags/example_datasets.py for tasks to queue
[2026-06-19T07:22:43.136+0200] {logging_mixin.py:188} INFO - [2026-06-19T07:22:43.136+0200] {dagbag.py:538} INFO - Filling up the DagBag from /Users/eldorado/Documents/swiss-job-intelligence/venv/lib/python3.11/site-packages/airflow/example_dags/example_datasets.py
[2026-06-19T07:22:43.141+0200] {processor.py:840} INFO - DAG(s) 'dataset_produces_2', 'dataset_consumes_unknown_never_scheduled', 'dataset_consumes_1_never_scheduled', 'dataset_consumes_1', 'dataset_produces_1', 'dataset_consumes_1_and_2' retrieved from /Users/eldorado/Documents/swiss-job-intelligence/venv/lib/python3.11/site-packages/airflow/example_dags/example_datasets.py
[2026-06-19T07:22:43.210+0200] {logging_mixin.py:188} INFO - [2026-06-19T07:22:43.210+0200] {dag.py:3036} INFO - Sync 6 DAGs
[2026-06-19T07:22:43.216+0200] {logging_mixin.py:188} INFO - [2026-06-19T07:22:43.216+0200] {dag.py:3823} INFO - Setting next_dagrun for dataset_consumes_1 to None, run_after=None
[2026-06-19T07:22:43.217+0200] {logging_mixin.py:188} INFO - [2026-06-19T07:22:43.217+0200] {dag.py:3823} INFO - Setting next_dagrun for dataset_consumes_1_and_2 to None, run_after=None
[2026-06-19T07:22:43.217+0200] {logging_mixin.py:188} INFO - [2026-06-19T07:22:43.217+0200] {dag.py:3823} INFO - Setting next_dagrun for dataset_consumes_1_never_scheduled to None, run_after=None
[2026-06-19T07:22:43.218+0200] {logging_mixin.py:188} INFO - [2026-06-19T07:22:43.218+0200] {dag.py:3823} INFO - Setting next_dagrun for dataset_consumes_unknown_never_scheduled to None, run_after=None
[2026-06-19T07:22:43.218+0200] {logging_mixin.py:188} INFO - [2026-06-19T07:22:43.218+0200] {dag.py:3823} INFO - Setting next_dagrun for dataset_produces_1 to 2026-06-18 00:00:00+00:00, run_after=2026-06-19 00:00:00+00:00
[2026-06-19T07:22:43.219+0200] {logging_mixin.py:188} INFO - [2026-06-19T07:22:43.219+0200] {dag.py:3823} INFO - Setting next_dagrun for dataset_produces_2 to None, run_after=None
[2026-06-19T07:22:43.229+0200] {processor.py:183} INFO - Processing /Users/eldorado/Documents/swiss-job-intelligence/venv/lib/python3.11/site-packages/airflow/example_dags/example_datasets.py took 0.094 seconds
[2026-06-19T07:24:48.002+0200] {processor.py:161} INFO - Started process (PID=93416) to work on /Users/eldorado/Documents/swiss-job-intelligence/venv/lib/python3.11/site-packages/airflow/example_dags/example_datasets.py
[2026-06-19T07:24:48.003+0200] {processor.py:830} INFO - Processing file /Users/eldorado/Documents/swiss-job-intelligence/venv/lib/python3.11/site-packages/airflow/example_dags/example_datasets.py for tasks to queue
[2026-06-19T07:24:48.004+0200] {logging_mixin.py:188} INFO - [2026-06-19T07:24:48.003+0200] {dagbag.py:538} INFO - Filling up the DagBag from /Users/eldorado/Documents/swiss-job-intelligence/venv/lib/python3.11/site-packages/airflow/example_dags/example_datasets.py
[2026-06-19T07:24:48.009+0200] {processor.py:840} INFO - DAG(s) 'dataset_consumes_1', 'dataset_produces_1', 'dataset_consumes_1_and_2', 'dataset_consumes_1_never_scheduled', 'dataset_consumes_unknown_never_scheduled', 'dataset_produces_2' retrieved from /Users/eldorado/Documents/swiss-job-intelligence/venv/lib/python3.11/site-packages/airflow/example_dags/example_datasets.py
[2026-06-19T07:24:48.074+0200] {logging_mixin.py:188} INFO - [2026-06-19T07:24:48.074+0200] {dag.py:3036} INFO - Sync 6 DAGs
[2026-06-19T07:24:48.081+0200] {logging_mixin.py:188} INFO - [2026-06-19T07:24:48.081+0200] {dag.py:3823} INFO - Setting next_dagrun for dataset_consumes_1 to None, run_after=None
[2026-06-19T07:24:48.082+0200] {logging_mixin.py:188} INFO - [2026-06-19T07:24:48.082+0200] {dag.py:3823} INFO - Setting next_dagrun for dataset_consumes_1_and_2 to None, run_after=None
[2026-06-19T07:24:48.083+0200] {logging_mixin.py:188} INFO - [2026-06-19T07:24:48.083+0200] {dag.py:3823} INFO - Setting next_dagrun for dataset_consumes_1_never_scheduled to None, run_after=None
[2026-06-19T07:24:48.083+0200] {logging_mixin.py:188} INFO - [2026-06-19T07:24:48.083+0200] {dag.py:3823} INFO - Setting next_dagrun for dataset_consumes_unknown_never_scheduled to None, run_after=None
[2026-06-19T07:24:48.084+0200] {logging_mixin.py:188} INFO - [2026-06-19T07:24:48.084+0200] {dag.py:3823} INFO - Setting next_dagrun for dataset_produces_1 to 2026-06-18 00:00:00+00:00, run_after=2026-06-19 00:00:00+00:00
[2026-06-19T07:24:48.084+0200] {logging_mixin.py:188} INFO - [2026-06-19T07:24:48.084+0200] {dag.py:3823} INFO - Setting next_dagrun for dataset_produces_2 to None, run_after=None
[2026-06-19T07:24:48.096+0200] {processor.py:183} INFO - Processing /Users/eldorado/Documents/swiss-job-intelligence/venv/lib/python3.11/site-packages/airflow/example_dags/example_datasets.py took 0.094 seconds
[2026-06-19T07:27:09.381+0200] {processor.py:161} INFO - Started process (PID=93765) to work on /Users/eldorado/Documents/swiss-job-intelligence/venv/lib/python3.11/site-packages/airflow/example_dags/example_datasets.py
[2026-06-19T07:27:09.382+0200] {processor.py:830} INFO - Processing file /Users/eldorado/Documents/swiss-job-intelligence/venv/lib/python3.11/site-packages/airflow/example_dags/example_datasets.py for tasks to queue
[2026-06-19T07:27:09.382+0200] {logging_mixin.py:188} INFO - [2026-06-19T07:27:09.382+0200] {dagbag.py:538} INFO - Filling up the DagBag from /Users/eldorado/Documents/swiss-job-intelligence/venv/lib/python3.11/site-packages/airflow/example_dags/example_datasets.py
[2026-06-19T07:27:09.387+0200] {processor.py:840} INFO - DAG(s) 'dataset_consumes_unknown_never_scheduled', 'dataset_produces_1', 'dataset_produces_2', 'dataset_consumes_1_never_scheduled', 'dataset_consumes_1', 'dataset_consumes_1_and_2' retrieved from /Users/eldorado/Documents/swiss-job-intelligence/venv/lib/python3.11/site-packages/airflow/example_dags/example_datasets.py
[2026-06-19T07:27:09.454+0200] {logging_mixin.py:188} INFO - [2026-06-19T07:27:09.454+0200] {dag.py:3036} INFO - Sync 6 DAGs
[2026-06-19T07:27:09.461+0200] {logging_mixin.py:188} INFO - [2026-06-19T07:27:09.460+0200] {dag.py:3823} INFO - Setting next_dagrun for dataset_consumes_1 to None, run_after=None
[2026-06-19T07:27:09.462+0200] {logging_mixin.py:188} INFO - [2026-06-19T07:27:09.462+0200] {dag.py:3823} INFO - Setting next_dagrun for dataset_consumes_1_and_2 to None, run_after=None
[2026-06-19T07:27:09.462+0200] {logging_mixin.py:188} INFO - [2026-06-19T07:27:09.462+0200] {dag.py:3823} INFO - Setting next_dagrun for dataset_consumes_1_never_scheduled to None, run_after=None
[2026-06-19T07:27:09.462+0200] {logging_mixin.py:188} INFO - [2026-06-19T07:27:09.462+0200] {dag.py:3823} INFO - Setting next_dagrun for dataset_consumes_unknown_never_scheduled to None, run_after=None
[2026-06-19T07:27:09.463+0200] {logging_mixin.py:188} INFO - [2026-06-19T07:27:09.463+0200] {dag.py:3823} INFO - Setting next_dagrun for dataset_produces_1 to 2026-06-18 00:00:00+00:00, run_after=2026-06-19 00:00:00+00:00
[2026-06-19T07:27:09.463+0200] {logging_mixin.py:188} INFO - [2026-06-19T07:27:09.463+0200] {dag.py:3823} INFO - Setting next_dagrun for dataset_produces_2 to None, run_after=None
[2026-06-19T07:27:09.473+0200] {processor.py:183} INFO - Processing /Users/eldorado/Documents/swiss-job-intelligence/venv/lib/python3.11/site-packages/airflow/example_dags/example_datasets.py took 0.092 seconds
