[2026-06-19T07:22:29.082+0200] {processor.py:161} INFO - Started process (PID=93247) to work on /Users/eldorado/Documents/swiss-job-intelligence/venv/lib/python3.11/site-packages/airflow/example_dags/example_nested_branch_dag.py
[2026-06-19T07:22:29.082+0200] {processor.py:830} INFO - Processing file /Users/eldorado/Documents/swiss-job-intelligence/venv/lib/python3.11/site-packages/airflow/example_dags/example_nested_branch_dag.py for tasks to queue
[2026-06-19T07:22:29.082+0200] {logging_mixin.py:188} INFO - [2026-06-19T07:22:29.082+0200] {dagbag.py:538} INFO - Filling up the DagBag from /Users/eldorado/Documents/swiss-job-intelligence/venv/lib/python3.11/site-packages/airflow/example_dags/example_nested_branch_dag.py
[2026-06-19T07:22:29.098+0200] {processor.py:840} INFO - DAG(s) 'example_nested_branch_dag' retrieved from /Users/eldorado/Documents/swiss-job-intelligence/venv/lib/python3.11/site-packages/airflow/example_dags/example_nested_branch_dag.py
[2026-06-19T07:22:29.159+0200] {logging_mixin.py:188} INFO - [2026-06-19T07:22:29.159+0200] {dag.py:3036} INFO - Sync 1 DAGs
[2026-06-19T07:22:29.165+0200] {logging_mixin.py:188} INFO - [2026-06-19T07:22:29.165+0200] {dag.py:3823} INFO - Setting next_dagrun for example_nested_branch_dag to 2026-06-18 00:00:00+00:00, run_after=2026-06-19 00:00:00+00:00
[2026-06-19T07:22:29.173+0200] {processor.py:183} INFO - Processing /Users/eldorado/Documents/swiss-job-intelligence/venv/lib/python3.11/site-packages/airflow/example_dags/example_nested_branch_dag.py took 0.092 seconds
[2026-06-19T07:24:00.522+0200] {processor.py:161} INFO - Started process (PID=93351) to work on /Users/eldorado/Documents/swiss-job-intelligence/venv/lib/python3.11/site-packages/airflow/example_dags/example_nested_branch_dag.py
[2026-06-19T07:24:00.527+0200] {processor.py:830} INFO - Processing file /Users/eldorado/Documents/swiss-job-intelligence/venv/lib/python3.11/site-packages/airflow/example_dags/example_nested_branch_dag.py for tasks to queue
[2026-06-19T07:24:00.527+0200] {logging_mixin.py:188} INFO - [2026-06-19T07:24:00.527+0200] {dagbag.py:538} INFO - Filling up the DagBag from /Users/eldorado/Documents/swiss-job-intelligence/venv/lib/python3.11/site-packages/airflow/example_dags/example_nested_branch_dag.py
[2026-06-19T07:24:00.543+0200] {processor.py:840} INFO - DAG(s) 'example_nested_branch_dag' retrieved from /Users/eldorado/Documents/swiss-job-intelligence/venv/lib/python3.11/site-packages/airflow/example_dags/example_nested_branch_dag.py
[2026-06-19T07:24:00.606+0200] {logging_mixin.py:188} INFO - [2026-06-19T07:24:00.606+0200] {dag.py:3036} INFO - Sync 1 DAGs
[2026-06-19T07:24:00.613+0200] {logging_mixin.py:188} INFO - [2026-06-19T07:24:00.613+0200] {dag.py:3823} INFO - Setting next_dagrun for example_nested_branch_dag to 2026-06-18 00:00:00+00:00, run_after=2026-06-19 00:00:00+00:00
[2026-06-19T07:24:00.620+0200] {processor.py:183} INFO - Processing /Users/eldorado/Documents/swiss-job-intelligence/venv/lib/python3.11/site-packages/airflow/example_dags/example_nested_branch_dag.py took 0.098 seconds
[2026-06-19T07:26:06.701+0200] {processor.py:161} INFO - Started process (PID=93602) to work on /Users/eldorado/Documents/swiss-job-intelligence/venv/lib/python3.11/site-packages/airflow/example_dags/example_nested_branch_dag.py
[2026-06-19T07:26:06.702+0200] {processor.py:830} INFO - Processing file /Users/eldorado/Documents/swiss-job-intelligence/venv/lib/python3.11/site-packages/airflow/example_dags/example_nested_branch_dag.py for tasks to queue
[2026-06-19T07:26:06.702+0200] {logging_mixin.py:188} INFO - [2026-06-19T07:26:06.702+0200] {dagbag.py:538} INFO - Filling up the DagBag from /Users/eldorado/Documents/swiss-job-intelligence/venv/lib/python3.11/site-packages/airflow/example_dags/example_nested_branch_dag.py
[2026-06-19T07:26:06.721+0200] {processor.py:840} INFO - DAG(s) 'example_nested_branch_dag' retrieved from /Users/eldorado/Documents/swiss-job-intelligence/venv/lib/python3.11/site-packages/airflow/example_dags/example_nested_branch_dag.py
[2026-06-19T07:26:06.796+0200] {logging_mixin.py:188} INFO - [2026-06-19T07:26:06.796+0200] {dag.py:3036} INFO - Sync 1 DAGs
[2026-06-19T07:26:06.803+0200] {logging_mixin.py:188} INFO - [2026-06-19T07:26:06.803+0200] {dag.py:3823} INFO - Setting next_dagrun for example_nested_branch_dag to 2026-06-18 00:00:00+00:00, run_after=2026-06-19 00:00:00+00:00
[2026-06-19T07:26:06.811+0200] {processor.py:183} INFO - Processing /Users/eldorado/Documents/swiss-job-intelligence/venv/lib/python3.11/site-packages/airflow/example_dags/example_nested_branch_dag.py took 0.111 seconds
[2026-06-19T07:31:43.640+0200] {processor.py:161} INFO - Started process (PID=95127) to work on /Users/eldorado/Documents/swiss-job-intelligence/venv/lib/python3.11/site-packages/airflow/example_dags/example_nested_branch_dag.py
[2026-06-19T07:31:43.641+0200] {processor.py:830} INFO - Processing file /Users/eldorado/Documents/swiss-job-intelligence/venv/lib/python3.11/site-packages/airflow/example_dags/example_nested_branch_dag.py for tasks to queue
[2026-06-19T07:31:43.641+0200] {logging_mixin.py:188} INFO - [2026-06-19T07:31:43.641+0200] {dagbag.py:538} INFO - Filling up the DagBag from /Users/eldorado/Documents/swiss-job-intelligence/venv/lib/python3.11/site-packages/airflow/example_dags/example_nested_branch_dag.py
[2026-06-19T07:31:43.656+0200] {processor.py:840} INFO - DAG(s) 'example_nested_branch_dag' retrieved from /Users/eldorado/Documents/swiss-job-intelligence/venv/lib/python3.11/site-packages/airflow/example_dags/example_nested_branch_dag.py
[2026-06-19T07:31:43.717+0200] {logging_mixin.py:188} INFO - [2026-06-19T07:31:43.717+0200] {dag.py:3036} INFO - Sync 1 DAGs
[2026-06-19T07:31:43.723+0200] {logging_mixin.py:188} INFO - [2026-06-19T07:31:43.723+0200] {dag.py:3823} INFO - Setting next_dagrun for example_nested_branch_dag to 2026-06-18 00:00:00+00:00, run_after=2026-06-19 00:00:00+00:00
[2026-06-19T07:31:43.730+0200] {processor.py:183} INFO - Processing /Users/eldorado/Documents/swiss-job-intelligence/venv/lib/python3.11/site-packages/airflow/example_dags/example_nested_branch_dag.py took 0.090 seconds
