[2026-06-19T07:21:59.266+0200] {processor.py:161} INFO - Started process (PID=93168) to work on /Users/eldorado/Documents/swiss-job-intelligence/venv/lib/python3.11/site-packages/airflow/example_dags/example_task_group_decorator.py
[2026-06-19T07:21:59.267+0200] {processor.py:830} INFO - Processing file /Users/eldorado/Documents/swiss-job-intelligence/venv/lib/python3.11/site-packages/airflow/example_dags/example_task_group_decorator.py for tasks to queue
[2026-06-19T07:21:59.267+0200] {logging_mixin.py:188} INFO - [2026-06-19T07:21:59.267+0200] {dagbag.py:538} INFO - Filling up the DagBag from /Users/eldorado/Documents/swiss-job-intelligence/venv/lib/python3.11/site-packages/airflow/example_dags/example_task_group_decorator.py
[2026-06-19T07:21:59.284+0200] {processor.py:840} INFO - DAG(s) 'example_task_group_decorator' retrieved from /Users/eldorado/Documents/swiss-job-intelligence/venv/lib/python3.11/site-packages/airflow/example_dags/example_task_group_decorator.py
[2026-06-19T07:21:59.350+0200] {logging_mixin.py:188} INFO - [2026-06-19T07:21:59.350+0200] {dag.py:3036} INFO - Sync 1 DAGs
[2026-06-19T07:21:59.356+0200] {logging_mixin.py:188} INFO - [2026-06-19T07:21:59.356+0200] {dag.py:3823} INFO - Setting next_dagrun for example_task_group_decorator to 2026-06-18 00:00:00+00:00, run_after=2026-06-19 00:00:00+00:00
[2026-06-19T07:21:59.362+0200] {processor.py:183} INFO - Processing /Users/eldorado/Documents/swiss-job-intelligence/venv/lib/python3.11/site-packages/airflow/example_dags/example_task_group_decorator.py took 0.097 seconds
[2026-06-19T07:23:30.797+0200] {processor.py:161} INFO - Started process (PID=93322) to work on /Users/eldorado/Documents/swiss-job-intelligence/venv/lib/python3.11/site-packages/airflow/example_dags/example_task_group_decorator.py
[2026-06-19T07:23:30.799+0200] {processor.py:830} INFO - Processing file /Users/eldorado/Documents/swiss-job-intelligence/venv/lib/python3.11/site-packages/airflow/example_dags/example_task_group_decorator.py for tasks to queue
[2026-06-19T07:23:30.799+0200] {logging_mixin.py:188} INFO - [2026-06-19T07:23:30.799+0200] {dagbag.py:538} INFO - Filling up the DagBag from /Users/eldorado/Documents/swiss-job-intelligence/venv/lib/python3.11/site-packages/airflow/example_dags/example_task_group_decorator.py
[2026-06-19T07:23:30.817+0200] {processor.py:840} INFO - DAG(s) 'example_task_group_decorator' retrieved from /Users/eldorado/Documents/swiss-job-intelligence/venv/lib/python3.11/site-packages/airflow/example_dags/example_task_group_decorator.py
[2026-06-19T07:23:30.879+0200] {logging_mixin.py:188} INFO - [2026-06-19T07:23:30.879+0200] {dag.py:3036} INFO - Sync 1 DAGs
[2026-06-19T07:23:30.885+0200] {logging_mixin.py:188} INFO - [2026-06-19T07:23:30.885+0200] {dag.py:3823} INFO - Setting next_dagrun for example_task_group_decorator to 2026-06-18 00:00:00+00:00, run_after=2026-06-19 00:00:00+00:00
[2026-06-19T07:23:30.893+0200] {processor.py:183} INFO - Processing /Users/eldorado/Documents/swiss-job-intelligence/venv/lib/python3.11/site-packages/airflow/example_dags/example_task_group_decorator.py took 0.096 seconds
[2026-06-19T07:24:32.898+0200] {processor.py:161} INFO - Started process (PID=93388) to work on /Users/eldorado/Documents/swiss-job-intelligence/venv/lib/python3.11/site-packages/airflow/example_dags/example_task_group_decorator.py
[2026-06-19T07:24:32.900+0200] {processor.py:830} INFO - Processing file /Users/eldorado/Documents/swiss-job-intelligence/venv/lib/python3.11/site-packages/airflow/example_dags/example_task_group_decorator.py for tasks to queue
[2026-06-19T07:24:32.900+0200] {logging_mixin.py:188} INFO - [2026-06-19T07:24:32.900+0200] {dagbag.py:538} INFO - Filling up the DagBag from /Users/eldorado/Documents/swiss-job-intelligence/venv/lib/python3.11/site-packages/airflow/example_dags/example_task_group_decorator.py
[2026-06-19T07:24:32.916+0200] {processor.py:840} INFO - DAG(s) 'example_task_group_decorator' retrieved from /Users/eldorado/Documents/swiss-job-intelligence/venv/lib/python3.11/site-packages/airflow/example_dags/example_task_group_decorator.py
[2026-06-19T07:24:32.978+0200] {logging_mixin.py:188} INFO - [2026-06-19T07:24:32.977+0200] {dag.py:3036} INFO - Sync 1 DAGs
[2026-06-19T07:24:32.984+0200] {logging_mixin.py:188} INFO - [2026-06-19T07:24:32.984+0200] {dag.py:3823} INFO - Setting next_dagrun for example_task_group_decorator to 2026-06-18 00:00:00+00:00, run_after=2026-06-19 00:00:00+00:00
[2026-06-19T07:24:32.991+0200] {processor.py:183} INFO - Processing /Users/eldorado/Documents/swiss-job-intelligence/venv/lib/python3.11/site-packages/airflow/example_dags/example_task_group_decorator.py took 0.093 seconds
[2026-06-19T07:25:34.849+0200] {processor.py:161} INFO - Started process (PID=93488) to work on /Users/eldorado/Documents/swiss-job-intelligence/venv/lib/python3.11/site-packages/airflow/example_dags/example_task_group_decorator.py
[2026-06-19T07:25:34.850+0200] {processor.py:830} INFO - Processing file /Users/eldorado/Documents/swiss-job-intelligence/venv/lib/python3.11/site-packages/airflow/example_dags/example_task_group_decorator.py for tasks to queue
[2026-06-19T07:25:34.850+0200] {logging_mixin.py:188} INFO - [2026-06-19T07:25:34.850+0200] {dagbag.py:538} INFO - Filling up the DagBag from /Users/eldorado/Documents/swiss-job-intelligence/venv/lib/python3.11/site-packages/airflow/example_dags/example_task_group_decorator.py
[2026-06-19T07:25:34.867+0200] {processor.py:840} INFO - DAG(s) 'example_task_group_decorator' retrieved from /Users/eldorado/Documents/swiss-job-intelligence/venv/lib/python3.11/site-packages/airflow/example_dags/example_task_group_decorator.py
[2026-06-19T07:25:34.930+0200] {logging_mixin.py:188} INFO - [2026-06-19T07:25:34.930+0200] {dag.py:3036} INFO - Sync 1 DAGs
[2026-06-19T07:25:34.937+0200] {logging_mixin.py:188} INFO - [2026-06-19T07:25:34.937+0200] {dag.py:3823} INFO - Setting next_dagrun for example_task_group_decorator to 2026-06-18 00:00:00+00:00, run_after=2026-06-19 00:00:00+00:00
[2026-06-19T07:25:34.945+0200] {processor.py:183} INFO - Processing /Users/eldorado/Documents/swiss-job-intelligence/venv/lib/python3.11/site-packages/airflow/example_dags/example_task_group_decorator.py took 0.096 seconds
[2026-06-19T07:26:54.311+0200] {processor.py:161} INFO - Started process (PID=93748) to work on /Users/eldorado/Documents/swiss-job-intelligence/venv/lib/python3.11/site-packages/airflow/example_dags/example_task_group_decorator.py
[2026-06-19T07:26:54.312+0200] {processor.py:830} INFO - Processing file /Users/eldorado/Documents/swiss-job-intelligence/venv/lib/python3.11/site-packages/airflow/example_dags/example_task_group_decorator.py for tasks to queue
[2026-06-19T07:26:54.312+0200] {logging_mixin.py:188} INFO - [2026-06-19T07:26:54.312+0200] {dagbag.py:538} INFO - Filling up the DagBag from /Users/eldorado/Documents/swiss-job-intelligence/venv/lib/python3.11/site-packages/airflow/example_dags/example_task_group_decorator.py
[2026-06-19T07:26:54.329+0200] {processor.py:840} INFO - DAG(s) 'example_task_group_decorator' retrieved from /Users/eldorado/Documents/swiss-job-intelligence/venv/lib/python3.11/site-packages/airflow/example_dags/example_task_group_decorator.py
[2026-06-19T07:26:54.394+0200] {logging_mixin.py:188} INFO - [2026-06-19T07:26:54.394+0200] {dag.py:3036} INFO - Sync 1 DAGs
[2026-06-19T07:26:54.401+0200] {logging_mixin.py:188} INFO - [2026-06-19T07:26:54.401+0200] {dag.py:3823} INFO - Setting next_dagrun for example_task_group_decorator to 2026-06-18 00:00:00+00:00, run_after=2026-06-19 00:00:00+00:00
[2026-06-19T07:26:54.408+0200] {processor.py:183} INFO - Processing /Users/eldorado/Documents/swiss-job-intelligence/venv/lib/python3.11/site-packages/airflow/example_dags/example_task_group_decorator.py took 0.098 seconds
[2026-06-19T07:27:55.323+0200] {processor.py:161} INFO - Started process (PID=93820) to work on /Users/eldorado/Documents/swiss-job-intelligence/venv/lib/python3.11/site-packages/airflow/example_dags/example_task_group_decorator.py
[2026-06-19T07:27:55.324+0200] {processor.py:830} INFO - Processing file /Users/eldorado/Documents/swiss-job-intelligence/venv/lib/python3.11/site-packages/airflow/example_dags/example_task_group_decorator.py for tasks to queue
[2026-06-19T07:27:55.324+0200] {logging_mixin.py:188} INFO - [2026-06-19T07:27:55.324+0200] {dagbag.py:538} INFO - Filling up the DagBag from /Users/eldorado/Documents/swiss-job-intelligence/venv/lib/python3.11/site-packages/airflow/example_dags/example_task_group_decorator.py
[2026-06-19T07:27:55.341+0200] {processor.py:840} INFO - DAG(s) 'example_task_group_decorator' retrieved from /Users/eldorado/Documents/swiss-job-intelligence/venv/lib/python3.11/site-packages/airflow/example_dags/example_task_group_decorator.py
[2026-06-19T07:27:55.403+0200] {logging_mixin.py:188} INFO - [2026-06-19T07:27:55.403+0200] {dag.py:3036} INFO - Sync 1 DAGs
[2026-06-19T07:27:55.409+0200] {logging_mixin.py:188} INFO - [2026-06-19T07:27:55.409+0200] {dag.py:3823} INFO - Setting next_dagrun for example_task_group_decorator to 2026-06-18 00:00:00+00:00, run_after=2026-06-19 00:00:00+00:00
[2026-06-19T07:27:55.417+0200] {processor.py:183} INFO - Processing /Users/eldorado/Documents/swiss-job-intelligence/venv/lib/python3.11/site-packages/airflow/example_dags/example_task_group_decorator.py took 0.094 seconds
[2026-06-19T07:31:14.128+0200] {processor.py:161} INFO - Started process (PID=95080) to work on /Users/eldorado/Documents/swiss-job-intelligence/venv/lib/python3.11/site-packages/airflow/example_dags/example_task_group_decorator.py
[2026-06-19T07:31:14.129+0200] {processor.py:830} INFO - Processing file /Users/eldorado/Documents/swiss-job-intelligence/venv/lib/python3.11/site-packages/airflow/example_dags/example_task_group_decorator.py for tasks to queue
[2026-06-19T07:31:14.129+0200] {logging_mixin.py:188} INFO - [2026-06-19T07:31:14.129+0200] {dagbag.py:538} INFO - Filling up the DagBag from /Users/eldorado/Documents/swiss-job-intelligence/venv/lib/python3.11/site-packages/airflow/example_dags/example_task_group_decorator.py
[2026-06-19T07:31:14.146+0200] {processor.py:840} INFO - DAG(s) 'example_task_group_decorator' retrieved from /Users/eldorado/Documents/swiss-job-intelligence/venv/lib/python3.11/site-packages/airflow/example_dags/example_task_group_decorator.py
[2026-06-19T07:31:14.211+0200] {logging_mixin.py:188} INFO - [2026-06-19T07:31:14.210+0200] {dag.py:3036} INFO - Sync 1 DAGs
[2026-06-19T07:31:14.217+0200] {logging_mixin.py:188} INFO - [2026-06-19T07:31:14.217+0200] {dag.py:3823} INFO - Setting next_dagrun for example_task_group_decorator to 2026-06-18 00:00:00+00:00, run_after=2026-06-19 00:00:00+00:00
[2026-06-19T07:31:14.225+0200] {processor.py:183} INFO - Processing /Users/eldorado/Documents/swiss-job-intelligence/venv/lib/python3.11/site-packages/airflow/example_dags/example_task_group_decorator.py took 0.097 seconds
[2026-06-19T07:32:36.221+0200] {processor.py:161} INFO - Started process (PID=95413) to work on /Users/eldorado/Documents/swiss-job-intelligence/venv/lib/python3.11/site-packages/airflow/example_dags/example_task_group_decorator.py
[2026-06-19T07:32:36.223+0200] {processor.py:830} INFO - Processing file /Users/eldorado/Documents/swiss-job-intelligence/venv/lib/python3.11/site-packages/airflow/example_dags/example_task_group_decorator.py for tasks to queue
[2026-06-19T07:32:36.223+0200] {logging_mixin.py:188} INFO - [2026-06-19T07:32:36.223+0200] {dagbag.py:538} INFO - Filling up the DagBag from /Users/eldorado/Documents/swiss-job-intelligence/venv/lib/python3.11/site-packages/airflow/example_dags/example_task_group_decorator.py
[2026-06-19T07:32:36.239+0200] {processor.py:840} INFO - DAG(s) 'example_task_group_decorator' retrieved from /Users/eldorado/Documents/swiss-job-intelligence/venv/lib/python3.11/site-packages/airflow/example_dags/example_task_group_decorator.py
[2026-06-19T07:32:36.243+0200] {logging_mixin.py:188} INFO - [2026-06-19T07:32:36.243+0200] {dag.py:3036} INFO - Sync 1 DAGs
[2026-06-19T07:32:36.299+0200] {logging_mixin.py:188} INFO - [2026-06-19T07:32:36.299+0200] {dag.py:3823} INFO - Setting next_dagrun for example_task_group_decorator to 2026-06-18 00:00:00+00:00, run_after=2026-06-19 00:00:00+00:00
[2026-06-19T07:32:36.307+0200] {processor.py:183} INFO - Processing /Users/eldorado/Documents/swiss-job-intelligence/venv/lib/python3.11/site-packages/airflow/example_dags/example_task_group_decorator.py took 0.086 seconds
[2026-06-19T07:35:11.319+0200] {processor.py:161} INFO - Started process (PID=98262) to work on /Users/eldorado/Documents/swiss-job-intelligence/venv/lib/python3.11/site-packages/airflow/example_dags/example_task_group_decorator.py
[2026-06-19T07:35:11.320+0200] {processor.py:830} INFO - Processing file /Users/eldorado/Documents/swiss-job-intelligence/venv/lib/python3.11/site-packages/airflow/example_dags/example_task_group_decorator.py for tasks to queue
[2026-06-19T07:35:11.320+0200] {logging_mixin.py:188} INFO - [2026-06-19T07:35:11.320+0200] {dagbag.py:538} INFO - Filling up the DagBag from /Users/eldorado/Documents/swiss-job-intelligence/venv/lib/python3.11/site-packages/airflow/example_dags/example_task_group_decorator.py
[2026-06-19T07:35:11.336+0200] {processor.py:840} INFO - DAG(s) 'example_task_group_decorator' retrieved from /Users/eldorado/Documents/swiss-job-intelligence/venv/lib/python3.11/site-packages/airflow/example_dags/example_task_group_decorator.py
[2026-06-19T07:35:11.431+0200] {logging_mixin.py:188} INFO - [2026-06-19T07:35:11.431+0200] {dag.py:3036} INFO - Sync 1 DAGs
[2026-06-19T07:35:11.436+0200] {logging_mixin.py:188} INFO - [2026-06-19T07:35:11.436+0200] {dag.py:3823} INFO - Setting next_dagrun for example_task_group_decorator to 2026-06-18 00:00:00+00:00, run_after=2026-06-19 00:00:00+00:00
[2026-06-19T07:35:11.444+0200] {processor.py:183} INFO - Processing /Users/eldorado/Documents/swiss-job-intelligence/venv/lib/python3.11/site-packages/airflow/example_dags/example_task_group_decorator.py took 0.126 seconds
