[2026-06-19T07:22:01.243+0200] {processor.py:161} INFO - Started process (PID=93176) to work on /Users/eldorado/Documents/swiss-job-intelligence/venv/lib/python3.11/site-packages/airflow/example_dags/example_task_group.py
[2026-06-19T07:22:01.248+0200] {processor.py:830} INFO - Processing file /Users/eldorado/Documents/swiss-job-intelligence/venv/lib/python3.11/site-packages/airflow/example_dags/example_task_group.py for tasks to queue
[2026-06-19T07:22:01.248+0200] {logging_mixin.py:188} INFO - [2026-06-19T07:22:01.248+0200] {dagbag.py:538} INFO - Filling up the DagBag from /Users/eldorado/Documents/swiss-job-intelligence/venv/lib/python3.11/site-packages/airflow/example_dags/example_task_group.py
[2026-06-19T07:22:01.253+0200] {processor.py:840} INFO - DAG(s) 'example_task_group' retrieved from /Users/eldorado/Documents/swiss-job-intelligence/venv/lib/python3.11/site-packages/airflow/example_dags/example_task_group.py
[2026-06-19T07:22:01.319+0200] {logging_mixin.py:188} INFO - [2026-06-19T07:22:01.319+0200] {dag.py:3036} INFO - Sync 1 DAGs
[2026-06-19T07:22:01.326+0200] {logging_mixin.py:188} INFO - [2026-06-19T07:22:01.326+0200] {dag.py:3823} INFO - Setting next_dagrun for example_task_group to 2026-06-18 00:00:00+00:00, run_after=2026-06-19 00:00:00+00:00
[2026-06-19T07:22:01.333+0200] {processor.py:183} INFO - Processing /Users/eldorado/Documents/swiss-job-intelligence/venv/lib/python3.11/site-packages/airflow/example_dags/example_task_group.py took 0.090 seconds
[2026-06-19T07:23:32.643+0200] {processor.py:161} INFO - Started process (PID=93323) to work on /Users/eldorado/Documents/swiss-job-intelligence/venv/lib/python3.11/site-packages/airflow/example_dags/example_task_group.py
[2026-06-19T07:23:32.644+0200] {processor.py:830} INFO - Processing file /Users/eldorado/Documents/swiss-job-intelligence/venv/lib/python3.11/site-packages/airflow/example_dags/example_task_group.py for tasks to queue
[2026-06-19T07:23:32.644+0200] {logging_mixin.py:188} INFO - [2026-06-19T07:23:32.644+0200] {dagbag.py:538} INFO - Filling up the DagBag from /Users/eldorado/Documents/swiss-job-intelligence/venv/lib/python3.11/site-packages/airflow/example_dags/example_task_group.py
[2026-06-19T07:23:32.648+0200] {processor.py:840} INFO - DAG(s) 'example_task_group' retrieved from /Users/eldorado/Documents/swiss-job-intelligence/venv/lib/python3.11/site-packages/airflow/example_dags/example_task_group.py
[2026-06-19T07:23:32.710+0200] {logging_mixin.py:188} INFO - [2026-06-19T07:23:32.710+0200] {dag.py:3036} INFO - Sync 1 DAGs
[2026-06-19T07:23:32.716+0200] {logging_mixin.py:188} INFO - [2026-06-19T07:23:32.716+0200] {dag.py:3823} INFO - Setting next_dagrun for example_task_group to 2026-06-18 00:00:00+00:00, run_after=2026-06-19 00:00:00+00:00
[2026-06-19T07:23:32.723+0200] {processor.py:183} INFO - Processing /Users/eldorado/Documents/swiss-job-intelligence/venv/lib/python3.11/site-packages/airflow/example_dags/example_task_group.py took 0.081 seconds
[2026-06-19T07:24:34.897+0200] {processor.py:161} INFO - Started process (PID=93391) to work on /Users/eldorado/Documents/swiss-job-intelligence/venv/lib/python3.11/site-packages/airflow/example_dags/example_task_group.py
[2026-06-19T07:24:34.900+0200] {processor.py:830} INFO - Processing file /Users/eldorado/Documents/swiss-job-intelligence/venv/lib/python3.11/site-packages/airflow/example_dags/example_task_group.py for tasks to queue
[2026-06-19T07:24:34.900+0200] {logging_mixin.py:188} INFO - [2026-06-19T07:24:34.900+0200] {dagbag.py:538} INFO - Filling up the DagBag from /Users/eldorado/Documents/swiss-job-intelligence/venv/lib/python3.11/site-packages/airflow/example_dags/example_task_group.py
[2026-06-19T07:24:34.905+0200] {processor.py:840} INFO - DAG(s) 'example_task_group' retrieved from /Users/eldorado/Documents/swiss-job-intelligence/venv/lib/python3.11/site-packages/airflow/example_dags/example_task_group.py
[2026-06-19T07:24:34.967+0200] {logging_mixin.py:188} INFO - [2026-06-19T07:24:34.967+0200] {dag.py:3036} INFO - Sync 1 DAGs
[2026-06-19T07:24:34.973+0200] {logging_mixin.py:188} INFO - [2026-06-19T07:24:34.973+0200] {dag.py:3823} INFO - Setting next_dagrun for example_task_group to 2026-06-18 00:00:00+00:00, run_after=2026-06-19 00:00:00+00:00
[2026-06-19T07:24:34.981+0200] {processor.py:183} INFO - Processing /Users/eldorado/Documents/swiss-job-intelligence/venv/lib/python3.11/site-packages/airflow/example_dags/example_task_group.py took 0.084 seconds
[2026-06-19T07:25:36.842+0200] {processor.py:161} INFO - Started process (PID=93490) to work on /Users/eldorado/Documents/swiss-job-intelligence/venv/lib/python3.11/site-packages/airflow/example_dags/example_task_group.py
[2026-06-19T07:25:36.843+0200] {processor.py:830} INFO - Processing file /Users/eldorado/Documents/swiss-job-intelligence/venv/lib/python3.11/site-packages/airflow/example_dags/example_task_group.py for tasks to queue
[2026-06-19T07:25:36.843+0200] {logging_mixin.py:188} INFO - [2026-06-19T07:25:36.843+0200] {dagbag.py:538} INFO - Filling up the DagBag from /Users/eldorado/Documents/swiss-job-intelligence/venv/lib/python3.11/site-packages/airflow/example_dags/example_task_group.py
[2026-06-19T07:25:36.848+0200] {processor.py:840} INFO - DAG(s) 'example_task_group' retrieved from /Users/eldorado/Documents/swiss-job-intelligence/venv/lib/python3.11/site-packages/airflow/example_dags/example_task_group.py
[2026-06-19T07:25:36.914+0200] {logging_mixin.py:188} INFO - [2026-06-19T07:25:36.914+0200] {dag.py:3036} INFO - Sync 1 DAGs
[2026-06-19T07:25:36.921+0200] {logging_mixin.py:188} INFO - [2026-06-19T07:25:36.921+0200] {dag.py:3823} INFO - Setting next_dagrun for example_task_group to 2026-06-18 00:00:00+00:00, run_after=2026-06-19 00:00:00+00:00
[2026-06-19T07:25:36.929+0200] {processor.py:183} INFO - Processing /Users/eldorado/Documents/swiss-job-intelligence/venv/lib/python3.11/site-packages/airflow/example_dags/example_task_group.py took 0.088 seconds
[2026-06-19T07:26:56.414+0200] {processor.py:161} INFO - Started process (PID=93749) to work on /Users/eldorado/Documents/swiss-job-intelligence/venv/lib/python3.11/site-packages/airflow/example_dags/example_task_group.py
[2026-06-19T07:26:56.416+0200] {processor.py:830} INFO - Processing file /Users/eldorado/Documents/swiss-job-intelligence/venv/lib/python3.11/site-packages/airflow/example_dags/example_task_group.py for tasks to queue
[2026-06-19T07:26:56.416+0200] {logging_mixin.py:188} INFO - [2026-06-19T07:26:56.416+0200] {dagbag.py:538} INFO - Filling up the DagBag from /Users/eldorado/Documents/swiss-job-intelligence/venv/lib/python3.11/site-packages/airflow/example_dags/example_task_group.py
[2026-06-19T07:26:56.427+0200] {processor.py:840} INFO - DAG(s) 'example_task_group' retrieved from /Users/eldorado/Documents/swiss-job-intelligence/venv/lib/python3.11/site-packages/airflow/example_dags/example_task_group.py
[2026-06-19T07:26:56.520+0200] {logging_mixin.py:188} INFO - [2026-06-19T07:26:56.519+0200] {dag.py:3036} INFO - Sync 1 DAGs
[2026-06-19T07:26:56.528+0200] {logging_mixin.py:188} INFO - [2026-06-19T07:26:56.528+0200] {dag.py:3823} INFO - Setting next_dagrun for example_task_group to 2026-06-18 00:00:00+00:00, run_after=2026-06-19 00:00:00+00:00
[2026-06-19T07:26:56.539+0200] {processor.py:183} INFO - Processing /Users/eldorado/Documents/swiss-job-intelligence/venv/lib/python3.11/site-packages/airflow/example_dags/example_task_group.py took 0.126 seconds
[2026-06-19T07:27:57.294+0200] {processor.py:161} INFO - Started process (PID=93821) to work on /Users/eldorado/Documents/swiss-job-intelligence/venv/lib/python3.11/site-packages/airflow/example_dags/example_task_group.py
[2026-06-19T07:27:57.295+0200] {processor.py:830} INFO - Processing file /Users/eldorado/Documents/swiss-job-intelligence/venv/lib/python3.11/site-packages/airflow/example_dags/example_task_group.py for tasks to queue
[2026-06-19T07:27:57.295+0200] {logging_mixin.py:188} INFO - [2026-06-19T07:27:57.295+0200] {dagbag.py:538} INFO - Filling up the DagBag from /Users/eldorado/Documents/swiss-job-intelligence/venv/lib/python3.11/site-packages/airflow/example_dags/example_task_group.py
[2026-06-19T07:27:57.300+0200] {processor.py:840} INFO - DAG(s) 'example_task_group' retrieved from /Users/eldorado/Documents/swiss-job-intelligence/venv/lib/python3.11/site-packages/airflow/example_dags/example_task_group.py
[2026-06-19T07:27:57.372+0200] {logging_mixin.py:188} INFO - [2026-06-19T07:27:57.372+0200] {dag.py:3036} INFO - Sync 1 DAGs
[2026-06-19T07:27:57.380+0200] {logging_mixin.py:188} INFO - [2026-06-19T07:27:57.380+0200] {dag.py:3823} INFO - Setting next_dagrun for example_task_group to 2026-06-18 00:00:00+00:00, run_after=2026-06-19 00:00:00+00:00
[2026-06-19T07:27:57.390+0200] {processor.py:183} INFO - Processing /Users/eldorado/Documents/swiss-job-intelligence/venv/lib/python3.11/site-packages/airflow/example_dags/example_task_group.py took 0.097 seconds
[2026-06-19T07:31:16.097+0200] {processor.py:161} INFO - Started process (PID=95089) to work on /Users/eldorado/Documents/swiss-job-intelligence/venv/lib/python3.11/site-packages/airflow/example_dags/example_task_group.py
[2026-06-19T07:31:16.098+0200] {processor.py:830} INFO - Processing file /Users/eldorado/Documents/swiss-job-intelligence/venv/lib/python3.11/site-packages/airflow/example_dags/example_task_group.py for tasks to queue
[2026-06-19T07:31:16.098+0200] {logging_mixin.py:188} INFO - [2026-06-19T07:31:16.098+0200] {dagbag.py:538} INFO - Filling up the DagBag from /Users/eldorado/Documents/swiss-job-intelligence/venv/lib/python3.11/site-packages/airflow/example_dags/example_task_group.py
[2026-06-19T07:31:16.102+0200] {processor.py:840} INFO - DAG(s) 'example_task_group' retrieved from /Users/eldorado/Documents/swiss-job-intelligence/venv/lib/python3.11/site-packages/airflow/example_dags/example_task_group.py
[2026-06-19T07:31:16.165+0200] {logging_mixin.py:188} INFO - [2026-06-19T07:31:16.165+0200] {dag.py:3036} INFO - Sync 1 DAGs
[2026-06-19T07:31:16.171+0200] {logging_mixin.py:188} INFO - [2026-06-19T07:31:16.171+0200] {dag.py:3823} INFO - Setting next_dagrun for example_task_group to 2026-06-18 00:00:00+00:00, run_after=2026-06-19 00:00:00+00:00
[2026-06-19T07:31:16.179+0200] {processor.py:183} INFO - Processing /Users/eldorado/Documents/swiss-job-intelligence/venv/lib/python3.11/site-packages/airflow/example_dags/example_task_group.py took 0.082 seconds
[2026-06-19T07:32:38.133+0200] {processor.py:161} INFO - Started process (PID=95414) to work on /Users/eldorado/Documents/swiss-job-intelligence/venv/lib/python3.11/site-packages/airflow/example_dags/example_task_group.py
[2026-06-19T07:32:38.135+0200] {processor.py:830} INFO - Processing file /Users/eldorado/Documents/swiss-job-intelligence/venv/lib/python3.11/site-packages/airflow/example_dags/example_task_group.py for tasks to queue
[2026-06-19T07:32:38.135+0200] {logging_mixin.py:188} INFO - [2026-06-19T07:32:38.135+0200] {dagbag.py:538} INFO - Filling up the DagBag from /Users/eldorado/Documents/swiss-job-intelligence/venv/lib/python3.11/site-packages/airflow/example_dags/example_task_group.py
[2026-06-19T07:32:38.139+0200] {processor.py:840} INFO - DAG(s) 'example_task_group' retrieved from /Users/eldorado/Documents/swiss-job-intelligence/venv/lib/python3.11/site-packages/airflow/example_dags/example_task_group.py
[2026-06-19T07:32:38.246+0200] {logging_mixin.py:188} INFO - [2026-06-19T07:32:38.246+0200] {dag.py:3036} INFO - Sync 1 DAGs
[2026-06-19T07:32:38.252+0200] {logging_mixin.py:188} INFO - [2026-06-19T07:32:38.251+0200] {dag.py:3823} INFO - Setting next_dagrun for example_task_group to 2026-06-18 00:00:00+00:00, run_after=2026-06-19 00:00:00+00:00
[2026-06-19T07:32:38.259+0200] {processor.py:183} INFO - Processing /Users/eldorado/Documents/swiss-job-intelligence/venv/lib/python3.11/site-packages/airflow/example_dags/example_task_group.py took 0.126 seconds
[2026-06-19T07:35:13.291+0200] {processor.py:161} INFO - Started process (PID=98273) to work on /Users/eldorado/Documents/swiss-job-intelligence/venv/lib/python3.11/site-packages/airflow/example_dags/example_task_group.py
[2026-06-19T07:35:13.292+0200] {processor.py:830} INFO - Processing file /Users/eldorado/Documents/swiss-job-intelligence/venv/lib/python3.11/site-packages/airflow/example_dags/example_task_group.py for tasks to queue
[2026-06-19T07:35:13.292+0200] {logging_mixin.py:188} INFO - [2026-06-19T07:35:13.292+0200] {dagbag.py:538} INFO - Filling up the DagBag from /Users/eldorado/Documents/swiss-job-intelligence/venv/lib/python3.11/site-packages/airflow/example_dags/example_task_group.py
[2026-06-19T07:35:13.296+0200] {processor.py:840} INFO - DAG(s) 'example_task_group' retrieved from /Users/eldorado/Documents/swiss-job-intelligence/venv/lib/python3.11/site-packages/airflow/example_dags/example_task_group.py
[2026-06-19T07:35:13.359+0200] {logging_mixin.py:188} INFO - [2026-06-19T07:35:13.359+0200] {dag.py:3036} INFO - Sync 1 DAGs
[2026-06-19T07:35:13.365+0200] {logging_mixin.py:188} INFO - [2026-06-19T07:35:13.365+0200] {dag.py:3823} INFO - Setting next_dagrun for example_task_group to 2026-06-18 00:00:00+00:00, run_after=2026-06-19 00:00:00+00:00
[2026-06-19T07:35:13.372+0200] {processor.py:183} INFO - Processing /Users/eldorado/Documents/swiss-job-intelligence/venv/lib/python3.11/site-packages/airflow/example_dags/example_task_group.py took 0.081 seconds
