[2026-06-19T07:22:21.282+0200] {processor.py:161} INFO - Started process (PID=93236) to work on /Users/eldorado/Documents/swiss-job-intelligence/venv/lib/python3.11/site-packages/airflow/example_dags/example_python_decorator.py
[2026-06-19T07:22:21.283+0200] {processor.py:830} INFO - Processing file /Users/eldorado/Documents/swiss-job-intelligence/venv/lib/python3.11/site-packages/airflow/example_dags/example_python_decorator.py for tasks to queue
[2026-06-19T07:22:21.283+0200] {logging_mixin.py:188} INFO - [2026-06-19T07:22:21.283+0200] {dagbag.py:538} INFO - Filling up the DagBag from /Users/eldorado/Documents/swiss-job-intelligence/venv/lib/python3.11/site-packages/airflow/example_dags/example_python_decorator.py
[2026-06-19T07:22:21.298+0200] {logging_mixin.py:188} INFO - [2026-06-19T07:22:21.297+0200] {example_python_decorator.py:79} WARNING - The virtalenv_python example task requires virtualenv, please install it.
[2026-06-19T07:22:21.298+0200] {processor.py:840} INFO - DAG(s) 'example_python_decorator' retrieved from /Users/eldorado/Documents/swiss-job-intelligence/venv/lib/python3.11/site-packages/airflow/example_dags/example_python_decorator.py
[2026-06-19T07:22:21.360+0200] {logging_mixin.py:188} INFO - [2026-06-19T07:22:21.360+0200] {dag.py:3036} INFO - Sync 1 DAGs
[2026-06-19T07:22:21.363+0200] {logging_mixin.py:188} INFO - [2026-06-19T07:22:21.363+0200] {dag.py:3823} INFO - Setting next_dagrun for example_python_decorator to None, run_after=None
[2026-06-19T07:22:21.370+0200] {processor.py:183} INFO - Processing /Users/eldorado/Documents/swiss-job-intelligence/venv/lib/python3.11/site-packages/airflow/example_dags/example_python_decorator.py took 0.088 seconds
[2026-06-19T07:23:52.612+0200] {processor.py:161} INFO - Started process (PID=93342) to work on /Users/eldorado/Documents/swiss-job-intelligence/venv/lib/python3.11/site-packages/airflow/example_dags/example_python_decorator.py
[2026-06-19T07:23:52.613+0200] {processor.py:830} INFO - Processing file /Users/eldorado/Documents/swiss-job-intelligence/venv/lib/python3.11/site-packages/airflow/example_dags/example_python_decorator.py for tasks to queue
[2026-06-19T07:23:52.613+0200] {logging_mixin.py:188} INFO - [2026-06-19T07:23:52.613+0200] {dagbag.py:538} INFO - Filling up the DagBag from /Users/eldorado/Documents/swiss-job-intelligence/venv/lib/python3.11/site-packages/airflow/example_dags/example_python_decorator.py
[2026-06-19T07:23:52.629+0200] {logging_mixin.py:188} INFO - [2026-06-19T07:23:52.629+0200] {example_python_decorator.py:79} WARNING - The virtalenv_python example task requires virtualenv, please install it.
[2026-06-19T07:23:52.633+0200] {processor.py:840} INFO - DAG(s) 'example_python_decorator' retrieved from /Users/eldorado/Documents/swiss-job-intelligence/venv/lib/python3.11/site-packages/airflow/example_dags/example_python_decorator.py
[2026-06-19T07:23:52.697+0200] {logging_mixin.py:188} INFO - [2026-06-19T07:23:52.697+0200] {dag.py:3036} INFO - Sync 1 DAGs
[2026-06-19T07:23:52.700+0200] {logging_mixin.py:188} INFO - [2026-06-19T07:23:52.700+0200] {dag.py:3823} INFO - Setting next_dagrun for example_python_decorator to None, run_after=None
[2026-06-19T07:23:52.709+0200] {processor.py:183} INFO - Processing /Users/eldorado/Documents/swiss-job-intelligence/venv/lib/python3.11/site-packages/airflow/example_dags/example_python_decorator.py took 0.098 seconds
[2026-06-19T07:25:57.862+0200] {processor.py:161} INFO - Started process (PID=93522) to work on /Users/eldorado/Documents/swiss-job-intelligence/venv/lib/python3.11/site-packages/airflow/example_dags/example_python_decorator.py
[2026-06-19T07:25:57.864+0200] {processor.py:830} INFO - Processing file /Users/eldorado/Documents/swiss-job-intelligence/venv/lib/python3.11/site-packages/airflow/example_dags/example_python_decorator.py for tasks to queue
[2026-06-19T07:25:57.864+0200] {logging_mixin.py:188} INFO - [2026-06-19T07:25:57.864+0200] {dagbag.py:538} INFO - Filling up the DagBag from /Users/eldorado/Documents/swiss-job-intelligence/venv/lib/python3.11/site-packages/airflow/example_dags/example_python_decorator.py
[2026-06-19T07:25:57.879+0200] {logging_mixin.py:188} INFO - [2026-06-19T07:25:57.879+0200] {example_python_decorator.py:79} WARNING - The virtalenv_python example task requires virtualenv, please install it.
[2026-06-19T07:25:57.880+0200] {processor.py:840} INFO - DAG(s) 'example_python_decorator' retrieved from /Users/eldorado/Documents/swiss-job-intelligence/venv/lib/python3.11/site-packages/airflow/example_dags/example_python_decorator.py
[2026-06-19T07:25:57.940+0200] {logging_mixin.py:188} INFO - [2026-06-19T07:25:57.940+0200] {dag.py:3036} INFO - Sync 1 DAGs
[2026-06-19T07:25:57.944+0200] {logging_mixin.py:188} INFO - [2026-06-19T07:25:57.944+0200] {dag.py:3823} INFO - Setting next_dagrun for example_python_decorator to None, run_after=None
[2026-06-19T07:25:57.952+0200] {processor.py:183} INFO - Processing /Users/eldorado/Documents/swiss-job-intelligence/venv/lib/python3.11/site-packages/airflow/example_dags/example_python_decorator.py took 0.090 seconds
[2026-06-19T07:28:17.040+0200] {processor.py:161} INFO - Started process (PID=93858) to work on /Users/eldorado/Documents/swiss-job-intelligence/venv/lib/python3.11/site-packages/airflow/example_dags/example_python_decorator.py
[2026-06-19T07:28:17.041+0200] {processor.py:830} INFO - Processing file /Users/eldorado/Documents/swiss-job-intelligence/venv/lib/python3.11/site-packages/airflow/example_dags/example_python_decorator.py for tasks to queue
[2026-06-19T07:28:17.041+0200] {logging_mixin.py:188} INFO - [2026-06-19T07:28:17.041+0200] {dagbag.py:538} INFO - Filling up the DagBag from /Users/eldorado/Documents/swiss-job-intelligence/venv/lib/python3.11/site-packages/airflow/example_dags/example_python_decorator.py
[2026-06-19T07:28:17.058+0200] {logging_mixin.py:188} INFO - [2026-06-19T07:28:17.058+0200] {example_python_decorator.py:79} WARNING - The virtalenv_python example task requires virtualenv, please install it.
[2026-06-19T07:28:17.059+0200] {processor.py:840} INFO - DAG(s) 'example_python_decorator' retrieved from /Users/eldorado/Documents/swiss-job-intelligence/venv/lib/python3.11/site-packages/airflow/example_dags/example_python_decorator.py
[2026-06-19T07:28:17.123+0200] {logging_mixin.py:188} INFO - [2026-06-19T07:28:17.123+0200] {dag.py:3036} INFO - Sync 1 DAGs
[2026-06-19T07:28:17.127+0200] {logging_mixin.py:188} INFO - [2026-06-19T07:28:17.126+0200] {dag.py:3823} INFO - Setting next_dagrun for example_python_decorator to None, run_after=None
[2026-06-19T07:28:17.134+0200] {processor.py:183} INFO - Processing /Users/eldorado/Documents/swiss-job-intelligence/venv/lib/python3.11/site-packages/airflow/example_dags/example_python_decorator.py took 0.095 seconds
[2026-06-19T07:31:35.806+0200] {processor.py:161} INFO - Started process (PID=95120) to work on /Users/eldorado/Documents/swiss-job-intelligence/venv/lib/python3.11/site-packages/airflow/example_dags/example_python_decorator.py
[2026-06-19T07:31:35.807+0200] {processor.py:830} INFO - Processing file /Users/eldorado/Documents/swiss-job-intelligence/venv/lib/python3.11/site-packages/airflow/example_dags/example_python_decorator.py for tasks to queue
[2026-06-19T07:31:35.807+0200] {logging_mixin.py:188} INFO - [2026-06-19T07:31:35.807+0200] {dagbag.py:538} INFO - Filling up the DagBag from /Users/eldorado/Documents/swiss-job-intelligence/venv/lib/python3.11/site-packages/airflow/example_dags/example_python_decorator.py
[2026-06-19T07:31:35.821+0200] {logging_mixin.py:188} INFO - [2026-06-19T07:31:35.821+0200] {example_python_decorator.py:79} WARNING - The virtalenv_python example task requires virtualenv, please install it.
[2026-06-19T07:31:35.822+0200] {processor.py:840} INFO - DAG(s) 'example_python_decorator' retrieved from /Users/eldorado/Documents/swiss-job-intelligence/venv/lib/python3.11/site-packages/airflow/example_dags/example_python_decorator.py
[2026-06-19T07:31:35.886+0200] {logging_mixin.py:188} INFO - [2026-06-19T07:31:35.886+0200] {dag.py:3036} INFO - Sync 1 DAGs
[2026-06-19T07:31:35.889+0200] {logging_mixin.py:188} INFO - [2026-06-19T07:31:35.889+0200] {dag.py:3823} INFO - Setting next_dagrun for example_python_decorator to None, run_after=None
[2026-06-19T07:31:35.897+0200] {processor.py:183} INFO - Processing /Users/eldorado/Documents/swiss-job-intelligence/venv/lib/python3.11/site-packages/airflow/example_dags/example_python_decorator.py took 0.092 seconds
[2026-06-19T07:32:59.519+0200] {processor.py:161} INFO - Started process (PID=95448) to work on /Users/eldorado/Documents/swiss-job-intelligence/venv/lib/python3.11/site-packages/airflow/example_dags/example_python_decorator.py
[2026-06-19T07:32:59.520+0200] {processor.py:830} INFO - Processing file /Users/eldorado/Documents/swiss-job-intelligence/venv/lib/python3.11/site-packages/airflow/example_dags/example_python_decorator.py for tasks to queue
[2026-06-19T07:32:59.520+0200] {logging_mixin.py:188} INFO - [2026-06-19T07:32:59.520+0200] {dagbag.py:538} INFO - Filling up the DagBag from /Users/eldorado/Documents/swiss-job-intelligence/venv/lib/python3.11/site-packages/airflow/example_dags/example_python_decorator.py
[2026-06-19T07:32:59.537+0200] {logging_mixin.py:188} INFO - [2026-06-19T07:32:59.537+0200] {example_python_decorator.py:79} WARNING - The virtalenv_python example task requires virtualenv, please install it.
[2026-06-19T07:32:59.539+0200] {processor.py:840} INFO - DAG(s) 'example_python_decorator' retrieved from /Users/eldorado/Documents/swiss-job-intelligence/venv/lib/python3.11/site-packages/airflow/example_dags/example_python_decorator.py
[2026-06-19T07:32:59.644+0200] {logging_mixin.py:188} INFO - [2026-06-19T07:32:59.643+0200] {dag.py:3036} INFO - Sync 1 DAGs
[2026-06-19T07:32:59.648+0200] {logging_mixin.py:188} INFO - [2026-06-19T07:32:59.647+0200] {dag.py:3823} INFO - Setting next_dagrun for example_python_decorator to None, run_after=None
[2026-06-19T07:32:59.657+0200] {processor.py:183} INFO - Processing /Users/eldorado/Documents/swiss-job-intelligence/venv/lib/python3.11/site-packages/airflow/example_dags/example_python_decorator.py took 0.139 seconds
[2026-06-19T07:35:33.199+0200] {processor.py:161} INFO - Started process (PID=98364) to work on /Users/eldorado/Documents/swiss-job-intelligence/venv/lib/python3.11/site-packages/airflow/example_dags/example_python_decorator.py
[2026-06-19T07:35:33.200+0200] {processor.py:830} INFO - Processing file /Users/eldorado/Documents/swiss-job-intelligence/venv/lib/python3.11/site-packages/airflow/example_dags/example_python_decorator.py for tasks to queue
[2026-06-19T07:35:33.200+0200] {logging_mixin.py:188} INFO - [2026-06-19T07:35:33.200+0200] {dagbag.py:538} INFO - Filling up the DagBag from /Users/eldorado/Documents/swiss-job-intelligence/venv/lib/python3.11/site-packages/airflow/example_dags/example_python_decorator.py
[2026-06-19T07:35:33.215+0200] {logging_mixin.py:188} INFO - [2026-06-19T07:35:33.215+0200] {example_python_decorator.py:79} WARNING - The virtalenv_python example task requires virtualenv, please install it.
[2026-06-19T07:35:33.216+0200] {processor.py:840} INFO - DAG(s) 'example_python_decorator' retrieved from /Users/eldorado/Documents/swiss-job-intelligence/venv/lib/python3.11/site-packages/airflow/example_dags/example_python_decorator.py
[2026-06-19T07:35:33.284+0200] {logging_mixin.py:188} INFO - [2026-06-19T07:35:33.283+0200] {dag.py:3036} INFO - Sync 1 DAGs
[2026-06-19T07:35:33.287+0200] {logging_mixin.py:188} INFO - [2026-06-19T07:35:33.287+0200] {dag.py:3823} INFO - Setting next_dagrun for example_python_decorator to None, run_after=None
[2026-06-19T07:35:33.294+0200] {processor.py:183} INFO - Processing /Users/eldorado/Documents/swiss-job-intelligence/venv/lib/python3.11/site-packages/airflow/example_dags/example_python_decorator.py took 0.095 seconds
