[2026-06-19T07:22:06.524+0200] {processor.py:161} INFO - Started process (PID=93196) to work on /Users/eldorado/Documents/swiss-job-intelligence/venv/lib/python3.11/site-packages/airflow/example_dags/example_skip_dag.py
[2026-06-19T07:22:06.524+0200] {processor.py:830} INFO - Processing file /Users/eldorado/Documents/swiss-job-intelligence/venv/lib/python3.11/site-packages/airflow/example_dags/example_skip_dag.py for tasks to queue
[2026-06-19T07:22:06.525+0200] {logging_mixin.py:188} INFO - [2026-06-19T07:22:06.525+0200] {dagbag.py:538} INFO - Filling up the DagBag from /Users/eldorado/Documents/swiss-job-intelligence/venv/lib/python3.11/site-packages/airflow/example_dags/example_skip_dag.py
[2026-06-19T07:22:06.529+0200] {processor.py:840} INFO - DAG(s) 'example_skip_dag' retrieved from /Users/eldorado/Documents/swiss-job-intelligence/venv/lib/python3.11/site-packages/airflow/example_dags/example_skip_dag.py
[2026-06-19T07:22:06.599+0200] {logging_mixin.py:188} INFO - [2026-06-19T07:22:06.599+0200] {dag.py:3036} INFO - Sync 1 DAGs
[2026-06-19T07:22:06.606+0200] {logging_mixin.py:188} INFO - [2026-06-19T07:22:06.606+0200] {dag.py:3823} INFO - Setting next_dagrun for example_skip_dag to 2026-06-18 00:00:00+00:00, run_after=2026-06-19 00:00:00+00:00
[2026-06-19T07:22:06.614+0200] {processor.py:183} INFO - Processing /Users/eldorado/Documents/swiss-job-intelligence/venv/lib/python3.11/site-packages/airflow/example_dags/example_skip_dag.py took 0.090 seconds
[2026-06-19T07:23:37.452+0200] {processor.py:161} INFO - Started process (PID=93326) to work on /Users/eldorado/Documents/swiss-job-intelligence/venv/lib/python3.11/site-packages/airflow/example_dags/example_skip_dag.py
[2026-06-19T07:23:37.453+0200] {processor.py:830} INFO - Processing file /Users/eldorado/Documents/swiss-job-intelligence/venv/lib/python3.11/site-packages/airflow/example_dags/example_skip_dag.py for tasks to queue
[2026-06-19T07:23:37.453+0200] {logging_mixin.py:188} INFO - [2026-06-19T07:23:37.453+0200] {dagbag.py:538} INFO - Filling up the DagBag from /Users/eldorado/Documents/swiss-job-intelligence/venv/lib/python3.11/site-packages/airflow/example_dags/example_skip_dag.py
[2026-06-19T07:23:37.457+0200] {processor.py:840} INFO - DAG(s) 'example_skip_dag' retrieved from /Users/eldorado/Documents/swiss-job-intelligence/venv/lib/python3.11/site-packages/airflow/example_dags/example_skip_dag.py
[2026-06-19T07:23:37.523+0200] {logging_mixin.py:188} INFO - [2026-06-19T07:23:37.523+0200] {dag.py:3036} INFO - Sync 1 DAGs
[2026-06-19T07:23:37.530+0200] {logging_mixin.py:188} INFO - [2026-06-19T07:23:37.530+0200] {dag.py:3823} INFO - Setting next_dagrun for example_skip_dag to 2026-06-18 00:00:00+00:00, run_after=2026-06-19 00:00:00+00:00
[2026-06-19T07:23:37.538+0200] {processor.py:183} INFO - Processing /Users/eldorado/Documents/swiss-job-intelligence/venv/lib/python3.11/site-packages/airflow/example_dags/example_skip_dag.py took 0.087 seconds
[2026-06-19T07:25:42.931+0200] {processor.py:161} INFO - Started process (PID=93498) to work on /Users/eldorado/Documents/swiss-job-intelligence/venv/lib/python3.11/site-packages/airflow/example_dags/example_skip_dag.py
[2026-06-19T07:25:42.932+0200] {processor.py:830} INFO - Processing file /Users/eldorado/Documents/swiss-job-intelligence/venv/lib/python3.11/site-packages/airflow/example_dags/example_skip_dag.py for tasks to queue
[2026-06-19T07:25:42.932+0200] {logging_mixin.py:188} INFO - [2026-06-19T07:25:42.932+0200] {dagbag.py:538} INFO - Filling up the DagBag from /Users/eldorado/Documents/swiss-job-intelligence/venv/lib/python3.11/site-packages/airflow/example_dags/example_skip_dag.py
[2026-06-19T07:25:42.936+0200] {processor.py:840} INFO - DAG(s) 'example_skip_dag' retrieved from /Users/eldorado/Documents/swiss-job-intelligence/venv/lib/python3.11/site-packages/airflow/example_dags/example_skip_dag.py
[2026-06-19T07:25:43.006+0200] {logging_mixin.py:188} INFO - [2026-06-19T07:25:43.006+0200] {dag.py:3036} INFO - Sync 1 DAGs
[2026-06-19T07:25:43.012+0200] {logging_mixin.py:188} INFO - [2026-06-19T07:25:43.012+0200] {dag.py:3823} INFO - Setting next_dagrun for example_skip_dag to 2026-06-18 00:00:00+00:00, run_after=2026-06-19 00:00:00+00:00
[2026-06-19T07:25:43.021+0200] {processor.py:183} INFO - Processing /Users/eldorado/Documents/swiss-job-intelligence/venv/lib/python3.11/site-packages/airflow/example_dags/example_skip_dag.py took 0.090 seconds
[2026-06-19T07:28:03.207+0200] {processor.py:161} INFO - Started process (PID=93828) to work on /Users/eldorado/Documents/swiss-job-intelligence/venv/lib/python3.11/site-packages/airflow/example_dags/example_skip_dag.py
[2026-06-19T07:28:03.208+0200] {processor.py:830} INFO - Processing file /Users/eldorado/Documents/swiss-job-intelligence/venv/lib/python3.11/site-packages/airflow/example_dags/example_skip_dag.py for tasks to queue
[2026-06-19T07:28:03.208+0200] {logging_mixin.py:188} INFO - [2026-06-19T07:28:03.208+0200] {dagbag.py:538} INFO - Filling up the DagBag from /Users/eldorado/Documents/swiss-job-intelligence/venv/lib/python3.11/site-packages/airflow/example_dags/example_skip_dag.py
[2026-06-19T07:28:03.212+0200] {processor.py:840} INFO - DAG(s) 'example_skip_dag' retrieved from /Users/eldorado/Documents/swiss-job-intelligence/venv/lib/python3.11/site-packages/airflow/example_dags/example_skip_dag.py
[2026-06-19T07:28:03.281+0200] {logging_mixin.py:188} INFO - [2026-06-19T07:28:03.281+0200] {dag.py:3036} INFO - Sync 1 DAGs
[2026-06-19T07:28:03.287+0200] {logging_mixin.py:188} INFO - [2026-06-19T07:28:03.287+0200] {dag.py:3823} INFO - Setting next_dagrun for example_skip_dag to 2026-06-18 00:00:00+00:00, run_after=2026-06-19 00:00:00+00:00
[2026-06-19T07:28:03.294+0200] {processor.py:183} INFO - Processing /Users/eldorado/Documents/swiss-job-intelligence/venv/lib/python3.11/site-packages/airflow/example_dags/example_skip_dag.py took 0.088 seconds
[2026-06-19T07:31:20.100+0200] {processor.py:161} INFO - Started process (PID=95095) to work on /Users/eldorado/Documents/swiss-job-intelligence/venv/lib/python3.11/site-packages/airflow/example_dags/example_skip_dag.py
[2026-06-19T07:31:20.102+0200] {processor.py:830} INFO - Processing file /Users/eldorado/Documents/swiss-job-intelligence/venv/lib/python3.11/site-packages/airflow/example_dags/example_skip_dag.py for tasks to queue
[2026-06-19T07:31:20.102+0200] {logging_mixin.py:188} INFO - [2026-06-19T07:31:20.102+0200] {dagbag.py:538} INFO - Filling up the DagBag from /Users/eldorado/Documents/swiss-job-intelligence/venv/lib/python3.11/site-packages/airflow/example_dags/example_skip_dag.py
[2026-06-19T07:31:20.106+0200] {processor.py:840} INFO - DAG(s) 'example_skip_dag' retrieved from /Users/eldorado/Documents/swiss-job-intelligence/venv/lib/python3.11/site-packages/airflow/example_dags/example_skip_dag.py
[2026-06-19T07:31:20.171+0200] {logging_mixin.py:188} INFO - [2026-06-19T07:31:20.171+0200] {dag.py:3036} INFO - Sync 1 DAGs
[2026-06-19T07:31:20.178+0200] {logging_mixin.py:188} INFO - [2026-06-19T07:31:20.178+0200] {dag.py:3823} INFO - Setting next_dagrun for example_skip_dag to 2026-06-18 00:00:00+00:00, run_after=2026-06-19 00:00:00+00:00
[2026-06-19T07:31:20.186+0200] {processor.py:183} INFO - Processing /Users/eldorado/Documents/swiss-job-intelligence/venv/lib/python3.11/site-packages/airflow/example_dags/example_skip_dag.py took 0.086 seconds
[2026-06-19T07:32:43.473+0200] {processor.py:161} INFO - Started process (PID=95420) to work on /Users/eldorado/Documents/swiss-job-intelligence/venv/lib/python3.11/site-packages/airflow/example_dags/example_skip_dag.py
[2026-06-19T07:32:43.474+0200] {processor.py:830} INFO - Processing file /Users/eldorado/Documents/swiss-job-intelligence/venv/lib/python3.11/site-packages/airflow/example_dags/example_skip_dag.py for tasks to queue
[2026-06-19T07:32:43.475+0200] {logging_mixin.py:188} INFO - [2026-06-19T07:32:43.475+0200] {dagbag.py:538} INFO - Filling up the DagBag from /Users/eldorado/Documents/swiss-job-intelligence/venv/lib/python3.11/site-packages/airflow/example_dags/example_skip_dag.py
[2026-06-19T07:32:43.479+0200] {processor.py:840} INFO - DAG(s) 'example_skip_dag' retrieved from /Users/eldorado/Documents/swiss-job-intelligence/venv/lib/python3.11/site-packages/airflow/example_dags/example_skip_dag.py
[2026-06-19T07:32:43.570+0200] {logging_mixin.py:188} INFO - [2026-06-19T07:32:43.570+0200] {dag.py:3036} INFO - Sync 1 DAGs
[2026-06-19T07:32:43.575+0200] {logging_mixin.py:188} INFO - [2026-06-19T07:32:43.575+0200] {dag.py:3823} INFO - Setting next_dagrun for example_skip_dag to 2026-06-18 00:00:00+00:00, run_after=2026-06-19 00:00:00+00:00
[2026-06-19T07:32:43.583+0200] {processor.py:183} INFO - Processing /Users/eldorado/Documents/swiss-job-intelligence/venv/lib/python3.11/site-packages/airflow/example_dags/example_skip_dag.py took 0.110 seconds
[2026-06-19T07:35:17.278+0200] {processor.py:161} INFO - Started process (PID=98295) to work on /Users/eldorado/Documents/swiss-job-intelligence/venv/lib/python3.11/site-packages/airflow/example_dags/example_skip_dag.py
[2026-06-19T07:35:17.279+0200] {processor.py:830} INFO - Processing file /Users/eldorado/Documents/swiss-job-intelligence/venv/lib/python3.11/site-packages/airflow/example_dags/example_skip_dag.py for tasks to queue
[2026-06-19T07:35:17.279+0200] {logging_mixin.py:188} INFO - [2026-06-19T07:35:17.279+0200] {dagbag.py:538} INFO - Filling up the DagBag from /Users/eldorado/Documents/swiss-job-intelligence/venv/lib/python3.11/site-packages/airflow/example_dags/example_skip_dag.py
[2026-06-19T07:35:17.283+0200] {processor.py:840} INFO - DAG(s) 'example_skip_dag' retrieved from /Users/eldorado/Documents/swiss-job-intelligence/venv/lib/python3.11/site-packages/airflow/example_dags/example_skip_dag.py
[2026-06-19T07:35:17.345+0200] {logging_mixin.py:188} INFO - [2026-06-19T07:35:17.345+0200] {dag.py:3036} INFO - Sync 1 DAGs
[2026-06-19T07:35:17.352+0200] {logging_mixin.py:188} INFO - [2026-06-19T07:35:17.352+0200] {dag.py:3823} INFO - Setting next_dagrun for example_skip_dag to 2026-06-18 00:00:00+00:00, run_after=2026-06-19 00:00:00+00:00
[2026-06-19T07:35:17.359+0200] {processor.py:183} INFO - Processing /Users/eldorado/Documents/swiss-job-intelligence/venv/lib/python3.11/site-packages/airflow/example_dags/example_skip_dag.py took 0.082 seconds
