[2026-06-19T07:22:27.146+0200] {processor.py:161} INFO - Started process (PID=93244) to work on /Users/eldorado/Documents/swiss-job-intelligence/venv/lib/python3.11/site-packages/airflow/example_dags/example_params_trigger_ui.py
[2026-06-19T07:22:27.147+0200] {processor.py:830} INFO - Processing file /Users/eldorado/Documents/swiss-job-intelligence/venv/lib/python3.11/site-packages/airflow/example_dags/example_params_trigger_ui.py for tasks to queue
[2026-06-19T07:22:27.147+0200] {logging_mixin.py:188} INFO - [2026-06-19T07:22:27.147+0200] {dagbag.py:538} INFO - Filling up the DagBag from /Users/eldorado/Documents/swiss-job-intelligence/venv/lib/python3.11/site-packages/airflow/example_dags/example_params_trigger_ui.py
[2026-06-19T07:22:27.163+0200] {processor.py:840} INFO - DAG(s) 'example_params_trigger_ui' retrieved from /Users/eldorado/Documents/swiss-job-intelligence/venv/lib/python3.11/site-packages/airflow/example_dags/example_params_trigger_ui.py
[2026-06-19T07:22:27.231+0200] {logging_mixin.py:188} INFO - [2026-06-19T07:22:27.231+0200] {dag.py:3036} INFO - Sync 1 DAGs
[2026-06-19T07:22:27.234+0200] {logging_mixin.py:188} INFO - [2026-06-19T07:22:27.234+0200] {dag.py:3823} INFO - Setting next_dagrun for example_params_trigger_ui to None, run_after=None
[2026-06-19T07:22:27.241+0200] {processor.py:183} INFO - Processing /Users/eldorado/Documents/swiss-job-intelligence/venv/lib/python3.11/site-packages/airflow/example_dags/example_params_trigger_ui.py took 0.095 seconds
[2026-06-19T07:23:58.541+0200] {processor.py:161} INFO - Started process (PID=93347) to work on /Users/eldorado/Documents/swiss-job-intelligence/venv/lib/python3.11/site-packages/airflow/example_dags/example_params_trigger_ui.py
[2026-06-19T07:23:58.542+0200] {processor.py:830} INFO - Processing file /Users/eldorado/Documents/swiss-job-intelligence/venv/lib/python3.11/site-packages/airflow/example_dags/example_params_trigger_ui.py for tasks to queue
[2026-06-19T07:23:58.543+0200] {logging_mixin.py:188} INFO - [2026-06-19T07:23:58.543+0200] {dagbag.py:538} INFO - Filling up the DagBag from /Users/eldorado/Documents/swiss-job-intelligence/venv/lib/python3.11/site-packages/airflow/example_dags/example_params_trigger_ui.py
[2026-06-19T07:23:58.560+0200] {processor.py:840} INFO - DAG(s) 'example_params_trigger_ui' retrieved from /Users/eldorado/Documents/swiss-job-intelligence/venv/lib/python3.11/site-packages/airflow/example_dags/example_params_trigger_ui.py
[2026-06-19T07:23:58.639+0200] {logging_mixin.py:188} INFO - [2026-06-19T07:23:58.639+0200] {dag.py:3036} INFO - Sync 1 DAGs
[2026-06-19T07:23:58.645+0200] {logging_mixin.py:188} INFO - [2026-06-19T07:23:58.644+0200] {dag.py:3823} INFO - Setting next_dagrun for example_params_trigger_ui to None, run_after=None
[2026-06-19T07:23:58.655+0200] {processor.py:183} INFO - Processing /Users/eldorado/Documents/swiss-job-intelligence/venv/lib/python3.11/site-packages/airflow/example_dags/example_params_trigger_ui.py took 0.114 seconds
[2026-06-19T07:26:05.083+0200] {processor.py:161} INFO - Started process (PID=93581) to work on /Users/eldorado/Documents/swiss-job-intelligence/venv/lib/python3.11/site-packages/airflow/example_dags/example_params_trigger_ui.py
[2026-06-19T07:26:05.084+0200] {processor.py:830} INFO - Processing file /Users/eldorado/Documents/swiss-job-intelligence/venv/lib/python3.11/site-packages/airflow/example_dags/example_params_trigger_ui.py for tasks to queue
[2026-06-19T07:26:05.085+0200] {logging_mixin.py:188} INFO - [2026-06-19T07:26:05.085+0200] {dagbag.py:538} INFO - Filling up the DagBag from /Users/eldorado/Documents/swiss-job-intelligence/venv/lib/python3.11/site-packages/airflow/example_dags/example_params_trigger_ui.py
[2026-06-19T07:26:05.107+0200] {processor.py:840} INFO - DAG(s) 'example_params_trigger_ui' retrieved from /Users/eldorado/Documents/swiss-job-intelligence/venv/lib/python3.11/site-packages/airflow/example_dags/example_params_trigger_ui.py
[2026-06-19T07:26:05.195+0200] {logging_mixin.py:188} INFO - [2026-06-19T07:26:05.194+0200] {dag.py:3036} INFO - Sync 1 DAGs
[2026-06-19T07:26:05.198+0200] {logging_mixin.py:188} INFO - [2026-06-19T07:26:05.198+0200] {dag.py:3823} INFO - Setting next_dagrun for example_params_trigger_ui to None, run_after=None
[2026-06-19T07:26:05.208+0200] {processor.py:183} INFO - Processing /Users/eldorado/Documents/swiss-job-intelligence/venv/lib/python3.11/site-packages/airflow/example_dags/example_params_trigger_ui.py took 0.125 seconds
[2026-06-19T07:31:41.727+0200] {processor.py:161} INFO - Started process (PID=95126) to work on /Users/eldorado/Documents/swiss-job-intelligence/venv/lib/python3.11/site-packages/airflow/example_dags/example_params_trigger_ui.py
[2026-06-19T07:31:41.728+0200] {processor.py:830} INFO - Processing file /Users/eldorado/Documents/swiss-job-intelligence/venv/lib/python3.11/site-packages/airflow/example_dags/example_params_trigger_ui.py for tasks to queue
[2026-06-19T07:31:41.728+0200] {logging_mixin.py:188} INFO - [2026-06-19T07:31:41.728+0200] {dagbag.py:538} INFO - Filling up the DagBag from /Users/eldorado/Documents/swiss-job-intelligence/venv/lib/python3.11/site-packages/airflow/example_dags/example_params_trigger_ui.py
[2026-06-19T07:31:41.744+0200] {processor.py:840} INFO - DAG(s) 'example_params_trigger_ui' retrieved from /Users/eldorado/Documents/swiss-job-intelligence/venv/lib/python3.11/site-packages/airflow/example_dags/example_params_trigger_ui.py
[2026-06-19T07:31:41.812+0200] {logging_mixin.py:188} INFO - [2026-06-19T07:31:41.812+0200] {dag.py:3036} INFO - Sync 1 DAGs
[2026-06-19T07:31:41.815+0200] {logging_mixin.py:188} INFO - [2026-06-19T07:31:41.815+0200] {dag.py:3823} INFO - Setting next_dagrun for example_params_trigger_ui to None, run_after=None
[2026-06-19T07:31:41.823+0200] {processor.py:183} INFO - Processing /Users/eldorado/Documents/swiss-job-intelligence/venv/lib/python3.11/site-packages/airflow/example_dags/example_params_trigger_ui.py took 0.096 seconds
[2026-06-19T07:35:38.419+0200] {processor.py:161} INFO - Started process (PID=98409) to work on /Users/eldorado/Documents/swiss-job-intelligence/venv/lib/python3.11/site-packages/airflow/example_dags/example_params_trigger_ui.py
[2026-06-19T07:35:38.420+0200] {processor.py:830} INFO - Processing file /Users/eldorado/Documents/swiss-job-intelligence/venv/lib/python3.11/site-packages/airflow/example_dags/example_params_trigger_ui.py for tasks to queue
[2026-06-19T07:35:38.420+0200] {logging_mixin.py:188} INFO - [2026-06-19T07:35:38.420+0200] {dagbag.py:538} INFO - Filling up the DagBag from /Users/eldorado/Documents/swiss-job-intelligence/venv/lib/python3.11/site-packages/airflow/example_dags/example_params_trigger_ui.py
[2026-06-19T07:35:38.436+0200] {processor.py:840} INFO - DAG(s) 'example_params_trigger_ui' retrieved from /Users/eldorado/Documents/swiss-job-intelligence/venv/lib/python3.11/site-packages/airflow/example_dags/example_params_trigger_ui.py
[2026-06-19T07:35:38.541+0200] {logging_mixin.py:188} INFO - [2026-06-19T07:35:38.540+0200] {dag.py:3036} INFO - Sync 1 DAGs
[2026-06-19T07:35:38.544+0200] {logging_mixin.py:188} INFO - [2026-06-19T07:35:38.544+0200] {dag.py:3823} INFO - Setting next_dagrun for example_params_trigger_ui to None, run_after=None
[2026-06-19T07:35:38.551+0200] {processor.py:183} INFO - Processing /Users/eldorado/Documents/swiss-job-intelligence/venv/lib/python3.11/site-packages/airflow/example_dags/example_params_trigger_ui.py took 0.132 seconds
