[2026-06-19T07:21:52.291+0200] {processor.py:161} INFO - Started process (PID=93147) to work on /Users/eldorado/Documents/swiss-job-intelligence/venv/lib/python3.11/site-packages/airflow/example_dags/example_xcom.py
[2026-06-19T07:21:52.292+0200] {processor.py:830} INFO - Processing file /Users/eldorado/Documents/swiss-job-intelligence/venv/lib/python3.11/site-packages/airflow/example_dags/example_xcom.py for tasks to queue
[2026-06-19T07:21:52.292+0200] {logging_mixin.py:188} INFO - [2026-06-19T07:21:52.292+0200] {dagbag.py:538} INFO - Filling up the DagBag from /Users/eldorado/Documents/swiss-job-intelligence/venv/lib/python3.11/site-packages/airflow/example_dags/example_xcom.py
[2026-06-19T07:21:52.307+0200] {processor.py:840} INFO - DAG(s) 'example_xcom' retrieved from /Users/eldorado/Documents/swiss-job-intelligence/venv/lib/python3.11/site-packages/airflow/example_dags/example_xcom.py
[2026-06-19T07:21:52.370+0200] {logging_mixin.py:188} INFO - [2026-06-19T07:21:52.370+0200] {dag.py:3036} INFO - Sync 1 DAGs
[2026-06-19T07:21:52.376+0200] {logging_mixin.py:188} INFO - [2026-06-19T07:21:52.376+0200] {dag.py:3823} INFO - Setting next_dagrun for example_xcom to 2021-01-01 00:00:00+00:00, run_after=2021-01-01 00:00:00+00:00
[2026-06-19T07:21:52.384+0200] {processor.py:183} INFO - Processing /Users/eldorado/Documents/swiss-job-intelligence/venv/lib/python3.11/site-packages/airflow/example_dags/example_xcom.py took 0.093 seconds
[2026-06-19T07:23:23.475+0200] {processor.py:161} INFO - Started process (PID=93310) to work on /Users/eldorado/Documents/swiss-job-intelligence/venv/lib/python3.11/site-packages/airflow/example_dags/example_xcom.py
[2026-06-19T07:23:23.478+0200] {processor.py:830} INFO - Processing file /Users/eldorado/Documents/swiss-job-intelligence/venv/lib/python3.11/site-packages/airflow/example_dags/example_xcom.py for tasks to queue
[2026-06-19T07:23:23.479+0200] {logging_mixin.py:188} INFO - [2026-06-19T07:23:23.478+0200] {dagbag.py:538} INFO - Filling up the DagBag from /Users/eldorado/Documents/swiss-job-intelligence/venv/lib/python3.11/site-packages/airflow/example_dags/example_xcom.py
[2026-06-19T07:23:23.493+0200] {processor.py:840} INFO - DAG(s) 'example_xcom' retrieved from /Users/eldorado/Documents/swiss-job-intelligence/venv/lib/python3.11/site-packages/airflow/example_dags/example_xcom.py
[2026-06-19T07:23:23.557+0200] {logging_mixin.py:188} INFO - [2026-06-19T07:23:23.557+0200] {dag.py:3036} INFO - Sync 1 DAGs
[2026-06-19T07:23:23.563+0200] {logging_mixin.py:188} INFO - [2026-06-19T07:23:23.563+0200] {dag.py:3823} INFO - Setting next_dagrun for example_xcom to 2021-01-01 00:00:00+00:00, run_after=2021-01-01 00:00:00+00:00
[2026-06-19T07:23:23.570+0200] {processor.py:183} INFO - Processing /Users/eldorado/Documents/swiss-job-intelligence/venv/lib/python3.11/site-packages/airflow/example_dags/example_xcom.py took 0.096 seconds
[2026-06-19T07:24:25.724+0200] {processor.py:161} INFO - Started process (PID=93375) to work on /Users/eldorado/Documents/swiss-job-intelligence/venv/lib/python3.11/site-packages/airflow/example_dags/example_xcom.py
[2026-06-19T07:24:25.725+0200] {processor.py:830} INFO - Processing file /Users/eldorado/Documents/swiss-job-intelligence/venv/lib/python3.11/site-packages/airflow/example_dags/example_xcom.py for tasks to queue
[2026-06-19T07:24:25.725+0200] {logging_mixin.py:188} INFO - [2026-06-19T07:24:25.725+0200] {dagbag.py:538} INFO - Filling up the DagBag from /Users/eldorado/Documents/swiss-job-intelligence/venv/lib/python3.11/site-packages/airflow/example_dags/example_xcom.py
[2026-06-19T07:24:25.740+0200] {processor.py:840} INFO - DAG(s) 'example_xcom' retrieved from /Users/eldorado/Documents/swiss-job-intelligence/venv/lib/python3.11/site-packages/airflow/example_dags/example_xcom.py
[2026-06-19T07:24:25.802+0200] {logging_mixin.py:188} INFO - [2026-06-19T07:24:25.802+0200] {dag.py:3036} INFO - Sync 1 DAGs
[2026-06-19T07:24:25.807+0200] {logging_mixin.py:188} INFO - [2026-06-19T07:24:25.807+0200] {dag.py:3823} INFO - Setting next_dagrun for example_xcom to 2021-01-01 00:00:00+00:00, run_after=2021-01-01 00:00:00+00:00
[2026-06-19T07:24:25.815+0200] {processor.py:183} INFO - Processing /Users/eldorado/Documents/swiss-job-intelligence/venv/lib/python3.11/site-packages/airflow/example_dags/example_xcom.py took 0.092 seconds
[2026-06-19T07:25:27.868+0200] {processor.py:161} INFO - Started process (PID=93474) to work on /Users/eldorado/Documents/swiss-job-intelligence/venv/lib/python3.11/site-packages/airflow/example_dags/example_xcom.py
[2026-06-19T07:25:27.869+0200] {processor.py:830} INFO - Processing file /Users/eldorado/Documents/swiss-job-intelligence/venv/lib/python3.11/site-packages/airflow/example_dags/example_xcom.py for tasks to queue
[2026-06-19T07:25:27.870+0200] {logging_mixin.py:188} INFO - [2026-06-19T07:25:27.870+0200] {dagbag.py:538} INFO - Filling up the DagBag from /Users/eldorado/Documents/swiss-job-intelligence/venv/lib/python3.11/site-packages/airflow/example_dags/example_xcom.py
[2026-06-19T07:25:27.887+0200] {processor.py:840} INFO - DAG(s) 'example_xcom' retrieved from /Users/eldorado/Documents/swiss-job-intelligence/venv/lib/python3.11/site-packages/airflow/example_dags/example_xcom.py
[2026-06-19T07:25:27.950+0200] {logging_mixin.py:188} INFO - [2026-06-19T07:25:27.950+0200] {dag.py:3036} INFO - Sync 1 DAGs
[2026-06-19T07:25:27.956+0200] {logging_mixin.py:188} INFO - [2026-06-19T07:25:27.956+0200] {dag.py:3823} INFO - Setting next_dagrun for example_xcom to 2021-01-01 00:00:00+00:00, run_after=2021-01-01 00:00:00+00:00
[2026-06-19T07:25:27.963+0200] {processor.py:183} INFO - Processing /Users/eldorado/Documents/swiss-job-intelligence/venv/lib/python3.11/site-packages/airflow/example_dags/example_xcom.py took 0.095 seconds
[2026-06-19T07:26:48.067+0200] {processor.py:161} INFO - Started process (PID=93737) to work on /Users/eldorado/Documents/swiss-job-intelligence/venv/lib/python3.11/site-packages/airflow/example_dags/example_xcom.py
[2026-06-19T07:26:48.068+0200] {processor.py:830} INFO - Processing file /Users/eldorado/Documents/swiss-job-intelligence/venv/lib/python3.11/site-packages/airflow/example_dags/example_xcom.py for tasks to queue
[2026-06-19T07:26:48.069+0200] {logging_mixin.py:188} INFO - [2026-06-19T07:26:48.069+0200] {dagbag.py:538} INFO - Filling up the DagBag from /Users/eldorado/Documents/swiss-job-intelligence/venv/lib/python3.11/site-packages/airflow/example_dags/example_xcom.py
[2026-06-19T07:26:48.083+0200] {processor.py:840} INFO - DAG(s) 'example_xcom' retrieved from /Users/eldorado/Documents/swiss-job-intelligence/venv/lib/python3.11/site-packages/airflow/example_dags/example_xcom.py
[2026-06-19T07:26:48.142+0200] {logging_mixin.py:188} INFO - [2026-06-19T07:26:48.142+0200] {dag.py:3036} INFO - Sync 1 DAGs
[2026-06-19T07:26:48.148+0200] {logging_mixin.py:188} INFO - [2026-06-19T07:26:48.148+0200] {dag.py:3823} INFO - Setting next_dagrun for example_xcom to 2021-01-01 00:00:00+00:00, run_after=2021-01-01 00:00:00+00:00
[2026-06-19T07:26:48.154+0200] {processor.py:183} INFO - Processing /Users/eldorado/Documents/swiss-job-intelligence/venv/lib/python3.11/site-packages/airflow/example_dags/example_xcom.py took 0.087 seconds
[2026-06-19T07:27:48.458+0200] {processor.py:161} INFO - Started process (PID=93812) to work on /Users/eldorado/Documents/swiss-job-intelligence/venv/lib/python3.11/site-packages/airflow/example_dags/example_xcom.py
[2026-06-19T07:27:48.459+0200] {processor.py:830} INFO - Processing file /Users/eldorado/Documents/swiss-job-intelligence/venv/lib/python3.11/site-packages/airflow/example_dags/example_xcom.py for tasks to queue
[2026-06-19T07:27:48.459+0200] {logging_mixin.py:188} INFO - [2026-06-19T07:27:48.459+0200] {dagbag.py:538} INFO - Filling up the DagBag from /Users/eldorado/Documents/swiss-job-intelligence/venv/lib/python3.11/site-packages/airflow/example_dags/example_xcom.py
[2026-06-19T07:27:48.473+0200] {processor.py:840} INFO - DAG(s) 'example_xcom' retrieved from /Users/eldorado/Documents/swiss-job-intelligence/venv/lib/python3.11/site-packages/airflow/example_dags/example_xcom.py
[2026-06-19T07:27:48.533+0200] {logging_mixin.py:188} INFO - [2026-06-19T07:27:48.533+0200] {dag.py:3036} INFO - Sync 1 DAGs
[2026-06-19T07:27:48.538+0200] {logging_mixin.py:188} INFO - [2026-06-19T07:27:48.538+0200] {dag.py:3823} INFO - Setting next_dagrun for example_xcom to 2021-01-01 00:00:00+00:00, run_after=2021-01-01 00:00:00+00:00
[2026-06-19T07:27:48.546+0200] {processor.py:183} INFO - Processing /Users/eldorado/Documents/swiss-job-intelligence/venv/lib/python3.11/site-packages/airflow/example_dags/example_xcom.py took 0.089 seconds
[2026-06-19T07:31:06.139+0200] {processor.py:161} INFO - Started process (PID=95071) to work on /Users/eldorado/Documents/swiss-job-intelligence/venv/lib/python3.11/site-packages/airflow/example_dags/example_xcom.py
[2026-06-19T07:31:06.142+0200] {processor.py:830} INFO - Processing file /Users/eldorado/Documents/swiss-job-intelligence/venv/lib/python3.11/site-packages/airflow/example_dags/example_xcom.py for tasks to queue
[2026-06-19T07:31:06.143+0200] {logging_mixin.py:188} INFO - [2026-06-19T07:31:06.142+0200] {dagbag.py:538} INFO - Filling up the DagBag from /Users/eldorado/Documents/swiss-job-intelligence/venv/lib/python3.11/site-packages/airflow/example_dags/example_xcom.py
[2026-06-19T07:31:06.158+0200] {processor.py:840} INFO - DAG(s) 'example_xcom' retrieved from /Users/eldorado/Documents/swiss-job-intelligence/venv/lib/python3.11/site-packages/airflow/example_dags/example_xcom.py
[2026-06-19T07:31:06.217+0200] {logging_mixin.py:188} INFO - [2026-06-19T07:31:06.217+0200] {dag.py:3036} INFO - Sync 1 DAGs
[2026-06-19T07:31:06.223+0200] {logging_mixin.py:188} INFO - [2026-06-19T07:31:06.222+0200] {dag.py:3823} INFO - Setting next_dagrun for example_xcom to 2021-01-01 00:00:00+00:00, run_after=2021-01-01 00:00:00+00:00
[2026-06-19T07:31:06.230+0200] {processor.py:183} INFO - Processing /Users/eldorado/Documents/swiss-job-intelligence/venv/lib/python3.11/site-packages/airflow/example_dags/example_xcom.py took 0.091 seconds
[2026-06-19T07:32:28.713+0200] {processor.py:161} INFO - Started process (PID=95403) to work on /Users/eldorado/Documents/swiss-job-intelligence/venv/lib/python3.11/site-packages/airflow/example_dags/example_xcom.py
[2026-06-19T07:32:28.715+0200] {processor.py:830} INFO - Processing file /Users/eldorado/Documents/swiss-job-intelligence/venv/lib/python3.11/site-packages/airflow/example_dags/example_xcom.py for tasks to queue
[2026-06-19T07:32:28.715+0200] {logging_mixin.py:188} INFO - [2026-06-19T07:32:28.715+0200] {dagbag.py:538} INFO - Filling up the DagBag from /Users/eldorado/Documents/swiss-job-intelligence/venv/lib/python3.11/site-packages/airflow/example_dags/example_xcom.py
[2026-06-19T07:32:28.729+0200] {processor.py:840} INFO - DAG(s) 'example_xcom' retrieved from /Users/eldorado/Documents/swiss-job-intelligence/venv/lib/python3.11/site-packages/airflow/example_dags/example_xcom.py
[2026-06-19T07:32:28.733+0200] {logging_mixin.py:188} INFO - [2026-06-19T07:32:28.733+0200] {dag.py:3036} INFO - Sync 1 DAGs
[2026-06-19T07:32:28.790+0200] {logging_mixin.py:188} INFO - [2026-06-19T07:32:28.790+0200] {dag.py:3823} INFO - Setting next_dagrun for example_xcom to 2021-01-01 00:00:00+00:00, run_after=2021-01-01 00:00:00+00:00
[2026-06-19T07:32:28.797+0200] {processor.py:183} INFO - Processing /Users/eldorado/Documents/swiss-job-intelligence/venv/lib/python3.11/site-packages/airflow/example_dags/example_xcom.py took 0.085 seconds
[2026-06-19T07:35:03.330+0200] {processor.py:161} INFO - Started process (PID=98217) to work on /Users/eldorado/Documents/swiss-job-intelligence/venv/lib/python3.11/site-packages/airflow/example_dags/example_xcom.py
[2026-06-19T07:35:03.330+0200] {processor.py:830} INFO - Processing file /Users/eldorado/Documents/swiss-job-intelligence/venv/lib/python3.11/site-packages/airflow/example_dags/example_xcom.py for tasks to queue
[2026-06-19T07:35:03.331+0200] {logging_mixin.py:188} INFO - [2026-06-19T07:35:03.331+0200] {dagbag.py:538} INFO - Filling up the DagBag from /Users/eldorado/Documents/swiss-job-intelligence/venv/lib/python3.11/site-packages/airflow/example_dags/example_xcom.py
[2026-06-19T07:35:03.347+0200] {processor.py:840} INFO - DAG(s) 'example_xcom' retrieved from /Users/eldorado/Documents/swiss-job-intelligence/venv/lib/python3.11/site-packages/airflow/example_dags/example_xcom.py
[2026-06-19T07:35:03.444+0200] {logging_mixin.py:188} INFO - [2026-06-19T07:35:03.444+0200] {dag.py:3036} INFO - Sync 1 DAGs
[2026-06-19T07:35:03.450+0200] {logging_mixin.py:188} INFO - [2026-06-19T07:35:03.449+0200] {dag.py:3823} INFO - Setting next_dagrun for example_xcom to 2021-01-01 00:00:00+00:00, run_after=2021-01-01 00:00:00+00:00
[2026-06-19T07:35:03.457+0200] {processor.py:183} INFO - Processing /Users/eldorado/Documents/swiss-job-intelligence/venv/lib/python3.11/site-packages/airflow/example_dags/example_xcom.py took 0.128 seconds
