[2026-06-19T07:21:54.223+0200] {processor.py:161} INFO - Started process (PID=93151) to work on /Users/eldorado/Documents/swiss-job-intelligence/venv/lib/python3.11/site-packages/airflow/example_dags/example_trigger_target_dag.py
[2026-06-19T07:21:54.224+0200] {processor.py:830} INFO - Processing file /Users/eldorado/Documents/swiss-job-intelligence/venv/lib/python3.11/site-packages/airflow/example_dags/example_trigger_target_dag.py for tasks to queue
[2026-06-19T07:21:54.224+0200] {logging_mixin.py:188} INFO - [2026-06-19T07:21:54.224+0200] {dagbag.py:538} INFO - Filling up the DagBag from /Users/eldorado/Documents/swiss-job-intelligence/venv/lib/python3.11/site-packages/airflow/example_dags/example_trigger_target_dag.py
[2026-06-19T07:21:54.239+0200] {processor.py:840} INFO - DAG(s) 'example_trigger_target_dag' retrieved from /Users/eldorado/Documents/swiss-job-intelligence/venv/lib/python3.11/site-packages/airflow/example_dags/example_trigger_target_dag.py
[2026-06-19T07:21:54.300+0200] {logging_mixin.py:188} INFO - [2026-06-19T07:21:54.300+0200] {dag.py:3036} INFO - Sync 1 DAGs
[2026-06-19T07:21:54.304+0200] {logging_mixin.py:188} INFO - [2026-06-19T07:21:54.304+0200] {dag.py:3823} INFO - Setting next_dagrun for example_trigger_target_dag to None, run_after=None
[2026-06-19T07:21:54.311+0200] {processor.py:183} INFO - Processing /Users/eldorado/Documents/swiss-job-intelligence/venv/lib/python3.11/site-packages/airflow/example_dags/example_trigger_target_dag.py took 0.088 seconds
[2026-06-19T07:23:24.548+0200] {processor.py:161} INFO - Started process (PID=93313) to work on /Users/eldorado/Documents/swiss-job-intelligence/venv/lib/python3.11/site-packages/airflow/example_dags/example_trigger_target_dag.py
[2026-06-19T07:23:24.550+0200] {processor.py:830} INFO - Processing file /Users/eldorado/Documents/swiss-job-intelligence/venv/lib/python3.11/site-packages/airflow/example_dags/example_trigger_target_dag.py for tasks to queue
[2026-06-19T07:23:24.550+0200] {logging_mixin.py:188} INFO - [2026-06-19T07:23:24.550+0200] {dagbag.py:538} INFO - Filling up the DagBag from /Users/eldorado/Documents/swiss-job-intelligence/venv/lib/python3.11/site-packages/airflow/example_dags/example_trigger_target_dag.py
[2026-06-19T07:23:24.564+0200] {processor.py:840} INFO - DAG(s) 'example_trigger_target_dag' retrieved from /Users/eldorado/Documents/swiss-job-intelligence/venv/lib/python3.11/site-packages/airflow/example_dags/example_trigger_target_dag.py
[2026-06-19T07:23:24.627+0200] {logging_mixin.py:188} INFO - [2026-06-19T07:23:24.627+0200] {dag.py:3036} INFO - Sync 1 DAGs
[2026-06-19T07:23:24.630+0200] {logging_mixin.py:188} INFO - [2026-06-19T07:23:24.630+0200] {dag.py:3823} INFO - Setting next_dagrun for example_trigger_target_dag to None, run_after=None
[2026-06-19T07:23:24.638+0200] {processor.py:183} INFO - Processing /Users/eldorado/Documents/swiss-job-intelligence/venv/lib/python3.11/site-packages/airflow/example_dags/example_trigger_target_dag.py took 0.091 seconds
[2026-06-19T07:24:27.668+0200] {processor.py:161} INFO - Started process (PID=93377) to work on /Users/eldorado/Documents/swiss-job-intelligence/venv/lib/python3.11/site-packages/airflow/example_dags/example_trigger_target_dag.py
[2026-06-19T07:24:27.669+0200] {processor.py:830} INFO - Processing file /Users/eldorado/Documents/swiss-job-intelligence/venv/lib/python3.11/site-packages/airflow/example_dags/example_trigger_target_dag.py for tasks to queue
[2026-06-19T07:24:27.669+0200] {logging_mixin.py:188} INFO - [2026-06-19T07:24:27.669+0200] {dagbag.py:538} INFO - Filling up the DagBag from /Users/eldorado/Documents/swiss-job-intelligence/venv/lib/python3.11/site-packages/airflow/example_dags/example_trigger_target_dag.py
[2026-06-19T07:24:27.686+0200] {processor.py:840} INFO - DAG(s) 'example_trigger_target_dag' retrieved from /Users/eldorado/Documents/swiss-job-intelligence/venv/lib/python3.11/site-packages/airflow/example_dags/example_trigger_target_dag.py
[2026-06-19T07:24:27.748+0200] {logging_mixin.py:188} INFO - [2026-06-19T07:24:27.748+0200] {dag.py:3036} INFO - Sync 1 DAGs
[2026-06-19T07:24:27.751+0200] {logging_mixin.py:188} INFO - [2026-06-19T07:24:27.751+0200] {dag.py:3823} INFO - Setting next_dagrun for example_trigger_target_dag to None, run_after=None
[2026-06-19T07:24:27.759+0200] {processor.py:183} INFO - Processing /Users/eldorado/Documents/swiss-job-intelligence/venv/lib/python3.11/site-packages/airflow/example_dags/example_trigger_target_dag.py took 0.092 seconds
[2026-06-19T07:25:29.857+0200] {processor.py:161} INFO - Started process (PID=93481) to work on /Users/eldorado/Documents/swiss-job-intelligence/venv/lib/python3.11/site-packages/airflow/example_dags/example_trigger_target_dag.py
[2026-06-19T07:25:29.859+0200] {processor.py:830} INFO - Processing file /Users/eldorado/Documents/swiss-job-intelligence/venv/lib/python3.11/site-packages/airflow/example_dags/example_trigger_target_dag.py for tasks to queue
[2026-06-19T07:25:29.859+0200] {logging_mixin.py:188} INFO - [2026-06-19T07:25:29.859+0200] {dagbag.py:538} INFO - Filling up the DagBag from /Users/eldorado/Documents/swiss-job-intelligence/venv/lib/python3.11/site-packages/airflow/example_dags/example_trigger_target_dag.py
[2026-06-19T07:25:29.874+0200] {processor.py:840} INFO - DAG(s) 'example_trigger_target_dag' retrieved from /Users/eldorado/Documents/swiss-job-intelligence/venv/lib/python3.11/site-packages/airflow/example_dags/example_trigger_target_dag.py
[2026-06-19T07:25:29.939+0200] {logging_mixin.py:188} INFO - [2026-06-19T07:25:29.939+0200] {dag.py:3036} INFO - Sync 1 DAGs
[2026-06-19T07:25:29.943+0200] {logging_mixin.py:188} INFO - [2026-06-19T07:25:29.943+0200] {dag.py:3823} INFO - Setting next_dagrun for example_trigger_target_dag to None, run_after=None
[2026-06-19T07:25:29.951+0200] {processor.py:183} INFO - Processing /Users/eldorado/Documents/swiss-job-intelligence/venv/lib/python3.11/site-packages/airflow/example_dags/example_trigger_target_dag.py took 0.094 seconds
[2026-06-19T07:26:49.287+0200] {processor.py:161} INFO - Started process (PID=93741) to work on /Users/eldorado/Documents/swiss-job-intelligence/venv/lib/python3.11/site-packages/airflow/example_dags/example_trigger_target_dag.py
[2026-06-19T07:26:49.288+0200] {processor.py:830} INFO - Processing file /Users/eldorado/Documents/swiss-job-intelligence/venv/lib/python3.11/site-packages/airflow/example_dags/example_trigger_target_dag.py for tasks to queue
[2026-06-19T07:26:49.289+0200] {logging_mixin.py:188} INFO - [2026-06-19T07:26:49.289+0200] {dagbag.py:538} INFO - Filling up the DagBag from /Users/eldorado/Documents/swiss-job-intelligence/venv/lib/python3.11/site-packages/airflow/example_dags/example_trigger_target_dag.py
[2026-06-19T07:26:49.303+0200] {processor.py:840} INFO - DAG(s) 'example_trigger_target_dag' retrieved from /Users/eldorado/Documents/swiss-job-intelligence/venv/lib/python3.11/site-packages/airflow/example_dags/example_trigger_target_dag.py
[2026-06-19T07:26:49.362+0200] {logging_mixin.py:188} INFO - [2026-06-19T07:26:49.362+0200] {dag.py:3036} INFO - Sync 1 DAGs
[2026-06-19T07:26:49.365+0200] {logging_mixin.py:188} INFO - [2026-06-19T07:26:49.365+0200] {dag.py:3823} INFO - Setting next_dagrun for example_trigger_target_dag to None, run_after=None
[2026-06-19T07:26:49.373+0200] {processor.py:183} INFO - Processing /Users/eldorado/Documents/swiss-job-intelligence/venv/lib/python3.11/site-packages/airflow/example_dags/example_trigger_target_dag.py took 0.086 seconds
[2026-06-19T07:27:50.381+0200] {processor.py:161} INFO - Started process (PID=93816) to work on /Users/eldorado/Documents/swiss-job-intelligence/venv/lib/python3.11/site-packages/airflow/example_dags/example_trigger_target_dag.py
[2026-06-19T07:27:50.382+0200] {processor.py:830} INFO - Processing file /Users/eldorado/Documents/swiss-job-intelligence/venv/lib/python3.11/site-packages/airflow/example_dags/example_trigger_target_dag.py for tasks to queue
[2026-06-19T07:27:50.382+0200] {logging_mixin.py:188} INFO - [2026-06-19T07:27:50.382+0200] {dagbag.py:538} INFO - Filling up the DagBag from /Users/eldorado/Documents/swiss-job-intelligence/venv/lib/python3.11/site-packages/airflow/example_dags/example_trigger_target_dag.py
[2026-06-19T07:27:50.397+0200] {processor.py:840} INFO - DAG(s) 'example_trigger_target_dag' retrieved from /Users/eldorado/Documents/swiss-job-intelligence/venv/lib/python3.11/site-packages/airflow/example_dags/example_trigger_target_dag.py
[2026-06-19T07:27:50.458+0200] {logging_mixin.py:188} INFO - [2026-06-19T07:27:50.458+0200] {dag.py:3036} INFO - Sync 1 DAGs
[2026-06-19T07:27:50.462+0200] {logging_mixin.py:188} INFO - [2026-06-19T07:27:50.461+0200] {dag.py:3823} INFO - Setting next_dagrun for example_trigger_target_dag to None, run_after=None
[2026-06-19T07:27:50.470+0200] {processor.py:183} INFO - Processing /Users/eldorado/Documents/swiss-job-intelligence/venv/lib/python3.11/site-packages/airflow/example_dags/example_trigger_target_dag.py took 0.089 seconds
[2026-06-19T07:31:08.064+0200] {processor.py:161} INFO - Started process (PID=95074) to work on /Users/eldorado/Documents/swiss-job-intelligence/venv/lib/python3.11/site-packages/airflow/example_dags/example_trigger_target_dag.py
[2026-06-19T07:31:08.065+0200] {processor.py:830} INFO - Processing file /Users/eldorado/Documents/swiss-job-intelligence/venv/lib/python3.11/site-packages/airflow/example_dags/example_trigger_target_dag.py for tasks to queue
[2026-06-19T07:31:08.066+0200] {logging_mixin.py:188} INFO - [2026-06-19T07:31:08.065+0200] {dagbag.py:538} INFO - Filling up the DagBag from /Users/eldorado/Documents/swiss-job-intelligence/venv/lib/python3.11/site-packages/airflow/example_dags/example_trigger_target_dag.py
[2026-06-19T07:31:08.080+0200] {processor.py:840} INFO - DAG(s) 'example_trigger_target_dag' retrieved from /Users/eldorado/Documents/swiss-job-intelligence/venv/lib/python3.11/site-packages/airflow/example_dags/example_trigger_target_dag.py
[2026-06-19T07:31:08.143+0200] {logging_mixin.py:188} INFO - [2026-06-19T07:31:08.143+0200] {dag.py:3036} INFO - Sync 1 DAGs
[2026-06-19T07:31:08.146+0200] {logging_mixin.py:188} INFO - [2026-06-19T07:31:08.146+0200] {dag.py:3823} INFO - Setting next_dagrun for example_trigger_target_dag to None, run_after=None
[2026-06-19T07:31:08.154+0200] {processor.py:183} INFO - Processing /Users/eldorado/Documents/swiss-job-intelligence/venv/lib/python3.11/site-packages/airflow/example_dags/example_trigger_target_dag.py took 0.091 seconds
[2026-06-19T07:32:30.512+0200] {processor.py:161} INFO - Started process (PID=95409) to work on /Users/eldorado/Documents/swiss-job-intelligence/venv/lib/python3.11/site-packages/airflow/example_dags/example_trigger_target_dag.py
[2026-06-19T07:32:30.513+0200] {processor.py:830} INFO - Processing file /Users/eldorado/Documents/swiss-job-intelligence/venv/lib/python3.11/site-packages/airflow/example_dags/example_trigger_target_dag.py for tasks to queue
[2026-06-19T07:32:30.514+0200] {logging_mixin.py:188} INFO - [2026-06-19T07:32:30.514+0200] {dagbag.py:538} INFO - Filling up the DagBag from /Users/eldorado/Documents/swiss-job-intelligence/venv/lib/python3.11/site-packages/airflow/example_dags/example_trigger_target_dag.py
[2026-06-19T07:32:30.527+0200] {processor.py:840} INFO - DAG(s) 'example_trigger_target_dag' retrieved from /Users/eldorado/Documents/swiss-job-intelligence/venv/lib/python3.11/site-packages/airflow/example_dags/example_trigger_target_dag.py
[2026-06-19T07:32:30.531+0200] {logging_mixin.py:188} INFO - [2026-06-19T07:32:30.531+0200] {dag.py:3036} INFO - Sync 1 DAGs
[2026-06-19T07:32:30.585+0200] {logging_mixin.py:188} INFO - [2026-06-19T07:32:30.585+0200] {dag.py:3823} INFO - Setting next_dagrun for example_trigger_target_dag to None, run_after=None
[2026-06-19T07:32:30.592+0200] {processor.py:183} INFO - Processing /Users/eldorado/Documents/swiss-job-intelligence/venv/lib/python3.11/site-packages/airflow/example_dags/example_trigger_target_dag.py took 0.080 seconds
[2026-06-19T07:35:05.306+0200] {processor.py:161} INFO - Started process (PID=98224) to work on /Users/eldorado/Documents/swiss-job-intelligence/venv/lib/python3.11/site-packages/airflow/example_dags/example_trigger_target_dag.py
[2026-06-19T07:35:05.307+0200] {processor.py:830} INFO - Processing file /Users/eldorado/Documents/swiss-job-intelligence/venv/lib/python3.11/site-packages/airflow/example_dags/example_trigger_target_dag.py for tasks to queue
[2026-06-19T07:35:05.307+0200] {logging_mixin.py:188} INFO - [2026-06-19T07:35:05.307+0200] {dagbag.py:538} INFO - Filling up the DagBag from /Users/eldorado/Documents/swiss-job-intelligence/venv/lib/python3.11/site-packages/airflow/example_dags/example_trigger_target_dag.py
[2026-06-19T07:35:05.321+0200] {processor.py:840} INFO - DAG(s) 'example_trigger_target_dag' retrieved from /Users/eldorado/Documents/swiss-job-intelligence/venv/lib/python3.11/site-packages/airflow/example_dags/example_trigger_target_dag.py
[2026-06-19T07:35:05.424+0200] {logging_mixin.py:188} INFO - [2026-06-19T07:35:05.424+0200] {dag.py:3036} INFO - Sync 1 DAGs
[2026-06-19T07:35:05.428+0200] {logging_mixin.py:188} INFO - [2026-06-19T07:35:05.428+0200] {dag.py:3823} INFO - Setting next_dagrun for example_trigger_target_dag to None, run_after=None
[2026-06-19T07:35:05.437+0200] {processor.py:183} INFO - Processing /Users/eldorado/Documents/swiss-job-intelligence/venv/lib/python3.11/site-packages/airflow/example_dags/example_trigger_target_dag.py took 0.131 seconds
