[2026-06-19T07:21:45.321+0200] {processor.py:161} INFO - Started process (PID=93127) to work on /Users/eldorado/Documents/swiss-job-intelligence/venv/lib/python3.11/site-packages/airflow/example_dags/tutorial_objectstorage.py
[2026-06-19T07:21:45.322+0200] {processor.py:830} INFO - Processing file /Users/eldorado/Documents/swiss-job-intelligence/venv/lib/python3.11/site-packages/airflow/example_dags/tutorial_objectstorage.py for tasks to queue
[2026-06-19T07:21:45.322+0200] {logging_mixin.py:188} INFO - [2026-06-19T07:21:45.322+0200] {dagbag.py:538} INFO - Filling up the DagBag from /Users/eldorado/Documents/swiss-job-intelligence/venv/lib/python3.11/site-packages/airflow/example_dags/tutorial_objectstorage.py
[2026-06-19T07:21:45.351+0200] {processor.py:840} INFO - DAG(s) 'tutorial_objectstorage' retrieved from /Users/eldorado/Documents/swiss-job-intelligence/venv/lib/python3.11/site-packages/airflow/example_dags/tutorial_objectstorage.py
[2026-06-19T07:21:45.409+0200] {logging_mixin.py:188} INFO - [2026-06-19T07:21:45.409+0200] {dag.py:3036} INFO - Sync 1 DAGs
[2026-06-19T07:21:45.413+0200] {logging_mixin.py:188} INFO - [2026-06-19T07:21:45.413+0200] {dag.py:3823} INFO - Setting next_dagrun for tutorial_objectstorage to None, run_after=None
[2026-06-19T07:21:45.420+0200] {processor.py:183} INFO - Processing /Users/eldorado/Documents/swiss-job-intelligence/venv/lib/python3.11/site-packages/airflow/example_dags/tutorial_objectstorage.py took 0.099 seconds
[2026-06-19T07:23:15.575+0200] {processor.py:161} INFO - Started process (PID=93297) to work on /Users/eldorado/Documents/swiss-job-intelligence/venv/lib/python3.11/site-packages/airflow/example_dags/tutorial_objectstorage.py
[2026-06-19T07:23:15.576+0200] {processor.py:830} INFO - Processing file /Users/eldorado/Documents/swiss-job-intelligence/venv/lib/python3.11/site-packages/airflow/example_dags/tutorial_objectstorage.py for tasks to queue
[2026-06-19T07:23:15.577+0200] {logging_mixin.py:188} INFO - [2026-06-19T07:23:15.576+0200] {dagbag.py:538} INFO - Filling up the DagBag from /Users/eldorado/Documents/swiss-job-intelligence/venv/lib/python3.11/site-packages/airflow/example_dags/tutorial_objectstorage.py
[2026-06-19T07:23:15.611+0200] {processor.py:840} INFO - DAG(s) 'tutorial_objectstorage' retrieved from /Users/eldorado/Documents/swiss-job-intelligence/venv/lib/python3.11/site-packages/airflow/example_dags/tutorial_objectstorage.py
[2026-06-19T07:23:15.672+0200] {logging_mixin.py:188} INFO - [2026-06-19T07:23:15.672+0200] {dag.py:3036} INFO - Sync 1 DAGs
[2026-06-19T07:23:15.676+0200] {logging_mixin.py:188} INFO - [2026-06-19T07:23:15.676+0200] {dag.py:3823} INFO - Setting next_dagrun for tutorial_objectstorage to None, run_after=None
[2026-06-19T07:23:15.686+0200] {processor.py:183} INFO - Processing /Users/eldorado/Documents/swiss-job-intelligence/venv/lib/python3.11/site-packages/airflow/example_dags/tutorial_objectstorage.py took 0.111 seconds
[2026-06-19T07:24:18.057+0200] {processor.py:161} INFO - Started process (PID=93367) to work on /Users/eldorado/Documents/swiss-job-intelligence/venv/lib/python3.11/site-packages/airflow/example_dags/tutorial_objectstorage.py
[2026-06-19T07:24:18.059+0200] {processor.py:830} INFO - Processing file /Users/eldorado/Documents/swiss-job-intelligence/venv/lib/python3.11/site-packages/airflow/example_dags/tutorial_objectstorage.py for tasks to queue
[2026-06-19T07:24:18.059+0200] {logging_mixin.py:188} INFO - [2026-06-19T07:24:18.059+0200] {dagbag.py:538} INFO - Filling up the DagBag from /Users/eldorado/Documents/swiss-job-intelligence/venv/lib/python3.11/site-packages/airflow/example_dags/tutorial_objectstorage.py
[2026-06-19T07:24:18.093+0200] {processor.py:840} INFO - DAG(s) 'tutorial_objectstorage' retrieved from /Users/eldorado/Documents/swiss-job-intelligence/venv/lib/python3.11/site-packages/airflow/example_dags/tutorial_objectstorage.py
[2026-06-19T07:24:18.153+0200] {logging_mixin.py:188} INFO - [2026-06-19T07:24:18.153+0200] {dag.py:3036} INFO - Sync 1 DAGs
[2026-06-19T07:24:18.157+0200] {logging_mixin.py:188} INFO - [2026-06-19T07:24:18.157+0200] {dag.py:3823} INFO - Setting next_dagrun for tutorial_objectstorage to None, run_after=None
[2026-06-19T07:24:18.164+0200] {processor.py:183} INFO - Processing /Users/eldorado/Documents/swiss-job-intelligence/venv/lib/python3.11/site-packages/airflow/example_dags/tutorial_objectstorage.py took 0.108 seconds
[2026-06-19T07:25:20.881+0200] {processor.py:161} INFO - Started process (PID=93461) to work on /Users/eldorado/Documents/swiss-job-intelligence/venv/lib/python3.11/site-packages/airflow/example_dags/tutorial_objectstorage.py
[2026-06-19T07:25:20.882+0200] {processor.py:830} INFO - Processing file /Users/eldorado/Documents/swiss-job-intelligence/venv/lib/python3.11/site-packages/airflow/example_dags/tutorial_objectstorage.py for tasks to queue
[2026-06-19T07:25:20.883+0200] {logging_mixin.py:188} INFO - [2026-06-19T07:25:20.883+0200] {dagbag.py:538} INFO - Filling up the DagBag from /Users/eldorado/Documents/swiss-job-intelligence/venv/lib/python3.11/site-packages/airflow/example_dags/tutorial_objectstorage.py
[2026-06-19T07:25:20.918+0200] {processor.py:840} INFO - DAG(s) 'tutorial_objectstorage' retrieved from /Users/eldorado/Documents/swiss-job-intelligence/venv/lib/python3.11/site-packages/airflow/example_dags/tutorial_objectstorage.py
[2026-06-19T07:25:20.977+0200] {logging_mixin.py:188} INFO - [2026-06-19T07:25:20.977+0200] {dag.py:3036} INFO - Sync 1 DAGs
[2026-06-19T07:25:20.981+0200] {logging_mixin.py:188} INFO - [2026-06-19T07:25:20.981+0200] {dag.py:3823} INFO - Setting next_dagrun for tutorial_objectstorage to None, run_after=None
[2026-06-19T07:25:20.989+0200] {processor.py:183} INFO - Processing /Users/eldorado/Documents/swiss-job-intelligence/venv/lib/python3.11/site-packages/airflow/example_dags/tutorial_objectstorage.py took 0.108 seconds
[2026-06-19T07:26:30.775+0200] {processor.py:161} INFO - Started process (PID=93700) to work on /Users/eldorado/Documents/swiss-job-intelligence/venv/lib/python3.11/site-packages/airflow/example_dags/tutorial_objectstorage.py
[2026-06-19T07:26:30.777+0200] {processor.py:830} INFO - Processing file /Users/eldorado/Documents/swiss-job-intelligence/venv/lib/python3.11/site-packages/airflow/example_dags/tutorial_objectstorage.py for tasks to queue
[2026-06-19T07:26:30.777+0200] {logging_mixin.py:188} INFO - [2026-06-19T07:26:30.777+0200] {dagbag.py:538} INFO - Filling up the DagBag from /Users/eldorado/Documents/swiss-job-intelligence/venv/lib/python3.11/site-packages/airflow/example_dags/tutorial_objectstorage.py
[2026-06-19T07:26:30.806+0200] {processor.py:840} INFO - DAG(s) 'tutorial_objectstorage' retrieved from /Users/eldorado/Documents/swiss-job-intelligence/venv/lib/python3.11/site-packages/airflow/example_dags/tutorial_objectstorage.py
[2026-06-19T07:26:30.867+0200] {logging_mixin.py:188} INFO - [2026-06-19T07:26:30.867+0200] {dag.py:3036} INFO - Sync 1 DAGs
[2026-06-19T07:26:30.871+0200] {logging_mixin.py:188} INFO - [2026-06-19T07:26:30.870+0200] {dag.py:3823} INFO - Setting next_dagrun for tutorial_objectstorage to None, run_after=None
[2026-06-19T07:26:30.878+0200] {processor.py:183} INFO - Processing /Users/eldorado/Documents/swiss-job-intelligence/venv/lib/python3.11/site-packages/airflow/example_dags/tutorial_objectstorage.py took 0.103 seconds
[2026-06-19T07:27:41.656+0200] {processor.py:161} INFO - Started process (PID=93806) to work on /Users/eldorado/Documents/swiss-job-intelligence/venv/lib/python3.11/site-packages/airflow/example_dags/tutorial_objectstorage.py
[2026-06-19T07:27:41.658+0200] {processor.py:830} INFO - Processing file /Users/eldorado/Documents/swiss-job-intelligence/venv/lib/python3.11/site-packages/airflow/example_dags/tutorial_objectstorage.py for tasks to queue
[2026-06-19T07:27:41.658+0200] {logging_mixin.py:188} INFO - [2026-06-19T07:27:41.658+0200] {dagbag.py:538} INFO - Filling up the DagBag from /Users/eldorado/Documents/swiss-job-intelligence/venv/lib/python3.11/site-packages/airflow/example_dags/tutorial_objectstorage.py
[2026-06-19T07:27:41.691+0200] {processor.py:840} INFO - DAG(s) 'tutorial_objectstorage' retrieved from /Users/eldorado/Documents/swiss-job-intelligence/venv/lib/python3.11/site-packages/airflow/example_dags/tutorial_objectstorage.py
[2026-06-19T07:27:41.749+0200] {logging_mixin.py:188} INFO - [2026-06-19T07:27:41.749+0200] {dag.py:3036} INFO - Sync 1 DAGs
[2026-06-19T07:27:41.753+0200] {logging_mixin.py:188} INFO - [2026-06-19T07:27:41.753+0200] {dag.py:3823} INFO - Setting next_dagrun for tutorial_objectstorage to None, run_after=None
[2026-06-19T07:27:41.760+0200] {processor.py:183} INFO - Processing /Users/eldorado/Documents/swiss-job-intelligence/venv/lib/python3.11/site-packages/airflow/example_dags/tutorial_objectstorage.py took 0.104 seconds
[2026-06-19T07:30:59.151+0200] {processor.py:161} INFO - Started process (PID=95063) to work on /Users/eldorado/Documents/swiss-job-intelligence/venv/lib/python3.11/site-packages/airflow/example_dags/tutorial_objectstorage.py
[2026-06-19T07:30:59.152+0200] {processor.py:830} INFO - Processing file /Users/eldorado/Documents/swiss-job-intelligence/venv/lib/python3.11/site-packages/airflow/example_dags/tutorial_objectstorage.py for tasks to queue
[2026-06-19T07:30:59.153+0200] {logging_mixin.py:188} INFO - [2026-06-19T07:30:59.153+0200] {dagbag.py:538} INFO - Filling up the DagBag from /Users/eldorado/Documents/swiss-job-intelligence/venv/lib/python3.11/site-packages/airflow/example_dags/tutorial_objectstorage.py
[2026-06-19T07:30:59.181+0200] {processor.py:840} INFO - DAG(s) 'tutorial_objectstorage' retrieved from /Users/eldorado/Documents/swiss-job-intelligence/venv/lib/python3.11/site-packages/airflow/example_dags/tutorial_objectstorage.py
[2026-06-19T07:30:59.238+0200] {logging_mixin.py:188} INFO - [2026-06-19T07:30:59.238+0200] {dag.py:3036} INFO - Sync 1 DAGs
[2026-06-19T07:30:59.242+0200] {logging_mixin.py:188} INFO - [2026-06-19T07:30:59.242+0200] {dag.py:3823} INFO - Setting next_dagrun for tutorial_objectstorage to None, run_after=None
[2026-06-19T07:30:59.251+0200] {processor.py:183} INFO - Processing /Users/eldorado/Documents/swiss-job-intelligence/venv/lib/python3.11/site-packages/airflow/example_dags/tutorial_objectstorage.py took 0.101 seconds
[2026-06-19T07:32:22.611+0200] {processor.py:161} INFO - Started process (PID=95397) to work on /Users/eldorado/Documents/swiss-job-intelligence/venv/lib/python3.11/site-packages/airflow/example_dags/tutorial_objectstorage.py
[2026-06-19T07:32:22.612+0200] {processor.py:830} INFO - Processing file /Users/eldorado/Documents/swiss-job-intelligence/venv/lib/python3.11/site-packages/airflow/example_dags/tutorial_objectstorage.py for tasks to queue
[2026-06-19T07:32:22.612+0200] {logging_mixin.py:188} INFO - [2026-06-19T07:32:22.612+0200] {dagbag.py:538} INFO - Filling up the DagBag from /Users/eldorado/Documents/swiss-job-intelligence/venv/lib/python3.11/site-packages/airflow/example_dags/tutorial_objectstorage.py
[2026-06-19T07:32:22.640+0200] {processor.py:840} INFO - DAG(s) 'tutorial_objectstorage' retrieved from /Users/eldorado/Documents/swiss-job-intelligence/venv/lib/python3.11/site-packages/airflow/example_dags/tutorial_objectstorage.py
[2026-06-19T07:32:22.671+0200] {logging_mixin.py:188} INFO - [2026-06-19T07:32:22.671+0200] {dag.py:3036} INFO - Sync 1 DAGs
[2026-06-19T07:32:22.698+0200] {logging_mixin.py:188} INFO - [2026-06-19T07:32:22.697+0200] {dag.py:3823} INFO - Setting next_dagrun for tutorial_objectstorage to None, run_after=None
[2026-06-19T07:32:22.705+0200] {processor.py:183} INFO - Processing /Users/eldorado/Documents/swiss-job-intelligence/venv/lib/python3.11/site-packages/airflow/example_dags/tutorial_objectstorage.py took 0.095 seconds
[2026-06-19T07:34:55.427+0200] {processor.py:161} INFO - Started process (PID=98177) to work on /Users/eldorado/Documents/swiss-job-intelligence/venv/lib/python3.11/site-packages/airflow/example_dags/tutorial_objectstorage.py
[2026-06-19T07:34:55.428+0200] {processor.py:830} INFO - Processing file /Users/eldorado/Documents/swiss-job-intelligence/venv/lib/python3.11/site-packages/airflow/example_dags/tutorial_objectstorage.py for tasks to queue
[2026-06-19T07:34:55.428+0200] {logging_mixin.py:188} INFO - [2026-06-19T07:34:55.428+0200] {dagbag.py:538} INFO - Filling up the DagBag from /Users/eldorado/Documents/swiss-job-intelligence/venv/lib/python3.11/site-packages/airflow/example_dags/tutorial_objectstorage.py
[2026-06-19T07:34:55.458+0200] {processor.py:840} INFO - DAG(s) 'tutorial_objectstorage' retrieved from /Users/eldorado/Documents/swiss-job-intelligence/venv/lib/python3.11/site-packages/airflow/example_dags/tutorial_objectstorage.py
[2026-06-19T07:34:55.549+0200] {logging_mixin.py:188} INFO - [2026-06-19T07:34:55.548+0200] {dag.py:3036} INFO - Sync 1 DAGs
[2026-06-19T07:34:55.551+0200] {logging_mixin.py:188} INFO - [2026-06-19T07:34:55.551+0200] {dag.py:3823} INFO - Setting next_dagrun for tutorial_objectstorage to None, run_after=None
[2026-06-19T07:34:55.558+0200] {processor.py:183} INFO - Processing /Users/eldorado/Documents/swiss-job-intelligence/venv/lib/python3.11/site-packages/airflow/example_dags/tutorial_objectstorage.py took 0.132 seconds
