[2026-06-19T07:21:46.403+0200] {processor.py:161} INFO - Started process (PID=93134) to work on /Users/eldorado/Documents/swiss-job-intelligence/venv/lib/python3.11/site-packages/airflow/example_dags/tutorial_dag.py
[2026-06-19T07:21:46.404+0200] {processor.py:830} INFO - Processing file /Users/eldorado/Documents/swiss-job-intelligence/venv/lib/python3.11/site-packages/airflow/example_dags/tutorial_dag.py for tasks to queue
[2026-06-19T07:21:46.404+0200] {logging_mixin.py:188} INFO - [2026-06-19T07:21:46.404+0200] {dagbag.py:538} INFO - Filling up the DagBag from /Users/eldorado/Documents/swiss-job-intelligence/venv/lib/python3.11/site-packages/airflow/example_dags/tutorial_dag.py
[2026-06-19T07:21:46.415+0200] {processor.py:840} INFO - DAG(s) 'tutorial_dag' retrieved from /Users/eldorado/Documents/swiss-job-intelligence/venv/lib/python3.11/site-packages/airflow/example_dags/tutorial_dag.py
[2026-06-19T07:21:46.476+0200] {logging_mixin.py:188} INFO - [2026-06-19T07:21:46.476+0200] {dag.py:3036} INFO - Sync 1 DAGs
[2026-06-19T07:21:46.479+0200] {logging_mixin.py:188} INFO - [2026-06-19T07:21:46.479+0200] {dag.py:3823} INFO - Setting next_dagrun for tutorial_dag to None, run_after=None
[2026-06-19T07:21:46.486+0200] {processor.py:183} INFO - Processing /Users/eldorado/Documents/swiss-job-intelligence/venv/lib/python3.11/site-packages/airflow/example_dags/tutorial_dag.py took 0.084 seconds
[2026-06-19T07:23:17.620+0200] {processor.py:161} INFO - Started process (PID=93303) to work on /Users/eldorado/Documents/swiss-job-intelligence/venv/lib/python3.11/site-packages/airflow/example_dags/tutorial_dag.py
[2026-06-19T07:23:17.621+0200] {processor.py:830} INFO - Processing file /Users/eldorado/Documents/swiss-job-intelligence/venv/lib/python3.11/site-packages/airflow/example_dags/tutorial_dag.py for tasks to queue
[2026-06-19T07:23:17.621+0200] {logging_mixin.py:188} INFO - [2026-06-19T07:23:17.621+0200] {dagbag.py:538} INFO - Filling up the DagBag from /Users/eldorado/Documents/swiss-job-intelligence/venv/lib/python3.11/site-packages/airflow/example_dags/tutorial_dag.py
[2026-06-19T07:23:17.633+0200] {processor.py:840} INFO - DAG(s) 'tutorial_dag' retrieved from /Users/eldorado/Documents/swiss-job-intelligence/venv/lib/python3.11/site-packages/airflow/example_dags/tutorial_dag.py
[2026-06-19T07:23:17.698+0200] {logging_mixin.py:188} INFO - [2026-06-19T07:23:17.698+0200] {dag.py:3036} INFO - Sync 1 DAGs
[2026-06-19T07:23:17.702+0200] {logging_mixin.py:188} INFO - [2026-06-19T07:23:17.702+0200] {dag.py:3823} INFO - Setting next_dagrun for tutorial_dag to None, run_after=None
[2026-06-19T07:23:17.710+0200] {processor.py:183} INFO - Processing /Users/eldorado/Documents/swiss-job-intelligence/venv/lib/python3.11/site-packages/airflow/example_dags/tutorial_dag.py took 0.090 seconds
[2026-06-19T07:24:19.841+0200] {processor.py:161} INFO - Started process (PID=93371) to work on /Users/eldorado/Documents/swiss-job-intelligence/venv/lib/python3.11/site-packages/airflow/example_dags/tutorial_dag.py
[2026-06-19T07:24:19.842+0200] {processor.py:830} INFO - Processing file /Users/eldorado/Documents/swiss-job-intelligence/venv/lib/python3.11/site-packages/airflow/example_dags/tutorial_dag.py for tasks to queue
[2026-06-19T07:24:19.842+0200] {logging_mixin.py:188} INFO - [2026-06-19T07:24:19.842+0200] {dagbag.py:538} INFO - Filling up the DagBag from /Users/eldorado/Documents/swiss-job-intelligence/venv/lib/python3.11/site-packages/airflow/example_dags/tutorial_dag.py
[2026-06-19T07:24:19.852+0200] {processor.py:840} INFO - DAG(s) 'tutorial_dag' retrieved from /Users/eldorado/Documents/swiss-job-intelligence/venv/lib/python3.11/site-packages/airflow/example_dags/tutorial_dag.py
[2026-06-19T07:24:19.913+0200] {logging_mixin.py:188} INFO - [2026-06-19T07:24:19.913+0200] {dag.py:3036} INFO - Sync 1 DAGs
[2026-06-19T07:24:19.916+0200] {logging_mixin.py:188} INFO - [2026-06-19T07:24:19.916+0200] {dag.py:3823} INFO - Setting next_dagrun for tutorial_dag to None, run_after=None
[2026-06-19T07:24:19.924+0200] {processor.py:183} INFO - Processing /Users/eldorado/Documents/swiss-job-intelligence/venv/lib/python3.11/site-packages/airflow/example_dags/tutorial_dag.py took 0.084 seconds
[2026-06-19T07:25:22.054+0200] {processor.py:161} INFO - Started process (PID=93464) to work on /Users/eldorado/Documents/swiss-job-intelligence/venv/lib/python3.11/site-packages/airflow/example_dags/tutorial_dag.py
[2026-06-19T07:25:22.055+0200] {processor.py:830} INFO - Processing file /Users/eldorado/Documents/swiss-job-intelligence/venv/lib/python3.11/site-packages/airflow/example_dags/tutorial_dag.py for tasks to queue
[2026-06-19T07:25:22.055+0200] {logging_mixin.py:188} INFO - [2026-06-19T07:25:22.055+0200] {dagbag.py:538} INFO - Filling up the DagBag from /Users/eldorado/Documents/swiss-job-intelligence/venv/lib/python3.11/site-packages/airflow/example_dags/tutorial_dag.py
[2026-06-19T07:25:22.065+0200] {processor.py:840} INFO - DAG(s) 'tutorial_dag' retrieved from /Users/eldorado/Documents/swiss-job-intelligence/venv/lib/python3.11/site-packages/airflow/example_dags/tutorial_dag.py
[2026-06-19T07:25:22.125+0200] {logging_mixin.py:188} INFO - [2026-06-19T07:25:22.125+0200] {dag.py:3036} INFO - Sync 1 DAGs
[2026-06-19T07:25:22.129+0200] {logging_mixin.py:188} INFO - [2026-06-19T07:25:22.128+0200] {dag.py:3823} INFO - Setting next_dagrun for tutorial_dag to None, run_after=None
[2026-06-19T07:25:22.136+0200] {processor.py:183} INFO - Processing /Users/eldorado/Documents/swiss-job-intelligence/venv/lib/python3.11/site-packages/airflow/example_dags/tutorial_dag.py took 0.082 seconds
[2026-06-19T07:26:35.930+0200] {processor.py:161} INFO - Started process (PID=93710) to work on /Users/eldorado/Documents/swiss-job-intelligence/venv/lib/python3.11/site-packages/airflow/example_dags/tutorial_dag.py
[2026-06-19T07:26:35.933+0200] {processor.py:830} INFO - Processing file /Users/eldorado/Documents/swiss-job-intelligence/venv/lib/python3.11/site-packages/airflow/example_dags/tutorial_dag.py for tasks to queue
[2026-06-19T07:26:35.933+0200] {logging_mixin.py:188} INFO - [2026-06-19T07:26:35.933+0200] {dagbag.py:538} INFO - Filling up the DagBag from /Users/eldorado/Documents/swiss-job-intelligence/venv/lib/python3.11/site-packages/airflow/example_dags/tutorial_dag.py
[2026-06-19T07:26:35.945+0200] {processor.py:840} INFO - DAG(s) 'tutorial_dag' retrieved from /Users/eldorado/Documents/swiss-job-intelligence/venv/lib/python3.11/site-packages/airflow/example_dags/tutorial_dag.py
[2026-06-19T07:26:36.005+0200] {logging_mixin.py:188} INFO - [2026-06-19T07:26:36.005+0200] {dag.py:3036} INFO - Sync 1 DAGs
[2026-06-19T07:26:36.008+0200] {logging_mixin.py:188} INFO - [2026-06-19T07:26:36.008+0200] {dag.py:3823} INFO - Setting next_dagrun for tutorial_dag to None, run_after=None
[2026-06-19T07:26:36.016+0200] {processor.py:183} INFO - Processing /Users/eldorado/Documents/swiss-job-intelligence/venv/lib/python3.11/site-packages/airflow/example_dags/tutorial_dag.py took 0.087 seconds
[2026-06-19T07:27:43.621+0200] {processor.py:161} INFO - Started process (PID=93808) to work on /Users/eldorado/Documents/swiss-job-intelligence/venv/lib/python3.11/site-packages/airflow/example_dags/tutorial_dag.py
[2026-06-19T07:27:43.622+0200] {processor.py:830} INFO - Processing file /Users/eldorado/Documents/swiss-job-intelligence/venv/lib/python3.11/site-packages/airflow/example_dags/tutorial_dag.py for tasks to queue
[2026-06-19T07:27:43.622+0200] {logging_mixin.py:188} INFO - [2026-06-19T07:27:43.622+0200] {dagbag.py:538} INFO - Filling up the DagBag from /Users/eldorado/Documents/swiss-job-intelligence/venv/lib/python3.11/site-packages/airflow/example_dags/tutorial_dag.py
[2026-06-19T07:27:43.633+0200] {processor.py:840} INFO - DAG(s) 'tutorial_dag' retrieved from /Users/eldorado/Documents/swiss-job-intelligence/venv/lib/python3.11/site-packages/airflow/example_dags/tutorial_dag.py
[2026-06-19T07:27:43.695+0200] {logging_mixin.py:188} INFO - [2026-06-19T07:27:43.695+0200] {dag.py:3036} INFO - Sync 1 DAGs
[2026-06-19T07:27:43.698+0200] {logging_mixin.py:188} INFO - [2026-06-19T07:27:43.698+0200] {dag.py:3823} INFO - Setting next_dagrun for tutorial_dag to None, run_after=None
[2026-06-19T07:27:43.706+0200] {processor.py:183} INFO - Processing /Users/eldorado/Documents/swiss-job-intelligence/venv/lib/python3.11/site-packages/airflow/example_dags/tutorial_dag.py took 0.085 seconds
[2026-06-19T07:31:00.740+0200] {processor.py:161} INFO - Started process (PID=95067) to work on /Users/eldorado/Documents/swiss-job-intelligence/venv/lib/python3.11/site-packages/airflow/example_dags/tutorial_dag.py
[2026-06-19T07:31:00.742+0200] {processor.py:830} INFO - Processing file /Users/eldorado/Documents/swiss-job-intelligence/venv/lib/python3.11/site-packages/airflow/example_dags/tutorial_dag.py for tasks to queue
[2026-06-19T07:31:00.742+0200] {logging_mixin.py:188} INFO - [2026-06-19T07:31:00.742+0200] {dagbag.py:538} INFO - Filling up the DagBag from /Users/eldorado/Documents/swiss-job-intelligence/venv/lib/python3.11/site-packages/airflow/example_dags/tutorial_dag.py
[2026-06-19T07:31:00.756+0200] {processor.py:840} INFO - DAG(s) 'tutorial_dag' retrieved from /Users/eldorado/Documents/swiss-job-intelligence/venv/lib/python3.11/site-packages/airflow/example_dags/tutorial_dag.py
[2026-06-19T07:31:00.820+0200] {logging_mixin.py:188} INFO - [2026-06-19T07:31:00.820+0200] {dag.py:3036} INFO - Sync 1 DAGs
[2026-06-19T07:31:00.823+0200] {logging_mixin.py:188} INFO - [2026-06-19T07:31:00.823+0200] {dag.py:3823} INFO - Setting next_dagrun for tutorial_dag to None, run_after=None
[2026-06-19T07:31:00.831+0200] {processor.py:183} INFO - Processing /Users/eldorado/Documents/swiss-job-intelligence/venv/lib/python3.11/site-packages/airflow/example_dags/tutorial_dag.py took 0.091 seconds
[2026-06-19T07:32:23.614+0200] {processor.py:161} INFO - Started process (PID=95399) to work on /Users/eldorado/Documents/swiss-job-intelligence/venv/lib/python3.11/site-packages/airflow/example_dags/tutorial_dag.py
[2026-06-19T07:32:23.616+0200] {processor.py:830} INFO - Processing file /Users/eldorado/Documents/swiss-job-intelligence/venv/lib/python3.11/site-packages/airflow/example_dags/tutorial_dag.py for tasks to queue
[2026-06-19T07:32:23.616+0200] {logging_mixin.py:188} INFO - [2026-06-19T07:32:23.616+0200] {dagbag.py:538} INFO - Filling up the DagBag from /Users/eldorado/Documents/swiss-job-intelligence/venv/lib/python3.11/site-packages/airflow/example_dags/tutorial_dag.py
[2026-06-19T07:32:23.626+0200] {processor.py:840} INFO - DAG(s) 'tutorial_dag' retrieved from /Users/eldorado/Documents/swiss-job-intelligence/venv/lib/python3.11/site-packages/airflow/example_dags/tutorial_dag.py
[2026-06-19T07:32:23.630+0200] {logging_mixin.py:188} INFO - [2026-06-19T07:32:23.630+0200] {dag.py:3036} INFO - Sync 1 DAGs
[2026-06-19T07:32:23.686+0200] {logging_mixin.py:188} INFO - [2026-06-19T07:32:23.686+0200] {dag.py:3823} INFO - Setting next_dagrun for tutorial_dag to None, run_after=None
[2026-06-19T07:32:23.694+0200] {processor.py:183} INFO - Processing /Users/eldorado/Documents/swiss-job-intelligence/venv/lib/python3.11/site-packages/airflow/example_dags/tutorial_dag.py took 0.080 seconds
[2026-06-19T07:34:57.282+0200] {processor.py:161} INFO - Started process (PID=98181) to work on /Users/eldorado/Documents/swiss-job-intelligence/venv/lib/python3.11/site-packages/airflow/example_dags/tutorial_dag.py
[2026-06-19T07:34:57.283+0200] {processor.py:830} INFO - Processing file /Users/eldorado/Documents/swiss-job-intelligence/venv/lib/python3.11/site-packages/airflow/example_dags/tutorial_dag.py for tasks to queue
[2026-06-19T07:34:57.284+0200] {logging_mixin.py:188} INFO - [2026-06-19T07:34:57.284+0200] {dagbag.py:538} INFO - Filling up the DagBag from /Users/eldorado/Documents/swiss-job-intelligence/venv/lib/python3.11/site-packages/airflow/example_dags/tutorial_dag.py
[2026-06-19T07:34:57.304+0200] {processor.py:840} INFO - DAG(s) 'tutorial_dag' retrieved from /Users/eldorado/Documents/swiss-job-intelligence/venv/lib/python3.11/site-packages/airflow/example_dags/tutorial_dag.py
[2026-06-19T07:34:57.432+0200] {logging_mixin.py:188} INFO - [2026-06-19T07:34:57.431+0200] {dag.py:3036} INFO - Sync 1 DAGs
[2026-06-19T07:34:57.438+0200] {logging_mixin.py:188} INFO - [2026-06-19T07:34:57.437+0200] {dag.py:3823} INFO - Setting next_dagrun for tutorial_dag to None, run_after=None
[2026-06-19T07:34:57.450+0200] {processor.py:183} INFO - Processing /Users/eldorado/Documents/swiss-job-intelligence/venv/lib/python3.11/site-packages/airflow/example_dags/tutorial_dag.py took 0.168 seconds
