[2026-06-19T07:21:48.390+0200] {processor.py:161} INFO - Started process (PID=93135) to work on /Users/eldorado/Documents/swiss-job-intelligence/venv/lib/python3.11/site-packages/airflow/example_dags/tutorial.py
[2026-06-19T07:21:48.391+0200] {processor.py:830} INFO - Processing file /Users/eldorado/Documents/swiss-job-intelligence/venv/lib/python3.11/site-packages/airflow/example_dags/tutorial.py for tasks to queue
[2026-06-19T07:21:48.391+0200] {logging_mixin.py:188} INFO - [2026-06-19T07:21:48.391+0200] {dagbag.py:538} INFO - Filling up the DagBag from /Users/eldorado/Documents/swiss-job-intelligence/venv/lib/python3.11/site-packages/airflow/example_dags/tutorial.py
[2026-06-19T07:21:48.396+0200] {processor.py:840} INFO - DAG(s) 'tutorial' retrieved from /Users/eldorado/Documents/swiss-job-intelligence/venv/lib/python3.11/site-packages/airflow/example_dags/tutorial.py
[2026-06-19T07:21:48.459+0200] {logging_mixin.py:188} INFO - [2026-06-19T07:21:48.459+0200] {dag.py:3036} INFO - Sync 1 DAGs
[2026-06-19T07:21:48.466+0200] {logging_mixin.py:188} INFO - [2026-06-19T07:21:48.466+0200] {dag.py:3823} INFO - Setting next_dagrun for tutorial to 2026-06-18 00:00:00+00:00, run_after=2026-06-19 00:00:00+00:00
[2026-06-19T07:21:48.474+0200] {processor.py:183} INFO - Processing /Users/eldorado/Documents/swiss-job-intelligence/venv/lib/python3.11/site-packages/airflow/example_dags/tutorial.py took 0.084 seconds
[2026-06-19T07:23:19.557+0200] {processor.py:161} INFO - Started process (PID=93307) to work on /Users/eldorado/Documents/swiss-job-intelligence/venv/lib/python3.11/site-packages/airflow/example_dags/tutorial.py
[2026-06-19T07:23:19.558+0200] {processor.py:830} INFO - Processing file /Users/eldorado/Documents/swiss-job-intelligence/venv/lib/python3.11/site-packages/airflow/example_dags/tutorial.py for tasks to queue
[2026-06-19T07:23:19.559+0200] {logging_mixin.py:188} INFO - [2026-06-19T07:23:19.559+0200] {dagbag.py:538} INFO - Filling up the DagBag from /Users/eldorado/Documents/swiss-job-intelligence/venv/lib/python3.11/site-packages/airflow/example_dags/tutorial.py
[2026-06-19T07:23:19.563+0200] {processor.py:840} INFO - DAG(s) 'tutorial' retrieved from /Users/eldorado/Documents/swiss-job-intelligence/venv/lib/python3.11/site-packages/airflow/example_dags/tutorial.py
[2026-06-19T07:23:19.623+0200] {logging_mixin.py:188} INFO - [2026-06-19T07:23:19.622+0200] {dag.py:3036} INFO - Sync 1 DAGs
[2026-06-19T07:23:19.629+0200] {logging_mixin.py:188} INFO - [2026-06-19T07:23:19.629+0200] {dag.py:3823} INFO - Setting next_dagrun for tutorial to 2026-06-18 00:00:00+00:00, run_after=2026-06-19 00:00:00+00:00
[2026-06-19T07:23:19.637+0200] {processor.py:183} INFO - Processing /Users/eldorado/Documents/swiss-job-intelligence/venv/lib/python3.11/site-packages/airflow/example_dags/tutorial.py took 0.080 seconds
[2026-06-19T07:24:21.778+0200] {processor.py:161} INFO - Started process (PID=93372) to work on /Users/eldorado/Documents/swiss-job-intelligence/venv/lib/python3.11/site-packages/airflow/example_dags/tutorial.py
[2026-06-19T07:24:21.780+0200] {processor.py:830} INFO - Processing file /Users/eldorado/Documents/swiss-job-intelligence/venv/lib/python3.11/site-packages/airflow/example_dags/tutorial.py for tasks to queue
[2026-06-19T07:24:21.780+0200] {logging_mixin.py:188} INFO - [2026-06-19T07:24:21.780+0200] {dagbag.py:538} INFO - Filling up the DagBag from /Users/eldorado/Documents/swiss-job-intelligence/venv/lib/python3.11/site-packages/airflow/example_dags/tutorial.py
[2026-06-19T07:24:21.784+0200] {processor.py:840} INFO - DAG(s) 'tutorial' retrieved from /Users/eldorado/Documents/swiss-job-intelligence/venv/lib/python3.11/site-packages/airflow/example_dags/tutorial.py
[2026-06-19T07:24:21.846+0200] {logging_mixin.py:188} INFO - [2026-06-19T07:24:21.846+0200] {dag.py:3036} INFO - Sync 1 DAGs
[2026-06-19T07:24:21.854+0200] {logging_mixin.py:188} INFO - [2026-06-19T07:24:21.854+0200] {dag.py:3823} INFO - Setting next_dagrun for tutorial to 2026-06-18 00:00:00+00:00, run_after=2026-06-19 00:00:00+00:00
[2026-06-19T07:24:21.862+0200] {processor.py:183} INFO - Processing /Users/eldorado/Documents/swiss-job-intelligence/venv/lib/python3.11/site-packages/airflow/example_dags/tutorial.py took 0.084 seconds
[2026-06-19T07:25:23.977+0200] {processor.py:161} INFO - Started process (PID=93467) to work on /Users/eldorado/Documents/swiss-job-intelligence/venv/lib/python3.11/site-packages/airflow/example_dags/tutorial.py
[2026-06-19T07:25:23.978+0200] {processor.py:830} INFO - Processing file /Users/eldorado/Documents/swiss-job-intelligence/venv/lib/python3.11/site-packages/airflow/example_dags/tutorial.py for tasks to queue
[2026-06-19T07:25:23.978+0200] {logging_mixin.py:188} INFO - [2026-06-19T07:25:23.978+0200] {dagbag.py:538} INFO - Filling up the DagBag from /Users/eldorado/Documents/swiss-job-intelligence/venv/lib/python3.11/site-packages/airflow/example_dags/tutorial.py
[2026-06-19T07:25:23.982+0200] {processor.py:840} INFO - DAG(s) 'tutorial' retrieved from /Users/eldorado/Documents/swiss-job-intelligence/venv/lib/python3.11/site-packages/airflow/example_dags/tutorial.py
[2026-06-19T07:25:24.045+0200] {logging_mixin.py:188} INFO - [2026-06-19T07:25:24.045+0200] {dag.py:3036} INFO - Sync 1 DAGs
[2026-06-19T07:25:24.052+0200] {logging_mixin.py:188} INFO - [2026-06-19T07:25:24.052+0200] {dag.py:3823} INFO - Setting next_dagrun for tutorial to 2026-06-18 00:00:00+00:00, run_after=2026-06-19 00:00:00+00:00
[2026-06-19T07:25:24.059+0200] {processor.py:183} INFO - Processing /Users/eldorado/Documents/swiss-job-intelligence/venv/lib/python3.11/site-packages/airflow/example_dags/tutorial.py took 0.083 seconds
[2026-06-19T07:26:44.232+0200] {processor.py:161} INFO - Started process (PID=93733) to work on /Users/eldorado/Documents/swiss-job-intelligence/venv/lib/python3.11/site-packages/airflow/example_dags/tutorial.py
[2026-06-19T07:26:44.232+0200] {processor.py:830} INFO - Processing file /Users/eldorado/Documents/swiss-job-intelligence/venv/lib/python3.11/site-packages/airflow/example_dags/tutorial.py for tasks to queue
[2026-06-19T07:26:44.233+0200] {logging_mixin.py:188} INFO - [2026-06-19T07:26:44.233+0200] {dagbag.py:538} INFO - Filling up the DagBag from /Users/eldorado/Documents/swiss-job-intelligence/venv/lib/python3.11/site-packages/airflow/example_dags/tutorial.py
[2026-06-19T07:26:44.236+0200] {processor.py:840} INFO - DAG(s) 'tutorial' retrieved from /Users/eldorado/Documents/swiss-job-intelligence/venv/lib/python3.11/site-packages/airflow/example_dags/tutorial.py
[2026-06-19T07:26:44.298+0200] {logging_mixin.py:188} INFO - [2026-06-19T07:26:44.298+0200] {dag.py:3036} INFO - Sync 1 DAGs
[2026-06-19T07:26:44.304+0200] {logging_mixin.py:188} INFO - [2026-06-19T07:26:44.304+0200] {dag.py:3823} INFO - Setting next_dagrun for tutorial to 2026-06-18 00:00:00+00:00, run_after=2026-06-19 00:00:00+00:00
[2026-06-19T07:26:44.312+0200] {processor.py:183} INFO - Processing /Users/eldorado/Documents/swiss-job-intelligence/venv/lib/python3.11/site-packages/airflow/example_dags/tutorial.py took 0.080 seconds
[2026-06-19T07:27:45.484+0200] {processor.py:161} INFO - Started process (PID=93810) to work on /Users/eldorado/Documents/swiss-job-intelligence/venv/lib/python3.11/site-packages/airflow/example_dags/tutorial.py
[2026-06-19T07:27:45.484+0200] {processor.py:830} INFO - Processing file /Users/eldorado/Documents/swiss-job-intelligence/venv/lib/python3.11/site-packages/airflow/example_dags/tutorial.py for tasks to queue
[2026-06-19T07:27:45.485+0200] {logging_mixin.py:188} INFO - [2026-06-19T07:27:45.485+0200] {dagbag.py:538} INFO - Filling up the DagBag from /Users/eldorado/Documents/swiss-job-intelligence/venv/lib/python3.11/site-packages/airflow/example_dags/tutorial.py
[2026-06-19T07:27:45.490+0200] {processor.py:840} INFO - DAG(s) 'tutorial' retrieved from /Users/eldorado/Documents/swiss-job-intelligence/venv/lib/python3.11/site-packages/airflow/example_dags/tutorial.py
[2026-06-19T07:27:45.552+0200] {logging_mixin.py:188} INFO - [2026-06-19T07:27:45.552+0200] {dag.py:3036} INFO - Sync 1 DAGs
[2026-06-19T07:27:45.558+0200] {logging_mixin.py:188} INFO - [2026-06-19T07:27:45.558+0200] {dag.py:3823} INFO - Setting next_dagrun for tutorial to 2026-06-18 00:00:00+00:00, run_after=2026-06-19 00:00:00+00:00
[2026-06-19T07:27:45.566+0200] {processor.py:183} INFO - Processing /Users/eldorado/Documents/swiss-job-intelligence/venv/lib/python3.11/site-packages/airflow/example_dags/tutorial.py took 0.083 seconds
[2026-06-19T07:31:02.704+0200] {processor.py:161} INFO - Started process (PID=95069) to work on /Users/eldorado/Documents/swiss-job-intelligence/venv/lib/python3.11/site-packages/airflow/example_dags/tutorial.py
[2026-06-19T07:31:02.705+0200] {processor.py:830} INFO - Processing file /Users/eldorado/Documents/swiss-job-intelligence/venv/lib/python3.11/site-packages/airflow/example_dags/tutorial.py for tasks to queue
[2026-06-19T07:31:02.706+0200] {logging_mixin.py:188} INFO - [2026-06-19T07:31:02.706+0200] {dagbag.py:538} INFO - Filling up the DagBag from /Users/eldorado/Documents/swiss-job-intelligence/venv/lib/python3.11/site-packages/airflow/example_dags/tutorial.py
[2026-06-19T07:31:02.710+0200] {processor.py:840} INFO - DAG(s) 'tutorial' retrieved from /Users/eldorado/Documents/swiss-job-intelligence/venv/lib/python3.11/site-packages/airflow/example_dags/tutorial.py
[2026-06-19T07:31:02.773+0200] {logging_mixin.py:188} INFO - [2026-06-19T07:31:02.773+0200] {dag.py:3036} INFO - Sync 1 DAGs
[2026-06-19T07:31:02.780+0200] {logging_mixin.py:188} INFO - [2026-06-19T07:31:02.780+0200] {dag.py:3823} INFO - Setting next_dagrun for tutorial to 2026-06-18 00:00:00+00:00, run_after=2026-06-19 00:00:00+00:00
[2026-06-19T07:31:02.787+0200] {processor.py:183} INFO - Processing /Users/eldorado/Documents/swiss-job-intelligence/venv/lib/python3.11/site-packages/airflow/example_dags/tutorial.py took 0.083 seconds
[2026-06-19T07:32:24.555+0200] {processor.py:161} INFO - Started process (PID=95401) to work on /Users/eldorado/Documents/swiss-job-intelligence/venv/lib/python3.11/site-packages/airflow/example_dags/tutorial.py
[2026-06-19T07:32:24.558+0200] {processor.py:830} INFO - Processing file /Users/eldorado/Documents/swiss-job-intelligence/venv/lib/python3.11/site-packages/airflow/example_dags/tutorial.py for tasks to queue
[2026-06-19T07:32:24.559+0200] {logging_mixin.py:188} INFO - [2026-06-19T07:32:24.559+0200] {dagbag.py:538} INFO - Filling up the DagBag from /Users/eldorado/Documents/swiss-job-intelligence/venv/lib/python3.11/site-packages/airflow/example_dags/tutorial.py
[2026-06-19T07:32:24.563+0200] {processor.py:840} INFO - DAG(s) 'tutorial' retrieved from /Users/eldorado/Documents/swiss-job-intelligence/venv/lib/python3.11/site-packages/airflow/example_dags/tutorial.py
[2026-06-19T07:32:24.567+0200] {logging_mixin.py:188} INFO - [2026-06-19T07:32:24.567+0200] {dag.py:3036} INFO - Sync 1 DAGs
[2026-06-19T07:32:24.624+0200] {logging_mixin.py:188} INFO - [2026-06-19T07:32:24.624+0200] {dag.py:3823} INFO - Setting next_dagrun for tutorial to 2026-06-18 00:00:00+00:00, run_after=2026-06-19 00:00:00+00:00
[2026-06-19T07:32:24.632+0200] {processor.py:183} INFO - Processing /Users/eldorado/Documents/swiss-job-intelligence/venv/lib/python3.11/site-packages/airflow/example_dags/tutorial.py took 0.077 seconds
[2026-06-19T07:34:59.395+0200] {processor.py:161} INFO - Started process (PID=98197) to work on /Users/eldorado/Documents/swiss-job-intelligence/venv/lib/python3.11/site-packages/airflow/example_dags/tutorial.py
[2026-06-19T07:34:59.396+0200] {processor.py:830} INFO - Processing file /Users/eldorado/Documents/swiss-job-intelligence/venv/lib/python3.11/site-packages/airflow/example_dags/tutorial.py for tasks to queue
[2026-06-19T07:34:59.396+0200] {logging_mixin.py:188} INFO - [2026-06-19T07:34:59.396+0200] {dagbag.py:538} INFO - Filling up the DagBag from /Users/eldorado/Documents/swiss-job-intelligence/venv/lib/python3.11/site-packages/airflow/example_dags/tutorial.py
[2026-06-19T07:34:59.400+0200] {processor.py:840} INFO - DAG(s) 'tutorial' retrieved from /Users/eldorado/Documents/swiss-job-intelligence/venv/lib/python3.11/site-packages/airflow/example_dags/tutorial.py
[2026-06-19T07:34:59.492+0200] {logging_mixin.py:188} INFO - [2026-06-19T07:34:59.492+0200] {dag.py:3036} INFO - Sync 1 DAGs
[2026-06-19T07:34:59.498+0200] {logging_mixin.py:188} INFO - [2026-06-19T07:34:59.498+0200] {dag.py:3823} INFO - Setting next_dagrun for tutorial to 2026-06-18 00:00:00+00:00, run_after=2026-06-19 00:00:00+00:00
[2026-06-19T07:34:59.505+0200] {processor.py:183} INFO - Processing /Users/eldorado/Documents/swiss-job-intelligence/venv/lib/python3.11/site-packages/airflow/example_dags/tutorial.py took 0.111 seconds
