[2026-06-19T07:21:43.373+0200] {processor.py:161} INFO - Started process (PID=93126) to work on /Users/eldorado/Documents/swiss-job-intelligence/venv/lib/python3.11/site-packages/airflow/example_dags/tutorial_taskflow_api.py
[2026-06-19T07:21:43.373+0200] {processor.py:830} INFO - Processing file /Users/eldorado/Documents/swiss-job-intelligence/venv/lib/python3.11/site-packages/airflow/example_dags/tutorial_taskflow_api.py for tasks to queue
[2026-06-19T07:21:43.373+0200] {logging_mixin.py:188} INFO - [2026-06-19T07:21:43.373+0200] {dagbag.py:538} INFO - Filling up the DagBag from /Users/eldorado/Documents/swiss-job-intelligence/venv/lib/python3.11/site-packages/airflow/example_dags/tutorial_taskflow_api.py
[2026-06-19T07:21:43.390+0200] {processor.py:840} INFO - DAG(s) 'tutorial_taskflow_api' retrieved from /Users/eldorado/Documents/swiss-job-intelligence/venv/lib/python3.11/site-packages/airflow/example_dags/tutorial_taskflow_api.py
[2026-06-19T07:21:43.456+0200] {logging_mixin.py:188} INFO - [2026-06-19T07:21:43.456+0200] {dag.py:3036} INFO - Sync 1 DAGs
[2026-06-19T07:21:43.460+0200] {logging_mixin.py:188} INFO - [2026-06-19T07:21:43.460+0200] {dag.py:3823} INFO - Setting next_dagrun for tutorial_taskflow_api to None, run_after=None
[2026-06-19T07:21:43.467+0200] {processor.py:183} INFO - Processing /Users/eldorado/Documents/swiss-job-intelligence/venv/lib/python3.11/site-packages/airflow/example_dags/tutorial_taskflow_api.py took 0.095 seconds
[2026-06-19T07:23:13.555+0200] {processor.py:161} INFO - Started process (PID=93296) to work on /Users/eldorado/Documents/swiss-job-intelligence/venv/lib/python3.11/site-packages/airflow/example_dags/tutorial_taskflow_api.py
[2026-06-19T07:23:13.556+0200] {processor.py:830} INFO - Processing file /Users/eldorado/Documents/swiss-job-intelligence/venv/lib/python3.11/site-packages/airflow/example_dags/tutorial_taskflow_api.py for tasks to queue
[2026-06-19T07:23:13.557+0200] {logging_mixin.py:188} INFO - [2026-06-19T07:23:13.557+0200] {dagbag.py:538} INFO - Filling up the DagBag from /Users/eldorado/Documents/swiss-job-intelligence/venv/lib/python3.11/site-packages/airflow/example_dags/tutorial_taskflow_api.py
[2026-06-19T07:23:13.572+0200] {processor.py:840} INFO - DAG(s) 'tutorial_taskflow_api' retrieved from /Users/eldorado/Documents/swiss-job-intelligence/venv/lib/python3.11/site-packages/airflow/example_dags/tutorial_taskflow_api.py
[2026-06-19T07:23:13.638+0200] {logging_mixin.py:188} INFO - [2026-06-19T07:23:13.638+0200] {dag.py:3036} INFO - Sync 1 DAGs
[2026-06-19T07:23:13.641+0200] {logging_mixin.py:188} INFO - [2026-06-19T07:23:13.641+0200] {dag.py:3823} INFO - Setting next_dagrun for tutorial_taskflow_api to None, run_after=None
[2026-06-19T07:23:13.649+0200] {processor.py:183} INFO - Processing /Users/eldorado/Documents/swiss-job-intelligence/venv/lib/python3.11/site-packages/airflow/example_dags/tutorial_taskflow_api.py took 0.094 seconds
[2026-06-19T07:24:15.820+0200] {processor.py:161} INFO - Started process (PID=93366) to work on /Users/eldorado/Documents/swiss-job-intelligence/venv/lib/python3.11/site-packages/airflow/example_dags/tutorial_taskflow_api.py
[2026-06-19T07:24:15.821+0200] {processor.py:830} INFO - Processing file /Users/eldorado/Documents/swiss-job-intelligence/venv/lib/python3.11/site-packages/airflow/example_dags/tutorial_taskflow_api.py for tasks to queue
[2026-06-19T07:24:15.821+0200] {logging_mixin.py:188} INFO - [2026-06-19T07:24:15.821+0200] {dagbag.py:538} INFO - Filling up the DagBag from /Users/eldorado/Documents/swiss-job-intelligence/venv/lib/python3.11/site-packages/airflow/example_dags/tutorial_taskflow_api.py
[2026-06-19T07:24:15.836+0200] {processor.py:840} INFO - DAG(s) 'tutorial_taskflow_api' retrieved from /Users/eldorado/Documents/swiss-job-intelligence/venv/lib/python3.11/site-packages/airflow/example_dags/tutorial_taskflow_api.py
[2026-06-19T07:24:15.903+0200] {logging_mixin.py:188} INFO - [2026-06-19T07:24:15.903+0200] {dag.py:3036} INFO - Sync 1 DAGs
[2026-06-19T07:24:15.906+0200] {logging_mixin.py:188} INFO - [2026-06-19T07:24:15.906+0200] {dag.py:3823} INFO - Setting next_dagrun for tutorial_taskflow_api to None, run_after=None
[2026-06-19T07:24:15.915+0200] {processor.py:183} INFO - Processing /Users/eldorado/Documents/swiss-job-intelligence/venv/lib/python3.11/site-packages/airflow/example_dags/tutorial_taskflow_api.py took 0.095 seconds
[2026-06-19T07:25:18.959+0200] {processor.py:161} INFO - Started process (PID=93455) to work on /Users/eldorado/Documents/swiss-job-intelligence/venv/lib/python3.11/site-packages/airflow/example_dags/tutorial_taskflow_api.py
[2026-06-19T07:25:18.961+0200] {processor.py:830} INFO - Processing file /Users/eldorado/Documents/swiss-job-intelligence/venv/lib/python3.11/site-packages/airflow/example_dags/tutorial_taskflow_api.py for tasks to queue
[2026-06-19T07:25:18.961+0200] {logging_mixin.py:188} INFO - [2026-06-19T07:25:18.961+0200] {dagbag.py:538} INFO - Filling up the DagBag from /Users/eldorado/Documents/swiss-job-intelligence/venv/lib/python3.11/site-packages/airflow/example_dags/tutorial_taskflow_api.py
[2026-06-19T07:25:18.975+0200] {processor.py:840} INFO - DAG(s) 'tutorial_taskflow_api' retrieved from /Users/eldorado/Documents/swiss-job-intelligence/venv/lib/python3.11/site-packages/airflow/example_dags/tutorial_taskflow_api.py
[2026-06-19T07:25:19.042+0200] {logging_mixin.py:188} INFO - [2026-06-19T07:25:19.041+0200] {dag.py:3036} INFO - Sync 1 DAGs
[2026-06-19T07:25:19.045+0200] {logging_mixin.py:188} INFO - [2026-06-19T07:25:19.045+0200] {dag.py:3823} INFO - Setting next_dagrun for tutorial_taskflow_api to None, run_after=None
[2026-06-19T07:25:19.052+0200] {processor.py:183} INFO - Processing /Users/eldorado/Documents/swiss-job-intelligence/venv/lib/python3.11/site-packages/airflow/example_dags/tutorial_taskflow_api.py took 0.093 seconds
[2026-06-19T07:26:25.857+0200] {processor.py:161} INFO - Started process (PID=93681) to work on /Users/eldorado/Documents/swiss-job-intelligence/venv/lib/python3.11/site-packages/airflow/example_dags/tutorial_taskflow_api.py
[2026-06-19T07:26:25.861+0200] {processor.py:830} INFO - Processing file /Users/eldorado/Documents/swiss-job-intelligence/venv/lib/python3.11/site-packages/airflow/example_dags/tutorial_taskflow_api.py for tasks to queue
[2026-06-19T07:26:25.861+0200] {logging_mixin.py:188} INFO - [2026-06-19T07:26:25.861+0200] {dagbag.py:538} INFO - Filling up the DagBag from /Users/eldorado/Documents/swiss-job-intelligence/venv/lib/python3.11/site-packages/airflow/example_dags/tutorial_taskflow_api.py
[2026-06-19T07:26:25.884+0200] {processor.py:840} INFO - DAG(s) 'tutorial_taskflow_api' retrieved from /Users/eldorado/Documents/swiss-job-intelligence/venv/lib/python3.11/site-packages/airflow/example_dags/tutorial_taskflow_api.py
[2026-06-19T07:26:25.958+0200] {logging_mixin.py:188} INFO - [2026-06-19T07:26:25.958+0200] {dag.py:3036} INFO - Sync 1 DAGs
[2026-06-19T07:26:25.962+0200] {logging_mixin.py:188} INFO - [2026-06-19T07:26:25.961+0200] {dag.py:3823} INFO - Setting next_dagrun for tutorial_taskflow_api to None, run_after=None
[2026-06-19T07:26:25.968+0200] {processor.py:183} INFO - Processing /Users/eldorado/Documents/swiss-job-intelligence/venv/lib/python3.11/site-packages/airflow/example_dags/tutorial_taskflow_api.py took 0.116 seconds
[2026-06-19T07:27:39.518+0200] {processor.py:161} INFO - Started process (PID=93805) to work on /Users/eldorado/Documents/swiss-job-intelligence/venv/lib/python3.11/site-packages/airflow/example_dags/tutorial_taskflow_api.py
[2026-06-19T07:27:39.519+0200] {processor.py:830} INFO - Processing file /Users/eldorado/Documents/swiss-job-intelligence/venv/lib/python3.11/site-packages/airflow/example_dags/tutorial_taskflow_api.py for tasks to queue
[2026-06-19T07:27:39.519+0200] {logging_mixin.py:188} INFO - [2026-06-19T07:27:39.519+0200] {dagbag.py:538} INFO - Filling up the DagBag from /Users/eldorado/Documents/swiss-job-intelligence/venv/lib/python3.11/site-packages/airflow/example_dags/tutorial_taskflow_api.py
[2026-06-19T07:27:39.535+0200] {processor.py:840} INFO - DAG(s) 'tutorial_taskflow_api' retrieved from /Users/eldorado/Documents/swiss-job-intelligence/venv/lib/python3.11/site-packages/airflow/example_dags/tutorial_taskflow_api.py
[2026-06-19T07:27:39.611+0200] {logging_mixin.py:188} INFO - [2026-06-19T07:27:39.611+0200] {dag.py:3036} INFO - Sync 1 DAGs
[2026-06-19T07:27:39.615+0200] {logging_mixin.py:188} INFO - [2026-06-19T07:27:39.615+0200] {dag.py:3823} INFO - Setting next_dagrun for tutorial_taskflow_api to None, run_after=None
[2026-06-19T07:27:39.623+0200] {processor.py:183} INFO - Processing /Users/eldorado/Documents/swiss-job-intelligence/venv/lib/python3.11/site-packages/airflow/example_dags/tutorial_taskflow_api.py took 0.106 seconds
[2026-06-19T07:30:57.153+0200] {processor.py:161} INFO - Started process (PID=95062) to work on /Users/eldorado/Documents/swiss-job-intelligence/venv/lib/python3.11/site-packages/airflow/example_dags/tutorial_taskflow_api.py
[2026-06-19T07:30:57.155+0200] {processor.py:830} INFO - Processing file /Users/eldorado/Documents/swiss-job-intelligence/venv/lib/python3.11/site-packages/airflow/example_dags/tutorial_taskflow_api.py for tasks to queue
[2026-06-19T07:30:57.155+0200] {logging_mixin.py:188} INFO - [2026-06-19T07:30:57.155+0200] {dagbag.py:538} INFO - Filling up the DagBag from /Users/eldorado/Documents/swiss-job-intelligence/venv/lib/python3.11/site-packages/airflow/example_dags/tutorial_taskflow_api.py
[2026-06-19T07:30:57.170+0200] {processor.py:840} INFO - DAG(s) 'tutorial_taskflow_api' retrieved from /Users/eldorado/Documents/swiss-job-intelligence/venv/lib/python3.11/site-packages/airflow/example_dags/tutorial_taskflow_api.py
[2026-06-19T07:30:57.233+0200] {logging_mixin.py:188} INFO - [2026-06-19T07:30:57.233+0200] {dag.py:3036} INFO - Sync 1 DAGs
[2026-06-19T07:30:57.237+0200] {logging_mixin.py:188} INFO - [2026-06-19T07:30:57.236+0200] {dag.py:3823} INFO - Setting next_dagrun for tutorial_taskflow_api to None, run_after=None
[2026-06-19T07:30:57.245+0200] {processor.py:183} INFO - Processing /Users/eldorado/Documents/swiss-job-intelligence/venv/lib/python3.11/site-packages/airflow/example_dags/tutorial_taskflow_api.py took 0.092 seconds
[2026-06-19T07:32:20.655+0200] {processor.py:161} INFO - Started process (PID=95387) to work on /Users/eldorado/Documents/swiss-job-intelligence/venv/lib/python3.11/site-packages/airflow/example_dags/tutorial_taskflow_api.py
[2026-06-19T07:32:20.658+0200] {processor.py:830} INFO - Processing file /Users/eldorado/Documents/swiss-job-intelligence/venv/lib/python3.11/site-packages/airflow/example_dags/tutorial_taskflow_api.py for tasks to queue
[2026-06-19T07:32:20.658+0200] {logging_mixin.py:188} INFO - [2026-06-19T07:32:20.658+0200] {dagbag.py:538} INFO - Filling up the DagBag from /Users/eldorado/Documents/swiss-job-intelligence/venv/lib/python3.11/site-packages/airflow/example_dags/tutorial_taskflow_api.py
[2026-06-19T07:32:20.679+0200] {processor.py:840} INFO - DAG(s) 'tutorial_taskflow_api' retrieved from /Users/eldorado/Documents/swiss-job-intelligence/venv/lib/python3.11/site-packages/airflow/example_dags/tutorial_taskflow_api.py
[2026-06-19T07:32:20.689+0200] {logging_mixin.py:188} INFO - [2026-06-19T07:32:20.688+0200] {dag.py:3036} INFO - Sync 1 DAGs
[2026-06-19T07:32:20.753+0200] {logging_mixin.py:188} INFO - [2026-06-19T07:32:20.753+0200] {dag.py:3823} INFO - Setting next_dagrun for tutorial_taskflow_api to None, run_after=None
[2026-06-19T07:32:20.761+0200] {processor.py:183} INFO - Processing /Users/eldorado/Documents/swiss-job-intelligence/venv/lib/python3.11/site-packages/airflow/example_dags/tutorial_taskflow_api.py took 0.107 seconds
[2026-06-19T07:34:53.215+0200] {processor.py:161} INFO - Started process (PID=98160) to work on /Users/eldorado/Documents/swiss-job-intelligence/venv/lib/python3.11/site-packages/airflow/example_dags/tutorial_taskflow_api.py
[2026-06-19T07:34:53.218+0200] {processor.py:830} INFO - Processing file /Users/eldorado/Documents/swiss-job-intelligence/venv/lib/python3.11/site-packages/airflow/example_dags/tutorial_taskflow_api.py for tasks to queue
[2026-06-19T07:34:53.219+0200] {logging_mixin.py:188} INFO - [2026-06-19T07:34:53.219+0200] {dagbag.py:538} INFO - Filling up the DagBag from /Users/eldorado/Documents/swiss-job-intelligence/venv/lib/python3.11/site-packages/airflow/example_dags/tutorial_taskflow_api.py
[2026-06-19T07:34:53.245+0200] {processor.py:840} INFO - DAG(s) 'tutorial_taskflow_api' retrieved from /Users/eldorado/Documents/swiss-job-intelligence/venv/lib/python3.11/site-packages/airflow/example_dags/tutorial_taskflow_api.py
[2026-06-19T07:34:53.396+0200] {logging_mixin.py:188} INFO - [2026-06-19T07:34:53.395+0200] {dag.py:3036} INFO - Sync 1 DAGs
[2026-06-19T07:34:53.400+0200] {logging_mixin.py:188} INFO - [2026-06-19T07:34:53.400+0200] {dag.py:3823} INFO - Setting next_dagrun for tutorial_taskflow_api to None, run_after=None
[2026-06-19T07:34:53.412+0200] {processor.py:183} INFO - Processing /Users/eldorado/Documents/swiss-job-intelligence/venv/lib/python3.11/site-packages/airflow/example_dags/tutorial_taskflow_api.py took 0.198 seconds
