[2026-06-19T07:21:24.659+0200] {processor.py:161} INFO - Started process (PID=93049) to work on /Users/eldorado/Documents/swiss-job-intelligence/venv/lib/python3.11/site-packages/airflow/example_dags/subdags/subdag.py
[2026-06-19T07:21:24.660+0200] {processor.py:830} INFO - Processing file /Users/eldorado/Documents/swiss-job-intelligence/venv/lib/python3.11/site-packages/airflow/example_dags/subdags/subdag.py for tasks to queue
[2026-06-19T07:21:24.660+0200] {logging_mixin.py:188} INFO - [2026-06-19T07:21:24.660+0200] {dagbag.py:538} INFO - Filling up the DagBag from /Users/eldorado/Documents/swiss-job-intelligence/venv/lib/python3.11/site-packages/airflow/example_dags/subdags/subdag.py
[2026-06-19T07:21:24.661+0200] {processor.py:842} WARNING - No viable dags retrieved from /Users/eldorado/Documents/swiss-job-intelligence/venv/lib/python3.11/site-packages/airflow/example_dags/subdags/subdag.py
[2026-06-19T07:21:24.717+0200] {processor.py:183} INFO - Processing /Users/eldorado/Documents/swiss-job-intelligence/venv/lib/python3.11/site-packages/airflow/example_dags/subdags/subdag.py took 0.059 seconds
[2026-06-19T07:23:04.266+0200] {processor.py:161} INFO - Started process (PID=93283) to work on /Users/eldorado/Documents/swiss-job-intelligence/venv/lib/python3.11/site-packages/airflow/example_dags/subdags/subdag.py
[2026-06-19T07:23:04.267+0200] {processor.py:830} INFO - Processing file /Users/eldorado/Documents/swiss-job-intelligence/venv/lib/python3.11/site-packages/airflow/example_dags/subdags/subdag.py for tasks to queue
[2026-06-19T07:23:04.268+0200] {logging_mixin.py:188} INFO - [2026-06-19T07:23:04.268+0200] {dagbag.py:538} INFO - Filling up the DagBag from /Users/eldorado/Documents/swiss-job-intelligence/venv/lib/python3.11/site-packages/airflow/example_dags/subdags/subdag.py
[2026-06-19T07:23:04.269+0200] {processor.py:842} WARNING - No viable dags retrieved from /Users/eldorado/Documents/swiss-job-intelligence/venv/lib/python3.11/site-packages/airflow/example_dags/subdags/subdag.py
[2026-06-19T07:23:04.324+0200] {processor.py:183} INFO - Processing /Users/eldorado/Documents/swiss-job-intelligence/venv/lib/python3.11/site-packages/airflow/example_dags/subdags/subdag.py took 0.058 seconds
[2026-06-19T07:24:06.311+0200] {processor.py:161} INFO - Started process (PID=93354) to work on /Users/eldorado/Documents/swiss-job-intelligence/venv/lib/python3.11/site-packages/airflow/example_dags/subdags/subdag.py
[2026-06-19T07:24:06.312+0200] {processor.py:830} INFO - Processing file /Users/eldorado/Documents/swiss-job-intelligence/venv/lib/python3.11/site-packages/airflow/example_dags/subdags/subdag.py for tasks to queue
[2026-06-19T07:24:06.313+0200] {logging_mixin.py:188} INFO - [2026-06-19T07:24:06.313+0200] {dagbag.py:538} INFO - Filling up the DagBag from /Users/eldorado/Documents/swiss-job-intelligence/venv/lib/python3.11/site-packages/airflow/example_dags/subdags/subdag.py
[2026-06-19T07:24:06.314+0200] {processor.py:842} WARNING - No viable dags retrieved from /Users/eldorado/Documents/swiss-job-intelligence/venv/lib/python3.11/site-packages/airflow/example_dags/subdags/subdag.py
[2026-06-19T07:24:06.379+0200] {processor.py:183} INFO - Processing /Users/eldorado/Documents/swiss-job-intelligence/venv/lib/python3.11/site-packages/airflow/example_dags/subdags/subdag.py took 0.068 seconds
[2026-06-19T07:25:08.918+0200] {processor.py:161} INFO - Started process (PID=93443) to work on /Users/eldorado/Documents/swiss-job-intelligence/venv/lib/python3.11/site-packages/airflow/example_dags/subdags/subdag.py
[2026-06-19T07:25:08.919+0200] {processor.py:830} INFO - Processing file /Users/eldorado/Documents/swiss-job-intelligence/venv/lib/python3.11/site-packages/airflow/example_dags/subdags/subdag.py for tasks to queue
[2026-06-19T07:25:08.919+0200] {logging_mixin.py:188} INFO - [2026-06-19T07:25:08.919+0200] {dagbag.py:538} INFO - Filling up the DagBag from /Users/eldorado/Documents/swiss-job-intelligence/venv/lib/python3.11/site-packages/airflow/example_dags/subdags/subdag.py
[2026-06-19T07:25:08.921+0200] {processor.py:842} WARNING - No viable dags retrieved from /Users/eldorado/Documents/swiss-job-intelligence/venv/lib/python3.11/site-packages/airflow/example_dags/subdags/subdag.py
[2026-06-19T07:25:08.977+0200] {processor.py:183} INFO - Processing /Users/eldorado/Documents/swiss-job-intelligence/venv/lib/python3.11/site-packages/airflow/example_dags/subdags/subdag.py took 0.059 seconds
[2026-06-19T07:26:11.930+0200] {processor.py:161} INFO - Started process (PID=93642) to work on /Users/eldorado/Documents/swiss-job-intelligence/venv/lib/python3.11/site-packages/airflow/example_dags/subdags/subdag.py
[2026-06-19T07:26:11.931+0200] {processor.py:830} INFO - Processing file /Users/eldorado/Documents/swiss-job-intelligence/venv/lib/python3.11/site-packages/airflow/example_dags/subdags/subdag.py for tasks to queue
[2026-06-19T07:26:11.931+0200] {logging_mixin.py:188} INFO - [2026-06-19T07:26:11.931+0200] {dagbag.py:538} INFO - Filling up the DagBag from /Users/eldorado/Documents/swiss-job-intelligence/venv/lib/python3.11/site-packages/airflow/example_dags/subdags/subdag.py
[2026-06-19T07:26:11.932+0200] {processor.py:842} WARNING - No viable dags retrieved from /Users/eldorado/Documents/swiss-job-intelligence/venv/lib/python3.11/site-packages/airflow/example_dags/subdags/subdag.py
[2026-06-19T07:26:11.998+0200] {processor.py:183} INFO - Processing /Users/eldorado/Documents/swiss-job-intelligence/venv/lib/python3.11/site-packages/airflow/example_dags/subdags/subdag.py took 0.069 seconds
[2026-06-19T07:27:30.198+0200] {processor.py:161} INFO - Started process (PID=93796) to work on /Users/eldorado/Documents/swiss-job-intelligence/venv/lib/python3.11/site-packages/airflow/example_dags/subdags/subdag.py
[2026-06-19T07:27:30.198+0200] {processor.py:830} INFO - Processing file /Users/eldorado/Documents/swiss-job-intelligence/venv/lib/python3.11/site-packages/airflow/example_dags/subdags/subdag.py for tasks to queue
[2026-06-19T07:27:30.199+0200] {logging_mixin.py:188} INFO - [2026-06-19T07:27:30.198+0200] {dagbag.py:538} INFO - Filling up the DagBag from /Users/eldorado/Documents/swiss-job-intelligence/venv/lib/python3.11/site-packages/airflow/example_dags/subdags/subdag.py
[2026-06-19T07:27:30.200+0200] {processor.py:842} WARNING - No viable dags retrieved from /Users/eldorado/Documents/swiss-job-intelligence/venv/lib/python3.11/site-packages/airflow/example_dags/subdags/subdag.py
[2026-06-19T07:27:30.257+0200] {processor.py:183} INFO - Processing /Users/eldorado/Documents/swiss-job-intelligence/venv/lib/python3.11/site-packages/airflow/example_dags/subdags/subdag.py took 0.060 seconds
[2026-06-19T07:30:47.953+0200] {processor.py:161} INFO - Started process (PID=95043) to work on /Users/eldorado/Documents/swiss-job-intelligence/venv/lib/python3.11/site-packages/airflow/example_dags/subdags/subdag.py
[2026-06-19T07:30:47.954+0200] {processor.py:830} INFO - Processing file /Users/eldorado/Documents/swiss-job-intelligence/venv/lib/python3.11/site-packages/airflow/example_dags/subdags/subdag.py for tasks to queue
[2026-06-19T07:30:47.954+0200] {logging_mixin.py:188} INFO - [2026-06-19T07:30:47.954+0200] {dagbag.py:538} INFO - Filling up the DagBag from /Users/eldorado/Documents/swiss-job-intelligence/venv/lib/python3.11/site-packages/airflow/example_dags/subdags/subdag.py
[2026-06-19T07:30:47.955+0200] {processor.py:842} WARNING - No viable dags retrieved from /Users/eldorado/Documents/swiss-job-intelligence/venv/lib/python3.11/site-packages/airflow/example_dags/subdags/subdag.py
[2026-06-19T07:30:48.013+0200] {processor.py:183} INFO - Processing /Users/eldorado/Documents/swiss-job-intelligence/venv/lib/python3.11/site-packages/airflow/example_dags/subdags/subdag.py took 0.060 seconds
[2026-06-19T07:32:11.204+0200] {processor.py:161} INFO - Started process (PID=95368) to work on /Users/eldorado/Documents/swiss-job-intelligence/venv/lib/python3.11/site-packages/airflow/example_dags/subdags/subdag.py
[2026-06-19T07:32:11.205+0200] {processor.py:830} INFO - Processing file /Users/eldorado/Documents/swiss-job-intelligence/venv/lib/python3.11/site-packages/airflow/example_dags/subdags/subdag.py for tasks to queue
[2026-06-19T07:32:11.206+0200] {logging_mixin.py:188} INFO - [2026-06-19T07:32:11.206+0200] {dagbag.py:538} INFO - Filling up the DagBag from /Users/eldorado/Documents/swiss-job-intelligence/venv/lib/python3.11/site-packages/airflow/example_dags/subdags/subdag.py
[2026-06-19T07:32:11.207+0200] {processor.py:842} WARNING - No viable dags retrieved from /Users/eldorado/Documents/swiss-job-intelligence/venv/lib/python3.11/site-packages/airflow/example_dags/subdags/subdag.py
[2026-06-19T07:32:11.262+0200] {processor.py:183} INFO - Processing /Users/eldorado/Documents/swiss-job-intelligence/venv/lib/python3.11/site-packages/airflow/example_dags/subdags/subdag.py took 0.058 seconds
[2026-06-19T07:34:45.022+0200] {processor.py:161} INFO - Started process (PID=98117) to work on /Users/eldorado/Documents/swiss-job-intelligence/venv/lib/python3.11/site-packages/airflow/example_dags/subdags/subdag.py
[2026-06-19T07:34:45.023+0200] {processor.py:830} INFO - Processing file /Users/eldorado/Documents/swiss-job-intelligence/venv/lib/python3.11/site-packages/airflow/example_dags/subdags/subdag.py for tasks to queue
[2026-06-19T07:34:45.023+0200] {logging_mixin.py:188} INFO - [2026-06-19T07:34:45.023+0200] {dagbag.py:538} INFO - Filling up the DagBag from /Users/eldorado/Documents/swiss-job-intelligence/venv/lib/python3.11/site-packages/airflow/example_dags/subdags/subdag.py
[2026-06-19T07:34:45.024+0200] {processor.py:842} WARNING - No viable dags retrieved from /Users/eldorado/Documents/swiss-job-intelligence/venv/lib/python3.11/site-packages/airflow/example_dags/subdags/subdag.py
[2026-06-19T07:34:45.080+0200] {processor.py:183} INFO - Processing /Users/eldorado/Documents/swiss-job-intelligence/venv/lib/python3.11/site-packages/airflow/example_dags/subdags/subdag.py took 0.059 seconds
