[[34m2026-06-18T17:10:47.915+0200[0m] {[34mtask_context_logger.py:[0m63} INFO[0m - Task context logging is enabled[0m
[[34m2026-06-18T17:10:47.917+0200[0m] {[34mexecutor_loader.py:[0m115} INFO[0m - Loaded executor: SequentialExecutor[0m
[[34m2026-06-18T17:10:48.027+0200[0m] {[34mscheduler_job_runner.py:[0m808} INFO[0m - Starting the scheduler[0m
[[34m2026-06-18T17:10:48.028+0200[0m] {[34mscheduler_job_runner.py:[0m815} INFO[0m - Processing each file at most -1 times[0m
[[34m2026-06-18T17:10:48.036+0200[0m] {[34mmanager.py:[0m169} INFO[0m - Launched DagFileProcessorManager with pid: 33260[0m
[[34m2026-06-18T17:10:48.041+0200[0m] {[34mscheduler_job_runner.py:[0m1619} INFO[0m - Adopting or resetting orphaned tasks for active dag runs[0m
[[34m2026-06-18T17:10:48.748+0200[0m] {[34msettings.py:[0m60} INFO[0m - Configured default timezone UTC[0m
[2026-06-18T17:10:48.754+0200] {manager.py:392} WARNING - Because we cannot use more than 1 thread (parsing_processes = 2) when using sqlite. So we set parallelism to 1.
[[34m2026-06-18T17:13:51.100+0200[0m] {[34mdag.py:[0m3823} INFO[0m - Setting next_dagrun for swiss_jobs_pipeline to 2026-06-18 06:00:00+00:00, run_after=2026-06-19 06:00:00+00:00[0m
[[34m2026-06-18T17:13:51.119+0200[0m] {[34mscheduler_job_runner.py:[0m424} INFO[0m - 1 tasks up for execution:
	<TaskInstance: swiss_jobs_pipeline.ingest_data scheduled__2026-06-17T06:00:00+00:00 [scheduled]>[0m
[[34m2026-06-18T17:13:51.120+0200[0m] {[34mscheduler_job_runner.py:[0m487} INFO[0m - DAG swiss_jobs_pipeline has 0/16 running and queued tasks[0m
[[34m2026-06-18T17:13:51.120+0200[0m] {[34mscheduler_job_runner.py:[0m603} INFO[0m - Setting the following tasks to queued state:
	<TaskInstance: swiss_jobs_pipeline.ingest_data scheduled__2026-06-17T06:00:00+00:00 [scheduled]>[0m
[[34m2026-06-18T17:13:51.122+0200[0m] {[34mtaskinstance.py:[0m2260} WARNING[0m - cannot record scheduled_duration for task ingest_data because previous state change time has not been saved[0m
[[34m2026-06-18T17:13:51.122+0200[0m] {[34mscheduler_job_runner.py:[0m646} INFO[0m - Sending TaskInstanceKey(dag_id='swiss_jobs_pipeline', task_id='ingest_data', run_id='scheduled__2026-06-17T06:00:00+00:00', try_number=1, map_index=-1) to executor with priority 5 and queue default[0m
[[34m2026-06-18T17:13:51.123+0200[0m] {[34mbase_executor.py:[0m146} INFO[0m - Adding to queue: ['airflow', 'tasks', 'run', 'swiss_jobs_pipeline', 'ingest_data', 'scheduled__2026-06-17T06:00:00+00:00', '--local', '--subdir', 'DAGS_FOLDER/swiss_jobs_pipeline.py'][0m
[[34m2026-06-18T17:13:51.124+0200[0m] {[34msequential_executor.py:[0m73} INFO[0m - Executing command: ['airflow', 'tasks', 'run', 'swiss_jobs_pipeline', 'ingest_data', 'scheduled__2026-06-17T06:00:00+00:00', '--local', '--subdir', 'DAGS_FOLDER/swiss_jobs_pipeline.py'][0m
[[34m2026-06-18T17:13:51.750+0200[0m] {[34mdagbag.py:[0m538} INFO[0m - Filling up the DagBag from /Users/eldorado/Documents/swiss-job-intelligence/airflow/dags/swiss_jobs_pipeline.py[0m
[[34m2026-06-18T17:13:51.774+0200[0m] {[34mexample_local_kubernetes_executor.py:[0m39} WARNING[0m - Could not import DAGs in example_local_kubernetes_executor.py[0m
Traceback (most recent call last):
  File "/Users/eldorado/Documents/swiss-job-intelligence/venv/lib/python3.11/site-packages/airflow/example_dags/example_local_kubernetes_executor.py", line 37, in <module>
    from kubernetes.client import models as k8s
ModuleNotFoundError: No module named 'kubernetes'
[[34m2026-06-18T17:13:51.774+0200[0m] {[34mexample_local_kubernetes_executor.py:[0m40} WARNING[0m - Install Kubernetes dependencies with: pip install apache-airflow[cncf.kubernetes][0m
[[34m2026-06-18T17:13:51.780+0200[0m] {[34mexample_python_operator.py:[0m88} WARNING[0m - The virtalenv_python example task requires virtualenv, please install it.[0m
[[34m2026-06-18T17:13:51.780+0200[0m] {[34mtutorial_taskflow_api_virtualenv.py:[0m29} WARNING[0m - The tutorial_taskflow_api_virtualenv example DAG requires virtualenv, please install it.[0m
[[34m2026-06-18T17:13:51.808+0200[0m] {[34mdagbag.py:[0m348} ERROR[0m - Failed to import: /Users/eldorado/Documents/swiss-job-intelligence/venv/lib/python3.11/site-packages/airflow/example_dags/example_branch_operator.py[0m
Traceback (most recent call last):
  File "/Users/eldorado/Documents/swiss-job-intelligence/venv/lib/python3.11/site-packages/airflow/models/dagbag.py", line 344, in parse
    loader.exec_module(new_module)
  File "<frozen importlib._bootstrap_external>", line 940, in exec_module
  File "<frozen importlib._bootstrap>", line 241, in _call_with_frames_removed
  File "/Users/eldorado/Documents/swiss-job-intelligence/venv/lib/python3.11/site-packages/airflow/example_dags/example_branch_operator.py", line 138, in <module>
    branching_venv = BranchPythonVirtualenvOperator(
                     ^^^^^^^^^^^^^^^^^^^^^^^^^^^^^^^
  File "/Users/eldorado/Documents/swiss-job-intelligence/venv/lib/python3.11/site-packages/airflow/models/baseoperator.py", line 437, in apply_defaults
    result = func(self, **kwargs, default_args=default_args)
             ^^^^^^^^^^^^^^^^^^^^^^^^^^^^^^^^^^^^^^^^^^^^^^^
  File "/Users/eldorado/Documents/swiss-job-intelligence/venv/lib/python3.11/site-packages/airflow/models/baseoperator.py", line 437, in apply_defaults
    result = func(self, **kwargs, default_args=default_args)
             ^^^^^^^^^^^^^^^^^^^^^^^^^^^^^^^^^^^^^^^^^^^^^^^
  File "/Users/eldorado/Documents/swiss-job-intelligence/venv/lib/python3.11/site-packages/airflow/operators/python.py", line 584, in __init__
    raise AirflowException("PythonVirtualenvOperator requires virtualenv, please install it.")
airflow.exceptions.AirflowException: PythonVirtualenvOperator requires virtualenv, please install it.
[[34m2026-06-18T17:13:51.813+0200[0m] {[34mexample_python_decorator.py:[0m79} WARNING[0m - The virtalenv_python example task requires virtualenv, please install it.[0m
[[34m2026-06-18T17:13:51.860+0200[0m] {[34mdagbag.py:[0m348} ERROR[0m - Failed to import: /Users/eldorado/Documents/swiss-job-intelligence/venv/lib/python3.11/site-packages/airflow/example_dags/example_branch_operator_decorator.py[0m
Traceback (most recent call last):
  File "/Users/eldorado/Documents/swiss-job-intelligence/venv/lib/python3.11/site-packages/airflow/models/dagbag.py", line 344, in parse
    loader.exec_module(new_module)
  File "<frozen importlib._bootstrap_external>", line 940, in exec_module
  File "<frozen importlib._bootstrap>", line 241, in _call_with_frames_removed
  File "/Users/eldorado/Documents/swiss-job-intelligence/venv/lib/python3.11/site-packages/airflow/example_dags/example_branch_operator_decorator.py", line 125, in <module>
    random_choice_venv = branching_virtualenv(choices=options)
                         ^^^^^^^^^^^^^^^^^^^^^^^^^^^^^^^^^^^^^
  File "/Users/eldorado/Documents/swiss-job-intelligence/venv/lib/python3.11/site-packages/airflow/decorators/base.py", line 366, in __call__
    op = self.operator_class(
         ^^^^^^^^^^^^^^^^^^^^
  File "/Users/eldorado/Documents/swiss-job-intelligence/venv/lib/python3.11/site-packages/airflow/models/baseoperator.py", line 437, in apply_defaults
    result = func(self, **kwargs, default_args=default_args)
             ^^^^^^^^^^^^^^^^^^^^^^^^^^^^^^^^^^^^^^^^^^^^^^^
  File "/Users/eldorado/Documents/swiss-job-intelligence/venv/lib/python3.11/site-packages/airflow/models/baseoperator.py", line 437, in apply_defaults
    result = func(self, **kwargs, default_args=default_args)
             ^^^^^^^^^^^^^^^^^^^^^^^^^^^^^^^^^^^^^^^^^^^^^^^
  File "/Users/eldorado/Documents/swiss-job-intelligence/venv/lib/python3.11/site-packages/airflow/decorators/python.py", line 52, in __init__
    super().__init__(
  File "/Users/eldorado/Documents/swiss-job-intelligence/venv/lib/python3.11/site-packages/airflow/models/baseoperator.py", line 437, in apply_defaults
    result = func(self, **kwargs, default_args=default_args)
             ^^^^^^^^^^^^^^^^^^^^^^^^^^^^^^^^^^^^^^^^^^^^^^^
  File "/Users/eldorado/Documents/swiss-job-intelligence/venv/lib/python3.11/site-packages/airflow/decorators/base.py", line 233, in __init__
    super().__init__(task_id=task_id, **kwargs_to_upstream, **kwargs)
  File "/Users/eldorado/Documents/swiss-job-intelligence/venv/lib/python3.11/site-packages/airflow/models/baseoperator.py", line 437, in apply_defaults
    result = func(self, **kwargs, default_args=default_args)
             ^^^^^^^^^^^^^^^^^^^^^^^^^^^^^^^^^^^^^^^^^^^^^^^
  File "/Users/eldorado/Documents/swiss-job-intelligence/venv/lib/python3.11/site-packages/airflow/models/baseoperator.py", line 437, in apply_defaults
    result = func(self, **kwargs, default_args=default_args)
             ^^^^^^^^^^^^^^^^^^^^^^^^^^^^^^^^^^^^^^^^^^^^^^^
  File "/Users/eldorado/Documents/swiss-job-intelligence/venv/lib/python3.11/site-packages/airflow/operators/python.py", line 584, in __init__
    raise AirflowException("PythonVirtualenvOperator requires virtualenv, please install it.")
airflow.exceptions.AirflowException: PythonVirtualenvOperator requires virtualenv, please install it.
[[34m2026-06-18T17:13:51.867+0200[0m] {[34mexample_kubernetes_executor.py:[0m38} WARNING[0m - The example_kubernetes_executor example DAG requires the kubernetes provider. Please install it with: pip install apache-airflow[cncf.kubernetes][0m
Changing /Users/eldorado/Documents/swiss-job-intelligence/airflow/logs/dag_id=swiss_jobs_pipeline/run_id=scheduled__2026-06-17T06:00:00+00:00/task_id=ingest_data permission to 509
[[34m2026-06-18T17:13:52.231+0200[0m] {[34mtask_command.py:[0m423} INFO[0m - Running <TaskInstance: swiss_jobs_pipeline.ingest_data scheduled__2026-06-17T06:00:00+00:00 [queued]> on host els-imac.local[0m
[[34m2026-06-18T17:13:54.058+0200[0m] {[34mscheduler_job_runner.py:[0m696} INFO[0m - Received executor event with state success for task instance TaskInstanceKey(dag_id='swiss_jobs_pipeline', task_id='ingest_data', run_id='scheduled__2026-06-17T06:00:00+00:00', try_number=1, map_index=-1)[0m
[[34m2026-06-18T17:13:54.063+0200[0m] {[34mscheduler_job_runner.py:[0m733} INFO[0m - TaskInstance Finished: dag_id=swiss_jobs_pipeline, task_id=ingest_data, run_id=scheduled__2026-06-17T06:00:00+00:00, map_index=-1, run_start_date=2026-06-18 15:13:52.313738+00:00, run_end_date=2026-06-18 15:13:53.832290+00:00, run_duration=1.518552, state=success, executor_state=success, try_number=1, max_tries=1, job_id=2, pool=default_pool, queue=default, priority_weight=5, operator=BashOperator, queued_dttm=2026-06-18 15:13:51.121451+00:00, queued_by_job_id=1, pid=33645[0m
[[34m2026-06-18T17:13:54.976+0200[0m] {[34mscheduler_job_runner.py:[0m424} INFO[0m - 1 tasks up for execution:
	<TaskInstance: swiss_jobs_pipeline.dbt_run scheduled__2026-06-17T06:00:00+00:00 [scheduled]>[0m
[[34m2026-06-18T17:13:54.976+0200[0m] {[34mscheduler_job_runner.py:[0m487} INFO[0m - DAG swiss_jobs_pipeline has 0/16 running and queued tasks[0m
[[34m2026-06-18T17:13:54.977+0200[0m] {[34mscheduler_job_runner.py:[0m603} INFO[0m - Setting the following tasks to queued state:
	<TaskInstance: swiss_jobs_pipeline.dbt_run scheduled__2026-06-17T06:00:00+00:00 [scheduled]>[0m
[[34m2026-06-18T17:13:54.978+0200[0m] {[34mtaskinstance.py:[0m2260} WARNING[0m - cannot record scheduled_duration for task dbt_run because previous state change time has not been saved[0m
[[34m2026-06-18T17:13:54.978+0200[0m] {[34mscheduler_job_runner.py:[0m646} INFO[0m - Sending TaskInstanceKey(dag_id='swiss_jobs_pipeline', task_id='dbt_run', run_id='scheduled__2026-06-17T06:00:00+00:00', try_number=1, map_index=-1) to executor with priority 4 and queue default[0m
[[34m2026-06-18T17:13:54.979+0200[0m] {[34mbase_executor.py:[0m146} INFO[0m - Adding to queue: ['airflow', 'tasks', 'run', 'swiss_jobs_pipeline', 'dbt_run', 'scheduled__2026-06-17T06:00:00+00:00', '--local', '--subdir', 'DAGS_FOLDER/swiss_jobs_pipeline.py'][0m
[[34m2026-06-18T17:13:54.979+0200[0m] {[34msequential_executor.py:[0m73} INFO[0m - Executing command: ['airflow', 'tasks', 'run', 'swiss_jobs_pipeline', 'dbt_run', 'scheduled__2026-06-17T06:00:00+00:00', '--local', '--subdir', 'DAGS_FOLDER/swiss_jobs_pipeline.py'][0m
[[34m2026-06-18T17:13:55.582+0200[0m] {[34mdagbag.py:[0m538} INFO[0m - Filling up the DagBag from /Users/eldorado/Documents/swiss-job-intelligence/airflow/dags/swiss_jobs_pipeline.py[0m
[[34m2026-06-18T17:13:55.602+0200[0m] {[34mexample_local_kubernetes_executor.py:[0m39} WARNING[0m - Could not import DAGs in example_local_kubernetes_executor.py[0m
Traceback (most recent call last):
  File "/Users/eldorado/Documents/swiss-job-intelligence/venv/lib/python3.11/site-packages/airflow/example_dags/example_local_kubernetes_executor.py", line 37, in <module>
    from kubernetes.client import models as k8s
ModuleNotFoundError: No module named 'kubernetes'
[[34m2026-06-18T17:13:55.602+0200[0m] {[34mexample_local_kubernetes_executor.py:[0m40} WARNING[0m - Install Kubernetes dependencies with: pip install apache-airflow[cncf.kubernetes][0m
[[34m2026-06-18T17:13:55.608+0200[0m] {[34mexample_python_operator.py:[0m88} WARNING[0m - The virtalenv_python example task requires virtualenv, please install it.[0m
[[34m2026-06-18T17:13:55.608+0200[0m] {[34mtutorial_taskflow_api_virtualenv.py:[0m29} WARNING[0m - The tutorial_taskflow_api_virtualenv example DAG requires virtualenv, please install it.[0m
[[34m2026-06-18T17:13:55.632+0200[0m] {[34mdagbag.py:[0m348} ERROR[0m - Failed to import: /Users/eldorado/Documents/swiss-job-intelligence/venv/lib/python3.11/site-packages/airflow/example_dags/example_branch_operator.py[0m
Traceback (most recent call last):
  File "/Users/eldorado/Documents/swiss-job-intelligence/venv/lib/python3.11/site-packages/airflow/models/dagbag.py", line 344, in parse
    loader.exec_module(new_module)
  File "<frozen importlib._bootstrap_external>", line 940, in exec_module
  File "<frozen importlib._bootstrap>", line 241, in _call_with_frames_removed
  File "/Users/eldorado/Documents/swiss-job-intelligence/venv/lib/python3.11/site-packages/airflow/example_dags/example_branch_operator.py", line 138, in <module>
    branching_venv = BranchPythonVirtualenvOperator(
                     ^^^^^^^^^^^^^^^^^^^^^^^^^^^^^^^
  File "/Users/eldorado/Documents/swiss-job-intelligence/venv/lib/python3.11/site-packages/airflow/models/baseoperator.py", line 437, in apply_defaults
    result = func(self, **kwargs, default_args=default_args)
             ^^^^^^^^^^^^^^^^^^^^^^^^^^^^^^^^^^^^^^^^^^^^^^^
  File "/Users/eldorado/Documents/swiss-job-intelligence/venv/lib/python3.11/site-packages/airflow/models/baseoperator.py", line 437, in apply_defaults
    result = func(self, **kwargs, default_args=default_args)
             ^^^^^^^^^^^^^^^^^^^^^^^^^^^^^^^^^^^^^^^^^^^^^^^
  File "/Users/eldorado/Documents/swiss-job-intelligence/venv/lib/python3.11/site-packages/airflow/operators/python.py", line 584, in __init__
    raise AirflowException("PythonVirtualenvOperator requires virtualenv, please install it.")
airflow.exceptions.AirflowException: PythonVirtualenvOperator requires virtualenv, please install it.
[[34m2026-06-18T17:13:55.637+0200[0m] {[34mexample_python_decorator.py:[0m79} WARNING[0m - The virtalenv_python example task requires virtualenv, please install it.[0m
[[34m2026-06-18T17:13:55.674+0200[0m] {[34mdagbag.py:[0m348} ERROR[0m - Failed to import: /Users/eldorado/Documents/swiss-job-intelligence/venv/lib/python3.11/site-packages/airflow/example_dags/example_branch_operator_decorator.py[0m
Traceback (most recent call last):
  File "/Users/eldorado/Documents/swiss-job-intelligence/venv/lib/python3.11/site-packages/airflow/models/dagbag.py", line 344, in parse
    loader.exec_module(new_module)
  File "<frozen importlib._bootstrap_external>", line 940, in exec_module
  File "<frozen importlib._bootstrap>", line 241, in _call_with_frames_removed
  File "/Users/eldorado/Documents/swiss-job-intelligence/venv/lib/python3.11/site-packages/airflow/example_dags/example_branch_operator_decorator.py", line 125, in <module>
    random_choice_venv = branching_virtualenv(choices=options)
                         ^^^^^^^^^^^^^^^^^^^^^^^^^^^^^^^^^^^^^
  File "/Users/eldorado/Documents/swiss-job-intelligence/venv/lib/python3.11/site-packages/airflow/decorators/base.py", line 366, in __call__
    op = self.operator_class(
         ^^^^^^^^^^^^^^^^^^^^
  File "/Users/eldorado/Documents/swiss-job-intelligence/venv/lib/python3.11/site-packages/airflow/models/baseoperator.py", line 437, in apply_defaults
    result = func(self, **kwargs, default_args=default_args)
             ^^^^^^^^^^^^^^^^^^^^^^^^^^^^^^^^^^^^^^^^^^^^^^^
  File "/Users/eldorado/Documents/swiss-job-intelligence/venv/lib/python3.11/site-packages/airflow/models/baseoperator.py", line 437, in apply_defaults
    result = func(self, **kwargs, default_args=default_args)
             ^^^^^^^^^^^^^^^^^^^^^^^^^^^^^^^^^^^^^^^^^^^^^^^
  File "/Users/eldorado/Documents/swiss-job-intelligence/venv/lib/python3.11/site-packages/airflow/decorators/python.py", line 52, in __init__
    super().__init__(
  File "/Users/eldorado/Documents/swiss-job-intelligence/venv/lib/python3.11/site-packages/airflow/models/baseoperator.py", line 437, in apply_defaults
    result = func(self, **kwargs, default_args=default_args)
             ^^^^^^^^^^^^^^^^^^^^^^^^^^^^^^^^^^^^^^^^^^^^^^^
  File "/Users/eldorado/Documents/swiss-job-intelligence/venv/lib/python3.11/site-packages/airflow/decorators/base.py", line 233, in __init__
    super().__init__(task_id=task_id, **kwargs_to_upstream, **kwargs)
  File "/Users/eldorado/Documents/swiss-job-intelligence/venv/lib/python3.11/site-packages/airflow/models/baseoperator.py", line 437, in apply_defaults
    result = func(self, **kwargs, default_args=default_args)
             ^^^^^^^^^^^^^^^^^^^^^^^^^^^^^^^^^^^^^^^^^^^^^^^
  File "/Users/eldorado/Documents/swiss-job-intelligence/venv/lib/python3.11/site-packages/airflow/models/baseoperator.py", line 437, in apply_defaults
    result = func(self, **kwargs, default_args=default_args)
             ^^^^^^^^^^^^^^^^^^^^^^^^^^^^^^^^^^^^^^^^^^^^^^^
  File "/Users/eldorado/Documents/swiss-job-intelligence/venv/lib/python3.11/site-packages/airflow/operators/python.py", line 584, in __init__
    raise AirflowException("PythonVirtualenvOperator requires virtualenv, please install it.")
airflow.exceptions.AirflowException: PythonVirtualenvOperator requires virtualenv, please install it.
[[34m2026-06-18T17:13:55.681+0200[0m] {[34mexample_kubernetes_executor.py:[0m38} WARNING[0m - The example_kubernetes_executor example DAG requires the kubernetes provider. Please install it with: pip install apache-airflow[cncf.kubernetes][0m
Changing /Users/eldorado/Documents/swiss-job-intelligence/airflow/logs/dag_id=swiss_jobs_pipeline/run_id=scheduled__2026-06-17T06:00:00+00:00/task_id=dbt_run permission to 509
[[34m2026-06-18T17:13:55.903+0200[0m] {[34mtask_command.py:[0m423} INFO[0m - Running <TaskInstance: swiss_jobs_pipeline.dbt_run scheduled__2026-06-17T06:00:00+00:00 [queued]> on host els-imac.local[0m
[[34m2026-06-18T17:13:56.690+0200[0m] {[34mscheduler_job_runner.py:[0m696} INFO[0m - Received executor event with state success for task instance TaskInstanceKey(dag_id='swiss_jobs_pipeline', task_id='dbt_run', run_id='scheduled__2026-06-17T06:00:00+00:00', try_number=1, map_index=-1)[0m
[[34m2026-06-18T17:13:56.694+0200[0m] {[34mscheduler_job_runner.py:[0m733} INFO[0m - TaskInstance Finished: dag_id=swiss_jobs_pipeline, task_id=dbt_run, run_id=scheduled__2026-06-17T06:00:00+00:00, map_index=-1, run_start_date=2026-06-18 15:13:55.970519+00:00, run_end_date=2026-06-18 15:13:56.420551+00:00, run_duration=0.450032, state=up_for_retry, executor_state=success, try_number=1, max_tries=1, job_id=3, pool=default_pool, queue=default, priority_weight=4, operator=BashOperator, queued_dttm=2026-06-18 15:13:54.977727+00:00, queued_by_job_id=1, pid=33660[0m
[[34m2026-06-18T17:14:41.413+0200[0m] {[34mscheduler_job_runner.py:[0m424} INFO[0m - 1 tasks up for execution:
	<TaskInstance: swiss_jobs_pipeline.ingest_data manual__2026-06-18T15:14:40.029406+00:00 [scheduled]>[0m
[[34m2026-06-18T17:14:41.414+0200[0m] {[34mscheduler_job_runner.py:[0m487} INFO[0m - DAG swiss_jobs_pipeline has 0/16 running and queued tasks[0m
[[34m2026-06-18T17:14:41.414+0200[0m] {[34mscheduler_job_runner.py:[0m603} INFO[0m - Setting the following tasks to queued state:
	<TaskInstance: swiss_jobs_pipeline.ingest_data manual__2026-06-18T15:14:40.029406+00:00 [scheduled]>[0m
[[34m2026-06-18T17:14:41.415+0200[0m] {[34mtaskinstance.py:[0m2260} WARNING[0m - cannot record scheduled_duration for task ingest_data because previous state change time has not been saved[0m
[[34m2026-06-18T17:14:41.415+0200[0m] {[34mscheduler_job_runner.py:[0m646} INFO[0m - Sending TaskInstanceKey(dag_id='swiss_jobs_pipeline', task_id='ingest_data', run_id='manual__2026-06-18T15:14:40.029406+00:00', try_number=1, map_index=-1) to executor with priority 5 and queue default[0m
[[34m2026-06-18T17:14:41.416+0200[0m] {[34mbase_executor.py:[0m146} INFO[0m - Adding to queue: ['airflow', 'tasks', 'run', 'swiss_jobs_pipeline', 'ingest_data', 'manual__2026-06-18T15:14:40.029406+00:00', '--local', '--subdir', 'DAGS_FOLDER/swiss_jobs_pipeline.py'][0m
[[34m2026-06-18T17:14:41.417+0200[0m] {[34msequential_executor.py:[0m73} INFO[0m - Executing command: ['airflow', 'tasks', 'run', 'swiss_jobs_pipeline', 'ingest_data', 'manual__2026-06-18T15:14:40.029406+00:00', '--local', '--subdir', 'DAGS_FOLDER/swiss_jobs_pipeline.py'][0m
[[34m2026-06-18T17:14:42.056+0200[0m] {[34mdagbag.py:[0m538} INFO[0m - Filling up the DagBag from /Users/eldorado/Documents/swiss-job-intelligence/airflow/dags/swiss_jobs_pipeline.py[0m
[[34m2026-06-18T17:14:42.081+0200[0m] {[34mexample_local_kubernetes_executor.py:[0m39} WARNING[0m - Could not import DAGs in example_local_kubernetes_executor.py[0m
Traceback (most recent call last):
  File "/Users/eldorado/Documents/swiss-job-intelligence/venv/lib/python3.11/site-packages/airflow/example_dags/example_local_kubernetes_executor.py", line 37, in <module>
    from kubernetes.client import models as k8s
ModuleNotFoundError: No module named 'kubernetes'
[[34m2026-06-18T17:14:42.081+0200[0m] {[34mexample_local_kubernetes_executor.py:[0m40} WARNING[0m - Install Kubernetes dependencies with: pip install apache-airflow[cncf.kubernetes][0m
[[34m2026-06-18T17:14:42.087+0200[0m] {[34mexample_python_operator.py:[0m88} WARNING[0m - The virtalenv_python example task requires virtualenv, please install it.[0m
[[34m2026-06-18T17:14:42.088+0200[0m] {[34mtutorial_taskflow_api_virtualenv.py:[0m29} WARNING[0m - The tutorial_taskflow_api_virtualenv example DAG requires virtualenv, please install it.[0m
[[34m2026-06-18T17:14:42.116+0200[0m] {[34mdagbag.py:[0m348} ERROR[0m - Failed to import: /Users/eldorado/Documents/swiss-job-intelligence/venv/lib/python3.11/site-packages/airflow/example_dags/example_branch_operator.py[0m
Traceback (most recent call last):
  File "/Users/eldorado/Documents/swiss-job-intelligence/venv/lib/python3.11/site-packages/airflow/models/dagbag.py", line 344, in parse
    loader.exec_module(new_module)
  File "<frozen importlib._bootstrap_external>", line 940, in exec_module
  File "<frozen importlib._bootstrap>", line 241, in _call_with_frames_removed
  File "/Users/eldorado/Documents/swiss-job-intelligence/venv/lib/python3.11/site-packages/airflow/example_dags/example_branch_operator.py", line 138, in <module>
    branching_venv = BranchPythonVirtualenvOperator(
                     ^^^^^^^^^^^^^^^^^^^^^^^^^^^^^^^
  File "/Users/eldorado/Documents/swiss-job-intelligence/venv/lib/python3.11/site-packages/airflow/models/baseoperator.py", line 437, in apply_defaults
    result = func(self, **kwargs, default_args=default_args)
             ^^^^^^^^^^^^^^^^^^^^^^^^^^^^^^^^^^^^^^^^^^^^^^^
  File "/Users/eldorado/Documents/swiss-job-intelligence/venv/lib/python3.11/site-packages/airflow/models/baseoperator.py", line 437, in apply_defaults
    result = func(self, **kwargs, default_args=default_args)
             ^^^^^^^^^^^^^^^^^^^^^^^^^^^^^^^^^^^^^^^^^^^^^^^
  File "/Users/eldorado/Documents/swiss-job-intelligence/venv/lib/python3.11/site-packages/airflow/operators/python.py", line 584, in __init__
    raise AirflowException("PythonVirtualenvOperator requires virtualenv, please install it.")
airflow.exceptions.AirflowException: PythonVirtualenvOperator requires virtualenv, please install it.
[[34m2026-06-18T17:14:42.122+0200[0m] {[34mexample_python_decorator.py:[0m79} WARNING[0m - The virtalenv_python example task requires virtualenv, please install it.[0m
[[34m2026-06-18T17:14:42.168+0200[0m] {[34mdagbag.py:[0m348} ERROR[0m - Failed to import: /Users/eldorado/Documents/swiss-job-intelligence/venv/lib/python3.11/site-packages/airflow/example_dags/example_branch_operator_decorator.py[0m
Traceback (most recent call last):
  File "/Users/eldorado/Documents/swiss-job-intelligence/venv/lib/python3.11/site-packages/airflow/models/dagbag.py", line 344, in parse
    loader.exec_module(new_module)
  File "<frozen importlib._bootstrap_external>", line 940, in exec_module
  File "<frozen importlib._bootstrap>", line 241, in _call_with_frames_removed
  File "/Users/eldorado/Documents/swiss-job-intelligence/venv/lib/python3.11/site-packages/airflow/example_dags/example_branch_operator_decorator.py", line 125, in <module>
    random_choice_venv = branching_virtualenv(choices=options)
                         ^^^^^^^^^^^^^^^^^^^^^^^^^^^^^^^^^^^^^
  File "/Users/eldorado/Documents/swiss-job-intelligence/venv/lib/python3.11/site-packages/airflow/decorators/base.py", line 366, in __call__
    op = self.operator_class(
         ^^^^^^^^^^^^^^^^^^^^
  File "/Users/eldorado/Documents/swiss-job-intelligence/venv/lib/python3.11/site-packages/airflow/models/baseoperator.py", line 437, in apply_defaults
    result = func(self, **kwargs, default_args=default_args)
             ^^^^^^^^^^^^^^^^^^^^^^^^^^^^^^^^^^^^^^^^^^^^^^^
  File "/Users/eldorado/Documents/swiss-job-intelligence/venv/lib/python3.11/site-packages/airflow/models/baseoperator.py", line 437, in apply_defaults
    result = func(self, **kwargs, default_args=default_args)
             ^^^^^^^^^^^^^^^^^^^^^^^^^^^^^^^^^^^^^^^^^^^^^^^
  File "/Users/eldorado/Documents/swiss-job-intelligence/venv/lib/python3.11/site-packages/airflow/decorators/python.py", line 52, in __init__
    super().__init__(
  File "/Users/eldorado/Documents/swiss-job-intelligence/venv/lib/python3.11/site-packages/airflow/models/baseoperator.py", line 437, in apply_defaults
    result = func(self, **kwargs, default_args=default_args)
             ^^^^^^^^^^^^^^^^^^^^^^^^^^^^^^^^^^^^^^^^^^^^^^^
  File "/Users/eldorado/Documents/swiss-job-intelligence/venv/lib/python3.11/site-packages/airflow/decorators/base.py", line 233, in __init__
    super().__init__(task_id=task_id, **kwargs_to_upstream, **kwargs)
  File "/Users/eldorado/Documents/swiss-job-intelligence/venv/lib/python3.11/site-packages/airflow/models/baseoperator.py", line 437, in apply_defaults
    result = func(self, **kwargs, default_args=default_args)
             ^^^^^^^^^^^^^^^^^^^^^^^^^^^^^^^^^^^^^^^^^^^^^^^
  File "/Users/eldorado/Documents/swiss-job-intelligence/venv/lib/python3.11/site-packages/airflow/models/baseoperator.py", line 437, in apply_defaults
    result = func(self, **kwargs, default_args=default_args)
             ^^^^^^^^^^^^^^^^^^^^^^^^^^^^^^^^^^^^^^^^^^^^^^^
  File "/Users/eldorado/Documents/swiss-job-intelligence/venv/lib/python3.11/site-packages/airflow/operators/python.py", line 584, in __init__
    raise AirflowException("PythonVirtualenvOperator requires virtualenv, please install it.")
airflow.exceptions.AirflowException: PythonVirtualenvOperator requires virtualenv, please install it.
[[34m2026-06-18T17:14:42.175+0200[0m] {[34mexample_kubernetes_executor.py:[0m38} WARNING[0m - The example_kubernetes_executor example DAG requires the kubernetes provider. Please install it with: pip install apache-airflow[cncf.kubernetes][0m
Changing /Users/eldorado/Documents/swiss-job-intelligence/airflow/logs/dag_id=swiss_jobs_pipeline/run_id=manual__2026-06-18T15:14:40.029406+00:00/task_id=ingest_data permission to 509
[[34m2026-06-18T17:14:42.514+0200[0m] {[34mtask_command.py:[0m423} INFO[0m - Running <TaskInstance: swiss_jobs_pipeline.ingest_data manual__2026-06-18T15:14:40.029406+00:00 [queued]> on host els-imac.local[0m
[[34m2026-06-18T17:14:44.174+0200[0m] {[34mscheduler_job_runner.py:[0m696} INFO[0m - Received executor event with state success for task instance TaskInstanceKey(dag_id='swiss_jobs_pipeline', task_id='ingest_data', run_id='manual__2026-06-18T15:14:40.029406+00:00', try_number=1, map_index=-1)[0m
[[34m2026-06-18T17:14:44.178+0200[0m] {[34mscheduler_job_runner.py:[0m733} INFO[0m - TaskInstance Finished: dag_id=swiss_jobs_pipeline, task_id=ingest_data, run_id=manual__2026-06-18T15:14:40.029406+00:00, map_index=-1, run_start_date=2026-06-18 15:14:42.577489+00:00, run_end_date=2026-06-18 15:14:43.897437+00:00, run_duration=1.319948, state=success, executor_state=success, try_number=1, max_tries=1, job_id=4, pool=default_pool, queue=default, priority_weight=5, operator=BashOperator, queued_dttm=2026-06-18 15:14:41.415034+00:00, queued_by_job_id=1, pid=33815[0m
[[34m2026-06-18T17:14:45.138+0200[0m] {[34mscheduler_job_runner.py:[0m424} INFO[0m - 1 tasks up for execution:
	<TaskInstance: swiss_jobs_pipeline.dbt_run manual__2026-06-18T15:14:40.029406+00:00 [scheduled]>[0m
[[34m2026-06-18T17:14:45.138+0200[0m] {[34mscheduler_job_runner.py:[0m487} INFO[0m - DAG swiss_jobs_pipeline has 0/16 running and queued tasks[0m
[[34m2026-06-18T17:14:45.139+0200[0m] {[34mscheduler_job_runner.py:[0m603} INFO[0m - Setting the following tasks to queued state:
	<TaskInstance: swiss_jobs_pipeline.dbt_run manual__2026-06-18T15:14:40.029406+00:00 [scheduled]>[0m
[[34m2026-06-18T17:14:45.140+0200[0m] {[34mtaskinstance.py:[0m2260} WARNING[0m - cannot record scheduled_duration for task dbt_run because previous state change time has not been saved[0m
[[34m2026-06-18T17:14:45.140+0200[0m] {[34mscheduler_job_runner.py:[0m646} INFO[0m - Sending TaskInstanceKey(dag_id='swiss_jobs_pipeline', task_id='dbt_run', run_id='manual__2026-06-18T15:14:40.029406+00:00', try_number=1, map_index=-1) to executor with priority 4 and queue default[0m
[[34m2026-06-18T17:14:45.140+0200[0m] {[34mbase_executor.py:[0m146} INFO[0m - Adding to queue: ['airflow', 'tasks', 'run', 'swiss_jobs_pipeline', 'dbt_run', 'manual__2026-06-18T15:14:40.029406+00:00', '--local', '--subdir', 'DAGS_FOLDER/swiss_jobs_pipeline.py'][0m
[[34m2026-06-18T17:14:45.141+0200[0m] {[34msequential_executor.py:[0m73} INFO[0m - Executing command: ['airflow', 'tasks', 'run', 'swiss_jobs_pipeline', 'dbt_run', 'manual__2026-06-18T15:14:40.029406+00:00', '--local', '--subdir', 'DAGS_FOLDER/swiss_jobs_pipeline.py'][0m
[[34m2026-06-18T17:14:45.750+0200[0m] {[34mdagbag.py:[0m538} INFO[0m - Filling up the DagBag from /Users/eldorado/Documents/swiss-job-intelligence/airflow/dags/swiss_jobs_pipeline.py[0m
[[34m2026-06-18T17:14:45.770+0200[0m] {[34mexample_local_kubernetes_executor.py:[0m39} WARNING[0m - Could not import DAGs in example_local_kubernetes_executor.py[0m
Traceback (most recent call last):
  File "/Users/eldorado/Documents/swiss-job-intelligence/venv/lib/python3.11/site-packages/airflow/example_dags/example_local_kubernetes_executor.py", line 37, in <module>
    from kubernetes.client import models as k8s
ModuleNotFoundError: No module named 'kubernetes'
[[34m2026-06-18T17:14:45.771+0200[0m] {[34mexample_local_kubernetes_executor.py:[0m40} WARNING[0m - Install Kubernetes dependencies with: pip install apache-airflow[cncf.kubernetes][0m
[[34m2026-06-18T17:14:45.777+0200[0m] {[34mexample_python_operator.py:[0m88} WARNING[0m - The virtalenv_python example task requires virtualenv, please install it.[0m
[[34m2026-06-18T17:14:45.778+0200[0m] {[34mtutorial_taskflow_api_virtualenv.py:[0m29} WARNING[0m - The tutorial_taskflow_api_virtualenv example DAG requires virtualenv, please install it.[0m
[[34m2026-06-18T17:14:45.802+0200[0m] {[34mdagbag.py:[0m348} ERROR[0m - Failed to import: /Users/eldorado/Documents/swiss-job-intelligence/venv/lib/python3.11/site-packages/airflow/example_dags/example_branch_operator.py[0m
Traceback (most recent call last):
  File "/Users/eldorado/Documents/swiss-job-intelligence/venv/lib/python3.11/site-packages/airflow/models/dagbag.py", line 344, in parse
    loader.exec_module(new_module)
  File "<frozen importlib._bootstrap_external>", line 940, in exec_module
  File "<frozen importlib._bootstrap>", line 241, in _call_with_frames_removed
  File "/Users/eldorado/Documents/swiss-job-intelligence/venv/lib/python3.11/site-packages/airflow/example_dags/example_branch_operator.py", line 138, in <module>
    branching_venv = BranchPythonVirtualenvOperator(
                     ^^^^^^^^^^^^^^^^^^^^^^^^^^^^^^^
  File "/Users/eldorado/Documents/swiss-job-intelligence/venv/lib/python3.11/site-packages/airflow/models/baseoperator.py", line 437, in apply_defaults
    result = func(self, **kwargs, default_args=default_args)
             ^^^^^^^^^^^^^^^^^^^^^^^^^^^^^^^^^^^^^^^^^^^^^^^
  File "/Users/eldorado/Documents/swiss-job-intelligence/venv/lib/python3.11/site-packages/airflow/models/baseoperator.py", line 437, in apply_defaults
    result = func(self, **kwargs, default_args=default_args)
             ^^^^^^^^^^^^^^^^^^^^^^^^^^^^^^^^^^^^^^^^^^^^^^^
  File "/Users/eldorado/Documents/swiss-job-intelligence/venv/lib/python3.11/site-packages/airflow/operators/python.py", line 584, in __init__
    raise AirflowException("PythonVirtualenvOperator requires virtualenv, please install it.")
airflow.exceptions.AirflowException: PythonVirtualenvOperator requires virtualenv, please install it.
[[34m2026-06-18T17:14:45.806+0200[0m] {[34mexample_python_decorator.py:[0m79} WARNING[0m - The virtalenv_python example task requires virtualenv, please install it.[0m
[[34m2026-06-18T17:14:45.843+0200[0m] {[34mdagbag.py:[0m348} ERROR[0m - Failed to import: /Users/eldorado/Documents/swiss-job-intelligence/venv/lib/python3.11/site-packages/airflow/example_dags/example_branch_operator_decorator.py[0m
Traceback (most recent call last):
  File "/Users/eldorado/Documents/swiss-job-intelligence/venv/lib/python3.11/site-packages/airflow/models/dagbag.py", line 344, in parse
    loader.exec_module(new_module)
  File "<frozen importlib._bootstrap_external>", line 940, in exec_module
  File "<frozen importlib._bootstrap>", line 241, in _call_with_frames_removed
  File "/Users/eldorado/Documents/swiss-job-intelligence/venv/lib/python3.11/site-packages/airflow/example_dags/example_branch_operator_decorator.py", line 125, in <module>
    random_choice_venv = branching_virtualenv(choices=options)
                         ^^^^^^^^^^^^^^^^^^^^^^^^^^^^^^^^^^^^^
  File "/Users/eldorado/Documents/swiss-job-intelligence/venv/lib/python3.11/site-packages/airflow/decorators/base.py", line 366, in __call__
    op = self.operator_class(
         ^^^^^^^^^^^^^^^^^^^^
  File "/Users/eldorado/Documents/swiss-job-intelligence/venv/lib/python3.11/site-packages/airflow/models/baseoperator.py", line 437, in apply_defaults
    result = func(self, **kwargs, default_args=default_args)
             ^^^^^^^^^^^^^^^^^^^^^^^^^^^^^^^^^^^^^^^^^^^^^^^
  File "/Users/eldorado/Documents/swiss-job-intelligence/venv/lib/python3.11/site-packages/airflow/models/baseoperator.py", line 437, in apply_defaults
    result = func(self, **kwargs, default_args=default_args)
             ^^^^^^^^^^^^^^^^^^^^^^^^^^^^^^^^^^^^^^^^^^^^^^^
  File "/Users/eldorado/Documents/swiss-job-intelligence/venv/lib/python3.11/site-packages/airflow/decorators/python.py", line 52, in __init__
    super().__init__(
  File "/Users/eldorado/Documents/swiss-job-intelligence/venv/lib/python3.11/site-packages/airflow/models/baseoperator.py", line 437, in apply_defaults
    result = func(self, **kwargs, default_args=default_args)
             ^^^^^^^^^^^^^^^^^^^^^^^^^^^^^^^^^^^^^^^^^^^^^^^
  File "/Users/eldorado/Documents/swiss-job-intelligence/venv/lib/python3.11/site-packages/airflow/decorators/base.py", line 233, in __init__
    super().__init__(task_id=task_id, **kwargs_to_upstream, **kwargs)
  File "/Users/eldorado/Documents/swiss-job-intelligence/venv/lib/python3.11/site-packages/airflow/models/baseoperator.py", line 437, in apply_defaults
    result = func(self, **kwargs, default_args=default_args)
             ^^^^^^^^^^^^^^^^^^^^^^^^^^^^^^^^^^^^^^^^^^^^^^^
  File "/Users/eldorado/Documents/swiss-job-intelligence/venv/lib/python3.11/site-packages/airflow/models/baseoperator.py", line 437, in apply_defaults
    result = func(self, **kwargs, default_args=default_args)
             ^^^^^^^^^^^^^^^^^^^^^^^^^^^^^^^^^^^^^^^^^^^^^^^
  File "/Users/eldorado/Documents/swiss-job-intelligence/venv/lib/python3.11/site-packages/airflow/operators/python.py", line 584, in __init__
    raise AirflowException("PythonVirtualenvOperator requires virtualenv, please install it.")
airflow.exceptions.AirflowException: PythonVirtualenvOperator requires virtualenv, please install it.
[[34m2026-06-18T17:14:45.850+0200[0m] {[34mexample_kubernetes_executor.py:[0m38} WARNING[0m - The example_kubernetes_executor example DAG requires the kubernetes provider. Please install it with: pip install apache-airflow[cncf.kubernetes][0m
Changing /Users/eldorado/Documents/swiss-job-intelligence/airflow/logs/dag_id=swiss_jobs_pipeline/run_id=manual__2026-06-18T15:14:40.029406+00:00/task_id=dbt_run permission to 509
[[34m2026-06-18T17:14:46.075+0200[0m] {[34mtask_command.py:[0m423} INFO[0m - Running <TaskInstance: swiss_jobs_pipeline.dbt_run manual__2026-06-18T15:14:40.029406+00:00 [queued]> on host els-imac.local[0m
[[34m2026-06-18T17:14:46.610+0200[0m] {[34mscheduler_job_runner.py:[0m696} INFO[0m - Received executor event with state success for task instance TaskInstanceKey(dag_id='swiss_jobs_pipeline', task_id='dbt_run', run_id='manual__2026-06-18T15:14:40.029406+00:00', try_number=1, map_index=-1)[0m
[[34m2026-06-18T17:14:46.613+0200[0m] {[34mscheduler_job_runner.py:[0m733} INFO[0m - TaskInstance Finished: dag_id=swiss_jobs_pipeline, task_id=dbt_run, run_id=manual__2026-06-18T15:14:40.029406+00:00, map_index=-1, run_start_date=2026-06-18 15:14:46.150559+00:00, run_end_date=2026-06-18 15:14:46.346467+00:00, run_duration=0.195908, state=up_for_retry, executor_state=success, try_number=1, max_tries=1, job_id=5, pool=default_pool, queue=default, priority_weight=4, operator=BashOperator, queued_dttm=2026-06-18 15:14:45.139671+00:00, queued_by_job_id=1, pid=33828[0m
[[34m2026-06-18T17:15:48.961+0200[0m] {[34mscheduler_job_runner.py:[0m1619} INFO[0m - Adopting or resetting orphaned tasks for active dag runs[0m
[[34m2026-06-18T17:18:57.460+0200[0m] {[34mscheduler_job_runner.py:[0m424} INFO[0m - 1 tasks up for execution:
	<TaskInstance: swiss_jobs_pipeline.dbt_run scheduled__2026-06-17T06:00:00+00:00 [scheduled]>[0m
[[34m2026-06-18T17:18:57.462+0200[0m] {[34mscheduler_job_runner.py:[0m487} INFO[0m - DAG swiss_jobs_pipeline has 0/16 running and queued tasks[0m
[[34m2026-06-18T17:18:57.462+0200[0m] {[34mscheduler_job_runner.py:[0m603} INFO[0m - Setting the following tasks to queued state:
	<TaskInstance: swiss_jobs_pipeline.dbt_run scheduled__2026-06-17T06:00:00+00:00 [scheduled]>[0m
[[34m2026-06-18T17:18:57.463+0200[0m] {[34mscheduler_job_runner.py:[0m646} INFO[0m - Sending TaskInstanceKey(dag_id='swiss_jobs_pipeline', task_id='dbt_run', run_id='scheduled__2026-06-17T06:00:00+00:00', try_number=2, map_index=-1) to executor with priority 4 and queue default[0m
[[34m2026-06-18T17:18:57.464+0200[0m] {[34mbase_executor.py:[0m146} INFO[0m - Adding to queue: ['airflow', 'tasks', 'run', 'swiss_jobs_pipeline', 'dbt_run', 'scheduled__2026-06-17T06:00:00+00:00', '--local', '--subdir', 'DAGS_FOLDER/swiss_jobs_pipeline.py'][0m
[[34m2026-06-18T17:18:57.464+0200[0m] {[34msequential_executor.py:[0m73} INFO[0m - Executing command: ['airflow', 'tasks', 'run', 'swiss_jobs_pipeline', 'dbt_run', 'scheduled__2026-06-17T06:00:00+00:00', '--local', '--subdir', 'DAGS_FOLDER/swiss_jobs_pipeline.py'][0m
[[34m2026-06-18T17:18:58.071+0200[0m] {[34mdagbag.py:[0m538} INFO[0m - Filling up the DagBag from /Users/eldorado/Documents/swiss-job-intelligence/airflow/dags/swiss_jobs_pipeline.py[0m
[[34m2026-06-18T17:18:58.097+0200[0m] {[34mexample_local_kubernetes_executor.py:[0m39} WARNING[0m - Could not import DAGs in example_local_kubernetes_executor.py[0m
Traceback (most recent call last):
  File "/Users/eldorado/Documents/swiss-job-intelligence/venv/lib/python3.11/site-packages/airflow/example_dags/example_local_kubernetes_executor.py", line 37, in <module>
    from kubernetes.client import models as k8s
ModuleNotFoundError: No module named 'kubernetes'
[[34m2026-06-18T17:18:58.097+0200[0m] {[34mexample_local_kubernetes_executor.py:[0m40} WARNING[0m - Install Kubernetes dependencies with: pip install apache-airflow[cncf.kubernetes][0m
[[34m2026-06-18T17:18:58.103+0200[0m] {[34mexample_python_operator.py:[0m88} WARNING[0m - The virtalenv_python example task requires virtualenv, please install it.[0m
[[34m2026-06-18T17:18:58.103+0200[0m] {[34mtutorial_taskflow_api_virtualenv.py:[0m29} WARNING[0m - The tutorial_taskflow_api_virtualenv example DAG requires virtualenv, please install it.[0m
[[34m2026-06-18T17:18:58.134+0200[0m] {[34mdagbag.py:[0m348} ERROR[0m - Failed to import: /Users/eldorado/Documents/swiss-job-intelligence/venv/lib/python3.11/site-packages/airflow/example_dags/example_branch_operator.py[0m
Traceback (most recent call last):
  File "/Users/eldorado/Documents/swiss-job-intelligence/venv/lib/python3.11/site-packages/airflow/models/dagbag.py", line 344, in parse
    loader.exec_module(new_module)
  File "<frozen importlib._bootstrap_external>", line 940, in exec_module
  File "<frozen importlib._bootstrap>", line 241, in _call_with_frames_removed
  File "/Users/eldorado/Documents/swiss-job-intelligence/venv/lib/python3.11/site-packages/airflow/example_dags/example_branch_operator.py", line 138, in <module>
    branching_venv = BranchPythonVirtualenvOperator(
                     ^^^^^^^^^^^^^^^^^^^^^^^^^^^^^^^
  File "/Users/eldorado/Documents/swiss-job-intelligence/venv/lib/python3.11/site-packages/airflow/models/baseoperator.py", line 437, in apply_defaults
    result = func(self, **kwargs, default_args=default_args)
             ^^^^^^^^^^^^^^^^^^^^^^^^^^^^^^^^^^^^^^^^^^^^^^^
  File "/Users/eldorado/Documents/swiss-job-intelligence/venv/lib/python3.11/site-packages/airflow/models/baseoperator.py", line 437, in apply_defaults
    result = func(self, **kwargs, default_args=default_args)
             ^^^^^^^^^^^^^^^^^^^^^^^^^^^^^^^^^^^^^^^^^^^^^^^
  File "/Users/eldorado/Documents/swiss-job-intelligence/venv/lib/python3.11/site-packages/airflow/operators/python.py", line 584, in __init__
    raise AirflowException("PythonVirtualenvOperator requires virtualenv, please install it.")
airflow.exceptions.AirflowException: PythonVirtualenvOperator requires virtualenv, please install it.
[[34m2026-06-18T17:18:58.141+0200[0m] {[34mexample_python_decorator.py:[0m79} WARNING[0m - The virtalenv_python example task requires virtualenv, please install it.[0m
[[34m2026-06-18T17:18:58.193+0200[0m] {[34mdagbag.py:[0m348} ERROR[0m - Failed to import: /Users/eldorado/Documents/swiss-job-intelligence/venv/lib/python3.11/site-packages/airflow/example_dags/example_branch_operator_decorator.py[0m
Traceback (most recent call last):
  File "/Users/eldorado/Documents/swiss-job-intelligence/venv/lib/python3.11/site-packages/airflow/models/dagbag.py", line 344, in parse
    loader.exec_module(new_module)
  File "<frozen importlib._bootstrap_external>", line 940, in exec_module
  File "<frozen importlib._bootstrap>", line 241, in _call_with_frames_removed
  File "/Users/eldorado/Documents/swiss-job-intelligence/venv/lib/python3.11/site-packages/airflow/example_dags/example_branch_operator_decorator.py", line 125, in <module>
    random_choice_venv = branching_virtualenv(choices=options)
                         ^^^^^^^^^^^^^^^^^^^^^^^^^^^^^^^^^^^^^
  File "/Users/eldorado/Documents/swiss-job-intelligence/venv/lib/python3.11/site-packages/airflow/decorators/base.py", line 366, in __call__
    op = self.operator_class(
         ^^^^^^^^^^^^^^^^^^^^
  File "/Users/eldorado/Documents/swiss-job-intelligence/venv/lib/python3.11/site-packages/airflow/models/baseoperator.py", line 437, in apply_defaults
    result = func(self, **kwargs, default_args=default_args)
             ^^^^^^^^^^^^^^^^^^^^^^^^^^^^^^^^^^^^^^^^^^^^^^^
  File "/Users/eldorado/Documents/swiss-job-intelligence/venv/lib/python3.11/site-packages/airflow/models/baseoperator.py", line 437, in apply_defaults
    result = func(self, **kwargs, default_args=default_args)
             ^^^^^^^^^^^^^^^^^^^^^^^^^^^^^^^^^^^^^^^^^^^^^^^
  File "/Users/eldorado/Documents/swiss-job-intelligence/venv/lib/python3.11/site-packages/airflow/decorators/python.py", line 52, in __init__
    super().__init__(
  File "/Users/eldorado/Documents/swiss-job-intelligence/venv/lib/python3.11/site-packages/airflow/models/baseoperator.py", line 437, in apply_defaults
    result = func(self, **kwargs, default_args=default_args)
             ^^^^^^^^^^^^^^^^^^^^^^^^^^^^^^^^^^^^^^^^^^^^^^^
  File "/Users/eldorado/Documents/swiss-job-intelligence/venv/lib/python3.11/site-packages/airflow/decorators/base.py", line 233, in __init__
    super().__init__(task_id=task_id, **kwargs_to_upstream, **kwargs)
  File "/Users/eldorado/Documents/swiss-job-intelligence/venv/lib/python3.11/site-packages/airflow/models/baseoperator.py", line 437, in apply_defaults
    result = func(self, **kwargs, default_args=default_args)
             ^^^^^^^^^^^^^^^^^^^^^^^^^^^^^^^^^^^^^^^^^^^^^^^
  File "/Users/eldorado/Documents/swiss-job-intelligence/venv/lib/python3.11/site-packages/airflow/models/baseoperator.py", line 437, in apply_defaults
    result = func(self, **kwargs, default_args=default_args)
             ^^^^^^^^^^^^^^^^^^^^^^^^^^^^^^^^^^^^^^^^^^^^^^^
  File "/Users/eldorado/Documents/swiss-job-intelligence/venv/lib/python3.11/site-packages/airflow/operators/python.py", line 584, in __init__
    raise AirflowException("PythonVirtualenvOperator requires virtualenv, please install it.")
airflow.exceptions.AirflowException: PythonVirtualenvOperator requires virtualenv, please install it.
[[34m2026-06-18T17:18:58.200+0200[0m] {[34mexample_kubernetes_executor.py:[0m38} WARNING[0m - The example_kubernetes_executor example DAG requires the kubernetes provider. Please install it with: pip install apache-airflow[cncf.kubernetes][0m
[[34m2026-06-18T17:18:58.553+0200[0m] {[34mtask_command.py:[0m423} INFO[0m - Running <TaskInstance: swiss_jobs_pipeline.dbt_run scheduled__2026-06-17T06:00:00+00:00 [queued]> on host els-imac.local[0m
[[34m2026-06-18T17:18:59.074+0200[0m] {[34mscheduler_job_runner.py:[0m696} INFO[0m - Received executor event with state success for task instance TaskInstanceKey(dag_id='swiss_jobs_pipeline', task_id='dbt_run', run_id='scheduled__2026-06-17T06:00:00+00:00', try_number=2, map_index=-1)[0m
[[34m2026-06-18T17:18:59.077+0200[0m] {[34mscheduler_job_runner.py:[0m733} INFO[0m - TaskInstance Finished: dag_id=swiss_jobs_pipeline, task_id=dbt_run, run_id=scheduled__2026-06-17T06:00:00+00:00, map_index=-1, run_start_date=2026-06-18 15:18:58.621965+00:00, run_end_date=2026-06-18 15:18:58.843144+00:00, run_duration=0.221179, state=failed, executor_state=success, try_number=2, max_tries=1, job_id=6, pool=default_pool, queue=default, priority_weight=4, operator=BashOperator, queued_dttm=2026-06-18 15:18:57.463275+00:00, queued_by_job_id=1, pid=34682[0m
[[34m2026-06-18T17:19:03.499+0200[0m] {[34mdagrun.py:[0m711} ERROR[0m - Marking run <DagRun swiss_jobs_pipeline @ 2026-06-17 06:00:00+00:00: scheduled__2026-06-17T06:00:00+00:00, state:running, queued_at: 2026-06-18 15:13:51.096205+00:00. externally triggered: False> failed[0m
[[34m2026-06-18T17:19:03.504+0200[0m] {[34mdagrun.py:[0m783} INFO[0m - DagRun Finished: dag_id=swiss_jobs_pipeline, execution_date=2026-06-17 06:00:00+00:00, run_id=scheduled__2026-06-17T06:00:00+00:00, run_start_date=2026-06-18 15:13:51.104667+00:00, run_end_date=2026-06-18 15:19:03.504123+00:00, run_duration=312.399456, state=failed, external_trigger=False, run_type=scheduled, data_interval_start=2026-06-17 06:00:00+00:00, data_interval_end=2026-06-18 06:00:00+00:00, dag_hash=0b33b0f1cf461a1524ef4364a456c3b0[0m
[[34m2026-06-18T17:19:03.506+0200[0m] {[34mdag.py:[0m3823} INFO[0m - Setting next_dagrun for swiss_jobs_pipeline to 2026-06-18 06:00:00+00:00, run_after=2026-06-19 06:00:00+00:00[0m
[[34m2026-06-18T17:19:47.234+0200[0m] {[34mscheduler_job_runner.py:[0m424} INFO[0m - 1 tasks up for execution:
	<TaskInstance: swiss_jobs_pipeline.dbt_run manual__2026-06-18T15:14:40.029406+00:00 [scheduled]>[0m
[[34m2026-06-18T17:19:47.235+0200[0m] {[34mscheduler_job_runner.py:[0m487} INFO[0m - DAG swiss_jobs_pipeline has 0/16 running and queued tasks[0m
[[34m2026-06-18T17:19:47.236+0200[0m] {[34mscheduler_job_runner.py:[0m603} INFO[0m - Setting the following tasks to queued state:
	<TaskInstance: swiss_jobs_pipeline.dbt_run manual__2026-06-18T15:14:40.029406+00:00 [scheduled]>[0m
[[34m2026-06-18T17:19:47.237+0200[0m] {[34mscheduler_job_runner.py:[0m646} INFO[0m - Sending TaskInstanceKey(dag_id='swiss_jobs_pipeline', task_id='dbt_run', run_id='manual__2026-06-18T15:14:40.029406+00:00', try_number=2, map_index=-1) to executor with priority 4 and queue default[0m
[[34m2026-06-18T17:19:47.237+0200[0m] {[34mbase_executor.py:[0m146} INFO[0m - Adding to queue: ['airflow', 'tasks', 'run', 'swiss_jobs_pipeline', 'dbt_run', 'manual__2026-06-18T15:14:40.029406+00:00', '--local', '--subdir', 'DAGS_FOLDER/swiss_jobs_pipeline.py'][0m
[[34m2026-06-18T17:19:47.238+0200[0m] {[34msequential_executor.py:[0m73} INFO[0m - Executing command: ['airflow', 'tasks', 'run', 'swiss_jobs_pipeline', 'dbt_run', 'manual__2026-06-18T15:14:40.029406+00:00', '--local', '--subdir', 'DAGS_FOLDER/swiss_jobs_pipeline.py'][0m
[[34m2026-06-18T17:19:47.881+0200[0m] {[34mdagbag.py:[0m538} INFO[0m - Filling up the DagBag from /Users/eldorado/Documents/swiss-job-intelligence/airflow/dags/swiss_jobs_pipeline.py[0m
[[34m2026-06-18T17:19:47.911+0200[0m] {[34mexample_local_kubernetes_executor.py:[0m39} WARNING[0m - Could not import DAGs in example_local_kubernetes_executor.py[0m
Traceback (most recent call last):
  File "/Users/eldorado/Documents/swiss-job-intelligence/venv/lib/python3.11/site-packages/airflow/example_dags/example_local_kubernetes_executor.py", line 37, in <module>
    from kubernetes.client import models as k8s
ModuleNotFoundError: No module named 'kubernetes'
[[34m2026-06-18T17:19:47.911+0200[0m] {[34mexample_local_kubernetes_executor.py:[0m40} WARNING[0m - Install Kubernetes dependencies with: pip install apache-airflow[cncf.kubernetes][0m
[[34m2026-06-18T17:19:47.918+0200[0m] {[34mexample_python_operator.py:[0m88} WARNING[0m - The virtalenv_python example task requires virtualenv, please install it.[0m
[[34m2026-06-18T17:19:47.918+0200[0m] {[34mtutorial_taskflow_api_virtualenv.py:[0m29} WARNING[0m - The tutorial_taskflow_api_virtualenv example DAG requires virtualenv, please install it.[0m
[[34m2026-06-18T17:19:47.950+0200[0m] {[34mdagbag.py:[0m348} ERROR[0m - Failed to import: /Users/eldorado/Documents/swiss-job-intelligence/venv/lib/python3.11/site-packages/airflow/example_dags/example_branch_operator.py[0m
Traceback (most recent call last):
  File "/Users/eldorado/Documents/swiss-job-intelligence/venv/lib/python3.11/site-packages/airflow/models/dagbag.py", line 344, in parse
    loader.exec_module(new_module)
  File "<frozen importlib._bootstrap_external>", line 940, in exec_module
  File "<frozen importlib._bootstrap>", line 241, in _call_with_frames_removed
  File "/Users/eldorado/Documents/swiss-job-intelligence/venv/lib/python3.11/site-packages/airflow/example_dags/example_branch_operator.py", line 138, in <module>
    branching_venv = BranchPythonVirtualenvOperator(
                     ^^^^^^^^^^^^^^^^^^^^^^^^^^^^^^^
  File "/Users/eldorado/Documents/swiss-job-intelligence/venv/lib/python3.11/site-packages/airflow/models/baseoperator.py", line 437, in apply_defaults
    result = func(self, **kwargs, default_args=default_args)
             ^^^^^^^^^^^^^^^^^^^^^^^^^^^^^^^^^^^^^^^^^^^^^^^
  File "/Users/eldorado/Documents/swiss-job-intelligence/venv/lib/python3.11/site-packages/airflow/models/baseoperator.py", line 437, in apply_defaults
    result = func(self, **kwargs, default_args=default_args)
             ^^^^^^^^^^^^^^^^^^^^^^^^^^^^^^^^^^^^^^^^^^^^^^^
  File "/Users/eldorado/Documents/swiss-job-intelligence/venv/lib/python3.11/site-packages/airflow/operators/python.py", line 584, in __init__
    raise AirflowException("PythonVirtualenvOperator requires virtualenv, please install it.")
airflow.exceptions.AirflowException: PythonVirtualenvOperator requires virtualenv, please install it.
[[34m2026-06-18T17:19:47.957+0200[0m] {[34mexample_python_decorator.py:[0m79} WARNING[0m - The virtalenv_python example task requires virtualenv, please install it.[0m
[[34m2026-06-18T17:19:48.007+0200[0m] {[34mdagbag.py:[0m348} ERROR[0m - Failed to import: /Users/eldorado/Documents/swiss-job-intelligence/venv/lib/python3.11/site-packages/airflow/example_dags/example_branch_operator_decorator.py[0m
Traceback (most recent call last):
  File "/Users/eldorado/Documents/swiss-job-intelligence/venv/lib/python3.11/site-packages/airflow/models/dagbag.py", line 344, in parse
    loader.exec_module(new_module)
  File "<frozen importlib._bootstrap_external>", line 940, in exec_module
  File "<frozen importlib._bootstrap>", line 241, in _call_with_frames_removed
  File "/Users/eldorado/Documents/swiss-job-intelligence/venv/lib/python3.11/site-packages/airflow/example_dags/example_branch_operator_decorator.py", line 125, in <module>
    random_choice_venv = branching_virtualenv(choices=options)
                         ^^^^^^^^^^^^^^^^^^^^^^^^^^^^^^^^^^^^^
  File "/Users/eldorado/Documents/swiss-job-intelligence/venv/lib/python3.11/site-packages/airflow/decorators/base.py", line 366, in __call__
    op = self.operator_class(
         ^^^^^^^^^^^^^^^^^^^^
  File "/Users/eldorado/Documents/swiss-job-intelligence/venv/lib/python3.11/site-packages/airflow/models/baseoperator.py", line 437, in apply_defaults
    result = func(self, **kwargs, default_args=default_args)
             ^^^^^^^^^^^^^^^^^^^^^^^^^^^^^^^^^^^^^^^^^^^^^^^
  File "/Users/eldorado/Documents/swiss-job-intelligence/venv/lib/python3.11/site-packages/airflow/models/baseoperator.py", line 437, in apply_defaults
    result = func(self, **kwargs, default_args=default_args)
             ^^^^^^^^^^^^^^^^^^^^^^^^^^^^^^^^^^^^^^^^^^^^^^^
  File "/Users/eldorado/Documents/swiss-job-intelligence/venv/lib/python3.11/site-packages/airflow/decorators/python.py", line 52, in __init__
    super().__init__(
  File "/Users/eldorado/Documents/swiss-job-intelligence/venv/lib/python3.11/site-packages/airflow/models/baseoperator.py", line 437, in apply_defaults
    result = func(self, **kwargs, default_args=default_args)
             ^^^^^^^^^^^^^^^^^^^^^^^^^^^^^^^^^^^^^^^^^^^^^^^
  File "/Users/eldorado/Documents/swiss-job-intelligence/venv/lib/python3.11/site-packages/airflow/decorators/base.py", line 233, in __init__
    super().__init__(task_id=task_id, **kwargs_to_upstream, **kwargs)
  File "/Users/eldorado/Documents/swiss-job-intelligence/venv/lib/python3.11/site-packages/airflow/models/baseoperator.py", line 437, in apply_defaults
    result = func(self, **kwargs, default_args=default_args)
             ^^^^^^^^^^^^^^^^^^^^^^^^^^^^^^^^^^^^^^^^^^^^^^^
  File "/Users/eldorado/Documents/swiss-job-intelligence/venv/lib/python3.11/site-packages/airflow/models/baseoperator.py", line 437, in apply_defaults
    result = func(self, **kwargs, default_args=default_args)
             ^^^^^^^^^^^^^^^^^^^^^^^^^^^^^^^^^^^^^^^^^^^^^^^
  File "/Users/eldorado/Documents/swiss-job-intelligence/venv/lib/python3.11/site-packages/airflow/operators/python.py", line 584, in __init__
    raise AirflowException("PythonVirtualenvOperator requires virtualenv, please install it.")
airflow.exceptions.AirflowException: PythonVirtualenvOperator requires virtualenv, please install it.
[[34m2026-06-18T17:19:48.015+0200[0m] {[34mexample_kubernetes_executor.py:[0m38} WARNING[0m - The example_kubernetes_executor example DAG requires the kubernetes provider. Please install it with: pip install apache-airflow[cncf.kubernetes][0m
[[34m2026-06-18T17:19:48.424+0200[0m] {[34mtask_command.py:[0m423} INFO[0m - Running <TaskInstance: swiss_jobs_pipeline.dbt_run manual__2026-06-18T15:14:40.029406+00:00 [queued]> on host els-imac.local[0m
[[34m2026-06-18T17:19:49.126+0200[0m] {[34mscheduler_job_runner.py:[0m696} INFO[0m - Received executor event with state success for task instance TaskInstanceKey(dag_id='swiss_jobs_pipeline', task_id='dbt_run', run_id='manual__2026-06-18T15:14:40.029406+00:00', try_number=2, map_index=-1)[0m
[[34m2026-06-18T17:19:49.130+0200[0m] {[34mscheduler_job_runner.py:[0m733} INFO[0m - TaskInstance Finished: dag_id=swiss_jobs_pipeline, task_id=dbt_run, run_id=manual__2026-06-18T15:14:40.029406+00:00, map_index=-1, run_start_date=2026-06-18 15:19:48.500957+00:00, run_end_date=2026-06-18 15:19:48.803063+00:00, run_duration=0.302106, state=failed, executor_state=success, try_number=2, max_tries=1, job_id=7, pool=default_pool, queue=default, priority_weight=4, operator=BashOperator, queued_dttm=2026-06-18 15:19:47.236624+00:00, queued_by_job_id=1, pid=34793[0m
[[34m2026-06-18T17:19:54.004+0200[0m] {[34mdagrun.py:[0m711} ERROR[0m - Marking run <DagRun swiss_jobs_pipeline @ 2026-06-18 15:14:40.029406+00:00: manual__2026-06-18T15:14:40.029406+00:00, state:running, queued_at: 2026-06-18 15:14:40.043667+00:00. externally triggered: True> failed[0m
[[34m2026-06-18T17:19:54.004+0200[0m] {[34mdagrun.py:[0m783} INFO[0m - DagRun Finished: dag_id=swiss_jobs_pipeline, execution_date=2026-06-18 15:14:40.029406+00:00, run_id=manual__2026-06-18T15:14:40.029406+00:00, run_start_date=2026-06-18 15:14:41.402229+00:00, run_end_date=2026-06-18 15:19:54.004719+00:00, run_duration=312.60249, state=failed, external_trigger=True, run_type=manual, data_interval_start=2026-06-17 06:00:00+00:00, data_interval_end=2026-06-18 06:00:00+00:00, dag_hash=0b33b0f1cf461a1524ef4364a456c3b0[0m
[[34m2026-06-18T17:20:49.976+0200[0m] {[34mscheduler_job_runner.py:[0m1619} INFO[0m - Adopting or resetting orphaned tasks for active dag runs[0m
[[34m2026-06-18T17:25:50.880+0200[0m] {[34mscheduler_job_runner.py:[0m1619} INFO[0m - Adopting or resetting orphaned tasks for active dag runs[0m
[[34m2026-06-18T17:30:50.995+0200[0m] {[34mscheduler_job_runner.py:[0m1619} INFO[0m - Adopting or resetting orphaned tasks for active dag runs[0m
[[34m2026-06-18T17:31:13.731+0200[0m] {[34mscheduler_job_runner.py:[0m424} INFO[0m - 1 tasks up for execution:
	<TaskInstance: swiss_jobs_pipeline.dbt_run scheduled__2026-06-17T06:00:00+00:00 [scheduled]>[0m
[[34m2026-06-18T17:31:13.732+0200[0m] {[34mscheduler_job_runner.py:[0m487} INFO[0m - DAG swiss_jobs_pipeline has 0/16 running and queued tasks[0m
[[34m2026-06-18T17:31:13.732+0200[0m] {[34mscheduler_job_runner.py:[0m603} INFO[0m - Setting the following tasks to queued state:
	<TaskInstance: swiss_jobs_pipeline.dbt_run scheduled__2026-06-17T06:00:00+00:00 [scheduled]>[0m
[[34m2026-06-18T17:31:13.733+0200[0m] {[34mscheduler_job_runner.py:[0m646} INFO[0m - Sending TaskInstanceKey(dag_id='swiss_jobs_pipeline', task_id='dbt_run', run_id='scheduled__2026-06-17T06:00:00+00:00', try_number=3, map_index=-1) to executor with priority 4 and queue default[0m
[[34m2026-06-18T17:31:13.734+0200[0m] {[34mbase_executor.py:[0m146} INFO[0m - Adding to queue: ['airflow', 'tasks', 'run', 'swiss_jobs_pipeline', 'dbt_run', 'scheduled__2026-06-17T06:00:00+00:00', '--local', '--subdir', 'DAGS_FOLDER/swiss_jobs_pipeline.py'][0m
[[34m2026-06-18T17:31:13.734+0200[0m] {[34msequential_executor.py:[0m73} INFO[0m - Executing command: ['airflow', 'tasks', 'run', 'swiss_jobs_pipeline', 'dbt_run', 'scheduled__2026-06-17T06:00:00+00:00', '--local', '--subdir', 'DAGS_FOLDER/swiss_jobs_pipeline.py'][0m
[[34m2026-06-18T17:31:14.383+0200[0m] {[34mdagbag.py:[0m538} INFO[0m - Filling up the DagBag from /Users/eldorado/Documents/swiss-job-intelligence/airflow/dags/swiss_jobs_pipeline.py[0m
[[34m2026-06-18T17:31:14.412+0200[0m] {[34mexample_local_kubernetes_executor.py:[0m39} WARNING[0m - Could not import DAGs in example_local_kubernetes_executor.py[0m
Traceback (most recent call last):
  File "/Users/eldorado/Documents/swiss-job-intelligence/venv/lib/python3.11/site-packages/airflow/example_dags/example_local_kubernetes_executor.py", line 37, in <module>
    from kubernetes.client import models as k8s
ModuleNotFoundError: No module named 'kubernetes'
[[34m2026-06-18T17:31:14.412+0200[0m] {[34mexample_local_kubernetes_executor.py:[0m40} WARNING[0m - Install Kubernetes dependencies with: pip install apache-airflow[cncf.kubernetes][0m
[[34m2026-06-18T17:31:14.418+0200[0m] {[34mexample_python_operator.py:[0m88} WARNING[0m - The virtalenv_python example task requires virtualenv, please install it.[0m
[[34m2026-06-18T17:31:14.418+0200[0m] {[34mtutorial_taskflow_api_virtualenv.py:[0m29} WARNING[0m - The tutorial_taskflow_api_virtualenv example DAG requires virtualenv, please install it.[0m
[[34m2026-06-18T17:31:14.445+0200[0m] {[34mdagbag.py:[0m348} ERROR[0m - Failed to import: /Users/eldorado/Documents/swiss-job-intelligence/venv/lib/python3.11/site-packages/airflow/example_dags/example_branch_operator.py[0m
Traceback (most recent call last):
  File "/Users/eldorado/Documents/swiss-job-intelligence/venv/lib/python3.11/site-packages/airflow/models/dagbag.py", line 344, in parse
    loader.exec_module(new_module)
  File "<frozen importlib._bootstrap_external>", line 940, in exec_module
  File "<frozen importlib._bootstrap>", line 241, in _call_with_frames_removed
  File "/Users/eldorado/Documents/swiss-job-intelligence/venv/lib/python3.11/site-packages/airflow/example_dags/example_branch_operator.py", line 138, in <module>
    branching_venv = BranchPythonVirtualenvOperator(
                     ^^^^^^^^^^^^^^^^^^^^^^^^^^^^^^^
  File "/Users/eldorado/Documents/swiss-job-intelligence/venv/lib/python3.11/site-packages/airflow/models/baseoperator.py", line 437, in apply_defaults
    result = func(self, **kwargs, default_args=default_args)
             ^^^^^^^^^^^^^^^^^^^^^^^^^^^^^^^^^^^^^^^^^^^^^^^
  File "/Users/eldorado/Documents/swiss-job-intelligence/venv/lib/python3.11/site-packages/airflow/models/baseoperator.py", line 437, in apply_defaults
    result = func(self, **kwargs, default_args=default_args)
             ^^^^^^^^^^^^^^^^^^^^^^^^^^^^^^^^^^^^^^^^^^^^^^^
  File "/Users/eldorado/Documents/swiss-job-intelligence/venv/lib/python3.11/site-packages/airflow/operators/python.py", line 584, in __init__
    raise AirflowException("PythonVirtualenvOperator requires virtualenv, please install it.")
airflow.exceptions.AirflowException: PythonVirtualenvOperator requires virtualenv, please install it.
[[34m2026-06-18T17:31:14.452+0200[0m] {[34mexample_python_decorator.py:[0m79} WARNING[0m - The virtalenv_python example task requires virtualenv, please install it.[0m
[[34m2026-06-18T17:31:14.527+0200[0m] {[34mdagbag.py:[0m348} ERROR[0m - Failed to import: /Users/eldorado/Documents/swiss-job-intelligence/venv/lib/python3.11/site-packages/airflow/example_dags/example_branch_operator_decorator.py[0m
Traceback (most recent call last):
  File "/Users/eldorado/Documents/swiss-job-intelligence/venv/lib/python3.11/site-packages/airflow/models/dagbag.py", line 344, in parse
    loader.exec_module(new_module)
  File "<frozen importlib._bootstrap_external>", line 940, in exec_module
  File "<frozen importlib._bootstrap>", line 241, in _call_with_frames_removed
  File "/Users/eldorado/Documents/swiss-job-intelligence/venv/lib/python3.11/site-packages/airflow/example_dags/example_branch_operator_decorator.py", line 125, in <module>
    random_choice_venv = branching_virtualenv(choices=options)
                         ^^^^^^^^^^^^^^^^^^^^^^^^^^^^^^^^^^^^^
  File "/Users/eldorado/Documents/swiss-job-intelligence/venv/lib/python3.11/site-packages/airflow/decorators/base.py", line 366, in __call__
    op = self.operator_class(
         ^^^^^^^^^^^^^^^^^^^^
  File "/Users/eldorado/Documents/swiss-job-intelligence/venv/lib/python3.11/site-packages/airflow/models/baseoperator.py", line 437, in apply_defaults
    result = func(self, **kwargs, default_args=default_args)
             ^^^^^^^^^^^^^^^^^^^^^^^^^^^^^^^^^^^^^^^^^^^^^^^
  File "/Users/eldorado/Documents/swiss-job-intelligence/venv/lib/python3.11/site-packages/airflow/models/baseoperator.py", line 437, in apply_defaults
    result = func(self, **kwargs, default_args=default_args)
             ^^^^^^^^^^^^^^^^^^^^^^^^^^^^^^^^^^^^^^^^^^^^^^^
  File "/Users/eldorado/Documents/swiss-job-intelligence/venv/lib/python3.11/site-packages/airflow/decorators/python.py", line 52, in __init__
    super().__init__(
  File "/Users/eldorado/Documents/swiss-job-intelligence/venv/lib/python3.11/site-packages/airflow/models/baseoperator.py", line 437, in apply_defaults
    result = func(self, **kwargs, default_args=default_args)
             ^^^^^^^^^^^^^^^^^^^^^^^^^^^^^^^^^^^^^^^^^^^^^^^
  File "/Users/eldorado/Documents/swiss-job-intelligence/venv/lib/python3.11/site-packages/airflow/decorators/base.py", line 233, in __init__
    super().__init__(task_id=task_id, **kwargs_to_upstream, **kwargs)
  File "/Users/eldorado/Documents/swiss-job-intelligence/venv/lib/python3.11/site-packages/airflow/models/baseoperator.py", line 437, in apply_defaults
    result = func(self, **kwargs, default_args=default_args)
             ^^^^^^^^^^^^^^^^^^^^^^^^^^^^^^^^^^^^^^^^^^^^^^^
  File "/Users/eldorado/Documents/swiss-job-intelligence/venv/lib/python3.11/site-packages/airflow/models/baseoperator.py", line 437, in apply_defaults
    result = func(self, **kwargs, default_args=default_args)
             ^^^^^^^^^^^^^^^^^^^^^^^^^^^^^^^^^^^^^^^^^^^^^^^
  File "/Users/eldorado/Documents/swiss-job-intelligence/venv/lib/python3.11/site-packages/airflow/operators/python.py", line 584, in __init__
    raise AirflowException("PythonVirtualenvOperator requires virtualenv, please install it.")
airflow.exceptions.AirflowException: PythonVirtualenvOperator requires virtualenv, please install it.
[[34m2026-06-18T17:31:14.534+0200[0m] {[34mexample_kubernetes_executor.py:[0m38} WARNING[0m - The example_kubernetes_executor example DAG requires the kubernetes provider. Please install it with: pip install apache-airflow[cncf.kubernetes][0m
[[34m2026-06-18T17:31:14.972+0200[0m] {[34mtask_command.py:[0m423} INFO[0m - Running <TaskInstance: swiss_jobs_pipeline.dbt_run scheduled__2026-06-17T06:00:00+00:00 [queued]> on host els-imac.local[0m
[[34m2026-06-18T17:31:18.046+0200[0m] {[34mscheduler_job_runner.py:[0m696} INFO[0m - Received executor event with state success for task instance TaskInstanceKey(dag_id='swiss_jobs_pipeline', task_id='dbt_run', run_id='scheduled__2026-06-17T06:00:00+00:00', try_number=3, map_index=-1)[0m
[[34m2026-06-18T17:31:18.052+0200[0m] {[34mscheduler_job_runner.py:[0m733} INFO[0m - TaskInstance Finished: dag_id=swiss_jobs_pipeline, task_id=dbt_run, run_id=scheduled__2026-06-17T06:00:00+00:00, map_index=-1, run_start_date=2026-06-18 15:31:15.039377+00:00, run_end_date=2026-06-18 15:31:17.797323+00:00, run_duration=2.757946, state=up_for_retry, executor_state=success, try_number=3, max_tries=3, job_id=8, pool=default_pool, queue=default, priority_weight=4, operator=BashOperator, queued_dttm=2026-06-18 15:31:13.733246+00:00, queued_by_job_id=1, pid=40931[0m
[[34m2026-06-18T17:35:51.865+0200[0m] {[34mscheduler_job_runner.py:[0m1619} INFO[0m - Adopting or resetting orphaned tasks for active dag runs[0m
[[34m2026-06-18T17:36:18.745+0200[0m] {[34mscheduler_job_runner.py:[0m424} INFO[0m - 1 tasks up for execution:
	<TaskInstance: swiss_jobs_pipeline.dbt_run scheduled__2026-06-17T06:00:00+00:00 [scheduled]>[0m
[[34m2026-06-18T17:36:18.746+0200[0m] {[34mscheduler_job_runner.py:[0m487} INFO[0m - DAG swiss_jobs_pipeline has 0/16 running and queued tasks[0m
[[34m2026-06-18T17:36:18.747+0200[0m] {[34mscheduler_job_runner.py:[0m603} INFO[0m - Setting the following tasks to queued state:
	<TaskInstance: swiss_jobs_pipeline.dbt_run scheduled__2026-06-17T06:00:00+00:00 [scheduled]>[0m
[[34m2026-06-18T17:36:18.748+0200[0m] {[34mscheduler_job_runner.py:[0m646} INFO[0m - Sending TaskInstanceKey(dag_id='swiss_jobs_pipeline', task_id='dbt_run', run_id='scheduled__2026-06-17T06:00:00+00:00', try_number=4, map_index=-1) to executor with priority 4 and queue default[0m
[[34m2026-06-18T17:36:18.748+0200[0m] {[34mbase_executor.py:[0m146} INFO[0m - Adding to queue: ['airflow', 'tasks', 'run', 'swiss_jobs_pipeline', 'dbt_run', 'scheduled__2026-06-17T06:00:00+00:00', '--local', '--subdir', 'DAGS_FOLDER/swiss_jobs_pipeline.py'][0m
[[34m2026-06-18T17:36:18.749+0200[0m] {[34msequential_executor.py:[0m73} INFO[0m - Executing command: ['airflow', 'tasks', 'run', 'swiss_jobs_pipeline', 'dbt_run', 'scheduled__2026-06-17T06:00:00+00:00', '--local', '--subdir', 'DAGS_FOLDER/swiss_jobs_pipeline.py'][0m
[[34m2026-06-18T17:36:19.382+0200[0m] {[34mdagbag.py:[0m538} INFO[0m - Filling up the DagBag from /Users/eldorado/Documents/swiss-job-intelligence/airflow/dags/swiss_jobs_pipeline.py[0m
[[34m2026-06-18T17:36:19.410+0200[0m] {[34mexample_local_kubernetes_executor.py:[0m39} WARNING[0m - Could not import DAGs in example_local_kubernetes_executor.py[0m
Traceback (most recent call last):
  File "/Users/eldorado/Documents/swiss-job-intelligence/venv/lib/python3.11/site-packages/airflow/example_dags/example_local_kubernetes_executor.py", line 37, in <module>
    from kubernetes.client import models as k8s
ModuleNotFoundError: No module named 'kubernetes'
[[34m2026-06-18T17:36:19.410+0200[0m] {[34mexample_local_kubernetes_executor.py:[0m40} WARNING[0m - Install Kubernetes dependencies with: pip install apache-airflow[cncf.kubernetes][0m
[[34m2026-06-18T17:36:19.416+0200[0m] {[34mexample_python_operator.py:[0m88} WARNING[0m - The virtalenv_python example task requires virtualenv, please install it.[0m
[[34m2026-06-18T17:36:19.416+0200[0m] {[34mtutorial_taskflow_api_virtualenv.py:[0m29} WARNING[0m - The tutorial_taskflow_api_virtualenv example DAG requires virtualenv, please install it.[0m
[[34m2026-06-18T17:36:19.446+0200[0m] {[34mdagbag.py:[0m348} ERROR[0m - Failed to import: /Users/eldorado/Documents/swiss-job-intelligence/venv/lib/python3.11/site-packages/airflow/example_dags/example_branch_operator.py[0m
Traceback (most recent call last):
  File "/Users/eldorado/Documents/swiss-job-intelligence/venv/lib/python3.11/site-packages/airflow/models/dagbag.py", line 344, in parse
    loader.exec_module(new_module)
  File "<frozen importlib._bootstrap_external>", line 940, in exec_module
  File "<frozen importlib._bootstrap>", line 241, in _call_with_frames_removed
  File "/Users/eldorado/Documents/swiss-job-intelligence/venv/lib/python3.11/site-packages/airflow/example_dags/example_branch_operator.py", line 138, in <module>
    branching_venv = BranchPythonVirtualenvOperator(
                     ^^^^^^^^^^^^^^^^^^^^^^^^^^^^^^^
  File "/Users/eldorado/Documents/swiss-job-intelligence/venv/lib/python3.11/site-packages/airflow/models/baseoperator.py", line 437, in apply_defaults
    result = func(self, **kwargs, default_args=default_args)
             ^^^^^^^^^^^^^^^^^^^^^^^^^^^^^^^^^^^^^^^^^^^^^^^
  File "/Users/eldorado/Documents/swiss-job-intelligence/venv/lib/python3.11/site-packages/airflow/models/baseoperator.py", line 437, in apply_defaults
    result = func(self, **kwargs, default_args=default_args)
             ^^^^^^^^^^^^^^^^^^^^^^^^^^^^^^^^^^^^^^^^^^^^^^^
  File "/Users/eldorado/Documents/swiss-job-intelligence/venv/lib/python3.11/site-packages/airflow/operators/python.py", line 584, in __init__
    raise AirflowException("PythonVirtualenvOperator requires virtualenv, please install it.")
airflow.exceptions.AirflowException: PythonVirtualenvOperator requires virtualenv, please install it.
[[34m2026-06-18T17:36:19.452+0200[0m] {[34mexample_python_decorator.py:[0m79} WARNING[0m - The virtalenv_python example task requires virtualenv, please install it.[0m
[[34m2026-06-18T17:36:19.505+0200[0m] {[34mdagbag.py:[0m348} ERROR[0m - Failed to import: /Users/eldorado/Documents/swiss-job-intelligence/venv/lib/python3.11/site-packages/airflow/example_dags/example_branch_operator_decorator.py[0m
Traceback (most recent call last):
  File "/Users/eldorado/Documents/swiss-job-intelligence/venv/lib/python3.11/site-packages/airflow/models/dagbag.py", line 344, in parse
    loader.exec_module(new_module)
  File "<frozen importlib._bootstrap_external>", line 940, in exec_module
  File "<frozen importlib._bootstrap>", line 241, in _call_with_frames_removed
  File "/Users/eldorado/Documents/swiss-job-intelligence/venv/lib/python3.11/site-packages/airflow/example_dags/example_branch_operator_decorator.py", line 125, in <module>
    random_choice_venv = branching_virtualenv(choices=options)
                         ^^^^^^^^^^^^^^^^^^^^^^^^^^^^^^^^^^^^^
  File "/Users/eldorado/Documents/swiss-job-intelligence/venv/lib/python3.11/site-packages/airflow/decorators/base.py", line 366, in __call__
    op = self.operator_class(
         ^^^^^^^^^^^^^^^^^^^^
  File "/Users/eldorado/Documents/swiss-job-intelligence/venv/lib/python3.11/site-packages/airflow/models/baseoperator.py", line 437, in apply_defaults
    result = func(self, **kwargs, default_args=default_args)
             ^^^^^^^^^^^^^^^^^^^^^^^^^^^^^^^^^^^^^^^^^^^^^^^
  File "/Users/eldorado/Documents/swiss-job-intelligence/venv/lib/python3.11/site-packages/airflow/models/baseoperator.py", line 437, in apply_defaults
    result = func(self, **kwargs, default_args=default_args)
             ^^^^^^^^^^^^^^^^^^^^^^^^^^^^^^^^^^^^^^^^^^^^^^^
  File "/Users/eldorado/Documents/swiss-job-intelligence/venv/lib/python3.11/site-packages/airflow/decorators/python.py", line 52, in __init__
    super().__init__(
  File "/Users/eldorado/Documents/swiss-job-intelligence/venv/lib/python3.11/site-packages/airflow/models/baseoperator.py", line 437, in apply_defaults
    result = func(self, **kwargs, default_args=default_args)
             ^^^^^^^^^^^^^^^^^^^^^^^^^^^^^^^^^^^^^^^^^^^^^^^
  File "/Users/eldorado/Documents/swiss-job-intelligence/venv/lib/python3.11/site-packages/airflow/decorators/base.py", line 233, in __init__
    super().__init__(task_id=task_id, **kwargs_to_upstream, **kwargs)
  File "/Users/eldorado/Documents/swiss-job-intelligence/venv/lib/python3.11/site-packages/airflow/models/baseoperator.py", line 437, in apply_defaults
    result = func(self, **kwargs, default_args=default_args)
             ^^^^^^^^^^^^^^^^^^^^^^^^^^^^^^^^^^^^^^^^^^^^^^^
  File "/Users/eldorado/Documents/swiss-job-intelligence/venv/lib/python3.11/site-packages/airflow/models/baseoperator.py", line 437, in apply_defaults
    result = func(self, **kwargs, default_args=default_args)
             ^^^^^^^^^^^^^^^^^^^^^^^^^^^^^^^^^^^^^^^^^^^^^^^
  File "/Users/eldorado/Documents/swiss-job-intelligence/venv/lib/python3.11/site-packages/airflow/operators/python.py", line 584, in __init__
    raise AirflowException("PythonVirtualenvOperator requires virtualenv, please install it.")
airflow.exceptions.AirflowException: PythonVirtualenvOperator requires virtualenv, please install it.
[[34m2026-06-18T17:36:19.512+0200[0m] {[34mexample_kubernetes_executor.py:[0m38} WARNING[0m - The example_kubernetes_executor example DAG requires the kubernetes provider. Please install it with: pip install apache-airflow[cncf.kubernetes][0m
[[34m2026-06-18T17:36:19.910+0200[0m] {[34mtask_command.py:[0m423} INFO[0m - Running <TaskInstance: swiss_jobs_pipeline.dbt_run scheduled__2026-06-17T06:00:00+00:00 [queued]> on host els-imac.local[0m
[[34m2026-06-18T17:36:22.921+0200[0m] {[34mscheduler_job_runner.py:[0m696} INFO[0m - Received executor event with state success for task instance TaskInstanceKey(dag_id='swiss_jobs_pipeline', task_id='dbt_run', run_id='scheduled__2026-06-17T06:00:00+00:00', try_number=4, map_index=-1)[0m
[[34m2026-06-18T17:36:22.925+0200[0m] {[34mscheduler_job_runner.py:[0m733} INFO[0m - TaskInstance Finished: dag_id=swiss_jobs_pipeline, task_id=dbt_run, run_id=scheduled__2026-06-17T06:00:00+00:00, map_index=-1, run_start_date=2026-06-18 15:36:19.982382+00:00, run_end_date=2026-06-18 15:36:22.624621+00:00, run_duration=2.642239, state=failed, executor_state=success, try_number=4, max_tries=3, job_id=9, pool=default_pool, queue=default, priority_weight=4, operator=BashOperator, queued_dttm=2026-06-18 15:36:18.747548+00:00, queued_by_job_id=1, pid=41283[0m
[[34m2026-06-18T17:36:27.594+0200[0m] {[34mdagrun.py:[0m711} ERROR[0m - Marking run <DagRun swiss_jobs_pipeline @ 2026-06-17 06:00:00+00:00: scheduled__2026-06-17T06:00:00+00:00, state:running, queued_at: 2026-06-18 15:31:12.287920+00:00. externally triggered: False> failed[0m
[[34m2026-06-18T17:36:27.594+0200[0m] {[34mdagrun.py:[0m783} INFO[0m - DagRun Finished: dag_id=swiss_jobs_pipeline, execution_date=2026-06-17 06:00:00+00:00, run_id=scheduled__2026-06-17T06:00:00+00:00, run_start_date=2026-06-18 15:31:13.722691+00:00, run_end_date=2026-06-18 15:36:27.594791+00:00, run_duration=313.8721, state=failed, external_trigger=False, run_type=scheduled, data_interval_start=2026-06-17 06:00:00+00:00, data_interval_end=2026-06-18 06:00:00+00:00, dag_hash=d25880038459d0cddb7b7e925efb64f0[0m
[[34m2026-06-18T17:36:27.596+0200[0m] {[34mdag.py:[0m3823} INFO[0m - Setting next_dagrun for swiss_jobs_pipeline to 2026-06-18 06:00:00+00:00, run_after=2026-06-19 06:00:00+00:00[0m
[[34m2026-06-18T17:40:52.195+0200[0m] {[34mscheduler_job_runner.py:[0m1619} INFO[0m - Adopting or resetting orphaned tasks for active dag runs[0m
[[34m2026-06-18T17:45:53.124+0200[0m] {[34mscheduler_job_runner.py:[0m1619} INFO[0m - Adopting or resetting orphaned tasks for active dag runs[0m
[[34m2026-06-18T17:50:53.125+0200[0m] {[34mscheduler_job_runner.py:[0m1619} INFO[0m - Adopting or resetting orphaned tasks for active dag runs[0m
[[34m2026-06-18T17:55:53.975+0200[0m] {[34mscheduler_job_runner.py:[0m1619} INFO[0m - Adopting or resetting orphaned tasks for active dag runs[0m
[[34m2026-06-18T18:00:54.651+0200[0m] {[34mscheduler_job_runner.py:[0m1619} INFO[0m - Adopting or resetting orphaned tasks for active dag runs[0m
[[34m2026-06-18T18:05:55.562+0200[0m] {[34mscheduler_job_runner.py:[0m1619} INFO[0m - Adopting or resetting orphaned tasks for active dag runs[0m
[[34m2026-06-18T18:10:56.428+0200[0m] {[34mscheduler_job_runner.py:[0m1619} INFO[0m - Adopting or resetting orphaned tasks for active dag runs[0m
[[34m2026-06-18T18:15:57.298+0200[0m] {[34mscheduler_job_runner.py:[0m1619} INFO[0m - Adopting or resetting orphaned tasks for active dag runs[0m
[[34m2026-06-18T18:20:57.750+0200[0m] {[34mscheduler_job_runner.py:[0m1619} INFO[0m - Adopting or resetting orphaned tasks for active dag runs[0m
[[34m2026-06-18T18:25:58.609+0200[0m] {[34mscheduler_job_runner.py:[0m1619} INFO[0m - Adopting or resetting orphaned tasks for active dag runs[0m
[[34m2026-06-18T18:30:58.742+0200[0m] {[34mscheduler_job_runner.py:[0m1619} INFO[0m - Adopting or resetting orphaned tasks for active dag runs[0m
[[34m2026-06-18T18:35:59.320+0200[0m] {[34mscheduler_job_runner.py:[0m1619} INFO[0m - Adopting or resetting orphaned tasks for active dag runs[0m
[[34m2026-06-18T18:41:00.263+0200[0m] {[34mscheduler_job_runner.py:[0m1619} INFO[0m - Adopting or resetting orphaned tasks for active dag runs[0m
[[34m2026-06-18T18:46:00.578+0200[0m] {[34mscheduler_job_runner.py:[0m1619} INFO[0m - Adopting or resetting orphaned tasks for active dag runs[0m
[[34m2026-06-18T18:51:01.489+0200[0m] {[34mscheduler_job_runner.py:[0m1619} INFO[0m - Adopting or resetting orphaned tasks for active dag runs[0m
[[34m2026-06-18T18:56:01.949+0200[0m] {[34mscheduler_job_runner.py:[0m1619} INFO[0m - Adopting or resetting orphaned tasks for active dag runs[0m
[[34m2026-06-18T19:01:02.066+0200[0m] {[34mscheduler_job_runner.py:[0m1619} INFO[0m - Adopting or resetting orphaned tasks for active dag runs[0m
[[34m2026-06-18T19:06:02.936+0200[0m] {[34mscheduler_job_runner.py:[0m1619} INFO[0m - Adopting or resetting orphaned tasks for active dag runs[0m
[[34m2026-06-18T19:11:03.823+0200[0m] {[34mscheduler_job_runner.py:[0m1619} INFO[0m - Adopting or resetting orphaned tasks for active dag runs[0m
[[34m2026-06-18T19:16:04.557+0200[0m] {[34mscheduler_job_runner.py:[0m1619} INFO[0m - Adopting or resetting orphaned tasks for active dag runs[0m
[[34m2026-06-18T19:21:05.421+0200[0m] {[34mscheduler_job_runner.py:[0m1619} INFO[0m - Adopting or resetting orphaned tasks for active dag runs[0m
[[34m2026-06-18T19:26:06.314+0200[0m] {[34mscheduler_job_runner.py:[0m1619} INFO[0m - Adopting or resetting orphaned tasks for active dag runs[0m
[[34m2026-06-18T19:31:06.562+0200[0m] {[34mscheduler_job_runner.py:[0m1619} INFO[0m - Adopting or resetting orphaned tasks for active dag runs[0m
[[34m2026-06-18T19:36:07.588+0200[0m] {[34mscheduler_job_runner.py:[0m1619} INFO[0m - Adopting or resetting orphaned tasks for active dag runs[0m
[[34m2026-06-18T19:41:08.469+0200[0m] {[34mscheduler_job_runner.py:[0m1619} INFO[0m - Adopting or resetting orphaned tasks for active dag runs[0m
[[34m2026-06-18T19:46:09.231+0200[0m] {[34mscheduler_job_runner.py:[0m1619} INFO[0m - Adopting or resetting orphaned tasks for active dag runs[0m
[[34m2026-06-18T19:51:10.041+0200[0m] {[34mscheduler_job_runner.py:[0m1619} INFO[0m - Adopting or resetting orphaned tasks for active dag runs[0m
[[34m2026-06-18T19:56:10.683+0200[0m] {[34mscheduler_job_runner.py:[0m1619} INFO[0m - Adopting or resetting orphaned tasks for active dag runs[0m
[[34m2026-06-18T20:01:11.573+0200[0m] {[34mscheduler_job_runner.py:[0m1619} INFO[0m - Adopting or resetting orphaned tasks for active dag runs[0m
[[34m2026-06-18T20:06:11.742+0200[0m] {[34mscheduler_job_runner.py:[0m1619} INFO[0m - Adopting or resetting orphaned tasks for active dag runs[0m
[[34m2026-06-18T20:11:12.579+0200[0m] {[34mscheduler_job_runner.py:[0m1619} INFO[0m - Adopting or resetting orphaned tasks for active dag runs[0m
[[34m2026-06-18T20:16:13.442+0200[0m] {[34mscheduler_job_runner.py:[0m1619} INFO[0m - Adopting or resetting orphaned tasks for active dag runs[0m
[2026-06-18T20:19:05.464+0200] {process_utils.py:262} INFO - Waiting up to 5 seconds for processes to exit...
[[34m2026-06-18T20:19:06.635+0200[0m] {[34mmanager.py:[0m271} WARNING[0m - DagFileProcessorManager (PID=33260) exited with exit code 0 - re-launching[0m
[[34m2026-06-18T20:19:06.642+0200[0m] {[34mmanager.py:[0m169} INFO[0m - Launched DagFileProcessorManager with pid: 53513[0m
[[34m2026-06-18T20:19:07.307+0200[0m] {[34msettings.py:[0m60} INFO[0m - Configured default timezone UTC[0m
[2026-06-18T20:19:07.313+0200] {manager.py:392} WARNING - Because we cannot use more than 1 thread (parsing_processes = 2) when using sqlite. So we set parallelism to 1.
[[34m2026-06-18T20:19:09.705+0200[0m] {[34mscheduler_job_runner.py:[0m258} INFO[0m - Exiting gracefully upon receiving signal 15[0m
[[34m2026-06-18T20:19:10.718+0200[0m] {[34mprocess_utils.py:[0m131} INFO[0m - Sending 15 to group 53513. PIDs of all processes in the group: [53513][0m
[[34m2026-06-18T20:19:10.720+0200[0m] {[34mprocess_utils.py:[0m86} INFO[0m - Sending the signal 15 to group 53513[0m
[[34m2026-06-18T20:19:10.982+0200[0m] {[34mprocess_utils.py:[0m79} INFO[0m - Process psutil.Process(pid=53513, status='terminated', exitcode=0, started='20:19:06') (53513) terminated with exit code 0[0m
[[34m2026-06-18T20:19:10.989+0200[0m] {[34mprocess_utils.py:[0m131} INFO[0m - Sending 15 to group 53513. PIDs of all processes in the group: [][0m
[[34m2026-06-18T20:19:10.989+0200[0m] {[34mprocess_utils.py:[0m86} INFO[0m - Sending the signal 15 to group 53513[0m
[[34m2026-06-18T20:19:10.990+0200[0m] {[34mprocess_utils.py:[0m100} INFO[0m - Sending the signal 15 to process 53513 as process group is missing.[0m
[[34m2026-06-18T20:19:10.990+0200[0m] {[34mscheduler_job_runner.py:[0m884} INFO[0m - Exited execute loop[0m
