[2026-06-19T07:21:14.780+0200] {taskinstance.py:1956} INFO - Dependencies all met for dep_context=non-requeueable deps ti=<TaskInstance: swiss_jobs_pipeline.ingest_data manual__2026-06-19T05:18:25.000179+00:00 [queued]>
[2026-06-19T07:21:14.782+0200] {taskinstance.py:1956} INFO - Dependencies all met for dep_context=requeueable deps ti=<TaskInstance: swiss_jobs_pipeline.ingest_data manual__2026-06-19T05:18:25.000179+00:00 [queued]>
[2026-06-19T07:21:14.782+0200] {taskinstance.py:2170} INFO - Starting attempt 1 of 2
[2026-06-19T07:21:14.786+0200] {taskinstance.py:2191} INFO - Executing <Task(BashOperator): ingest_data> on 2026-06-19 05:18:25.000179+00:00
[2026-06-19T07:21:14.790+0200] {standard_task_runner.py:60} INFO - Started process 93004 to run task
[2026-06-19T07:21:14.793+0200] {standard_task_runner.py:87} INFO - Running: ['airflow', 'tasks', 'run', 'swiss_jobs_pipeline', 'ingest_data', 'manual__2026-06-19T05:18:25.000179+00:00', '--job-id', '13', '--raw', '--subdir', 'DAGS_FOLDER/swiss_jobs_pipeline.py', '--cfg-path', '/var/folders/rn/zcy2ggpj6l75fkt4n9nwd0v80000gn/T/tmpcjj1hsx9']
[2026-06-19T07:21:14.796+0200] {standard_task_runner.py:88} INFO - Job 13: Subtask ingest_data
[2026-06-19T07:21:14.814+0200] {task_command.py:423} INFO - Running <TaskInstance: swiss_jobs_pipeline.ingest_data manual__2026-06-19T05:18:25.000179+00:00 [running]> on host els-imac.local
[2026-06-19T07:21:14.836+0200] {taskinstance.py:2480} INFO - Exporting env vars: AIRFLOW_CTX_DAG_OWNER='victoria' AIRFLOW_CTX_DAG_ID='swiss_jobs_pipeline' AIRFLOW_CTX_TASK_ID='ingest_data' AIRFLOW_CTX_EXECUTION_DATE='2026-06-19T05:18:25.000179+00:00' AIRFLOW_CTX_TRY_NUMBER='1' AIRFLOW_CTX_DAG_RUN_ID='manual__2026-06-19T05:18:25.000179+00:00'
[2026-06-19T07:21:14.837+0200] {subprocess.py:63} INFO - Tmp dir root location: /var/folders/rn/zcy2ggpj6l75fkt4n9nwd0v80000gn/T
[2026-06-19T07:21:14.838+0200] {subprocess.py:75} INFO - Running command: ['/bin/bash', '-c', '/Users/eldorado/Documents/swiss-job-intelligence/venv/bin/python /Users/eldorado/Documents/swiss-job-intelligence/ingestion/data_generator.py']
[2026-06-19T07:21:14.842+0200] {subprocess.py:86} INFO - Output:
[2026-06-19T07:21:16.060+0200] {subprocess.py:93} INFO - Generating Swiss job market data...
[2026-06-19T07:21:16.061+0200] {subprocess.py:93} INFO - Generated 5,000 job postings
[2026-06-19T07:21:16.061+0200] {subprocess.py:93} INFO - Loading into PostgreSQL...
[2026-06-19T07:21:16.061+0200] {subprocess.py:93} INFO - Loaded 5,000 job postings into PostgreSQL
[2026-06-19T07:21:16.061+0200] {subprocess.py:93} INFO - Done!
[2026-06-19T07:21:16.099+0200] {subprocess.py:97} INFO - Command exited with return code 0
[2026-06-19T07:21:16.107+0200] {taskinstance.py:1138} INFO - Marking task as SUCCESS. dag_id=swiss_jobs_pipeline, task_id=ingest_data, execution_date=20260619T051825, start_date=20260619T052114, end_date=20260619T052116
[2026-06-19T07:21:16.140+0200] {local_task_job_runner.py:234} INFO - Task exited with return code 0
[2026-06-19T07:21:16.150+0200] {taskinstance.py:3280} INFO - 1 downstream tasks scheduled from follow-on schedule check
